<?xml version="1.0" encoding="UTF-8"?>
<testsuite xmlns:xsi="http://www.w3.org/2001/XMLSchema-instance" xsi:noNamespaceSchemaLocation="https://maven.apache.org/surefire/maven-surefire-plugin/xsd/surefire-test-report.xsd" name="com.storeapiapp.StoreApiAppTest" time="15.661" tests="6" errors="0" skipped="0" failures="4">
  <properties>
    <property name="java.specification.version" value="17"/>
    <property name="sun.cpu.isalist" value="amd64"/>
    <property name="sun.jnu.encoding" value="Cp1252"/>
    <property name="java.class.path" value="C:\Automation\StoreApiApp\target\test-classes;C:\Automation\StoreApiApp\target\classes;C:\Users\shashank.s\.m2\repository\junit\junit\4.11\junit-4.11.jar;C:\Users\shashank.s\.m2\repository\org\hamcrest\hamcrest-core\1.3\hamcrest-core-1.3.jar;C:\Users\shashank.s\.m2\repository\com\intuit\karate\karate-junit5\1.2.0\karate-junit5-1.2.0.jar;C:\Users\shashank.s\.m2\repository\com\intuit\karate\karate-core\1.2.0\karate-core-1.2.0.jar;C:\Users\shashank.s\.m2\repository\org\graalvm\js\js-scriptengine\21.2.0\js-scriptengine-21.2.0.jar;C:\Users\shashank.s\.m2\repository\org\graalvm\sdk\graal-sdk\21.2.0\graal-sdk-21.2.0.jar;C:\Users\shashank.s\.m2\repository\org\graalvm\js\js\21.2.0\js-21.2.0.jar;C:\Users\shashank.s\.m2\repository\org\graalvm\regex\regex\21.2.0\regex-21.2.0.jar;C:\Users\shashank.s\.m2\repository\org\graalvm\truffle\truffle-api\21.2.0\truffle-api-21.2.0.jar;C:\Users\shashank.s\.m2\repository\com\ibm\icu\icu4j\69.1\icu4j-69.1.jar;C:\Users\shashank.s\.m2\repository\org\thymeleaf\thymeleaf\3.0.14.RELEASE\thymeleaf-3.0.14.RELEASE.jar;C:\Users\shashank.s\.m2\repository\ognl\ognl\3.1.26\ognl-3.1.26.jar;C:\Users\shashank.s\.m2\repository\org\javassist\javassist\3.20.0-GA\javassist-3.20.0-GA.jar;C:\Users\shashank.s\.m2\repository\org\attoparser\attoparser\2.0.5.RELEASE\attoparser-2.0.5.RELEASE.jar;C:\Users\shashank.s\.m2\repository\org\unbescape\unbescape\1.1.6.RELEASE\unbescape-1.1.6.RELEASE.jar;C:\Users\shashank.s\.m2\repository\org\slf4j\slf4j-api\1.7.25\slf4j-api-1.7.25.jar;C:\Users\shashank.s\.m2\repository\com\linecorp\armeria\armeria\1.13.4\armeria-1.13.4.jar;C:\Users\shashank.s\.m2\repository\io\micrometer\micrometer-core\1.7.6\micrometer-core-1.7.6.jar;C:\Users\shashank.s\.m2\repository\org\hdrhistogram\HdrHistogram\2.1.12\HdrHistogram-2.1.12.jar;C:\Users\shashank.s\.m2\repository\org\latencyutils\LatencyUtils\2.0.3\LatencyUtils-2.0.3.jar;C:\Users\shashank.s\.m2\repository\io\netty\netty-transport\4.1.70.Final\netty-transport-4.1.70.Final.jar;C:\Users\shashank.s\.m2\repository\io\netty\netty-common\4.1.70.Final\netty-common-4.1.70.Final.jar;C:\Users\shashank.s\.m2\repository\io\netty\netty-buffer\4.1.70.Final\netty-buffer-4.1.70.Final.jar;C:\Users\shashank.s\.m2\repository\io\netty\netty-resolver\4.1.70.Final\netty-resolver-4.1.70.Final.jar;C:\Users\shashank.s\.m2\repository\io\netty\netty-codec-http2\4.1.70.Final\netty-codec-http2-4.1.70.Final.jar;C:\Users\shashank.s\.m2\repository\io\netty\netty-codec\4.1.70.Final\netty-codec-4.1.70.Final.jar;C:\Users\shashank.s\.m2\repository\io\netty\netty-handler\4.1.70.Final\netty-handler-4.1.70.Final.jar;C:\Users\shashank.s\.m2\repository\io\netty\netty-codec-http\4.1.70.Final\netty-codec-http-4.1.70.Final.jar;C:\Users\shashank.s\.m2\repository\io\netty\netty-codec-haproxy\4.1.70.Final\netty-codec-haproxy-4.1.70.Final.jar;C:\Users\shashank.s\.m2\repository\io\netty\netty-resolver-dns\4.1.70.Final\netty-resolver-dns-4.1.70.Final.jar;C:\Users\shashank.s\.m2\repository\io\netty\netty-codec-dns\4.1.70.Final\netty-codec-dns-4.1.70.Final.jar;C:\Users\shashank.s\.m2\repository\org\reactivestreams\reactive-streams\1.0.3\reactive-streams-1.0.3.jar;C:\Users\shashank.s\.m2\repository\com\google\code\findbugs\jsr305\3.0.2\jsr305-3.0.2.jar;C:\Users\shashank.s\.m2\repository\io\netty\netty-resolver-dns-native-macos\4.1.70.Final\netty-resolver-dns-native-macos-4.1.70.Final-osx-x86_64.jar;C:\Users\shashank.s\.m2\repository\io\netty\netty-resolver-dns-classes-macos\4.1.70.Final\netty-resolver-dns-classes-macos-4.1.70.Final.jar;C:\Users\shashank.s\.m2\repository\io\netty\netty-transport-native-unix-common\4.1.70.Final\netty-transport-native-unix-common-4.1.70.Final-linux-x86_64.jar;C:\Users\shashank.s\.m2\repository\io\netty\netty-transport-native-epoll\4.1.70.Final\netty-transport-native-epoll-4.1.70.Final-linux-x86_64.jar;C:\Users\shashank.s\.m2\repository\io\netty\netty-transport-native-unix-common\4.1.70.Final\netty-transport-native-unix-common-4.1.70.Final.jar;C:\Users\shashank.s\.m2\repository\io\netty\netty-transport-classes-epoll\4.1.70.Final\netty-transport-classes-epoll-4.1.70.Final.jar;C:\Users\shashank.s\.m2\repository\io\netty\netty-tcnative-boringssl-static\2.0.44.Final\netty-tcnative-boringssl-static-2.0.44.Final.jar;C:\Users\shashank.s\.m2\repository\io\netty\netty-handler-proxy\4.1.70.Final\netty-handler-proxy-4.1.70.Final.jar;C:\Users\shashank.s\.m2\repository\io\netty\netty-codec-socks\4.1.70.Final\netty-codec-socks-4.1.70.Final.jar;C:\Users\shashank.s\.m2\repository\com\aayushatharva\brotli4j\brotli4j\1.6.0\brotli4j-1.6.0.jar;C:\Users\shashank.s\.m2\repository\com\aayushatharva\brotli4j\native-windows-x86_64\1.6.0\native-windows-x86_64-1.6.0.jar;C:\Users\shashank.s\.m2\repository\org\apache\httpcomponents\httpclient\4.5.13\httpclient-4.5.13.jar;C:\Users\shashank.s\.m2\repository\org\apache\httpcomponents\httpcore\4.4.13\httpcore-4.4.13.jar;C:\Users\shashank.s\.m2\repository\commons-codec\commons-codec\1.11\commons-codec-1.11.jar;C:\Users\shashank.s\.m2\repository\ch\qos\logback\logback-classic\1.2.9\logback-classic-1.2.9.jar;C:\Users\shashank.s\.m2\repository\ch\qos\logback\logback-core\1.2.9\logback-core-1.2.9.jar;C:\Users\shashank.s\.m2\repository\org\slf4j\jcl-over-slf4j\1.7.32\jcl-over-slf4j-1.7.32.jar;C:\Users\shashank.s\.m2\repository\org\antlr\antlr4-runtime\4.9.2\antlr4-runtime-4.9.2.jar;C:\Users\shashank.s\.m2\repository\com\jayway\jsonpath\json-path\2.7.0\json-path-2.7.0.jar;C:\Users\shashank.s\.m2\repository\net\minidev\json-smart\2.4.7\json-smart-2.4.7.jar;C:\Users\shashank.s\.m2\repository\net\minidev\accessors-smart\2.4.7\accessors-smart-2.4.7.jar;C:\Users\shashank.s\.m2\repository\org\ow2\asm\asm\9.1\asm-9.1.jar;C:\Users\shashank.s\.m2\repository\info\cukes\cucumber-java\1.2.5\cucumber-java-1.2.5.jar;C:\Users\shashank.s\.m2\repository\info\cukes\cucumber-core\1.2.5\cucumber-core-1.2.5.jar;C:\Users\shashank.s\.m2\repository\org\yaml\snakeyaml\1.29\snakeyaml-1.29.jar;C:\Users\shashank.s\.m2\repository\de\siegmar\fastcsv\2.0.0\fastcsv-2.0.0.jar;C:\Users\shashank.s\.m2\repository\info\picocli\picocli\4.6.1\picocli-4.6.1.jar;C:\Users\shashank.s\.m2\repository\io\github\classgraph\classgraph\4.8.108\classgraph-4.8.108.jar;C:\Users\shashank.s\.m2\repository\org\junit\jupiter\junit-jupiter-api\5.7.2\junit-jupiter-api-5.7.2.jar;C:\Users\shashank.s\.m2\repository\org\apiguardian\apiguardian-api\1.1.0\apiguardian-api-1.1.0.jar;C:\Users\shashank.s\.m2\repository\org\opentest4j\opentest4j\1.2.0\opentest4j-1.2.0.jar;C:\Users\shashank.s\.m2\repository\org\junit\platform\junit-platform-commons\1.7.2\junit-platform-commons-1.7.2.jar;C:\Users\shashank.s\.m2\repository\org\junit\jupiter\junit-jupiter-engine\5.7.2\junit-jupiter-engine-5.7.2.jar;C:\Users\shashank.s\.m2\repository\org\junit\platform\junit-platform-engine\1.7.2\junit-platform-engine-1.7.2.jar;C:\Users\shashank.s\.m2\repository\net\masterthought\cucumber-reporting\3.0.0\cucumber-reporting-3.0.0.jar;C:\Users\shashank.s\.m2\repository\org\apache\logging\log4j\log4j-api\2.6.2\log4j-api-2.6.2.jar;C:\Users\shashank.s\.m2\repository\org\apache\logging\log4j\log4j-core\2.6.2\log4j-core-2.6.2.jar;C:\Users\shashank.s\.m2\repository\com\fasterxml\jackson\core\jackson-databind\2.8.3\jackson-databind-2.8.3.jar;C:\Users\shashank.s\.m2\repository\com\fasterxml\jackson\core\jackson-annotations\2.8.0\jackson-annotations-2.8.0.jar;C:\Users\shashank.s\.m2\repository\com\fasterxml\jackson\core\jackson-core\2.8.3\jackson-core-2.8.3.jar;C:\Users\shashank.s\.m2\repository\org\apache\velocity\velocity\1.7\velocity-1.7.jar;C:\Users\shashank.s\.m2\repository\commons-collections\commons-collections\3.2.1\commons-collections-3.2.1.jar;C:\Users\shashank.s\.m2\repository\commons-lang\commons-lang\2.4\commons-lang-2.4.jar;C:\Users\shashank.s\.m2\repository\velocity-tools\velocity-tools\1.4\velocity-tools-1.4.jar;C:\Users\shashank.s\.m2\repository\joda-time\joda-time\2.9.4\joda-time-2.9.4.jar;C:\Users\shashank.s\.m2\repository\org\apache\commons\commons-lang3\3.4\commons-lang3-3.4.jar;C:\Users\shashank.s\.m2\repository\commons-io\commons-io\2.5\commons-io-2.5.jar;C:\Users\shashank.s\.m2\repository\net\lingala\zip4j\zip4j\1.3.2\zip4j-1.3.2.jar;C:\Users\shashank.s\.m2\repository\org\codehaus\plexus\plexus-utils\3.0.24\plexus-utils-3.0.24.jar;C:\Users\shashank.s\.m2\repository\org\jsoup\jsoup\1.9.2\jsoup-1.9.2.jar;"/>
    <property name="java.vm.vendor" value="Oracle Corporation"/>
    <property name="sun.arch.data.model" value="64"/>
    <property name="user.variant" value=""/>
    <property name="java.vendor.url" value="https://java.oracle.com/"/>
    <property name="user.timezone" value="Asia/Calcutta"/>
    <property name="os.name" value="Windows 10"/>
    <property name="java.vm.specification.version" value="17"/>
    <property name="sun.java.launcher" value="SUN_STANDARD"/>
    <property name="user.country" value="IN"/>
    <property name="sun.boot.library.path" value="C:\Program Files\Java\jdk-17.0.1\bin"/>
    <property name="sun.java.command" value="C:\Users\shashank.s\AppData\Local\Temp\surefire4049363102688636012\surefirebooter7619523138414259816.jar C:\Users\shashank.s\AppData\Local\Temp\surefire4049363102688636012 2022-12-17T12-02-22_586-jvmRun1 surefire10378829306021143464tmp surefire_015070383099373273722tmp"/>
    <property name="jdk.debug" value="release"/>
    <property name="surefire.test.class.path" value="C:\Automation\StoreApiApp\target\test-classes;C:\Automation\StoreApiApp\target\classes;C:\Users\shashank.s\.m2\repository\junit\junit\4.11\junit-4.11.jar;C:\Users\shashank.s\.m2\repository\org\hamcrest\hamcrest-core\1.3\hamcrest-core-1.3.jar;C:\Users\shashank.s\.m2\repository\com\intuit\karate\karate-junit5\1.2.0\karate-junit5-1.2.0.jar;C:\Users\shashank.s\.m2\repository\com\intuit\karate\karate-core\1.2.0\karate-core-1.2.0.jar;C:\Users\shashank.s\.m2\repository\org\graalvm\js\js-scriptengine\21.2.0\js-scriptengine-21.2.0.jar;C:\Users\shashank.s\.m2\repository\org\graalvm\sdk\graal-sdk\21.2.0\graal-sdk-21.2.0.jar;C:\Users\shashank.s\.m2\repository\org\graalvm\js\js\21.2.0\js-21.2.0.jar;C:\Users\shashank.s\.m2\repository\org\graalvm\regex\regex\21.2.0\regex-21.2.0.jar;C:\Users\shashank.s\.m2\repository\org\graalvm\truffle\truffle-api\21.2.0\truffle-api-21.2.0.jar;C:\Users\shashank.s\.m2\repository\com\ibm\icu\icu4j\69.1\icu4j-69.1.jar;C:\Users\shashank.s\.m2\repository\org\thymeleaf\thymeleaf\3.0.14.RELEASE\thymeleaf-3.0.14.RELEASE.jar;C:\Users\shashank.s\.m2\repository\ognl\ognl\3.1.26\ognl-3.1.26.jar;C:\Users\shashank.s\.m2\repository\org\javassist\javassist\3.20.0-GA\javassist-3.20.0-GA.jar;C:\Users\shashank.s\.m2\repository\org\attoparser\attoparser\2.0.5.RELEASE\attoparser-2.0.5.RELEASE.jar;C:\Users\shashank.s\.m2\repository\org\unbescape\unbescape\1.1.6.RELEASE\unbescape-1.1.6.RELEASE.jar;C:\Users\shashank.s\.m2\repository\org\slf4j\slf4j-api\1.7.25\slf4j-api-1.7.25.jar;C:\Users\shashank.s\.m2\repository\com\linecorp\armeria\armeria\1.13.4\armeria-1.13.4.jar;C:\Users\shashank.s\.m2\repository\io\micrometer\micrometer-core\1.7.6\micrometer-core-1.7.6.jar;C:\Users\shashank.s\.m2\repository\org\hdrhistogram\HdrHistogram\2.1.12\HdrHistogram-2.1.12.jar;C:\Users\shashank.s\.m2\repository\org\latencyutils\LatencyUtils\2.0.3\LatencyUtils-2.0.3.jar;C:\Users\shashank.s\.m2\repository\io\netty\netty-transport\4.1.70.Final\netty-transport-4.1.70.Final.jar;C:\Users\shashank.s\.m2\repository\io\netty\netty-common\4.1.70.Final\netty-common-4.1.70.Final.jar;C:\Users\shashank.s\.m2\repository\io\netty\netty-buffer\4.1.70.Final\netty-buffer-4.1.70.Final.jar;C:\Users\shashank.s\.m2\repository\io\netty\netty-resolver\4.1.70.Final\netty-resolver-4.1.70.Final.jar;C:\Users\shashank.s\.m2\repository\io\netty\netty-codec-http2\4.1.70.Final\netty-codec-http2-4.1.70.Final.jar;C:\Users\shashank.s\.m2\repository\io\netty\netty-codec\4.1.70.Final\netty-codec-4.1.70.Final.jar;C:\Users\shashank.s\.m2\repository\io\netty\netty-handler\4.1.70.Final\netty-handler-4.1.70.Final.jar;C:\Users\shashank.s\.m2\repository\io\netty\netty-codec-http\4.1.70.Final\netty-codec-http-4.1.70.Final.jar;C:\Users\shashank.s\.m2\repository\io\netty\netty-codec-haproxy\4.1.70.Final\netty-codec-haproxy-4.1.70.Final.jar;C:\Users\shashank.s\.m2\repository\io\netty\netty-resolver-dns\4.1.70.Final\netty-resolver-dns-4.1.70.Final.jar;C:\Users\shashank.s\.m2\repository\io\netty\netty-codec-dns\4.1.70.Final\netty-codec-dns-4.1.70.Final.jar;C:\Users\shashank.s\.m2\repository\org\reactivestreams\reactive-streams\1.0.3\reactive-streams-1.0.3.jar;C:\Users\shashank.s\.m2\repository\com\google\code\findbugs\jsr305\3.0.2\jsr305-3.0.2.jar;C:\Users\shashank.s\.m2\repository\io\netty\netty-resolver-dns-native-macos\4.1.70.Final\netty-resolver-dns-native-macos-4.1.70.Final-osx-x86_64.jar;C:\Users\shashank.s\.m2\repository\io\netty\netty-resolver-dns-classes-macos\4.1.70.Final\netty-resolver-dns-classes-macos-4.1.70.Final.jar;C:\Users\shashank.s\.m2\repository\io\netty\netty-transport-native-unix-common\4.1.70.Final\netty-transport-native-unix-common-4.1.70.Final-linux-x86_64.jar;C:\Users\shashank.s\.m2\repository\io\netty\netty-transport-native-epoll\4.1.70.Final\netty-transport-native-epoll-4.1.70.Final-linux-x86_64.jar;C:\Users\shashank.s\.m2\repository\io\netty\netty-transport-native-unix-common\4.1.70.Final\netty-transport-native-unix-common-4.1.70.Final.jar;C:\Users\shashank.s\.m2\repository\io\netty\netty-transport-classes-epoll\4.1.70.Final\netty-transport-classes-epoll-4.1.70.Final.jar;C:\Users\shashank.s\.m2\repository\io\netty\netty-tcnative-boringssl-static\2.0.44.Final\netty-tcnative-boringssl-static-2.0.44.Final.jar;C:\Users\shashank.s\.m2\repository\io\netty\netty-handler-proxy\4.1.70.Final\netty-handler-proxy-4.1.70.Final.jar;C:\Users\shashank.s\.m2\repository\io\netty\netty-codec-socks\4.1.70.Final\netty-codec-socks-4.1.70.Final.jar;C:\Users\shashank.s\.m2\repository\com\aayushatharva\brotli4j\brotli4j\1.6.0\brotli4j-1.6.0.jar;C:\Users\shashank.s\.m2\repository\com\aayushatharva\brotli4j\native-windows-x86_64\1.6.0\native-windows-x86_64-1.6.0.jar;C:\Users\shashank.s\.m2\repository\org\apache\httpcomponents\httpclient\4.5.13\httpclient-4.5.13.jar;C:\Users\shashank.s\.m2\repository\org\apache\httpcomponents\httpcore\4.4.13\httpcore-4.4.13.jar;C:\Users\shashank.s\.m2\repository\commons-codec\commons-codec\1.11\commons-codec-1.11.jar;C:\Users\shashank.s\.m2\repository\ch\qos\logback\logback-classic\1.2.9\logback-classic-1.2.9.jar;C:\Users\shashank.s\.m2\repository\ch\qos\logback\logback-core\1.2.9\logback-core-1.2.9.jar;C:\Users\shashank.s\.m2\repository\org\slf4j\jcl-over-slf4j\1.7.32\jcl-over-slf4j-1.7.32.jar;C:\Users\shashank.s\.m2\repository\org\antlr\antlr4-runtime\4.9.2\antlr4-runtime-4.9.2.jar;C:\Users\shashank.s\.m2\repository\com\jayway\jsonpath\json-path\2.7.0\json-path-2.7.0.jar;C:\Users\shashank.s\.m2\repository\net\minidev\json-smart\2.4.7\json-smart-2.4.7.jar;C:\Users\shashank.s\.m2\repository\net\minidev\accessors-smart\2.4.7\accessors-smart-2.4.7.jar;C:\Users\shashank.s\.m2\repository\org\ow2\asm\asm\9.1\asm-9.1.jar;C:\Users\shashank.s\.m2\repository\info\cukes\cucumber-java\1.2.5\cucumber-java-1.2.5.jar;C:\Users\shashank.s\.m2\repository\info\cukes\cucumber-core\1.2.5\cucumber-core-1.2.5.jar;C:\Users\shashank.s\.m2\repository\org\yaml\snakeyaml\1.29\snakeyaml-1.29.jar;C:\Users\shashank.s\.m2\repository\de\siegmar\fastcsv\2.0.0\fastcsv-2.0.0.jar;C:\Users\shashank.s\.m2\repository\info\picocli\picocli\4.6.1\picocli-4.6.1.jar;C:\Users\shashank.s\.m2\repository\io\github\classgraph\classgraph\4.8.108\classgraph-4.8.108.jar;C:\Users\shashank.s\.m2\repository\org\junit\jupiter\junit-jupiter-api\5.7.2\junit-jupiter-api-5.7.2.jar;C:\Users\shashank.s\.m2\repository\org\apiguardian\apiguardian-api\1.1.0\apiguardian-api-1.1.0.jar;C:\Users\shashank.s\.m2\repository\org\opentest4j\opentest4j\1.2.0\opentest4j-1.2.0.jar;C:\Users\shashank.s\.m2\repository\org\junit\platform\junit-platform-commons\1.7.2\junit-platform-commons-1.7.2.jar;C:\Users\shashank.s\.m2\repository\org\junit\jupiter\junit-jupiter-engine\5.7.2\junit-jupiter-engine-5.7.2.jar;C:\Users\shashank.s\.m2\repository\org\junit\platform\junit-platform-engine\1.7.2\junit-platform-engine-1.7.2.jar;C:\Users\shashank.s\.m2\repository\net\masterthought\cucumber-reporting\3.0.0\cucumber-reporting-3.0.0.jar;C:\Users\shashank.s\.m2\repository\org\apache\logging\log4j\log4j-api\2.6.2\log4j-api-2.6.2.jar;C:\Users\shashank.s\.m2\repository\org\apache\logging\log4j\log4j-core\2.6.2\log4j-core-2.6.2.jar;C:\Users\shashank.s\.m2\repository\com\fasterxml\jackson\core\jackson-databind\2.8.3\jackson-databind-2.8.3.jar;C:\Users\shashank.s\.m2\repository\com\fasterxml\jackson\core\jackson-annotations\2.8.0\jackson-annotations-2.8.0.jar;C:\Users\shashank.s\.m2\repository\com\fasterxml\jackson\core\jackson-core\2.8.3\jackson-core-2.8.3.jar;C:\Users\shashank.s\.m2\repository\org\apache\velocity\velocity\1.7\velocity-1.7.jar;C:\Users\shashank.s\.m2\repository\commons-collections\commons-collections\3.2.1\commons-collections-3.2.1.jar;C:\Users\shashank.s\.m2\repository\commons-lang\commons-lang\2.4\commons-lang-2.4.jar;C:\Users\shashank.s\.m2\repository\velocity-tools\velocity-tools\1.4\velocity-tools-1.4.jar;C:\Users\shashank.s\.m2\repository\joda-time\joda-time\2.9.4\joda-time-2.9.4.jar;C:\Users\shashank.s\.m2\repository\org\apache\commons\commons-lang3\3.4\commons-lang3-3.4.jar;C:\Users\shashank.s\.m2\repository\commons-io\commons-io\2.5\commons-io-2.5.jar;C:\Users\shashank.s\.m2\repository\net\lingala\zip4j\zip4j\1.3.2\zip4j-1.3.2.jar;C:\Users\shashank.s\.m2\repository\org\codehaus\plexus\plexus-utils\3.0.24\plexus-utils-3.0.24.jar;C:\Users\shashank.s\.m2\repository\org\jsoup\jsoup\1.9.2\jsoup-1.9.2.jar;"/>
    <property name="sun.cpu.endian" value="little"/>
    <property name="user.home" value="C:\Users\shashank.s"/>
    <property name="user.language" value="en"/>
    <property name="java.specification.vendor" value="Oracle Corporation"/>
    <property name="java.version.date" value="2021-10-19"/>
    <property name="java.home" value="C:\Program Files\Java\jdk-17.0.1"/>
    <property name="file.separator" value="\"/>
    <property name="basedir" value="C:\Automation\StoreApiApp"/>
    <property name="java.vm.compressedOopsMode" value="32-bit"/>
    <property name="line.separator" value="&#10;"/>
    <property name="java.vm.specification.vendor" value="Oracle Corporation"/>
    <property name="java.specification.name" value="Java Platform API Specification"/>
    <property name="karate.options" value="--tags @user"/>
    <property name="surefire.real.class.path" value="C:\Users\shashank.s\AppData\Local\Temp\surefire4049363102688636012\surefirebooter7619523138414259816.jar"/>
    <property name="user.script" value=""/>
    <property name="sun.management.compiler" value="HotSpot 64-Bit Tiered Compilers"/>
    <property name="java.runtime.version" value="17.0.1+12-LTS-39"/>
    <property name="user.name" value="shashank.s"/>
    <property name="path.separator" value=";"/>
    <property name="os.version" value="10.0"/>
    <property name="java.runtime.name" value="Java(TM) SE Runtime Environment"/>
    <property name="file.encoding" value="UTF-8"/>
    <property name="java.vm.name" value="Java HotSpot(TM) 64-Bit Server VM"/>
    <property name="localRepository" value="C:\Users\shashank.s\.m2\repository"/>
    <property name="java.vendor.url.bug" value="https://bugreport.java.com/bugreport/"/>
    <property name="java.io.tmpdir" value="C:\Users\shashank.s\AppData\Local\Temp\"/>
    <property name="java.version" value="17.0.1"/>
    <property name="user.dir" value="C:\Automation\StoreApiApp"/>
    <property name="os.arch" value="amd64"/>
    <property name="java.vm.specification.name" value="Java Virtual Machine Specification"/>
    <property name="sun.os.patch.level" value=""/>
    <property name="native.encoding" value="Cp1252"/>
    <property name="java.library.path" value="C:\Program Files\Java\jdk-17.0.1\bin;C:\Windows\Sun\Java\bin;C:\Windows\system32;C:\Windows;C:\Windows\system32;C:\Windows;C:\Windows\system32\Wbem;C:\Program Files\Common Files\Oracle\Java\javapath;C:\Python310\Scripts\;C:\Python310\;C:\Program Files (x86)\Common Files\Oracle\Java\javapath;C:\Windows\System32\WindowsPowerShell\v1.0\;C:\Windows\System32\OpenSSH\;C:\Program Files\Java\jdk-17.0.1\bin;C:\Program Files\nodejs\;C:\ProgramData\chocolatey\bin;C:\Program Files\apache-maven-3.8.4\bin;C:\bin;C:\Program Files\Git\cmd;C:\Program Files\dotnet\;C:\Users\shashank.s\AppData\Local\Programs\Python\Python310\Scripts\;C:\Users\shashank.s\AppData\Local\Programs\Python\Python310\;C:\Users\shashank.s\AppData\Local\Microsoft\WindowsApps;;C:\Users\shashank.s\AppData\Local\Programs\Microsoft VS Code\bin;C:\Users\shashank.s\AppData\Roaming\npm;."/>
    <property name="java.vm.info" value="mixed mode, sharing"/>
    <property name="java.vendor" value="Oracle Corporation"/>
    <property name="java.vm.version" value="17.0.1+12-LTS-39"/>
    <property name="sun.io.unicode.encoding" value="UnicodeLittle"/>
    <property name="java.class.version" value="61.0"/>
  </properties>
  <testcase name="testAll[1][1]" classname="com.storeapiapp.StoreApiAppTest" time="2.672"/>
  <testcase name="testAll[2][1]" classname="com.storeapiapp.StoreApiAppTest" time="2.129">
    <failure message="js failed:&#10;&gt;&gt;&gt;&gt;&#10;01: loginFeatureFile.response.data.access_token&#10;&lt;&lt;&lt;&lt;&#10;org.graalvm.polyglot.PolyglotException: TypeError: Cannot read property &quot;access_token&quot; from undefined&#10;- &lt;js&gt;.:program(Unnamed:1)&#10;&#10;classpath:com/storeapiapp/features/User.feature:6" type="org.opentest4j.AssertionFailedError"><![CDATA[org.opentest4j.AssertionFailedError: 
js failed:
>>>>
01: loginFeatureFile.response.data.access_token
<<<<
org.graalvm.polyglot.PolyglotException: TypeError: Cannot read property "access_token" from undefined
- <js>.:program(Unnamed:1)

classpath:com/storeapiapp/features/User.feature:6
]]></failure>
    <system-out><![CDATA[12:02:29.656 [main] DEBUG com.jayway.jsonpath.internal.path.CompiledPath - Evaluating path: $
12:02:29.659 [main] INFO com.intuit.karate - [print] {
  "email": "robertgonzalez@gmail.com",
  "password": "simple_password"
}
 
12:02:29.662 [main] DEBUG org.apache.http.client.protocol.RequestAddCookies - CookieSpec selected: karate
12:02:29.662 [main] DEBUG org.apache.http.client.protocol.RequestAuthCache - Auth cache not set in the context
12:02:29.663 [main] DEBUG com.intuit.karate - request:
1 > POST https://api.storerestapi.com/auth/login
1 > Content-Type: application/json; charset=UTF-8
1 > Content-Length: 65
1 > Host: api.storerestapi.com
1 > Connection: Keep-Alive
1 > User-Agent: Apache-HttpClient/4.5.13 (Java/17.0.1)
1 > Accept-Encoding: gzip,deflate
{"email":"robertgonzalez@gmail.com","password":"simple_password"}

12:02:29.663 [main] DEBUG org.apache.http.impl.conn.PoolingHttpClientConnectionManager - Connection request: [route: {s}->https://api.storerestapi.com:443][total available: 0; route allocated: 0 of 5; total allocated: 0 of 10]
12:02:29.663 [main] DEBUG org.apache.http.impl.conn.PoolingHttpClientConnectionManager - Connection leased: [id: 1][route: {s}->https://api.storerestapi.com:443][total available: 0; route allocated: 1 of 5; total allocated: 1 of 10]
12:02:29.663 [main] DEBUG org.apache.http.impl.execchain.MainClientExec - Opening connection {s}->https://api.storerestapi.com:443
12:02:29.664 [main] DEBUG org.apache.http.impl.conn.DefaultHttpClientConnectionOperator - Connecting to api.storerestapi.com/172.67.193.84:443
12:02:29.664 [main] DEBUG org.apache.http.conn.ssl.SSLConnectionSocketFactory - Connecting socket to api.storerestapi.com/172.67.193.84:443 with timeout 30000
12:02:29.727 [main] DEBUG org.apache.http.conn.ssl.SSLConnectionSocketFactory - Enabled protocols: [TLSv1.3, TLSv1.2]
12:02:29.727 [main] DEBUG org.apache.http.conn.ssl.SSLConnectionSocketFactory - Enabled cipher suites:[TLS_AES_256_GCM_SHA384, TLS_AES_128_GCM_SHA256, TLS_CHACHA20_POLY1305_SHA256, TLS_ECDHE_ECDSA_WITH_AES_256_GCM_SHA384, TLS_ECDHE_ECDSA_WITH_AES_128_GCM_SHA256, TLS_ECDHE_ECDSA_WITH_CHACHA20_POLY1305_SHA256, TLS_ECDHE_RSA_WITH_AES_256_GCM_SHA384, TLS_ECDHE_RSA_WITH_CHACHA20_POLY1305_SHA256, TLS_ECDHE_RSA_WITH_AES_128_GCM_SHA256, TLS_DHE_RSA_WITH_AES_256_GCM_SHA384, TLS_DHE_RSA_WITH_CHACHA20_POLY1305_SHA256, TLS_DHE_DSS_WITH_AES_256_GCM_SHA384, TLS_DHE_RSA_WITH_AES_128_GCM_SHA256, TLS_DHE_DSS_WITH_AES_128_GCM_SHA256, TLS_ECDHE_ECDSA_WITH_AES_256_CBC_SHA384, TLS_ECDHE_RSA_WITH_AES_256_CBC_SHA384, TLS_ECDHE_ECDSA_WITH_AES_128_CBC_SHA256, TLS_ECDHE_RSA_WITH_AES_128_CBC_SHA256, TLS_DHE_RSA_WITH_AES_256_CBC_SHA256, TLS_DHE_DSS_WITH_AES_256_CBC_SHA256, TLS_DHE_RSA_WITH_AES_128_CBC_SHA256, TLS_DHE_DSS_WITH_AES_128_CBC_SHA256, TLS_ECDH_ECDSA_WITH_AES_256_GCM_SHA384, TLS_ECDH_RSA_WITH_AES_256_GCM_SHA384, TLS_ECDH_ECDSA_WITH_AES_128_GCM_SHA256, TLS_ECDH_RSA_WITH_AES_128_GCM_SHA256, TLS_ECDH_ECDSA_WITH_AES_256_CBC_SHA384, TLS_ECDH_RSA_WITH_AES_256_CBC_SHA384, TLS_ECDH_ECDSA_WITH_AES_128_CBC_SHA256, TLS_ECDH_RSA_WITH_AES_128_CBC_SHA256, TLS_ECDHE_ECDSA_WITH_AES_256_CBC_SHA, TLS_ECDHE_RSA_WITH_AES_256_CBC_SHA, TLS_ECDHE_ECDSA_WITH_AES_128_CBC_SHA, TLS_ECDHE_RSA_WITH_AES_128_CBC_SHA, TLS_DHE_RSA_WITH_AES_256_CBC_SHA, TLS_DHE_DSS_WITH_AES_256_CBC_SHA, TLS_DHE_RSA_WITH_AES_128_CBC_SHA, TLS_DHE_DSS_WITH_AES_128_CBC_SHA, TLS_ECDH_ECDSA_WITH_AES_256_CBC_SHA, TLS_ECDH_RSA_WITH_AES_256_CBC_SHA, TLS_ECDH_ECDSA_WITH_AES_128_CBC_SHA, TLS_ECDH_RSA_WITH_AES_128_CBC_SHA, TLS_RSA_WITH_AES_256_GCM_SHA384, TLS_RSA_WITH_AES_128_GCM_SHA256, TLS_RSA_WITH_AES_256_CBC_SHA256, TLS_RSA_WITH_AES_128_CBC_SHA256, TLS_RSA_WITH_AES_256_CBC_SHA, TLS_RSA_WITH_AES_128_CBC_SHA, TLS_EMPTY_RENEGOTIATION_INFO_SCSV]
12:02:29.728 [main] DEBUG org.apache.http.conn.ssl.SSLConnectionSocketFactory - Starting handshake
12:02:29.840 [main] DEBUG org.apache.http.conn.ssl.SSLConnectionSocketFactory - Secure session established
12:02:29.840 [main] DEBUG org.apache.http.conn.ssl.SSLConnectionSocketFactory -  negotiated protocol: TLSv1.3
12:02:29.840 [main] DEBUG org.apache.http.conn.ssl.SSLConnectionSocketFactory -  negotiated cipher suite: TLS_AES_256_GCM_SHA384
12:02:29.840 [main] DEBUG org.apache.http.conn.ssl.SSLConnectionSocketFactory -  peer principal: CN=*.storerestapi.com
12:02:29.840 [main] DEBUG org.apache.http.conn.ssl.SSLConnectionSocketFactory -  peer alternative names: [*.storerestapi.com, storerestapi.com]
12:02:29.840 [main] DEBUG org.apache.http.conn.ssl.SSLConnectionSocketFactory -  issuer principal: CN=E1, O=Let's Encrypt, C=US
12:02:29.841 [main] DEBUG org.apache.http.impl.conn.DefaultHttpClientConnectionOperator - Connection established 10.1.5.60:54434<->172.67.193.84:443
12:02:29.841 [main] DEBUG org.apache.http.impl.conn.DefaultManagedHttpClientConnection - http-outgoing-1: set socket timeout to 30000
12:02:29.841 [main] DEBUG org.apache.http.impl.execchain.MainClientExec - Executing request POST /auth/login HTTP/1.1
12:02:29.841 [main] DEBUG org.apache.http.impl.execchain.MainClientExec - Target auth state: UNCHALLENGED
12:02:29.841 [main] DEBUG org.apache.http.impl.execchain.MainClientExec - Proxy auth state: UNCHALLENGED
12:02:29.841 [main] DEBUG org.apache.http.headers - http-outgoing-1 >> POST /auth/login HTTP/1.1
12:02:29.841 [main] DEBUG org.apache.http.headers - http-outgoing-1 >> Content-Type: application/json; charset=UTF-8
12:02:29.841 [main] DEBUG org.apache.http.headers - http-outgoing-1 >> Content-Length: 65
12:02:29.841 [main] DEBUG org.apache.http.headers - http-outgoing-1 >> Host: api.storerestapi.com
12:02:29.841 [main] DEBUG org.apache.http.headers - http-outgoing-1 >> Connection: Keep-Alive
12:02:29.841 [main] DEBUG org.apache.http.headers - http-outgoing-1 >> User-Agent: Apache-HttpClient/4.5.13 (Java/17.0.1)
12:02:29.841 [main] DEBUG org.apache.http.headers - http-outgoing-1 >> Accept-Encoding: gzip,deflate
12:02:29.842 [main] DEBUG org.apache.http.wire - http-outgoing-1 >> "POST /auth/login HTTP/1.1[\r][\n]"
12:02:29.842 [main] DEBUG org.apache.http.wire - http-outgoing-1 >> "Content-Type: application/json; charset=UTF-8[\r][\n]"
12:02:29.842 [main] DEBUG org.apache.http.wire - http-outgoing-1 >> "Content-Length: 65[\r][\n]"
12:02:29.842 [main] DEBUG org.apache.http.wire - http-outgoing-1 >> "Host: api.storerestapi.com[\r][\n]"
12:02:29.842 [main] DEBUG org.apache.http.wire - http-outgoing-1 >> "Connection: Keep-Alive[\r][\n]"
12:02:29.842 [main] DEBUG org.apache.http.wire - http-outgoing-1 >> "User-Agent: Apache-HttpClient/4.5.13 (Java/17.0.1)[\r][\n]"
12:02:29.842 [main] DEBUG org.apache.http.wire - http-outgoing-1 >> "Accept-Encoding: gzip,deflate[\r][\n]"
12:02:29.842 [main] DEBUG org.apache.http.wire - http-outgoing-1 >> "[\r][\n]"
12:02:29.842 [main] DEBUG org.apache.http.wire - http-outgoing-1 >> "{"email":"robertgonzalez@gmail.com","password":"simple_password"}"
12:02:30.224 [main] DEBUG org.apache.http.wire - http-outgoing-1 << "HTTP/1.1 200 OK[\r][\n]"
12:02:30.224 [main] DEBUG org.apache.http.wire - http-outgoing-1 << "Date: Sat, 17 Dec 2022 06:32:31 GMT[\r][\n]"
12:02:30.224 [main] DEBUG org.apache.http.wire - http-outgoing-1 << "Content-Type: application/json; charset=utf-8[\r][\n]"
12:02:30.224 [main] DEBUG org.apache.http.wire - http-outgoing-1 << "Transfer-Encoding: chunked[\r][\n]"
12:02:30.224 [main] DEBUG org.apache.http.wire - http-outgoing-1 << "Connection: keep-alive[\r][\n]"
12:02:30.224 [main] DEBUG org.apache.http.wire - http-outgoing-1 << "X-Powered-By: Express[\r][\n]"
12:02:30.225 [main] DEBUG org.apache.http.wire - http-outgoing-1 << "Access-Control-Allow-Origin: *[\r][\n]"
12:02:30.225 [main] DEBUG org.apache.http.wire - http-outgoing-1 << "ETag: W/"2a6-XYyKhqec05yLrDig587gzENHlz8"[\r][\n]"
12:02:30.225 [main] DEBUG org.apache.http.wire - http-outgoing-1 << "CF-Cache-Status: DYNAMIC[\r][\n]"
12:02:30.225 [main] DEBUG org.apache.http.wire - http-outgoing-1 << "Report-To: {"endpoints":[{"url":"https:\/\/a.nel.cloudflare.com\/report\/v3?s=hCOH4407amM%2FccJgGWWlV%2B2r%2F889e7GgKTfQAICFPN%2FpKJqAQJJ2oHiuCV2dvNg3d4wAO0H0Zm9DzHdxCyvVEmiO%2FAmzGR7idvUwZ%2FJ27535wJ1HvnjTC9oDDzdgkwVC9hAJsANNtA%3D%3D"}],"group":"cf-nel","max_age":604800}[\r][\n]"
12:02:30.225 [main] DEBUG org.apache.http.wire - http-outgoing-1 << "NEL: {"success_fraction":0,"report_to":"cf-nel","max_age":604800}[\r][\n]"
12:02:30.225 [main] DEBUG org.apache.http.wire - http-outgoing-1 << "Server: cloudflare[\r][\n]"
12:02:30.225 [main] DEBUG org.apache.http.wire - http-outgoing-1 << "CF-RAY: 77ad9f3a195a18ce-SIN[\r][\n]"
12:02:30.225 [main] DEBUG org.apache.http.wire - http-outgoing-1 << "Content-Encoding: gzip[\r][\n]"
12:02:30.225 [main] DEBUG org.apache.http.wire - http-outgoing-1 << "alt-svc: h3=":443"; ma=86400, h3-29=":443"; ma=86400[\r][\n]"
12:02:30.225 [main] DEBUG org.apache.http.wire - http-outgoing-1 << "[\r][\n]"
12:02:30.225 [main] DEBUG org.apache.http.wire - http-outgoing-1 << "17a[\r][\n]"
12:02:30.225 [main] DEBUG org.apache.http.wire - http-outgoing-1 << "[0x1f][0x8b][0x8][0x0][0x0][0x0][0x0][0x0][0x0][0x3][0xe4][0x92][0xc9]n[0x83]0[0x0]D[0xa5][0xf2]9[0xa9][0x80]*[0xa9][0xc8]-%%[0xb5][CYL0[0x97][0x8][0x8][0xc1]6k0[0x88][0xa5][0xea][0xbf]W[0xe9][0xa1]?[0xd1][0xf3][0xd3][0x8c]FO[0xf3][0x5].q[0x1f][0x83][0xdd][0x17][0x88][0xd3]4[0x93][0xf2][0xdc]7EV[0x83][0x1d][0xc8]f[0xc4][0x92]c[0xca]m[0x8e] Y[0xa0]jq(a[0xed]nR[0x3]na[0xd1][0x86][0x81][0x81][0xf4][0xc7]lF[0x5][\r]][0x6]E[0xfb][0xc]K[0xbd][0x8d][0xee]P[0xd0][0x9]WD[0xb1][0xf]d[0xc2][0x8b][0xa3]FGK[0xe0][0x5]/[0xf4][0x84]5[0xaa][0xc1][0xd9]2[0xa0][0x84][0xd5][0x86]%'r/[0xf7][0x12][\r][0x95]i[0xed][0xe4][0xae][0xa6][0xf]Ye[0xca](l[0xf8][0x87][0x81][0xe6]D[0x9b]J([0x1a]N[\n]"
12:02:30.225 [main] DEBUG org.apache.http.wire - http-outgoing-1 << "[0x1d][0xbb][0x81]~[0x8][0x2][0x8b][0xf8][0x8a]j[0x92][0xfb][0x90]*[0xe8][0xe9][0xa9][0x94]w[0x9e]V:[0x8f]B[0xa4]D[0xf9]v[0x1f]i*[0x8b]O[0xe3]@5[0xbd][0x87][0xb5]"aU[0xb2][0x8b][0x1][0xb7][0xd8][0xa7]O[0xd8][0x87][0xaa]}HU[0xec][0x8d]<[\n]"
12:02:30.225 [main] DEBUG org.apache.http.wire - http-outgoing-1 << "[0xd9][0x8]E3Y"[0x9d][0xb0] [0x1b]K[0x90][0xe9][0xea]<[0xde][0xd0][0xde][0x92][0xaf][0xd2][0xb1][0x17][0xbb][0xf3][0xc6]q=F[0xba]s#[0xfc][0xfd][0xc5][0xc]Z[0x87]\g{[0xfb][0xd9]v[0xf5][0xdb][0xe5][0xec][0xe5]`[0x5][0xba][0xec][0xda]e[0x92][0xfd]cs[0x8b][0xa3]b[0xff][0xd7]\X{g3[0xa6]t[0xff]6<[0x17][0xc9][0xfb][0x8b][0xe8][0x14]t[[0xaf]s[0x97][0x91][0x90]j[0x8d][0x89][0x8f][0x92][0xad])[0x12][0xfe]@[0xc0][0xf7][\n]"
12:02:30.225 [main] DEBUG org.apache.http.wire - http-outgoing-1 << "T[0x99][0x94]q[0x9e][0x81][0x1d][0xf0]x^?[0xf0][0xfa]A[0xe][0xbf]7[0x4]+ [0xfb][0xb8][0x1f]$[0xd8]i[0x8a][0xf2][0xfd][0x3][0x0][0x0][0xff][0xff][0x3][0x0][0x18][0x1d]Z[0xe5][0xa6][0x2][0x0][0x0][\r][\n]"
12:02:30.226 [main] DEBUG org.apache.http.headers - http-outgoing-1 << HTTP/1.1 200 OK
12:02:30.226 [main] DEBUG org.apache.http.headers - http-outgoing-1 << Date: Sat, 17 Dec 2022 06:32:31 GMT
12:02:30.226 [main] DEBUG org.apache.http.headers - http-outgoing-1 << Content-Type: application/json; charset=utf-8
12:02:30.226 [main] DEBUG org.apache.http.headers - http-outgoing-1 << Transfer-Encoding: chunked
12:02:30.226 [main] DEBUG org.apache.http.headers - http-outgoing-1 << Connection: keep-alive
12:02:30.226 [main] DEBUG org.apache.http.headers - http-outgoing-1 << X-Powered-By: Express
12:02:30.226 [main] DEBUG org.apache.http.headers - http-outgoing-1 << Access-Control-Allow-Origin: *
12:02:30.226 [main] DEBUG org.apache.http.headers - http-outgoing-1 << ETag: W/"2a6-XYyKhqec05yLrDig587gzENHlz8"
12:02:30.226 [main] DEBUG org.apache.http.headers - http-outgoing-1 << CF-Cache-Status: DYNAMIC
12:02:30.226 [main] DEBUG org.apache.http.headers - http-outgoing-1 << Report-To: {"endpoints":[{"url":"https:\/\/a.nel.cloudflare.com\/report\/v3?s=hCOH4407amM%2FccJgGWWlV%2B2r%2F889e7GgKTfQAICFPN%2FpKJqAQJJ2oHiuCV2dvNg3d4wAO0H0Zm9DzHdxCyvVEmiO%2FAmzGR7idvUwZ%2FJ27535wJ1HvnjTC9oDDzdgkwVC9hAJsANNtA%3D%3D"}],"group":"cf-nel","max_age":604800}
12:02:30.226 [main] DEBUG org.apache.http.headers - http-outgoing-1 << NEL: {"success_fraction":0,"report_to":"cf-nel","max_age":604800}
12:02:30.226 [main] DEBUG org.apache.http.headers - http-outgoing-1 << Server: cloudflare
12:02:30.226 [main] DEBUG org.apache.http.headers - http-outgoing-1 << CF-RAY: 77ad9f3a195a18ce-SIN
12:02:30.226 [main] DEBUG org.apache.http.headers - http-outgoing-1 << Content-Encoding: gzip
12:02:30.226 [main] DEBUG org.apache.http.headers - http-outgoing-1 << alt-svc: h3=":443"; ma=86400, h3-29=":443"; ma=86400
12:02:30.229 [main] DEBUG org.apache.http.impl.execchain.MainClientExec - Connection can be kept alive indefinitely
12:02:30.232 [main] DEBUG com.intuit.karate - response time in milliseconds: 569
1 < 200
1 < Date: Sat, 17 Dec 2022 06:32:31 GMT
1 < Content-Type: application/json; charset=utf-8
1 < Transfer-Encoding: chunked
1 < Connection: keep-alive
1 < X-Powered-By: Express
1 < Access-Control-Allow-Origin: *
1 < ETag: W/"2a6-XYyKhqec05yLrDig587gzENHlz8"
1 < CF-Cache-Status: DYNAMIC
1 < Report-To: {"endpoints":[{"url":"https:\/\/a.nel.cloudflare.com\/report\/v3?s=hCOH4407amM%2FccJgGWWlV%2B2r%2F889e7GgKTfQAICFPN%2FpKJqAQJJ2oHiuCV2dvNg3d4wAO0H0Zm9DzHdxCyvVEmiO%2FAmzGR7idvUwZ%2FJ27535wJ1HvnjTC9oDDzdgkwVC9hAJsANNtA%3D%3D"}],"group":"cf-nel","max_age":604800}
1 < NEL: {"success_fraction":0,"report_to":"cf-nel","max_age":604800}
1 < Server: cloudflare
1 < CF-RAY: 77ad9f3a195a18ce-SIN
1 < alt-svc: h3=":443"; ma=86400, h3-29=":443"; ma=86400
{"data":{"access_token":"eyJhbGciOiJIUzI1NiIsInR5cCI6IkpXVCJ9.eyJkYXRhIjp7Il9pZCI6IjYxMmU0ODUxMzQ1ZGNjMzMzYWM2Y2IyNCIsIm5hbWUiOiJSb2JlcnQgR29uemFsZXoiLCJyb2xlIjoiUk9MRV9DVVNUT01FUiIsImVtYWlsIjoicm9iZXJ0Z29uemFsZXpAZ21haWwuY29tIn0sImlhdCI6MTY3MTI1ODc1MSwiZXhwIjoxNjcxMjU5NjUxfQ.qJANsEsQOzOrSww-wZ9QqUiKBFVpQUfyO6PprnHd_Sg","refresh_token":"eyJhbGciOiJIUzI1NiIsInR5cCI6IkpXVCJ9.eyJkYXRhIjp7Il9pZCI6IjYxMmU0ODUxMzQ1ZGNjMzMzYWM2Y2IyNCIsIm5hbWUiOiJSb2JlcnQgR29uemFsZXoiLCJyb2xlIjoiUk9MRV9DVVNUT01FUiIsImVtYWlsIjoicm9iZXJ0Z29uemFsZXpAZ21haWwuY29tIn0sImlhdCI6MTY3MTI1ODc1MSwiZXhwIjoxNjcxMzQ1MTUxfQ.XnS_FaYYAHu7kbKBjr0Jq--gRhUXY2oFMGsh-YJjTuU"},"message":"Sign in success","status":200}

12:02:30.238 [main] DEBUG com.jayway.jsonpath.internal.path.CompiledPath - Evaluating path: $['message']
12:02:30.256 [main] INFO com.intuit.karate - [print] setAccessTokenForLogin is:  eyJhbGciOiJIUzI1NiIsInR5cCI6IkpXVCJ9.eyJkYXRhIjp7Il9pZCI6IjYxMmU0ODUxMzQ1ZGNjMzMzYWM2Y2IyNCIsIm5hbWUiOiJSb2JlcnQgR29uemFsZXoiLCJyb2xlIjoiUk9MRV9DVVNUT01FUiIsImVtYWlsIjoicm9iZXJ0Z29uemFsZXpAZ21haWwuY29tIn0sImlhdCI6MTY3MTI1ODc1MSwiZXhwIjoxNjcxMjU5NjUxfQ.qJANsEsQOzOrSww-wZ9QqUiKBFVpQUfyO6PprnHd_Sg 
12:02:30.268 [main] INFO com.intuit.karate - [print] setRefreshTokenForLogin is:  eyJhbGciOiJIUzI1NiIsInR5cCI6IkpXVCJ9.eyJkYXRhIjp7Il9pZCI6IjYxMmU0ODUxMzQ1ZGNjMzMzYWM2Y2IyNCIsIm5hbWUiOiJSb2JlcnQgR29uemFsZXoiLCJyb2xlIjoiUk9MRV9DVVNUT01FUiIsImVtYWlsIjoicm9iZXJ0Z29uemFsZXpAZ21haWwuY29tIn0sImlhdCI6MTY3MTI1ODc1MSwiZXhwIjoxNjcxMzQ1MTUxfQ.XnS_FaYYAHu7kbKBjr0Jq--gRhUXY2oFMGsh-YJjTuU 
12:02:30.301 [main] DEBUG com.jayway.jsonpath.internal.path.CompiledPath - Evaluating path: $
12:02:30.303 [main] INFO com.intuit.karate - [print] {
  "email": "robertgonzalez@gmail.com",
  "password": "simple_password"
}
 
12:02:30.306 [main] DEBUG com.jayway.jsonpath.internal.path.CompiledPath - Evaluating path: $
12:02:30.308 [main] DEBUG org.apache.http.client.protocol.RequestAddCookies - CookieSpec selected: karate
12:02:30.308 [main] DEBUG org.apache.http.client.protocol.RequestAuthCache - Auth cache not set in the context
12:02:30.308 [main] DEBUG com.intuit.karate - request:
2 > POST https://api.storerestapi.com/auth/login
2 > Content-Type: application/json; charset=UTF-8
2 > Content-Length: 50
2 > Host: api.storerestapi.com
2 > Connection: Keep-Alive
2 > User-Agent: Apache-HttpClient/4.5.13 (Java/17.0.1)
2 > Accept-Encoding: gzip,deflate
{"email":"robertgonzalez@gmail.com","password":""}

12:02:30.308 [main] DEBUG org.apache.http.impl.conn.PoolingHttpClientConnectionManager - Connection request: [route: {s}->https://api.storerestapi.com:443][total available: 0; route allocated: 0 of 5; total allocated: 0 of 10]
12:02:30.308 [main] DEBUG org.apache.http.impl.conn.PoolingHttpClientConnectionManager - Connection leased: [id: 2][route: {s}->https://api.storerestapi.com:443][total available: 0; route allocated: 1 of 5; total allocated: 1 of 10]
12:02:30.308 [main] DEBUG org.apache.http.impl.execchain.MainClientExec - Opening connection {s}->https://api.storerestapi.com:443
12:02:30.309 [main] DEBUG org.apache.http.impl.conn.DefaultHttpClientConnectionOperator - Connecting to api.storerestapi.com/172.67.193.84:443
12:02:30.309 [main] DEBUG org.apache.http.conn.ssl.SSLConnectionSocketFactory - Connecting socket to api.storerestapi.com/172.67.193.84:443 with timeout 30000
12:02:30.373 [main] DEBUG org.apache.http.conn.ssl.SSLConnectionSocketFactory - Enabled protocols: [TLSv1.3, TLSv1.2]
12:02:30.374 [main] DEBUG org.apache.http.conn.ssl.SSLConnectionSocketFactory - Enabled cipher suites:[TLS_AES_256_GCM_SHA384, TLS_AES_128_GCM_SHA256, TLS_CHACHA20_POLY1305_SHA256, TLS_ECDHE_ECDSA_WITH_AES_256_GCM_SHA384, TLS_ECDHE_ECDSA_WITH_AES_128_GCM_SHA256, TLS_ECDHE_ECDSA_WITH_CHACHA20_POLY1305_SHA256, TLS_ECDHE_RSA_WITH_AES_256_GCM_SHA384, TLS_ECDHE_RSA_WITH_CHACHA20_POLY1305_SHA256, TLS_ECDHE_RSA_WITH_AES_128_GCM_SHA256, TLS_DHE_RSA_WITH_AES_256_GCM_SHA384, TLS_DHE_RSA_WITH_CHACHA20_POLY1305_SHA256, TLS_DHE_DSS_WITH_AES_256_GCM_SHA384, TLS_DHE_RSA_WITH_AES_128_GCM_SHA256, TLS_DHE_DSS_WITH_AES_128_GCM_SHA256, TLS_ECDHE_ECDSA_WITH_AES_256_CBC_SHA384, TLS_ECDHE_RSA_WITH_AES_256_CBC_SHA384, TLS_ECDHE_ECDSA_WITH_AES_128_CBC_SHA256, TLS_ECDHE_RSA_WITH_AES_128_CBC_SHA256, TLS_DHE_RSA_WITH_AES_256_CBC_SHA256, TLS_DHE_DSS_WITH_AES_256_CBC_SHA256, TLS_DHE_RSA_WITH_AES_128_CBC_SHA256, TLS_DHE_DSS_WITH_AES_128_CBC_SHA256, TLS_ECDH_ECDSA_WITH_AES_256_GCM_SHA384, TLS_ECDH_RSA_WITH_AES_256_GCM_SHA384, TLS_ECDH_ECDSA_WITH_AES_128_GCM_SHA256, TLS_ECDH_RSA_WITH_AES_128_GCM_SHA256, TLS_ECDH_ECDSA_WITH_AES_256_CBC_SHA384, TLS_ECDH_RSA_WITH_AES_256_CBC_SHA384, TLS_ECDH_ECDSA_WITH_AES_128_CBC_SHA256, TLS_ECDH_RSA_WITH_AES_128_CBC_SHA256, TLS_ECDHE_ECDSA_WITH_AES_256_CBC_SHA, TLS_ECDHE_RSA_WITH_AES_256_CBC_SHA, TLS_ECDHE_ECDSA_WITH_AES_128_CBC_SHA, TLS_ECDHE_RSA_WITH_AES_128_CBC_SHA, TLS_DHE_RSA_WITH_AES_256_CBC_SHA, TLS_DHE_DSS_WITH_AES_256_CBC_SHA, TLS_DHE_RSA_WITH_AES_128_CBC_SHA, TLS_DHE_DSS_WITH_AES_128_CBC_SHA, TLS_ECDH_ECDSA_WITH_AES_256_CBC_SHA, TLS_ECDH_RSA_WITH_AES_256_CBC_SHA, TLS_ECDH_ECDSA_WITH_AES_128_CBC_SHA, TLS_ECDH_RSA_WITH_AES_128_CBC_SHA, TLS_RSA_WITH_AES_256_GCM_SHA384, TLS_RSA_WITH_AES_128_GCM_SHA256, TLS_RSA_WITH_AES_256_CBC_SHA256, TLS_RSA_WITH_AES_128_CBC_SHA256, TLS_RSA_WITH_AES_256_CBC_SHA, TLS_RSA_WITH_AES_128_CBC_SHA, TLS_EMPTY_RENEGOTIATION_INFO_SCSV]
12:02:30.374 [main] DEBUG org.apache.http.conn.ssl.SSLConnectionSocketFactory - Starting handshake
12:02:30.456 [main] DEBUG org.apache.http.conn.ssl.SSLConnectionSocketFactory - Secure session established
12:02:30.456 [main] DEBUG org.apache.http.conn.ssl.SSLConnectionSocketFactory -  negotiated protocol: TLSv1.3
12:02:30.456 [main] DEBUG org.apache.http.conn.ssl.SSLConnectionSocketFactory -  negotiated cipher suite: TLS_AES_256_GCM_SHA384
12:02:30.456 [main] DEBUG org.apache.http.conn.ssl.SSLConnectionSocketFactory -  peer principal: CN=*.storerestapi.com
12:02:30.456 [main] DEBUG org.apache.http.conn.ssl.SSLConnectionSocketFactory -  peer alternative names: [*.storerestapi.com, storerestapi.com]
12:02:30.456 [main] DEBUG org.apache.http.conn.ssl.SSLConnectionSocketFactory -  issuer principal: CN=E1, O=Let's Encrypt, C=US
12:02:30.457 [main] DEBUG org.apache.http.impl.conn.DefaultHttpClientConnectionOperator - Connection established 10.1.5.60:54435<->172.67.193.84:443
12:02:30.457 [main] DEBUG org.apache.http.impl.conn.DefaultManagedHttpClientConnection - http-outgoing-2: set socket timeout to 30000
12:02:30.457 [main] DEBUG org.apache.http.impl.execchain.MainClientExec - Executing request POST /auth/login HTTP/1.1
12:02:30.457 [main] DEBUG org.apache.http.impl.execchain.MainClientExec - Target auth state: UNCHALLENGED
12:02:30.457 [main] DEBUG org.apache.http.impl.execchain.MainClientExec - Proxy auth state: UNCHALLENGED
12:02:30.457 [main] DEBUG org.apache.http.headers - http-outgoing-2 >> POST /auth/login HTTP/1.1
12:02:30.457 [main] DEBUG org.apache.http.headers - http-outgoing-2 >> Content-Type: application/json; charset=UTF-8
12:02:30.457 [main] DEBUG org.apache.http.headers - http-outgoing-2 >> Content-Length: 50
12:02:30.457 [main] DEBUG org.apache.http.headers - http-outgoing-2 >> Host: api.storerestapi.com
12:02:30.457 [main] DEBUG org.apache.http.headers - http-outgoing-2 >> Connection: Keep-Alive
12:02:30.457 [main] DEBUG org.apache.http.headers - http-outgoing-2 >> User-Agent: Apache-HttpClient/4.5.13 (Java/17.0.1)
12:02:30.457 [main] DEBUG org.apache.http.headers - http-outgoing-2 >> Accept-Encoding: gzip,deflate
12:02:30.457 [main] DEBUG org.apache.http.wire - http-outgoing-2 >> "POST /auth/login HTTP/1.1[\r][\n]"
12:02:30.457 [main] DEBUG org.apache.http.wire - http-outgoing-2 >> "Content-Type: application/json; charset=UTF-8[\r][\n]"
12:02:30.457 [main] DEBUG org.apache.http.wire - http-outgoing-2 >> "Content-Length: 50[\r][\n]"
12:02:30.458 [main] DEBUG org.apache.http.wire - http-outgoing-2 >> "Host: api.storerestapi.com[\r][\n]"
12:02:30.458 [main] DEBUG org.apache.http.wire - http-outgoing-2 >> "Connection: Keep-Alive[\r][\n]"
12:02:30.458 [main] DEBUG org.apache.http.wire - http-outgoing-2 >> "User-Agent: Apache-HttpClient/4.5.13 (Java/17.0.1)[\r][\n]"
12:02:30.458 [main] DEBUG org.apache.http.wire - http-outgoing-2 >> "Accept-Encoding: gzip,deflate[\r][\n]"
12:02:30.458 [main] DEBUG org.apache.http.wire - http-outgoing-2 >> "[\r][\n]"
12:02:30.458 [main] DEBUG org.apache.http.wire - http-outgoing-2 >> "{"email":"robertgonzalez@gmail.com","password":""}"
12:02:30.731 [main] DEBUG org.apache.http.wire - http-outgoing-2 << "HTTP/1.1 422 Unprocessable Entity[\r][\n]"
12:02:30.731 [main] DEBUG org.apache.http.wire - http-outgoing-2 << "Date: Sat, 17 Dec 2022 06:32:31 GMT[\r][\n]"
12:02:30.731 [main] DEBUG org.apache.http.wire - http-outgoing-2 << "Content-Type: application/json; charset=utf-8[\r][\n]"
12:02:30.731 [main] DEBUG org.apache.http.wire - http-outgoing-2 << "Content-Length: 66[\r][\n]"
12:02:30.732 [main] DEBUG org.apache.http.wire - http-outgoing-2 << "Connection: keep-alive[\r][\n]"
12:02:30.732 [main] DEBUG org.apache.http.wire - http-outgoing-2 << "X-Powered-By: Express[\r][\n]"
12:02:30.732 [main] DEBUG org.apache.http.wire - http-outgoing-2 << "Access-Control-Allow-Origin: *[\r][\n]"
12:02:30.732 [main] DEBUG org.apache.http.wire - http-outgoing-2 << "ETag: W/"42-yQ/u5GA8lPwGovRnvoWw3fbLvmo"[\r][\n]"
12:02:30.732 [main] DEBUG org.apache.http.wire - http-outgoing-2 << "CF-Cache-Status: DYNAMIC[\r][\n]"
12:02:30.732 [main] DEBUG org.apache.http.wire - http-outgoing-2 << "Report-To: {"endpoints":[{"url":"https:\/\/a.nel.cloudflare.com\/report\/v3?s=poaWVxn0hQEBysKBfF1xmnWi5mxPGAPGTu4zvLJNqm9UUP2YElyp1eMY%2BVuHv2kaO4t4koxeiu3L5NEPsToEM4Fmr2kexnPbH5HNmq402WX2WWXJj90q9iH8dtm3jMi87TgAFWpvhQ%3D%3D"}],"group":"cf-nel","max_age":604800}[\r][\n]"
12:02:30.732 [main] DEBUG org.apache.http.wire - http-outgoing-2 << "NEL: {"success_fraction":0,"report_to":"cf-nel","max_age":604800}[\r][\n]"
12:02:30.732 [main] DEBUG org.apache.http.wire - http-outgoing-2 << "Server: cloudflare[\r][\n]"
12:02:30.732 [main] DEBUG org.apache.http.wire - http-outgoing-2 << "CF-RAY: 77ad9f3de8c987c0-SIN[\r][\n]"
12:02:30.732 [main] DEBUG org.apache.http.wire - http-outgoing-2 << "alt-svc: h3=":443"; ma=86400, h3-29=":443"; ma=86400[\r][\n]"
12:02:30.732 [main] DEBUG org.apache.http.wire - http-outgoing-2 << "[\r][\n]"
12:02:30.732 [main] DEBUG org.apache.http.wire - http-outgoing-2 << "{"status":422,"message":"\"password\" is not allowed to be empty"}"
12:02:30.732 [main] DEBUG org.apache.http.headers - http-outgoing-2 << HTTP/1.1 422 Unprocessable Entity
12:02:30.732 [main] DEBUG org.apache.http.headers - http-outgoing-2 << Date: Sat, 17 Dec 2022 06:32:31 GMT
12:02:30.732 [main] DEBUG org.apache.http.headers - http-outgoing-2 << Content-Type: application/json; charset=utf-8
12:02:30.732 [main] DEBUG org.apache.http.headers - http-outgoing-2 << Content-Length: 66
12:02:30.732 [main] DEBUG org.apache.http.headers - http-outgoing-2 << Connection: keep-alive
12:02:30.732 [main] DEBUG org.apache.http.headers - http-outgoing-2 << X-Powered-By: Express
12:02:30.732 [main] DEBUG org.apache.http.headers - http-outgoing-2 << Access-Control-Allow-Origin: *
12:02:30.732 [main] DEBUG org.apache.http.headers - http-outgoing-2 << ETag: W/"42-yQ/u5GA8lPwGovRnvoWw3fbLvmo"
12:02:30.732 [main] DEBUG org.apache.http.headers - http-outgoing-2 << CF-Cache-Status: DYNAMIC
12:02:30.732 [main] DEBUG org.apache.http.headers - http-outgoing-2 << Report-To: {"endpoints":[{"url":"https:\/\/a.nel.cloudflare.com\/report\/v3?s=poaWVxn0hQEBysKBfF1xmnWi5mxPGAPGTu4zvLJNqm9UUP2YElyp1eMY%2BVuHv2kaO4t4koxeiu3L5NEPsToEM4Fmr2kexnPbH5HNmq402WX2WWXJj90q9iH8dtm3jMi87TgAFWpvhQ%3D%3D"}],"group":"cf-nel","max_age":604800}
12:02:30.732 [main] DEBUG org.apache.http.headers - http-outgoing-2 << NEL: {"success_fraction":0,"report_to":"cf-nel","max_age":604800}
12:02:30.732 [main] DEBUG org.apache.http.headers - http-outgoing-2 << Server: cloudflare
12:02:30.732 [main] DEBUG org.apache.http.headers - http-outgoing-2 << CF-RAY: 77ad9f3de8c987c0-SIN
12:02:30.732 [main] DEBUG org.apache.http.headers - http-outgoing-2 << alt-svc: h3=":443"; ma=86400, h3-29=":443"; ma=86400
12:02:30.733 [main] DEBUG org.apache.http.impl.execchain.MainClientExec - Connection can be kept alive indefinitely
12:02:30.733 [main] DEBUG org.apache.http.impl.conn.PoolingHttpClientConnectionManager - Connection [id: 2][route: {s}->https://api.storerestapi.com:443] can be kept alive indefinitely
12:02:30.733 [main] DEBUG org.apache.http.impl.conn.DefaultManagedHttpClientConnection - http-outgoing-2: set socket timeout to 0
12:02:30.733 [main] DEBUG org.apache.http.impl.conn.PoolingHttpClientConnectionManager - Connection released: [id: 2][route: {s}->https://api.storerestapi.com:443][total available: 1; route allocated: 1 of 5; total allocated: 1 of 10]
12:02:30.733 [main] DEBUG com.intuit.karate - response time in milliseconds: 425
2 < 422
2 < Date: Sat, 17 Dec 2022 06:32:31 GMT
2 < Content-Type: application/json; charset=utf-8
2 < Content-Length: 66
2 < Connection: keep-alive
2 < X-Powered-By: Express
2 < Access-Control-Allow-Origin: *
2 < ETag: W/"42-yQ/u5GA8lPwGovRnvoWw3fbLvmo"
2 < CF-Cache-Status: DYNAMIC
2 < Report-To: {"endpoints":[{"url":"https:\/\/a.nel.cloudflare.com\/report\/v3?s=poaWVxn0hQEBysKBfF1xmnWi5mxPGAPGTu4zvLJNqm9UUP2YElyp1eMY%2BVuHv2kaO4t4koxeiu3L5NEPsToEM4Fmr2kexnPbH5HNmq402WX2WWXJj90q9iH8dtm3jMi87TgAFWpvhQ%3D%3D"}],"group":"cf-nel","max_age":604800}
2 < NEL: {"success_fraction":0,"report_to":"cf-nel","max_age":604800}
2 < Server: cloudflare
2 < CF-RAY: 77ad9f3de8c987c0-SIN
2 < alt-svc: h3=":443"; ma=86400, h3-29=":443"; ma=86400
{"status":422,"message":"\"password\" is not allowed to be empty"}

12:02:30.736 [main] DEBUG com.jayway.jsonpath.internal.path.CompiledPath - Evaluating path: $['message']
12:02:30.748 [main] DEBUG com.jayway.jsonpath.internal.path.CompiledPath - Evaluating path: $
12:02:30.749 [main] INFO com.intuit.karate - [print] {
  "email": "robertgonzalez@gmail.com",
  "password": "simple_password"
}
 
12:02:30.750 [main] DEBUG com.jayway.jsonpath.internal.path.CompiledPath - Evaluating path: $
12:02:30.753 [main] DEBUG org.apache.http.client.protocol.RequestAddCookies - CookieSpec selected: karate
12:02:30.753 [main] DEBUG org.apache.http.client.protocol.RequestAuthCache - Auth cache not set in the context
12:02:30.753 [main] DEBUG com.intuit.karate - request:
3 > POST https://api.storerestapi.com/auth/login
3 > Content-Type: application/json; charset=UTF-8
3 > Content-Length: 41
3 > Host: api.storerestapi.com
3 > Connection: Keep-Alive
3 > User-Agent: Apache-HttpClient/4.5.13 (Java/17.0.1)
3 > Accept-Encoding: gzip,deflate
{"email":"","password":"simple_password"}

12:02:30.754 [main] DEBUG org.apache.http.impl.conn.PoolingHttpClientConnectionManager - Connection request: [route: {s}->https://api.storerestapi.com:443][total available: 0; route allocated: 0 of 5; total allocated: 0 of 10]
12:02:30.754 [main] DEBUG org.apache.http.impl.conn.PoolingHttpClientConnectionManager - Connection leased: [id: 3][route: {s}->https://api.storerestapi.com:443][total available: 0; route allocated: 1 of 5; total allocated: 1 of 10]
12:02:30.754 [main] DEBUG org.apache.http.impl.execchain.MainClientExec - Opening connection {s}->https://api.storerestapi.com:443
12:02:30.754 [main] DEBUG org.apache.http.impl.conn.DefaultHttpClientConnectionOperator - Connecting to api.storerestapi.com/172.67.193.84:443
12:02:30.754 [main] DEBUG org.apache.http.conn.ssl.SSLConnectionSocketFactory - Connecting socket to api.storerestapi.com/172.67.193.84:443 with timeout 30000
12:02:30.815 [main] DEBUG org.apache.http.conn.ssl.SSLConnectionSocketFactory - Enabled protocols: [TLSv1.3, TLSv1.2]
12:02:30.816 [main] DEBUG org.apache.http.conn.ssl.SSLConnectionSocketFactory - Enabled cipher suites:[TLS_AES_256_GCM_SHA384, TLS_AES_128_GCM_SHA256, TLS_CHACHA20_POLY1305_SHA256, TLS_ECDHE_ECDSA_WITH_AES_256_GCM_SHA384, TLS_ECDHE_ECDSA_WITH_AES_128_GCM_SHA256, TLS_ECDHE_ECDSA_WITH_CHACHA20_POLY1305_SHA256, TLS_ECDHE_RSA_WITH_AES_256_GCM_SHA384, TLS_ECDHE_RSA_WITH_CHACHA20_POLY1305_SHA256, TLS_ECDHE_RSA_WITH_AES_128_GCM_SHA256, TLS_DHE_RSA_WITH_AES_256_GCM_SHA384, TLS_DHE_RSA_WITH_CHACHA20_POLY1305_SHA256, TLS_DHE_DSS_WITH_AES_256_GCM_SHA384, TLS_DHE_RSA_WITH_AES_128_GCM_SHA256, TLS_DHE_DSS_WITH_AES_128_GCM_SHA256, TLS_ECDHE_ECDSA_WITH_AES_256_CBC_SHA384, TLS_ECDHE_RSA_WITH_AES_256_CBC_SHA384, TLS_ECDHE_ECDSA_WITH_AES_128_CBC_SHA256, TLS_ECDHE_RSA_WITH_AES_128_CBC_SHA256, TLS_DHE_RSA_WITH_AES_256_CBC_SHA256, TLS_DHE_DSS_WITH_AES_256_CBC_SHA256, TLS_DHE_RSA_WITH_AES_128_CBC_SHA256, TLS_DHE_DSS_WITH_AES_128_CBC_SHA256, TLS_ECDH_ECDSA_WITH_AES_256_GCM_SHA384, TLS_ECDH_RSA_WITH_AES_256_GCM_SHA384, TLS_ECDH_ECDSA_WITH_AES_128_GCM_SHA256, TLS_ECDH_RSA_WITH_AES_128_GCM_SHA256, TLS_ECDH_ECDSA_WITH_AES_256_CBC_SHA384, TLS_ECDH_RSA_WITH_AES_256_CBC_SHA384, TLS_ECDH_ECDSA_WITH_AES_128_CBC_SHA256, TLS_ECDH_RSA_WITH_AES_128_CBC_SHA256, TLS_ECDHE_ECDSA_WITH_AES_256_CBC_SHA, TLS_ECDHE_RSA_WITH_AES_256_CBC_SHA, TLS_ECDHE_ECDSA_WITH_AES_128_CBC_SHA, TLS_ECDHE_RSA_WITH_AES_128_CBC_SHA, TLS_DHE_RSA_WITH_AES_256_CBC_SHA, TLS_DHE_DSS_WITH_AES_256_CBC_SHA, TLS_DHE_RSA_WITH_AES_128_CBC_SHA, TLS_DHE_DSS_WITH_AES_128_CBC_SHA, TLS_ECDH_ECDSA_WITH_AES_256_CBC_SHA, TLS_ECDH_RSA_WITH_AES_256_CBC_SHA, TLS_ECDH_ECDSA_WITH_AES_128_CBC_SHA, TLS_ECDH_RSA_WITH_AES_128_CBC_SHA, TLS_RSA_WITH_AES_256_GCM_SHA384, TLS_RSA_WITH_AES_128_GCM_SHA256, TLS_RSA_WITH_AES_256_CBC_SHA256, TLS_RSA_WITH_AES_128_CBC_SHA256, TLS_RSA_WITH_AES_256_CBC_SHA, TLS_RSA_WITH_AES_128_CBC_SHA, TLS_EMPTY_RENEGOTIATION_INFO_SCSV]
12:02:30.816 [main] DEBUG org.apache.http.conn.ssl.SSLConnectionSocketFactory - Starting handshake
12:02:30.893 [main] DEBUG org.apache.http.conn.ssl.SSLConnectionSocketFactory - Secure session established
12:02:30.893 [main] DEBUG org.apache.http.conn.ssl.SSLConnectionSocketFactory -  negotiated protocol: TLSv1.3
12:02:30.893 [main] DEBUG org.apache.http.conn.ssl.SSLConnectionSocketFactory -  negotiated cipher suite: TLS_AES_256_GCM_SHA384
12:02:30.893 [main] DEBUG org.apache.http.conn.ssl.SSLConnectionSocketFactory -  peer principal: CN=*.storerestapi.com
12:02:30.893 [main] DEBUG org.apache.http.conn.ssl.SSLConnectionSocketFactory -  peer alternative names: [*.storerestapi.com, storerestapi.com]
12:02:30.893 [main] DEBUG org.apache.http.conn.ssl.SSLConnectionSocketFactory -  issuer principal: CN=E1, O=Let's Encrypt, C=US
12:02:30.893 [main] DEBUG org.apache.http.impl.conn.DefaultHttpClientConnectionOperator - Connection established 10.1.5.60:54436<->172.67.193.84:443
12:02:30.893 [main] DEBUG org.apache.http.impl.conn.DefaultManagedHttpClientConnection - http-outgoing-3: set socket timeout to 30000
12:02:30.893 [main] DEBUG org.apache.http.impl.execchain.MainClientExec - Executing request POST /auth/login HTTP/1.1
12:02:30.893 [main] DEBUG org.apache.http.impl.execchain.MainClientExec - Target auth state: UNCHALLENGED
12:02:30.893 [main] DEBUG org.apache.http.impl.execchain.MainClientExec - Proxy auth state: UNCHALLENGED
12:02:30.893 [main] DEBUG org.apache.http.headers - http-outgoing-3 >> POST /auth/login HTTP/1.1
12:02:30.893 [main] DEBUG org.apache.http.headers - http-outgoing-3 >> Content-Type: application/json; charset=UTF-8
12:02:30.893 [main] DEBUG org.apache.http.headers - http-outgoing-3 >> Content-Length: 41
12:02:30.893 [main] DEBUG org.apache.http.headers - http-outgoing-3 >> Host: api.storerestapi.com
12:02:30.893 [main] DEBUG org.apache.http.headers - http-outgoing-3 >> Connection: Keep-Alive
12:02:30.894 [main] DEBUG org.apache.http.headers - http-outgoing-3 >> User-Agent: Apache-HttpClient/4.5.13 (Java/17.0.1)
12:02:30.894 [main] DEBUG org.apache.http.headers - http-outgoing-3 >> Accept-Encoding: gzip,deflate
12:02:30.894 [main] DEBUG org.apache.http.wire - http-outgoing-3 >> "POST /auth/login HTTP/1.1[\r][\n]"
12:02:30.894 [main] DEBUG org.apache.http.wire - http-outgoing-3 >> "Content-Type: application/json; charset=UTF-8[\r][\n]"
12:02:30.894 [main] DEBUG org.apache.http.wire - http-outgoing-3 >> "Content-Length: 41[\r][\n]"
12:02:30.894 [main] DEBUG org.apache.http.wire - http-outgoing-3 >> "Host: api.storerestapi.com[\r][\n]"
12:02:30.894 [main] DEBUG org.apache.http.wire - http-outgoing-3 >> "Connection: Keep-Alive[\r][\n]"
12:02:30.894 [main] DEBUG org.apache.http.wire - http-outgoing-3 >> "User-Agent: Apache-HttpClient/4.5.13 (Java/17.0.1)[\r][\n]"
12:02:30.894 [main] DEBUG org.apache.http.wire - http-outgoing-3 >> "Accept-Encoding: gzip,deflate[\r][\n]"
12:02:30.894 [main] DEBUG org.apache.http.wire - http-outgoing-3 >> "[\r][\n]"
12:02:30.894 [main] DEBUG org.apache.http.wire - http-outgoing-3 >> "{"email":"","password":"simple_password"}"
12:02:31.170 [main] DEBUG org.apache.http.wire - http-outgoing-3 << "HTTP/1.1 422 Unprocessable Entity[\r][\n]"
12:02:31.171 [main] DEBUG org.apache.http.wire - http-outgoing-3 << "Date: Sat, 17 Dec 2022 06:32:32 GMT[\r][\n]"
12:02:31.171 [main] DEBUG org.apache.http.wire - http-outgoing-3 << "Content-Type: application/json; charset=utf-8[\r][\n]"
12:02:31.171 [main] DEBUG org.apache.http.wire - http-outgoing-3 << "Content-Length: 63[\r][\n]"
12:02:31.171 [main] DEBUG org.apache.http.wire - http-outgoing-3 << "Connection: keep-alive[\r][\n]"
12:02:31.171 [main] DEBUG org.apache.http.wire - http-outgoing-3 << "X-Powered-By: Express[\r][\n]"
12:02:31.171 [main] DEBUG org.apache.http.wire - http-outgoing-3 << "Access-Control-Allow-Origin: *[\r][\n]"
12:02:31.171 [main] DEBUG org.apache.http.wire - http-outgoing-3 << "ETag: W/"3f-aD64d4wZd9a2Qss7/xYsCESysug"[\r][\n]"
12:02:31.171 [main] DEBUG org.apache.http.wire - http-outgoing-3 << "CF-Cache-Status: DYNAMIC[\r][\n]"
12:02:31.171 [main] DEBUG org.apache.http.wire - http-outgoing-3 << "Report-To: {"endpoints":[{"url":"https:\/\/a.nel.cloudflare.com\/report\/v3?s=f0EVc3A1%2Ba6aTkUKATg3XG7AhhV87121scCNJHYMPwOgxNUewvHrIBOi4jYuJgq%2FuC1kDfCdcsjwpSkBoXBYxvFyhkGjO%2B5Qy9A949PvvMDD1rKqjgJabMd6fY4mGkRJSRmREFE13w%3D%3D"}],"group":"cf-nel","max_age":604800}[\r][\n]"
12:02:31.171 [main] DEBUG org.apache.http.wire - http-outgoing-3 << "NEL: {"success_fraction":0,"report_to":"cf-nel","max_age":604800}[\r][\n]"
12:02:31.171 [main] DEBUG org.apache.http.wire - http-outgoing-3 << "Server: cloudflare[\r][\n]"
12:02:31.171 [main] DEBUG org.apache.http.wire - http-outgoing-3 << "CF-RAY: 77ad9f40aab04b5c-SIN[\r][\n]"
12:02:31.171 [main] DEBUG org.apache.http.wire - http-outgoing-3 << "alt-svc: h3=":443"; ma=86400, h3-29=":443"; ma=86400[\r][\n]"
12:02:31.171 [main] DEBUG org.apache.http.wire - http-outgoing-3 << "[\r][\n]"
12:02:31.171 [main] DEBUG org.apache.http.wire - http-outgoing-3 << "{"status":422,"message":"\"email\" is not allowed to be empty"}"
12:02:31.171 [main] DEBUG org.apache.http.headers - http-outgoing-3 << HTTP/1.1 422 Unprocessable Entity
12:02:31.171 [main] DEBUG org.apache.http.headers - http-outgoing-3 << Date: Sat, 17 Dec 2022 06:32:32 GMT
12:02:31.171 [main] DEBUG org.apache.http.headers - http-outgoing-3 << Content-Type: application/json; charset=utf-8
12:02:31.171 [main] DEBUG org.apache.http.headers - http-outgoing-3 << Content-Length: 63
12:02:31.171 [main] DEBUG org.apache.http.headers - http-outgoing-3 << Connection: keep-alive
12:02:31.171 [main] DEBUG org.apache.http.headers - http-outgoing-3 << X-Powered-By: Express
12:02:31.171 [main] DEBUG org.apache.http.headers - http-outgoing-3 << Access-Control-Allow-Origin: *
12:02:31.171 [main] DEBUG org.apache.http.headers - http-outgoing-3 << ETag: W/"3f-aD64d4wZd9a2Qss7/xYsCESysug"
12:02:31.171 [main] DEBUG org.apache.http.headers - http-outgoing-3 << CF-Cache-Status: DYNAMIC
12:02:31.171 [main] DEBUG org.apache.http.headers - http-outgoing-3 << Report-To: {"endpoints":[{"url":"https:\/\/a.nel.cloudflare.com\/report\/v3?s=f0EVc3A1%2Ba6aTkUKATg3XG7AhhV87121scCNJHYMPwOgxNUewvHrIBOi4jYuJgq%2FuC1kDfCdcsjwpSkBoXBYxvFyhkGjO%2B5Qy9A949PvvMDD1rKqjgJabMd6fY4mGkRJSRmREFE13w%3D%3D"}],"group":"cf-nel","max_age":604800}
12:02:31.171 [main] DEBUG org.apache.http.headers - http-outgoing-3 << NEL: {"success_fraction":0,"report_to":"cf-nel","max_age":604800}
12:02:31.171 [main] DEBUG org.apache.http.headers - http-outgoing-3 << Server: cloudflare
12:02:31.171 [main] DEBUG org.apache.http.headers - http-outgoing-3 << CF-RAY: 77ad9f40aab04b5c-SIN
12:02:31.171 [main] DEBUG org.apache.http.headers - http-outgoing-3 << alt-svc: h3=":443"; ma=86400, h3-29=":443"; ma=86400
12:02:31.171 [main] DEBUG org.apache.http.impl.execchain.MainClientExec - Connection can be kept alive indefinitely
12:02:31.172 [main] DEBUG org.apache.http.impl.conn.PoolingHttpClientConnectionManager - Connection [id: 3][route: {s}->https://api.storerestapi.com:443] can be kept alive indefinitely
12:02:31.172 [main] DEBUG org.apache.http.impl.conn.DefaultManagedHttpClientConnection - http-outgoing-3: set socket timeout to 0
12:02:31.172 [main] DEBUG org.apache.http.impl.conn.PoolingHttpClientConnectionManager - Connection released: [id: 3][route: {s}->https://api.storerestapi.com:443][total available: 1; route allocated: 1 of 5; total allocated: 1 of 10]
12:02:31.172 [main] DEBUG com.intuit.karate - response time in milliseconds: 419
3 < 422
3 < Date: Sat, 17 Dec 2022 06:32:32 GMT
3 < Content-Type: application/json; charset=utf-8
3 < Content-Length: 63
3 < Connection: keep-alive
3 < X-Powered-By: Express
3 < Access-Control-Allow-Origin: *
3 < ETag: W/"3f-aD64d4wZd9a2Qss7/xYsCESysug"
3 < CF-Cache-Status: DYNAMIC
3 < Report-To: {"endpoints":[{"url":"https:\/\/a.nel.cloudflare.com\/report\/v3?s=f0EVc3A1%2Ba6aTkUKATg3XG7AhhV87121scCNJHYMPwOgxNUewvHrIBOi4jYuJgq%2FuC1kDfCdcsjwpSkBoXBYxvFyhkGjO%2B5Qy9A949PvvMDD1rKqjgJabMd6fY4mGkRJSRmREFE13w%3D%3D"}],"group":"cf-nel","max_age":604800}
3 < NEL: {"success_fraction":0,"report_to":"cf-nel","max_age":604800}
3 < Server: cloudflare
3 < CF-RAY: 77ad9f40aab04b5c-SIN
3 < alt-svc: h3=":443"; ma=86400, h3-29=":443"; ma=86400
{"status":422,"message":"\"email\" is not allowed to be empty"}

12:02:31.174 [main] DEBUG com.jayway.jsonpath.internal.path.CompiledPath - Evaluating path: $['message']
12:02:31.184 [main] DEBUG com.jayway.jsonpath.internal.path.CompiledPath - Evaluating path: $
12:02:31.185 [main] INFO com.intuit.karate - [print] {
  "email": "robertgonzalez@gmail.com",
  "password": "simple_password"
}
 
12:02:31.187 [main] DEBUG com.jayway.jsonpath.internal.path.CompiledPath - Evaluating path: $
12:02:31.189 [main] DEBUG org.apache.http.client.protocol.RequestAddCookies - CookieSpec selected: karate
12:02:31.189 [main] DEBUG org.apache.http.client.protocol.RequestAuthCache - Auth cache not set in the context
12:02:31.189 [main] DEBUG com.intuit.karate - request:
4 > POST https://api.storerestapi.com/auth/login
4 > Content-Type: application/json; charset=UTF-8
4 > Content-Length: 56
4 > Host: api.storerestapi.com
4 > Connection: Keep-Alive
4 > User-Agent: Apache-HttpClient/4.5.13 (Java/17.0.1)
4 > Accept-Encoding: gzip,deflate
{"email":"robertgonzalez@gmail.com","password":"simple"}

12:02:31.189 [main] DEBUG org.apache.http.impl.conn.PoolingHttpClientConnectionManager - Connection request: [route: {s}->https://api.storerestapi.com:443][total available: 0; route allocated: 0 of 5; total allocated: 0 of 10]
12:02:31.189 [main] DEBUG org.apache.http.impl.conn.PoolingHttpClientConnectionManager - Connection leased: [id: 4][route: {s}->https://api.storerestapi.com:443][total available: 0; route allocated: 1 of 5; total allocated: 1 of 10]
12:02:31.190 [main] DEBUG org.apache.http.impl.execchain.MainClientExec - Opening connection {s}->https://api.storerestapi.com:443
12:02:31.190 [main] DEBUG org.apache.http.impl.conn.DefaultHttpClientConnectionOperator - Connecting to api.storerestapi.com/172.67.193.84:443
12:02:31.190 [main] DEBUG org.apache.http.conn.ssl.SSLConnectionSocketFactory - Connecting socket to api.storerestapi.com/172.67.193.84:443 with timeout 30000
12:02:31.257 [main] DEBUG org.apache.http.conn.ssl.SSLConnectionSocketFactory - Enabled protocols: [TLSv1.3, TLSv1.2]
12:02:31.257 [main] DEBUG org.apache.http.conn.ssl.SSLConnectionSocketFactory - Enabled cipher suites:[TLS_AES_256_GCM_SHA384, TLS_AES_128_GCM_SHA256, TLS_CHACHA20_POLY1305_SHA256, TLS_ECDHE_ECDSA_WITH_AES_256_GCM_SHA384, TLS_ECDHE_ECDSA_WITH_AES_128_GCM_SHA256, TLS_ECDHE_ECDSA_WITH_CHACHA20_POLY1305_SHA256, TLS_ECDHE_RSA_WITH_AES_256_GCM_SHA384, TLS_ECDHE_RSA_WITH_CHACHA20_POLY1305_SHA256, TLS_ECDHE_RSA_WITH_AES_128_GCM_SHA256, TLS_DHE_RSA_WITH_AES_256_GCM_SHA384, TLS_DHE_RSA_WITH_CHACHA20_POLY1305_SHA256, TLS_DHE_DSS_WITH_AES_256_GCM_SHA384, TLS_DHE_RSA_WITH_AES_128_GCM_SHA256, TLS_DHE_DSS_WITH_AES_128_GCM_SHA256, TLS_ECDHE_ECDSA_WITH_AES_256_CBC_SHA384, TLS_ECDHE_RSA_WITH_AES_256_CBC_SHA384, TLS_ECDHE_ECDSA_WITH_AES_128_CBC_SHA256, TLS_ECDHE_RSA_WITH_AES_128_CBC_SHA256, TLS_DHE_RSA_WITH_AES_256_CBC_SHA256, TLS_DHE_DSS_WITH_AES_256_CBC_SHA256, TLS_DHE_RSA_WITH_AES_128_CBC_SHA256, TLS_DHE_DSS_WITH_AES_128_CBC_SHA256, TLS_ECDH_ECDSA_WITH_AES_256_GCM_SHA384, TLS_ECDH_RSA_WITH_AES_256_GCM_SHA384, TLS_ECDH_ECDSA_WITH_AES_128_GCM_SHA256, TLS_ECDH_RSA_WITH_AES_128_GCM_SHA256, TLS_ECDH_ECDSA_WITH_AES_256_CBC_SHA384, TLS_ECDH_RSA_WITH_AES_256_CBC_SHA384, TLS_ECDH_ECDSA_WITH_AES_128_CBC_SHA256, TLS_ECDH_RSA_WITH_AES_128_CBC_SHA256, TLS_ECDHE_ECDSA_WITH_AES_256_CBC_SHA, TLS_ECDHE_RSA_WITH_AES_256_CBC_SHA, TLS_ECDHE_ECDSA_WITH_AES_128_CBC_SHA, TLS_ECDHE_RSA_WITH_AES_128_CBC_SHA, TLS_DHE_RSA_WITH_AES_256_CBC_SHA, TLS_DHE_DSS_WITH_AES_256_CBC_SHA, TLS_DHE_RSA_WITH_AES_128_CBC_SHA, TLS_DHE_DSS_WITH_AES_128_CBC_SHA, TLS_ECDH_ECDSA_WITH_AES_256_CBC_SHA, TLS_ECDH_RSA_WITH_AES_256_CBC_SHA, TLS_ECDH_ECDSA_WITH_AES_128_CBC_SHA, TLS_ECDH_RSA_WITH_AES_128_CBC_SHA, TLS_RSA_WITH_AES_256_GCM_SHA384, TLS_RSA_WITH_AES_128_GCM_SHA256, TLS_RSA_WITH_AES_256_CBC_SHA256, TLS_RSA_WITH_AES_128_CBC_SHA256, TLS_RSA_WITH_AES_256_CBC_SHA, TLS_RSA_WITH_AES_128_CBC_SHA, TLS_EMPTY_RENEGOTIATION_INFO_SCSV]
12:02:31.257 [main] DEBUG org.apache.http.conn.ssl.SSLConnectionSocketFactory - Starting handshake
12:02:31.334 [main] DEBUG org.apache.http.conn.ssl.SSLConnectionSocketFactory - Secure session established
12:02:31.334 [main] DEBUG org.apache.http.conn.ssl.SSLConnectionSocketFactory -  negotiated protocol: TLSv1.3
12:02:31.334 [main] DEBUG org.apache.http.conn.ssl.SSLConnectionSocketFactory -  negotiated cipher suite: TLS_AES_256_GCM_SHA384
12:02:31.335 [main] DEBUG org.apache.http.conn.ssl.SSLConnectionSocketFactory -  peer principal: CN=*.storerestapi.com
12:02:31.335 [main] DEBUG org.apache.http.conn.ssl.SSLConnectionSocketFactory -  peer alternative names: [*.storerestapi.com, storerestapi.com]
12:02:31.335 [main] DEBUG org.apache.http.conn.ssl.SSLConnectionSocketFactory -  issuer principal: CN=E1, O=Let's Encrypt, C=US
12:02:31.335 [main] DEBUG org.apache.http.impl.conn.DefaultHttpClientConnectionOperator - Connection established 10.1.5.60:54437<->172.67.193.84:443
12:02:31.335 [main] DEBUG org.apache.http.impl.conn.DefaultManagedHttpClientConnection - http-outgoing-4: set socket timeout to 30000
12:02:31.335 [main] DEBUG org.apache.http.impl.execchain.MainClientExec - Executing request POST /auth/login HTTP/1.1
12:02:31.335 [main] DEBUG org.apache.http.impl.execchain.MainClientExec - Target auth state: UNCHALLENGED
12:02:31.335 [main] DEBUG org.apache.http.impl.execchain.MainClientExec - Proxy auth state: UNCHALLENGED
12:02:31.336 [main] DEBUG org.apache.http.headers - http-outgoing-4 >> POST /auth/login HTTP/1.1
12:02:31.336 [main] DEBUG org.apache.http.headers - http-outgoing-4 >> Content-Type: application/json; charset=UTF-8
12:02:31.336 [main] DEBUG org.apache.http.headers - http-outgoing-4 >> Content-Length: 56
12:02:31.336 [main] DEBUG org.apache.http.headers - http-outgoing-4 >> Host: api.storerestapi.com
12:02:31.336 [main] DEBUG org.apache.http.headers - http-outgoing-4 >> Connection: Keep-Alive
12:02:31.336 [main] DEBUG org.apache.http.headers - http-outgoing-4 >> User-Agent: Apache-HttpClient/4.5.13 (Java/17.0.1)
12:02:31.336 [main] DEBUG org.apache.http.headers - http-outgoing-4 >> Accept-Encoding: gzip,deflate
12:02:31.336 [main] DEBUG org.apache.http.wire - http-outgoing-4 >> "POST /auth/login HTTP/1.1[\r][\n]"
12:02:31.336 [main] DEBUG org.apache.http.wire - http-outgoing-4 >> "Content-Type: application/json; charset=UTF-8[\r][\n]"
12:02:31.336 [main] DEBUG org.apache.http.wire - http-outgoing-4 >> "Content-Length: 56[\r][\n]"
12:02:31.336 [main] DEBUG org.apache.http.wire - http-outgoing-4 >> "Host: api.storerestapi.com[\r][\n]"
12:02:31.336 [main] DEBUG org.apache.http.wire - http-outgoing-4 >> "Connection: Keep-Alive[\r][\n]"
12:02:31.336 [main] DEBUG org.apache.http.wire - http-outgoing-4 >> "User-Agent: Apache-HttpClient/4.5.13 (Java/17.0.1)[\r][\n]"
12:02:31.336 [main] DEBUG org.apache.http.wire - http-outgoing-4 >> "Accept-Encoding: gzip,deflate[\r][\n]"
12:02:31.336 [main] DEBUG org.apache.http.wire - http-outgoing-4 >> "[\r][\n]"
12:02:31.336 [main] DEBUG org.apache.http.wire - http-outgoing-4 >> "{"email":"robertgonzalez@gmail.com","password":"simple"}"
12:02:31.719 [main] DEBUG org.apache.http.wire - http-outgoing-4 << "HTTP/1.1 400 Bad Request[\r][\n]"
12:02:31.719 [main] DEBUG org.apache.http.wire - http-outgoing-4 << "Date: Sat, 17 Dec 2022 06:32:32 GMT[\r][\n]"
12:02:31.719 [main] DEBUG org.apache.http.wire - http-outgoing-4 << "Content-Type: application/json; charset=utf-8[\r][\n]"
12:02:31.719 [main] DEBUG org.apache.http.wire - http-outgoing-4 << "Content-Length: 49[\r][\n]"
12:02:31.719 [main] DEBUG org.apache.http.wire - http-outgoing-4 << "Connection: keep-alive[\r][\n]"
12:02:31.719 [main] DEBUG org.apache.http.wire - http-outgoing-4 << "X-Powered-By: Express[\r][\n]"
12:02:31.719 [main] DEBUG org.apache.http.wire - http-outgoing-4 << "Access-Control-Allow-Origin: *[\r][\n]"
12:02:31.719 [main] DEBUG org.apache.http.wire - http-outgoing-4 << "ETag: W/"31-I8zslZmyey4LrgrUrSiil3ZfY9w"[\r][\n]"
12:02:31.719 [main] DEBUG org.apache.http.wire - http-outgoing-4 << "CF-Cache-Status: DYNAMIC[\r][\n]"
12:02:31.720 [main] DEBUG org.apache.http.wire - http-outgoing-4 << "Report-To: {"endpoints":[{"url":"https:\/\/a.nel.cloudflare.com\/report\/v3?s=uVVZUvy3Rhfo6nNUomvM7e9eK0M2F6QQyGjmgofnX5LG35GtDqEszziwM8QrD9KYbgM1UkF9ON%2BNNuX%2BVaZ4ZE5FheILqvtlNg9y7YK8uFNyyfm51ME2jL1XzUwW8q%2Fg3z1FiPqEhA%3D%3D"}],"group":"cf-nel","max_age":604800}[\r][\n]"
12:02:31.720 [main] DEBUG org.apache.http.wire - http-outgoing-4 << "NEL: {"success_fraction":0,"report_to":"cf-nel","max_age":604800}[\r][\n]"
12:02:31.720 [main] DEBUG org.apache.http.wire - http-outgoing-4 << "Server: cloudflare[\r][\n]"
12:02:31.720 [main] DEBUG org.apache.http.wire - http-outgoing-4 << "CF-RAY: 77ad9f436e0da045-SIN[\r][\n]"
12:02:31.720 [main] DEBUG org.apache.http.wire - http-outgoing-4 << "alt-svc: h3=":443"; ma=86400, h3-29=":443"; ma=86400[\r][\n]"
12:02:31.720 [main] DEBUG org.apache.http.wire - http-outgoing-4 << "[\r][\n]"
12:02:31.720 [main] DEBUG org.apache.http.wire - http-outgoing-4 << "{"status":400,"message":"Your password is wrong"}"
12:02:31.720 [main] DEBUG org.apache.http.headers - http-outgoing-4 << HTTP/1.1 400 Bad Request
12:02:31.720 [main] DEBUG org.apache.http.headers - http-outgoing-4 << Date: Sat, 17 Dec 2022 06:32:32 GMT
12:02:31.720 [main] DEBUG org.apache.http.headers - http-outgoing-4 << Content-Type: application/json; charset=utf-8
12:02:31.720 [main] DEBUG org.apache.http.headers - http-outgoing-4 << Content-Length: 49
12:02:31.720 [main] DEBUG org.apache.http.headers - http-outgoing-4 << Connection: keep-alive
12:02:31.720 [main] DEBUG org.apache.http.headers - http-outgoing-4 << X-Powered-By: Express
12:02:31.720 [main] DEBUG org.apache.http.headers - http-outgoing-4 << Access-Control-Allow-Origin: *
12:02:31.720 [main] DEBUG org.apache.http.headers - http-outgoing-4 << ETag: W/"31-I8zslZmyey4LrgrUrSiil3ZfY9w"
12:02:31.720 [main] DEBUG org.apache.http.headers - http-outgoing-4 << CF-Cache-Status: DYNAMIC
12:02:31.720 [main] DEBUG org.apache.http.headers - http-outgoing-4 << Report-To: {"endpoints":[{"url":"https:\/\/a.nel.cloudflare.com\/report\/v3?s=uVVZUvy3Rhfo6nNUomvM7e9eK0M2F6QQyGjmgofnX5LG35GtDqEszziwM8QrD9KYbgM1UkF9ON%2BNNuX%2BVaZ4ZE5FheILqvtlNg9y7YK8uFNyyfm51ME2jL1XzUwW8q%2Fg3z1FiPqEhA%3D%3D"}],"group":"cf-nel","max_age":604800}
12:02:31.720 [main] DEBUG org.apache.http.headers - http-outgoing-4 << NEL: {"success_fraction":0,"report_to":"cf-nel","max_age":604800}
12:02:31.720 [main] DEBUG org.apache.http.headers - http-outgoing-4 << Server: cloudflare
12:02:31.720 [main] DEBUG org.apache.http.headers - http-outgoing-4 << CF-RAY: 77ad9f436e0da045-SIN
12:02:31.720 [main] DEBUG org.apache.http.headers - http-outgoing-4 << alt-svc: h3=":443"; ma=86400, h3-29=":443"; ma=86400
12:02:31.720 [main] DEBUG org.apache.http.impl.execchain.MainClientExec - Connection can be kept alive indefinitely
12:02:31.721 [main] DEBUG org.apache.http.impl.conn.PoolingHttpClientConnectionManager - Connection [id: 4][route: {s}->https://api.storerestapi.com:443] can be kept alive indefinitely
12:02:31.721 [main] DEBUG org.apache.http.impl.conn.DefaultManagedHttpClientConnection - http-outgoing-4: set socket timeout to 0
12:02:31.721 [main] DEBUG org.apache.http.impl.conn.PoolingHttpClientConnectionManager - Connection released: [id: 4][route: {s}->https://api.storerestapi.com:443][total available: 1; route allocated: 1 of 5; total allocated: 1 of 10]
12:02:31.721 [main] DEBUG com.intuit.karate - response time in milliseconds: 532
4 < 400
4 < Date: Sat, 17 Dec 2022 06:32:32 GMT
4 < Content-Type: application/json; charset=utf-8
4 < Content-Length: 49
4 < Connection: keep-alive
4 < X-Powered-By: Express
4 < Access-Control-Allow-Origin: *
4 < ETag: W/"31-I8zslZmyey4LrgrUrSiil3ZfY9w"
4 < CF-Cache-Status: DYNAMIC
4 < Report-To: {"endpoints":[{"url":"https:\/\/a.nel.cloudflare.com\/report\/v3?s=uVVZUvy3Rhfo6nNUomvM7e9eK0M2F6QQyGjmgofnX5LG35GtDqEszziwM8QrD9KYbgM1UkF9ON%2BNNuX%2BVaZ4ZE5FheILqvtlNg9y7YK8uFNyyfm51ME2jL1XzUwW8q%2Fg3z1FiPqEhA%3D%3D"}],"group":"cf-nel","max_age":604800}
4 < NEL: {"success_fraction":0,"report_to":"cf-nel","max_age":604800}
4 < Server: cloudflare
4 < CF-RAY: 77ad9f436e0da045-SIN
4 < alt-svc: h3=":443"; ma=86400, h3-29=":443"; ma=86400
{"status":400,"message":"Your password is wrong"}

12:02:31.723 [main] DEBUG com.jayway.jsonpath.internal.path.CompiledPath - Evaluating path: $['message']
12:02:31.751 [main] ERROR com.intuit.karate - classpath:com/storeapiapp/features/User.feature:6
* def getAccessTokenFromLogin = loginFeatureFile.response.data.access_token
js failed:
>>>>
01: loginFeatureFile.response.data.access_token
<<<<
org.graalvm.polyglot.PolyglotException: TypeError: Cannot read property "access_token" from undefined
- <js>.:program(Unnamed:1)

classpath:com/storeapiapp/features/User.feature:6
]]></system-out>
  </testcase>
  <testcase name="testAll[2][2]" classname="com.storeapiapp.StoreApiAppTest" time="2.89">
    <failure message="js failed:&#10;&gt;&gt;&gt;&gt;&#10;01: loginFeatureFile.response.data.access_token&#10;&lt;&lt;&lt;&lt;&#10;org.graalvm.polyglot.PolyglotException: TypeError: Cannot read property &quot;access_token&quot; from undefined&#10;- &lt;js&gt;.:program(Unnamed:1)&#10;&#10;classpath:com/storeapiapp/features/User.feature:6" type="org.opentest4j.AssertionFailedError"><![CDATA[org.opentest4j.AssertionFailedError: 
js failed:
>>>>
01: loginFeatureFile.response.data.access_token
<<<<
org.graalvm.polyglot.PolyglotException: TypeError: Cannot read property "access_token" from undefined
- <js>.:program(Unnamed:1)

classpath:com/storeapiapp/features/User.feature:6
]]></failure>
    <system-out><![CDATA[12:02:31.792 [main] DEBUG com.jayway.jsonpath.internal.path.CompiledPath - Evaluating path: $
12:02:31.793 [main] INFO com.intuit.karate - [print] {
  "email": "robertgonzalez@gmail.com",
  "password": "simple_password"
}
 
12:02:31.797 [main] DEBUG org.apache.http.client.protocol.RequestAddCookies - CookieSpec selected: karate
12:02:31.797 [main] DEBUG org.apache.http.client.protocol.RequestAuthCache - Auth cache not set in the context
12:02:31.797 [main] DEBUG com.intuit.karate - request:
1 > POST https://api.storerestapi.com/auth/login
1 > Content-Type: application/json; charset=UTF-8
1 > Content-Length: 65
1 > Host: api.storerestapi.com
1 > Connection: Keep-Alive
1 > User-Agent: Apache-HttpClient/4.5.13 (Java/17.0.1)
1 > Accept-Encoding: gzip,deflate
{"email":"robertgonzalez@gmail.com","password":"simple_password"}

12:02:31.797 [main] DEBUG org.apache.http.impl.conn.PoolingHttpClientConnectionManager - Connection request: [route: {s}->https://api.storerestapi.com:443][total available: 0; route allocated: 0 of 5; total allocated: 0 of 10]
12:02:31.797 [main] DEBUG org.apache.http.impl.conn.PoolingHttpClientConnectionManager - Connection leased: [id: 5][route: {s}->https://api.storerestapi.com:443][total available: 0; route allocated: 1 of 5; total allocated: 1 of 10]
12:02:31.797 [main] DEBUG org.apache.http.impl.execchain.MainClientExec - Opening connection {s}->https://api.storerestapi.com:443
12:02:31.798 [main] DEBUG org.apache.http.impl.conn.DefaultHttpClientConnectionOperator - Connecting to api.storerestapi.com/172.67.193.84:443
12:02:31.798 [main] DEBUG org.apache.http.conn.ssl.SSLConnectionSocketFactory - Connecting socket to api.storerestapi.com/172.67.193.84:443 with timeout 30000
12:02:31.863 [main] DEBUG org.apache.http.conn.ssl.SSLConnectionSocketFactory - Enabled protocols: [TLSv1.3, TLSv1.2]
12:02:31.863 [main] DEBUG org.apache.http.conn.ssl.SSLConnectionSocketFactory - Enabled cipher suites:[TLS_AES_256_GCM_SHA384, TLS_AES_128_GCM_SHA256, TLS_CHACHA20_POLY1305_SHA256, TLS_ECDHE_ECDSA_WITH_AES_256_GCM_SHA384, TLS_ECDHE_ECDSA_WITH_AES_128_GCM_SHA256, TLS_ECDHE_ECDSA_WITH_CHACHA20_POLY1305_SHA256, TLS_ECDHE_RSA_WITH_AES_256_GCM_SHA384, TLS_ECDHE_RSA_WITH_CHACHA20_POLY1305_SHA256, TLS_ECDHE_RSA_WITH_AES_128_GCM_SHA256, TLS_DHE_RSA_WITH_AES_256_GCM_SHA384, TLS_DHE_RSA_WITH_CHACHA20_POLY1305_SHA256, TLS_DHE_DSS_WITH_AES_256_GCM_SHA384, TLS_DHE_RSA_WITH_AES_128_GCM_SHA256, TLS_DHE_DSS_WITH_AES_128_GCM_SHA256, TLS_ECDHE_ECDSA_WITH_AES_256_CBC_SHA384, TLS_ECDHE_RSA_WITH_AES_256_CBC_SHA384, TLS_ECDHE_ECDSA_WITH_AES_128_CBC_SHA256, TLS_ECDHE_RSA_WITH_AES_128_CBC_SHA256, TLS_DHE_RSA_WITH_AES_256_CBC_SHA256, TLS_DHE_DSS_WITH_AES_256_CBC_SHA256, TLS_DHE_RSA_WITH_AES_128_CBC_SHA256, TLS_DHE_DSS_WITH_AES_128_CBC_SHA256, TLS_ECDH_ECDSA_WITH_AES_256_GCM_SHA384, TLS_ECDH_RSA_WITH_AES_256_GCM_SHA384, TLS_ECDH_ECDSA_WITH_AES_128_GCM_SHA256, TLS_ECDH_RSA_WITH_AES_128_GCM_SHA256, TLS_ECDH_ECDSA_WITH_AES_256_CBC_SHA384, TLS_ECDH_RSA_WITH_AES_256_CBC_SHA384, TLS_ECDH_ECDSA_WITH_AES_128_CBC_SHA256, TLS_ECDH_RSA_WITH_AES_128_CBC_SHA256, TLS_ECDHE_ECDSA_WITH_AES_256_CBC_SHA, TLS_ECDHE_RSA_WITH_AES_256_CBC_SHA, TLS_ECDHE_ECDSA_WITH_AES_128_CBC_SHA, TLS_ECDHE_RSA_WITH_AES_128_CBC_SHA, TLS_DHE_RSA_WITH_AES_256_CBC_SHA, TLS_DHE_DSS_WITH_AES_256_CBC_SHA, TLS_DHE_RSA_WITH_AES_128_CBC_SHA, TLS_DHE_DSS_WITH_AES_128_CBC_SHA, TLS_ECDH_ECDSA_WITH_AES_256_CBC_SHA, TLS_ECDH_RSA_WITH_AES_256_CBC_SHA, TLS_ECDH_ECDSA_WITH_AES_128_CBC_SHA, TLS_ECDH_RSA_WITH_AES_128_CBC_SHA, TLS_RSA_WITH_AES_256_GCM_SHA384, TLS_RSA_WITH_AES_128_GCM_SHA256, TLS_RSA_WITH_AES_256_CBC_SHA256, TLS_RSA_WITH_AES_128_CBC_SHA256, TLS_RSA_WITH_AES_256_CBC_SHA, TLS_RSA_WITH_AES_128_CBC_SHA, TLS_EMPTY_RENEGOTIATION_INFO_SCSV]
12:02:31.863 [main] DEBUG org.apache.http.conn.ssl.SSLConnectionSocketFactory - Starting handshake
12:02:31.939 [main] DEBUG org.apache.http.conn.ssl.SSLConnectionSocketFactory - Secure session established
12:02:31.939 [main] DEBUG org.apache.http.conn.ssl.SSLConnectionSocketFactory -  negotiated protocol: TLSv1.3
12:02:31.939 [main] DEBUG org.apache.http.conn.ssl.SSLConnectionSocketFactory -  negotiated cipher suite: TLS_AES_256_GCM_SHA384
12:02:31.940 [main] DEBUG org.apache.http.conn.ssl.SSLConnectionSocketFactory -  peer principal: CN=*.storerestapi.com
12:02:31.940 [main] DEBUG org.apache.http.conn.ssl.SSLConnectionSocketFactory -  peer alternative names: [*.storerestapi.com, storerestapi.com]
12:02:31.940 [main] DEBUG org.apache.http.conn.ssl.SSLConnectionSocketFactory -  issuer principal: CN=E1, O=Let's Encrypt, C=US
12:02:31.940 [main] DEBUG org.apache.http.impl.conn.DefaultHttpClientConnectionOperator - Connection established 10.1.5.60:54438<->172.67.193.84:443
12:02:31.940 [main] DEBUG org.apache.http.impl.conn.DefaultManagedHttpClientConnection - http-outgoing-5: set socket timeout to 30000
12:02:31.940 [main] DEBUG org.apache.http.impl.execchain.MainClientExec - Executing request POST /auth/login HTTP/1.1
12:02:31.940 [main] DEBUG org.apache.http.impl.execchain.MainClientExec - Target auth state: UNCHALLENGED
12:02:31.940 [main] DEBUG org.apache.http.impl.execchain.MainClientExec - Proxy auth state: UNCHALLENGED
12:02:31.940 [main] DEBUG org.apache.http.headers - http-outgoing-5 >> POST /auth/login HTTP/1.1
12:02:31.940 [main] DEBUG org.apache.http.headers - http-outgoing-5 >> Content-Type: application/json; charset=UTF-8
12:02:31.940 [main] DEBUG org.apache.http.headers - http-outgoing-5 >> Content-Length: 65
12:02:31.940 [main] DEBUG org.apache.http.headers - http-outgoing-5 >> Host: api.storerestapi.com
12:02:31.940 [main] DEBUG org.apache.http.headers - http-outgoing-5 >> Connection: Keep-Alive
12:02:31.940 [main] DEBUG org.apache.http.headers - http-outgoing-5 >> User-Agent: Apache-HttpClient/4.5.13 (Java/17.0.1)
12:02:31.940 [main] DEBUG org.apache.http.headers - http-outgoing-5 >> Accept-Encoding: gzip,deflate
12:02:31.940 [main] DEBUG org.apache.http.wire - http-outgoing-5 >> "POST /auth/login HTTP/1.1[\r][\n]"
12:02:31.940 [main] DEBUG org.apache.http.wire - http-outgoing-5 >> "Content-Type: application/json; charset=UTF-8[\r][\n]"
12:02:31.940 [main] DEBUG org.apache.http.wire - http-outgoing-5 >> "Content-Length: 65[\r][\n]"
12:02:31.940 [main] DEBUG org.apache.http.wire - http-outgoing-5 >> "Host: api.storerestapi.com[\r][\n]"
12:02:31.940 [main] DEBUG org.apache.http.wire - http-outgoing-5 >> "Connection: Keep-Alive[\r][\n]"
12:02:31.940 [main] DEBUG org.apache.http.wire - http-outgoing-5 >> "User-Agent: Apache-HttpClient/4.5.13 (Java/17.0.1)[\r][\n]"
12:02:31.941 [main] DEBUG org.apache.http.wire - http-outgoing-5 >> "Accept-Encoding: gzip,deflate[\r][\n]"
12:02:31.941 [main] DEBUG org.apache.http.wire - http-outgoing-5 >> "[\r][\n]"
12:02:31.941 [main] DEBUG org.apache.http.wire - http-outgoing-5 >> "{"email":"robertgonzalez@gmail.com","password":"simple_password"}"
12:02:32.194 [main] DEBUG org.apache.http.wire - http-outgoing-5 << "HTTP/1.1 200 OK[\r][\n]"
12:02:32.194 [main] DEBUG org.apache.http.wire - http-outgoing-5 << "Date: Sat, 17 Dec 2022 06:32:33 GMT[\r][\n]"
12:02:32.194 [main] DEBUG org.apache.http.wire - http-outgoing-5 << "Content-Type: application/json; charset=utf-8[\r][\n]"
12:02:32.194 [main] DEBUG org.apache.http.wire - http-outgoing-5 << "Transfer-Encoding: chunked[\r][\n]"
12:02:32.194 [main] DEBUG org.apache.http.wire - http-outgoing-5 << "Connection: keep-alive[\r][\n]"
12:02:32.194 [main] DEBUG org.apache.http.wire - http-outgoing-5 << "X-Powered-By: Express[\r][\n]"
12:02:32.194 [main] DEBUG org.apache.http.wire - http-outgoing-5 << "Access-Control-Allow-Origin: *[\r][\n]"
12:02:32.194 [main] DEBUG org.apache.http.wire - http-outgoing-5 << "ETag: W/"2a6-LmaDkYTo5HHkZK7y/MuZmFnav9k"[\r][\n]"
12:02:32.194 [main] DEBUG org.apache.http.wire - http-outgoing-5 << "CF-Cache-Status: DYNAMIC[\r][\n]"
12:02:32.194 [main] DEBUG org.apache.http.wire - http-outgoing-5 << "Report-To: {"endpoints":[{"url":"https:\/\/a.nel.cloudflare.com\/report\/v3?s=fcZVvmKy1KGk8GmYz1TTIEK8rpgj3KoeGrD3%2FNYNYnnexFxSs4ASD3lheFXBADrHX0Vh6QF7IsmSOD8J4w%2FTD4whPgi4w0Nin3YVtFFZEecUhjK5QjuMJ12jYMh%2FeyR0uIiny6Y2rQ%3D%3D"}],"group":"cf-nel","max_age":604800}[\r][\n]"
12:02:32.194 [main] DEBUG org.apache.http.wire - http-outgoing-5 << "NEL: {"success_fraction":0,"report_to":"cf-nel","max_age":604800}[\r][\n]"
12:02:32.194 [main] DEBUG org.apache.http.wire - http-outgoing-5 << "Server: cloudflare[\r][\n]"
12:02:32.195 [main] DEBUG org.apache.http.wire - http-outgoing-5 << "CF-RAY: 77ad9f473f689e28-SIN[\r][\n]"
12:02:32.195 [main] DEBUG org.apache.http.wire - http-outgoing-5 << "Content-Encoding: gzip[\r][\n]"
12:02:32.195 [main] DEBUG org.apache.http.wire - http-outgoing-5 << "alt-svc: h3=":443"; ma=86400, h3-29=":443"; ma=86400[\r][\n]"
12:02:32.195 [main] DEBUG org.apache.http.wire - http-outgoing-5 << "[\r][\n]"
12:02:32.195 [main] DEBUG org.apache.http.wire - http-outgoing-5 << "17c[\r][\n]"
12:02:32.195 [main] DEBUG org.apache.http.wire - http-outgoing-5 << "[0x1f][0x8b][0x8][0x0][0x0][0x0][0x0][0x0][0x0][0x3][0xe4][0x92][0xcd]n[0xa3]0[0x0][0x84]_[0xa5][0xf2]9[[0x81]+[0xd2]:[0xb7][0x88]lS[0xd3][0x1a][\n]"
12:02:32.195 [main] DEBUG org.apache.http.wire - http-outgoing-5 << "[0x89][0x9][0xf8][0xb2]2[0x8e][0x3][0xe6][0xd7][0xa9][0xa1][0x1][0xa2][0xbe]{[0x95][0x1e][0xfa][0x12]{[0xfe]4[0xa3][0xd1][0xa7][0xb9][0x82]#[0xef]9X][0x1][0x17]B[0x1a][0xf3][0xaf][0xef]*[0xd9][0x82][0x15][0x90][0x93]Wd[[0xa1][0x2][0xe5]a:c[0xdb]W[0xd8][0xe0]6r[0x84][0x8b][0x97][0xb8][0xd2]I[0xec]z[0xe8]^N^[0x95]&Q[0x81]K[0xfd][0x88]k[0xa4][0xd9][\r][0x96][0xe9]H[0x1a]j[0x5][0x1b]:[0x92]9[0xb4][0xd9][0xd6]/[0xc9]L[0xe6][0xf4]@`[\n]"
12:02:32.196 [main] DEBUG org.apache.http.wire - http-outgoing-5 << "[0xf1][0xe4][0xbb][0xd8][0xe0][0xc6])[0xb2][0x3][0xbd][0x95][0xef]2[0xe8][0xd5][0xa2][\r][0xf3][0x8][0xa2]A6[0xcf][0x86]%[0x9d]zs[0xbd])[0x83]c[0x8d][0xcb]N[0xd1][\n]"
12:02:32.196 [main] DEBUG org.apache.http.wire - http-outgoing-5 << "[0x91](F[0x9b]8[0xf6][0xe9][0xde][0xb2][0x9f][0xe9]mH[0x13][0xf7][0xe9][0xa1]67.[0x1a][0xa4]X[0xe2]Y[0xec]7[0xaf][0xd7][0xc][0xda][0x5]?\[0x86][0x14][0xa2][0x1e][0xb7][0x96][0xc1]M][0x1c]][0xbc]$[0xfb][0xf4][0x81][0xec][0xb1][0x1d]l[0x84]M[0xa6][0x8b]bIq[0xc1]e7[0xfa][0xa5][0x18]II[0x1d][0xbf][0xa4][0xf3])[0xbc]_[0xbf][0x6][0xda][0xce]w[0xe8][0xc1][0xa1][0xa1][0xa3][0x87]S[0x0]OO"z[0xf9]c$[0xd2]n<[0x1d][0xf9][0xe7]6[0xcc]]]]><![CDATA[>[0xbc][0xd2][0x10],[0xc0][0x87]<}HS[0xfc][0xc7][0xe6][0xe6][0xd0]&[0xfb][0x1f]s[0xad]~[0x8a][0xb0][0xee]x[0x95][0xd7]*[0x8b]!|YW[0xcc][0x9d][0xce]K=[0x86][0x92]m[0xd6][0xd9]9{;[0xbe]f[0xf2][0xef][0x5]|-@#[0x8d][0xe1][0xb9][0x4]+[0xb0]Sy{[0xa7][0xda];3[0xfc][0xdc][0x10],[0x80][0xe9]y?[0x18][0xb0][0x82][0x96][0xf5][0xf5][\r][0x0][0x0][0xff][0xff][0x3][0x0]S[0xd0][0xf8]<[0xa6][0x2][0x0][0x0][\r][\n]"
12:02:32.197 [main] DEBUG org.apache.http.headers - http-outgoing-5 << HTTP/1.1 200 OK
12:02:32.197 [main] DEBUG org.apache.http.headers - http-outgoing-5 << Date: Sat, 17 Dec 2022 06:32:33 GMT
12:02:32.197 [main] DEBUG org.apache.http.headers - http-outgoing-5 << Content-Type: application/json; charset=utf-8
12:02:32.197 [main] DEBUG org.apache.http.headers - http-outgoing-5 << Transfer-Encoding: chunked
12:02:32.197 [main] DEBUG org.apache.http.headers - http-outgoing-5 << Connection: keep-alive
12:02:32.198 [main] DEBUG org.apache.http.headers - http-outgoing-5 << X-Powered-By: Express
12:02:32.198 [main] DEBUG org.apache.http.headers - http-outgoing-5 << Access-Control-Allow-Origin: *
12:02:32.198 [main] DEBUG org.apache.http.headers - http-outgoing-5 << ETag: W/"2a6-LmaDkYTo5HHkZK7y/MuZmFnav9k"
12:02:32.198 [main] DEBUG org.apache.http.headers - http-outgoing-5 << CF-Cache-Status: DYNAMIC
12:02:32.198 [main] DEBUG org.apache.http.headers - http-outgoing-5 << Report-To: {"endpoints":[{"url":"https:\/\/a.nel.cloudflare.com\/report\/v3?s=fcZVvmKy1KGk8GmYz1TTIEK8rpgj3KoeGrD3%2FNYNYnnexFxSs4ASD3lheFXBADrHX0Vh6QF7IsmSOD8J4w%2FTD4whPgi4w0Nin3YVtFFZEecUhjK5QjuMJ12jYMh%2FeyR0uIiny6Y2rQ%3D%3D"}],"group":"cf-nel","max_age":604800}
12:02:32.198 [main] DEBUG org.apache.http.headers - http-outgoing-5 << NEL: {"success_fraction":0,"report_to":"cf-nel","max_age":604800}
12:02:32.198 [main] DEBUG org.apache.http.headers - http-outgoing-5 << Server: cloudflare
12:02:32.198 [main] DEBUG org.apache.http.headers - http-outgoing-5 << CF-RAY: 77ad9f473f689e28-SIN
12:02:32.198 [main] DEBUG org.apache.http.headers - http-outgoing-5 << Content-Encoding: gzip
12:02:32.198 [main] DEBUG org.apache.http.headers - http-outgoing-5 << alt-svc: h3=":443"; ma=86400, h3-29=":443"; ma=86400
12:02:32.199 [main] DEBUG org.apache.http.impl.execchain.MainClientExec - Connection can be kept alive indefinitely
12:02:32.200 [main] DEBUG com.intuit.karate - response time in milliseconds: 403
1 < 200
1 < Date: Sat, 17 Dec 2022 06:32:33 GMT
1 < Content-Type: application/json; charset=utf-8
1 < Transfer-Encoding: chunked
1 < Connection: keep-alive
1 < X-Powered-By: Express
1 < Access-Control-Allow-Origin: *
1 < ETag: W/"2a6-LmaDkYTo5HHkZK7y/MuZmFnav9k"
1 < CF-Cache-Status: DYNAMIC
1 < Report-To: {"endpoints":[{"url":"https:\/\/a.nel.cloudflare.com\/report\/v3?s=fcZVvmKy1KGk8GmYz1TTIEK8rpgj3KoeGrD3%2FNYNYnnexFxSs4ASD3lheFXBADrHX0Vh6QF7IsmSOD8J4w%2FTD4whPgi4w0Nin3YVtFFZEecUhjK5QjuMJ12jYMh%2FeyR0uIiny6Y2rQ%3D%3D"}],"group":"cf-nel","max_age":604800}
1 < NEL: {"success_fraction":0,"report_to":"cf-nel","max_age":604800}
1 < Server: cloudflare
1 < CF-RAY: 77ad9f473f689e28-SIN
1 < alt-svc: h3=":443"; ma=86400, h3-29=":443"; ma=86400
{"data":{"access_token":"eyJhbGciOiJIUzI1NiIsInR5cCI6IkpXVCJ9.eyJkYXRhIjp7Il9pZCI6IjYxMmU0ODUxMzQ1ZGNjMzMzYWM2Y2IyNCIsIm5hbWUiOiJSb2JlcnQgR29uemFsZXoiLCJyb2xlIjoiUk9MRV9DVVNUT01FUiIsImVtYWlsIjoicm9iZXJ0Z29uemFsZXpAZ21haWwuY29tIn0sImlhdCI6MTY3MTI1ODc1MywiZXhwIjoxNjcxMjU5NjUzfQ.AKOp1gS935UQ5pufO2f8cRH-se9pCVydavGQgCauKUQ","refresh_token":"eyJhbGciOiJIUzI1NiIsInR5cCI6IkpXVCJ9.eyJkYXRhIjp7Il9pZCI6IjYxMmU0ODUxMzQ1ZGNjMzMzYWM2Y2IyNCIsIm5hbWUiOiJSb2JlcnQgR29uemFsZXoiLCJyb2xlIjoiUk9MRV9DVVNUT01FUiIsImVtYWlsIjoicm9iZXJ0Z29uemFsZXpAZ21haWwuY29tIn0sImlhdCI6MTY3MTI1ODc1MywiZXhwIjoxNjcxMzQ1MTUzfQ.np8RINqoakglibV22HAkZCyq6pxQeZDAbqbLdPvbeEw"},"message":"Sign in success","status":200}

12:02:32.205 [main] DEBUG com.jayway.jsonpath.internal.path.CompiledPath - Evaluating path: $['message']
12:02:32.210 [main] INFO com.intuit.karate - [print] setAccessTokenForLogin is:  eyJhbGciOiJIUzI1NiIsInR5cCI6IkpXVCJ9.eyJkYXRhIjp7Il9pZCI6IjYxMmU0ODUxMzQ1ZGNjMzMzYWM2Y2IyNCIsIm5hbWUiOiJSb2JlcnQgR29uemFsZXoiLCJyb2xlIjoiUk9MRV9DVVNUT01FUiIsImVtYWlsIjoicm9iZXJ0Z29uemFsZXpAZ21haWwuY29tIn0sImlhdCI6MTY3MTI1ODc1MywiZXhwIjoxNjcxMjU5NjUzfQ.AKOp1gS935UQ5pufO2f8cRH-se9pCVydavGQgCauKUQ 
12:02:32.213 [main] INFO com.intuit.karate - [print] setRefreshTokenForLogin is:  eyJhbGciOiJIUzI1NiIsInR5cCI6IkpXVCJ9.eyJkYXRhIjp7Il9pZCI6IjYxMmU0ODUxMzQ1ZGNjMzMzYWM2Y2IyNCIsIm5hbWUiOiJSb2JlcnQgR29uemFsZXoiLCJyb2xlIjoiUk9MRV9DVVNUT01FUiIsImVtYWlsIjoicm9iZXJ0Z29uemFsZXpAZ21haWwuY29tIn0sImlhdCI6MTY3MTI1ODc1MywiZXhwIjoxNjcxMzQ1MTUzfQ.np8RINqoakglibV22HAkZCyq6pxQeZDAbqbLdPvbeEw 
12:02:32.240 [main] DEBUG com.jayway.jsonpath.internal.path.CompiledPath - Evaluating path: $
12:02:32.243 [main] INFO com.intuit.karate - [print] {
  "email": "robertgonzalez@gmail.com",
  "password": "simple_password"
}
 
12:02:32.244 [main] DEBUG com.jayway.jsonpath.internal.path.CompiledPath - Evaluating path: $
12:02:32.248 [main] DEBUG org.apache.http.client.protocol.RequestAddCookies - CookieSpec selected: karate
12:02:32.248 [main] DEBUG org.apache.http.client.protocol.RequestAuthCache - Auth cache not set in the context
12:02:32.248 [main] DEBUG com.intuit.karate - request:
2 > POST https://api.storerestapi.com/auth/login
2 > Content-Type: application/json; charset=UTF-8
2 > Content-Length: 50
2 > Host: api.storerestapi.com
2 > Connection: Keep-Alive
2 > User-Agent: Apache-HttpClient/4.5.13 (Java/17.0.1)
2 > Accept-Encoding: gzip,deflate
{"email":"robertgonzalez@gmail.com","password":""}

12:02:32.249 [main] DEBUG org.apache.http.impl.conn.PoolingHttpClientConnectionManager - Connection request: [route: {s}->https://api.storerestapi.com:443][total available: 0; route allocated: 0 of 5; total allocated: 0 of 10]
12:02:32.250 [main] DEBUG org.apache.http.impl.conn.PoolingHttpClientConnectionManager - Connection leased: [id: 6][route: {s}->https://api.storerestapi.com:443][total available: 0; route allocated: 1 of 5; total allocated: 1 of 10]
12:02:32.250 [main] DEBUG org.apache.http.impl.execchain.MainClientExec - Opening connection {s}->https://api.storerestapi.com:443
12:02:32.250 [main] DEBUG org.apache.http.impl.conn.DefaultHttpClientConnectionOperator - Connecting to api.storerestapi.com/172.67.193.84:443
12:02:32.250 [main] DEBUG org.apache.http.conn.ssl.SSLConnectionSocketFactory - Connecting socket to api.storerestapi.com/172.67.193.84:443 with timeout 30000
12:02:32.316 [main] DEBUG org.apache.http.conn.ssl.SSLConnectionSocketFactory - Enabled protocols: [TLSv1.3, TLSv1.2]
12:02:32.317 [main] DEBUG org.apache.http.conn.ssl.SSLConnectionSocketFactory - Enabled cipher suites:[TLS_AES_256_GCM_SHA384, TLS_AES_128_GCM_SHA256, TLS_CHACHA20_POLY1305_SHA256, TLS_ECDHE_ECDSA_WITH_AES_256_GCM_SHA384, TLS_ECDHE_ECDSA_WITH_AES_128_GCM_SHA256, TLS_ECDHE_ECDSA_WITH_CHACHA20_POLY1305_SHA256, TLS_ECDHE_RSA_WITH_AES_256_GCM_SHA384, TLS_ECDHE_RSA_WITH_CHACHA20_POLY1305_SHA256, TLS_ECDHE_RSA_WITH_AES_128_GCM_SHA256, TLS_DHE_RSA_WITH_AES_256_GCM_SHA384, TLS_DHE_RSA_WITH_CHACHA20_POLY1305_SHA256, TLS_DHE_DSS_WITH_AES_256_GCM_SHA384, TLS_DHE_RSA_WITH_AES_128_GCM_SHA256, TLS_DHE_DSS_WITH_AES_128_GCM_SHA256, TLS_ECDHE_ECDSA_WITH_AES_256_CBC_SHA384, TLS_ECDHE_RSA_WITH_AES_256_CBC_SHA384, TLS_ECDHE_ECDSA_WITH_AES_128_CBC_SHA256, TLS_ECDHE_RSA_WITH_AES_128_CBC_SHA256, TLS_DHE_RSA_WITH_AES_256_CBC_SHA256, TLS_DHE_DSS_WITH_AES_256_CBC_SHA256, TLS_DHE_RSA_WITH_AES_128_CBC_SHA256, TLS_DHE_DSS_WITH_AES_128_CBC_SHA256, TLS_ECDH_ECDSA_WITH_AES_256_GCM_SHA384, TLS_ECDH_RSA_WITH_AES_256_GCM_SHA384, TLS_ECDH_ECDSA_WITH_AES_128_GCM_SHA256, TLS_ECDH_RSA_WITH_AES_128_GCM_SHA256, TLS_ECDH_ECDSA_WITH_AES_256_CBC_SHA384, TLS_ECDH_RSA_WITH_AES_256_CBC_SHA384, TLS_ECDH_ECDSA_WITH_AES_128_CBC_SHA256, TLS_ECDH_RSA_WITH_AES_128_CBC_SHA256, TLS_ECDHE_ECDSA_WITH_AES_256_CBC_SHA, TLS_ECDHE_RSA_WITH_AES_256_CBC_SHA, TLS_ECDHE_ECDSA_WITH_AES_128_CBC_SHA, TLS_ECDHE_RSA_WITH_AES_128_CBC_SHA, TLS_DHE_RSA_WITH_AES_256_CBC_SHA, TLS_DHE_DSS_WITH_AES_256_CBC_SHA, TLS_DHE_RSA_WITH_AES_128_CBC_SHA, TLS_DHE_DSS_WITH_AES_128_CBC_SHA, TLS_ECDH_ECDSA_WITH_AES_256_CBC_SHA, TLS_ECDH_RSA_WITH_AES_256_CBC_SHA, TLS_ECDH_ECDSA_WITH_AES_128_CBC_SHA, TLS_ECDH_RSA_WITH_AES_128_CBC_SHA, TLS_RSA_WITH_AES_256_GCM_SHA384, TLS_RSA_WITH_AES_128_GCM_SHA256, TLS_RSA_WITH_AES_256_CBC_SHA256, TLS_RSA_WITH_AES_128_CBC_SHA256, TLS_RSA_WITH_AES_256_CBC_SHA, TLS_RSA_WITH_AES_128_CBC_SHA, TLS_EMPTY_RENEGOTIATION_INFO_SCSV]
12:02:32.317 [main] DEBUG org.apache.http.conn.ssl.SSLConnectionSocketFactory - Starting handshake
12:02:32.398 [main] DEBUG org.apache.http.conn.ssl.SSLConnectionSocketFactory - Secure session established
12:02:32.398 [main] DEBUG org.apache.http.conn.ssl.SSLConnectionSocketFactory -  negotiated protocol: TLSv1.3
12:02:32.398 [main] DEBUG org.apache.http.conn.ssl.SSLConnectionSocketFactory -  negotiated cipher suite: TLS_AES_256_GCM_SHA384
12:02:32.398 [main] DEBUG org.apache.http.conn.ssl.SSLConnectionSocketFactory -  peer principal: CN=*.storerestapi.com
12:02:32.398 [main] DEBUG org.apache.http.conn.ssl.SSLConnectionSocketFactory -  peer alternative names: [*.storerestapi.com, storerestapi.com]
12:02:32.398 [main] DEBUG org.apache.http.conn.ssl.SSLConnectionSocketFactory -  issuer principal: CN=E1, O=Let's Encrypt, C=US
12:02:32.398 [main] DEBUG org.apache.http.impl.conn.DefaultHttpClientConnectionOperator - Connection established 10.1.5.60:54439<->172.67.193.84:443
12:02:32.398 [main] DEBUG org.apache.http.impl.conn.DefaultManagedHttpClientConnection - http-outgoing-6: set socket timeout to 30000
12:02:32.398 [main] DEBUG org.apache.http.impl.execchain.MainClientExec - Executing request POST /auth/login HTTP/1.1
12:02:32.398 [main] DEBUG org.apache.http.impl.execchain.MainClientExec - Target auth state: UNCHALLENGED
12:02:32.398 [main] DEBUG org.apache.http.impl.execchain.MainClientExec - Proxy auth state: UNCHALLENGED
12:02:32.398 [main] DEBUG org.apache.http.headers - http-outgoing-6 >> POST /auth/login HTTP/1.1
12:02:32.398 [main] DEBUG org.apache.http.headers - http-outgoing-6 >> Content-Type: application/json; charset=UTF-8
12:02:32.398 [main] DEBUG org.apache.http.headers - http-outgoing-6 >> Content-Length: 50
12:02:32.398 [main] DEBUG org.apache.http.headers - http-outgoing-6 >> Host: api.storerestapi.com
12:02:32.398 [main] DEBUG org.apache.http.headers - http-outgoing-6 >> Connection: Keep-Alive
12:02:32.398 [main] DEBUG org.apache.http.headers - http-outgoing-6 >> User-Agent: Apache-HttpClient/4.5.13 (Java/17.0.1)
12:02:32.399 [main] DEBUG org.apache.http.headers - http-outgoing-6 >> Accept-Encoding: gzip,deflate
12:02:32.399 [main] DEBUG org.apache.http.wire - http-outgoing-6 >> "POST /auth/login HTTP/1.1[\r][\n]"
12:02:32.399 [main] DEBUG org.apache.http.wire - http-outgoing-6 >> "Content-Type: application/json; charset=UTF-8[\r][\n]"
12:02:32.399 [main] DEBUG org.apache.http.wire - http-outgoing-6 >> "Content-Length: 50[\r][\n]"
12:02:32.399 [main] DEBUG org.apache.http.wire - http-outgoing-6 >> "Host: api.storerestapi.com[\r][\n]"
12:02:32.399 [main] DEBUG org.apache.http.wire - http-outgoing-6 >> "Connection: Keep-Alive[\r][\n]"
12:02:32.399 [main] DEBUG org.apache.http.wire - http-outgoing-6 >> "User-Agent: Apache-HttpClient/4.5.13 (Java/17.0.1)[\r][\n]"
12:02:32.399 [main] DEBUG org.apache.http.wire - http-outgoing-6 >> "Accept-Encoding: gzip,deflate[\r][\n]"
12:02:32.399 [main] DEBUG org.apache.http.wire - http-outgoing-6 >> "[\r][\n]"
12:02:32.399 [main] DEBUG org.apache.http.wire - http-outgoing-6 >> "{"email":"robertgonzalez@gmail.com","password":""}"
12:02:32.673 [main] DEBUG org.apache.http.wire - http-outgoing-6 << "HTTP/1.1 422 Unprocessable Entity[\r][\n]"
12:02:32.674 [main] DEBUG org.apache.http.wire - http-outgoing-6 << "Date: Sat, 17 Dec 2022 06:32:33 GMT[\r][\n]"
12:02:32.674 [main] DEBUG org.apache.http.wire - http-outgoing-6 << "Content-Type: application/json; charset=utf-8[\r][\n]"
12:02:32.674 [main] DEBUG org.apache.http.wire - http-outgoing-6 << "Content-Length: 66[\r][\n]"
12:02:32.674 [main] DEBUG org.apache.http.wire - http-outgoing-6 << "Connection: keep-alive[\r][\n]"
12:02:32.674 [main] DEBUG org.apache.http.wire - http-outgoing-6 << "X-Powered-By: Express[\r][\n]"
12:02:32.674 [main] DEBUG org.apache.http.wire - http-outgoing-6 << "Access-Control-Allow-Origin: *[\r][\n]"
12:02:32.674 [main] DEBUG org.apache.http.wire - http-outgoing-6 << "ETag: W/"42-yQ/u5GA8lPwGovRnvoWw3fbLvmo"[\r][\n]"
12:02:32.674 [main] DEBUG org.apache.http.wire - http-outgoing-6 << "CF-Cache-Status: DYNAMIC[\r][\n]"
12:02:32.674 [main] DEBUG org.apache.http.wire - http-outgoing-6 << "Report-To: {"endpoints":[{"url":"https:\/\/a.nel.cloudflare.com\/report\/v3?s=N8vtTpUUNEhTUiavE%2FpV7eGEE6jkmtn%2BNJVUHGGwY37E2pt%2FVORpnOgbdOhlsDHmDaN4GiaWLYlPK9%2FM%2BoZO5WeVVpE6CKM8RUV2BSF6OB%2FCHM7%2BHABuORZWKRf6bV8xVhgZivgWQg%3D%3D"}],"group":"cf-nel","max_age":604800}[\r][\n]"
12:02:32.674 [main] DEBUG org.apache.http.wire - http-outgoing-6 << "NEL: {"success_fraction":0,"report_to":"cf-nel","max_age":604800}[\r][\n]"
12:02:32.674 [main] DEBUG org.apache.http.wire - http-outgoing-6 << "Server: cloudflare[\r][\n]"
12:02:32.674 [main] DEBUG org.apache.http.wire - http-outgoing-6 << "CF-RAY: 77ad9f4a0e661936-SIN[\r][\n]"
12:02:32.675 [main] DEBUG org.apache.http.wire - http-outgoing-6 << "alt-svc: h3=":443"; ma=86400, h3-29=":443"; ma=86400[\r][\n]"
12:02:32.675 [main] DEBUG org.apache.http.wire - http-outgoing-6 << "[\r][\n]"
12:02:32.675 [main] DEBUG org.apache.http.wire - http-outgoing-6 << "{"status":422,"message":"\"password\" is not allowed to be empty"}"
12:02:32.675 [main] DEBUG org.apache.http.headers - http-outgoing-6 << HTTP/1.1 422 Unprocessable Entity
12:02:32.676 [main] DEBUG org.apache.http.headers - http-outgoing-6 << Date: Sat, 17 Dec 2022 06:32:33 GMT
12:02:32.676 [main] DEBUG org.apache.http.headers - http-outgoing-6 << Content-Type: application/json; charset=utf-8
12:02:32.676 [main] DEBUG org.apache.http.headers - http-outgoing-6 << Content-Length: 66
12:02:32.676 [main] DEBUG org.apache.http.headers - http-outgoing-6 << Connection: keep-alive
12:02:32.676 [main] DEBUG org.apache.http.headers - http-outgoing-6 << X-Powered-By: Express
12:02:32.676 [main] DEBUG org.apache.http.headers - http-outgoing-6 << Access-Control-Allow-Origin: *
12:02:32.676 [main] DEBUG org.apache.http.headers - http-outgoing-6 << ETag: W/"42-yQ/u5GA8lPwGovRnvoWw3fbLvmo"
12:02:32.676 [main] DEBUG org.apache.http.headers - http-outgoing-6 << CF-Cache-Status: DYNAMIC
12:02:32.676 [main] DEBUG org.apache.http.headers - http-outgoing-6 << Report-To: {"endpoints":[{"url":"https:\/\/a.nel.cloudflare.com\/report\/v3?s=N8vtTpUUNEhTUiavE%2FpV7eGEE6jkmtn%2BNJVUHGGwY37E2pt%2FVORpnOgbdOhlsDHmDaN4GiaWLYlPK9%2FM%2BoZO5WeVVpE6CKM8RUV2BSF6OB%2FCHM7%2BHABuORZWKRf6bV8xVhgZivgWQg%3D%3D"}],"group":"cf-nel","max_age":604800}
12:02:32.676 [main] DEBUG org.apache.http.headers - http-outgoing-6 << NEL: {"success_fraction":0,"report_to":"cf-nel","max_age":604800}
12:02:32.676 [main] DEBUG org.apache.http.headers - http-outgoing-6 << Server: cloudflare
12:02:32.676 [main] DEBUG org.apache.http.headers - http-outgoing-6 << CF-RAY: 77ad9f4a0e661936-SIN
12:02:32.676 [main] DEBUG org.apache.http.headers - http-outgoing-6 << alt-svc: h3=":443"; ma=86400, h3-29=":443"; ma=86400
12:02:32.677 [main] DEBUG org.apache.http.impl.execchain.MainClientExec - Connection can be kept alive indefinitely
12:02:32.678 [main] DEBUG org.apache.http.impl.conn.PoolingHttpClientConnectionManager - Connection [id: 6][route: {s}->https://api.storerestapi.com:443] can be kept alive indefinitely
12:02:32.678 [main] DEBUG org.apache.http.impl.conn.DefaultManagedHttpClientConnection - http-outgoing-6: set socket timeout to 0
12:02:32.678 [main] DEBUG org.apache.http.impl.conn.PoolingHttpClientConnectionManager - Connection released: [id: 6][route: {s}->https://api.storerestapi.com:443][total available: 1; route allocated: 1 of 5; total allocated: 1 of 10]
12:02:32.679 [main] DEBUG com.intuit.karate - response time in milliseconds: 429
2 < 422
2 < Date: Sat, 17 Dec 2022 06:32:33 GMT
2 < Content-Type: application/json; charset=utf-8
2 < Content-Length: 66
2 < Connection: keep-alive
2 < X-Powered-By: Express
2 < Access-Control-Allow-Origin: *
2 < ETag: W/"42-yQ/u5GA8lPwGovRnvoWw3fbLvmo"
2 < CF-Cache-Status: DYNAMIC
2 < Report-To: {"endpoints":[{"url":"https:\/\/a.nel.cloudflare.com\/report\/v3?s=N8vtTpUUNEhTUiavE%2FpV7eGEE6jkmtn%2BNJVUHGGwY37E2pt%2FVORpnOgbdOhlsDHmDaN4GiaWLYlPK9%2FM%2BoZO5WeVVpE6CKM8RUV2BSF6OB%2FCHM7%2BHABuORZWKRf6bV8xVhgZivgWQg%3D%3D"}],"group":"cf-nel","max_age":604800}
2 < NEL: {"success_fraction":0,"report_to":"cf-nel","max_age":604800}
2 < Server: cloudflare
2 < CF-RAY: 77ad9f4a0e661936-SIN
2 < alt-svc: h3=":443"; ma=86400, h3-29=":443"; ma=86400
{"status":422,"message":"\"password\" is not allowed to be empty"}

12:02:32.684 [main] DEBUG com.jayway.jsonpath.internal.path.CompiledPath - Evaluating path: $['message']
12:02:32.703 [main] DEBUG com.jayway.jsonpath.internal.path.CompiledPath - Evaluating path: $
12:02:32.705 [main] INFO com.intuit.karate - [print] {
  "email": "robertgonzalez@gmail.com",
  "password": "simple_password"
}
 
12:02:32.708 [main] DEBUG com.jayway.jsonpath.internal.path.CompiledPath - Evaluating path: $
12:02:32.711 [main] DEBUG org.apache.http.client.protocol.RequestAddCookies - CookieSpec selected: karate
12:02:32.711 [main] DEBUG org.apache.http.client.protocol.RequestAuthCache - Auth cache not set in the context
12:02:32.711 [main] DEBUG com.intuit.karate - request:
3 > POST https://api.storerestapi.com/auth/login
3 > Content-Type: application/json; charset=UTF-8
3 > Content-Length: 41
3 > Host: api.storerestapi.com
3 > Connection: Keep-Alive
3 > User-Agent: Apache-HttpClient/4.5.13 (Java/17.0.1)
3 > Accept-Encoding: gzip,deflate
{"email":"","password":"simple_password"}

12:02:32.711 [main] DEBUG org.apache.http.impl.conn.PoolingHttpClientConnectionManager - Connection request: [route: {s}->https://api.storerestapi.com:443][total available: 0; route allocated: 0 of 5; total allocated: 0 of 10]
12:02:32.711 [main] DEBUG org.apache.http.impl.conn.PoolingHttpClientConnectionManager - Connection leased: [id: 7][route: {s}->https://api.storerestapi.com:443][total available: 0; route allocated: 1 of 5; total allocated: 1 of 10]
12:02:32.712 [main] DEBUG org.apache.http.impl.execchain.MainClientExec - Opening connection {s}->https://api.storerestapi.com:443
12:02:32.712 [main] DEBUG org.apache.http.impl.conn.DefaultHttpClientConnectionOperator - Connecting to api.storerestapi.com/172.67.193.84:443
12:02:32.712 [main] DEBUG org.apache.http.conn.ssl.SSLConnectionSocketFactory - Connecting socket to api.storerestapi.com/172.67.193.84:443 with timeout 30000
12:02:32.780 [main] DEBUG org.apache.http.conn.ssl.SSLConnectionSocketFactory - Enabled protocols: [TLSv1.3, TLSv1.2]
12:02:32.781 [main] DEBUG org.apache.http.conn.ssl.SSLConnectionSocketFactory - Enabled cipher suites:[TLS_AES_256_GCM_SHA384, TLS_AES_128_GCM_SHA256, TLS_CHACHA20_POLY1305_SHA256, TLS_ECDHE_ECDSA_WITH_AES_256_GCM_SHA384, TLS_ECDHE_ECDSA_WITH_AES_128_GCM_SHA256, TLS_ECDHE_ECDSA_WITH_CHACHA20_POLY1305_SHA256, TLS_ECDHE_RSA_WITH_AES_256_GCM_SHA384, TLS_ECDHE_RSA_WITH_CHACHA20_POLY1305_SHA256, TLS_ECDHE_RSA_WITH_AES_128_GCM_SHA256, TLS_DHE_RSA_WITH_AES_256_GCM_SHA384, TLS_DHE_RSA_WITH_CHACHA20_POLY1305_SHA256, TLS_DHE_DSS_WITH_AES_256_GCM_SHA384, TLS_DHE_RSA_WITH_AES_128_GCM_SHA256, TLS_DHE_DSS_WITH_AES_128_GCM_SHA256, TLS_ECDHE_ECDSA_WITH_AES_256_CBC_SHA384, TLS_ECDHE_RSA_WITH_AES_256_CBC_SHA384, TLS_ECDHE_ECDSA_WITH_AES_128_CBC_SHA256, TLS_ECDHE_RSA_WITH_AES_128_CBC_SHA256, TLS_DHE_RSA_WITH_AES_256_CBC_SHA256, TLS_DHE_DSS_WITH_AES_256_CBC_SHA256, TLS_DHE_RSA_WITH_AES_128_CBC_SHA256, TLS_DHE_DSS_WITH_AES_128_CBC_SHA256, TLS_ECDH_ECDSA_WITH_AES_256_GCM_SHA384, TLS_ECDH_RSA_WITH_AES_256_GCM_SHA384, TLS_ECDH_ECDSA_WITH_AES_128_GCM_SHA256, TLS_ECDH_RSA_WITH_AES_128_GCM_SHA256, TLS_ECDH_ECDSA_WITH_AES_256_CBC_SHA384, TLS_ECDH_RSA_WITH_AES_256_CBC_SHA384, TLS_ECDH_ECDSA_WITH_AES_128_CBC_SHA256, TLS_ECDH_RSA_WITH_AES_128_CBC_SHA256, TLS_ECDHE_ECDSA_WITH_AES_256_CBC_SHA, TLS_ECDHE_RSA_WITH_AES_256_CBC_SHA, TLS_ECDHE_ECDSA_WITH_AES_128_CBC_SHA, TLS_ECDHE_RSA_WITH_AES_128_CBC_SHA, TLS_DHE_RSA_WITH_AES_256_CBC_SHA, TLS_DHE_DSS_WITH_AES_256_CBC_SHA, TLS_DHE_RSA_WITH_AES_128_CBC_SHA, TLS_DHE_DSS_WITH_AES_128_CBC_SHA, TLS_ECDH_ECDSA_WITH_AES_256_CBC_SHA, TLS_ECDH_RSA_WITH_AES_256_CBC_SHA, TLS_ECDH_ECDSA_WITH_AES_128_CBC_SHA, TLS_ECDH_RSA_WITH_AES_128_CBC_SHA, TLS_RSA_WITH_AES_256_GCM_SHA384, TLS_RSA_WITH_AES_128_GCM_SHA256, TLS_RSA_WITH_AES_256_CBC_SHA256, TLS_RSA_WITH_AES_128_CBC_SHA256, TLS_RSA_WITH_AES_256_CBC_SHA, TLS_RSA_WITH_AES_128_CBC_SHA, TLS_EMPTY_RENEGOTIATION_INFO_SCSV]
12:02:32.781 [main] DEBUG org.apache.http.conn.ssl.SSLConnectionSocketFactory - Starting handshake
12:02:32.875 [main] DEBUG org.apache.http.conn.ssl.SSLConnectionSocketFactory - Secure session established
12:02:32.875 [main] DEBUG org.apache.http.conn.ssl.SSLConnectionSocketFactory -  negotiated protocol: TLSv1.3
12:02:32.875 [main] DEBUG org.apache.http.conn.ssl.SSLConnectionSocketFactory -  negotiated cipher suite: TLS_AES_256_GCM_SHA384
12:02:32.875 [main] DEBUG org.apache.http.conn.ssl.SSLConnectionSocketFactory -  peer principal: CN=*.storerestapi.com
12:02:32.875 [main] DEBUG org.apache.http.conn.ssl.SSLConnectionSocketFactory -  peer alternative names: [*.storerestapi.com, storerestapi.com]
12:02:32.875 [main] DEBUG org.apache.http.conn.ssl.SSLConnectionSocketFactory -  issuer principal: CN=E1, O=Let's Encrypt, C=US
12:02:32.875 [main] DEBUG org.apache.http.impl.conn.DefaultHttpClientConnectionOperator - Connection established 10.1.5.60:54440<->172.67.193.84:443
12:02:32.875 [main] DEBUG org.apache.http.impl.conn.DefaultManagedHttpClientConnection - http-outgoing-7: set socket timeout to 30000
12:02:32.875 [main] DEBUG org.apache.http.impl.execchain.MainClientExec - Executing request POST /auth/login HTTP/1.1
12:02:32.876 [main] DEBUG org.apache.http.impl.execchain.MainClientExec - Target auth state: UNCHALLENGED
12:02:32.876 [main] DEBUG org.apache.http.impl.execchain.MainClientExec - Proxy auth state: UNCHALLENGED
12:02:32.876 [main] DEBUG org.apache.http.headers - http-outgoing-7 >> POST /auth/login HTTP/1.1
12:02:32.876 [main] DEBUG org.apache.http.headers - http-outgoing-7 >> Content-Type: application/json; charset=UTF-8
12:02:32.876 [main] DEBUG org.apache.http.headers - http-outgoing-7 >> Content-Length: 41
12:02:32.876 [main] DEBUG org.apache.http.headers - http-outgoing-7 >> Host: api.storerestapi.com
12:02:32.876 [main] DEBUG org.apache.http.headers - http-outgoing-7 >> Connection: Keep-Alive
12:02:32.876 [main] DEBUG org.apache.http.headers - http-outgoing-7 >> User-Agent: Apache-HttpClient/4.5.13 (Java/17.0.1)
12:02:32.876 [main] DEBUG org.apache.http.headers - http-outgoing-7 >> Accept-Encoding: gzip,deflate
12:02:32.876 [main] DEBUG org.apache.http.wire - http-outgoing-7 >> "POST /auth/login HTTP/1.1[\r][\n]"
12:02:32.876 [main] DEBUG org.apache.http.wire - http-outgoing-7 >> "Content-Type: application/json; charset=UTF-8[\r][\n]"
12:02:32.876 [main] DEBUG org.apache.http.wire - http-outgoing-7 >> "Content-Length: 41[\r][\n]"
12:02:32.876 [main] DEBUG org.apache.http.wire - http-outgoing-7 >> "Host: api.storerestapi.com[\r][\n]"
12:02:32.876 [main] DEBUG org.apache.http.wire - http-outgoing-7 >> "Connection: Keep-Alive[\r][\n]"
12:02:32.876 [main] DEBUG org.apache.http.wire - http-outgoing-7 >> "User-Agent: Apache-HttpClient/4.5.13 (Java/17.0.1)[\r][\n]"
12:02:32.876 [main] DEBUG org.apache.http.wire - http-outgoing-7 >> "Accept-Encoding: gzip,deflate[\r][\n]"
12:02:32.876 [main] DEBUG org.apache.http.wire - http-outgoing-7 >> "[\r][\n]"
12:02:32.876 [main] DEBUG org.apache.http.wire - http-outgoing-7 >> "{"email":"","password":"simple_password"}"
12:02:33.156 [main] DEBUG org.apache.http.wire - http-outgoing-7 << "HTTP/1.1 422 Unprocessable Entity[\r][\n]"
12:02:33.156 [main] DEBUG org.apache.http.wire - http-outgoing-7 << "Date: Sat, 17 Dec 2022 06:32:34 GMT[\r][\n]"
12:02:33.156 [main] DEBUG org.apache.http.wire - http-outgoing-7 << "Content-Type: application/json; charset=utf-8[\r][\n]"
12:02:33.156 [main] DEBUG org.apache.http.wire - http-outgoing-7 << "Content-Length: 63[\r][\n]"
12:02:33.156 [main] DEBUG org.apache.http.wire - http-outgoing-7 << "Connection: keep-alive[\r][\n]"
12:02:33.156 [main] DEBUG org.apache.http.wire - http-outgoing-7 << "X-Powered-By: Express[\r][\n]"
12:02:33.156 [main] DEBUG org.apache.http.wire - http-outgoing-7 << "Access-Control-Allow-Origin: *[\r][\n]"
12:02:33.156 [main] DEBUG org.apache.http.wire - http-outgoing-7 << "ETag: W/"3f-aD64d4wZd9a2Qss7/xYsCESysug"[\r][\n]"
12:02:33.156 [main] DEBUG org.apache.http.wire - http-outgoing-7 << "CF-Cache-Status: DYNAMIC[\r][\n]"
12:02:33.156 [main] DEBUG org.apache.http.wire - http-outgoing-7 << "Report-To: {"endpoints":[{"url":"https:\/\/a.nel.cloudflare.com\/report\/v3?s=q4D93V0zQLHrekIgBrqcvHQcPPKQdNXY9%2BgexoqJLTX1Wv6n6dCh1j9CNece%2FPZ4WALOswIZ8DcGnm9AGLEYEfG2qfGH6aQuPZq5wEH9rpok%2FbrdM6PunUb9XDMDxtn4ah%2B8qA7kEw%3D%3D"}],"group":"cf-nel","max_age":604800}[\r][\n]"
12:02:33.156 [main] DEBUG org.apache.http.wire - http-outgoing-7 << "NEL: {"success_fraction":0,"report_to":"cf-nel","max_age":604800}[\r][\n]"
12:02:33.156 [main] DEBUG org.apache.http.wire - http-outgoing-7 << "Server: cloudflare[\r][\n]"
12:02:33.156 [main] DEBUG org.apache.http.wire - http-outgoing-7 << "CF-RAY: 77ad9f4d0ff72ea4-SIN[\r][\n]"
12:02:33.156 [main] DEBUG org.apache.http.wire - http-outgoing-7 << "alt-svc: h3=":443"; ma=86400, h3-29=":443"; ma=86400[\r][\n]"
12:02:33.156 [main] DEBUG org.apache.http.wire - http-outgoing-7 << "[\r][\n]"
12:02:33.156 [main] DEBUG org.apache.http.wire - http-outgoing-7 << "{"status":422,"message":"\"email\" is not allowed to be empty"}"
12:02:33.156 [main] DEBUG org.apache.http.headers - http-outgoing-7 << HTTP/1.1 422 Unprocessable Entity
12:02:33.156 [main] DEBUG org.apache.http.headers - http-outgoing-7 << Date: Sat, 17 Dec 2022 06:32:34 GMT
12:02:33.156 [main] DEBUG org.apache.http.headers - http-outgoing-7 << Content-Type: application/json; charset=utf-8
12:02:33.156 [main] DEBUG org.apache.http.headers - http-outgoing-7 << Content-Length: 63
12:02:33.156 [main] DEBUG org.apache.http.headers - http-outgoing-7 << Connection: keep-alive
12:02:33.156 [main] DEBUG org.apache.http.headers - http-outgoing-7 << X-Powered-By: Express
12:02:33.156 [main] DEBUG org.apache.http.headers - http-outgoing-7 << Access-Control-Allow-Origin: *
12:02:33.156 [main] DEBUG org.apache.http.headers - http-outgoing-7 << ETag: W/"3f-aD64d4wZd9a2Qss7/xYsCESysug"
12:02:33.156 [main] DEBUG org.apache.http.headers - http-outgoing-7 << CF-Cache-Status: DYNAMIC
12:02:33.156 [main] DEBUG org.apache.http.headers - http-outgoing-7 << Report-To: {"endpoints":[{"url":"https:\/\/a.nel.cloudflare.com\/report\/v3?s=q4D93V0zQLHrekIgBrqcvHQcPPKQdNXY9%2BgexoqJLTX1Wv6n6dCh1j9CNece%2FPZ4WALOswIZ8DcGnm9AGLEYEfG2qfGH6aQuPZq5wEH9rpok%2FbrdM6PunUb9XDMDxtn4ah%2B8qA7kEw%3D%3D"}],"group":"cf-nel","max_age":604800}
12:02:33.156 [main] DEBUG org.apache.http.headers - http-outgoing-7 << NEL: {"success_fraction":0,"report_to":"cf-nel","max_age":604800}
12:02:33.156 [main] DEBUG org.apache.http.headers - http-outgoing-7 << Server: cloudflare
12:02:33.156 [main] DEBUG org.apache.http.headers - http-outgoing-7 << CF-RAY: 77ad9f4d0ff72ea4-SIN
12:02:33.156 [main] DEBUG org.apache.http.headers - http-outgoing-7 << alt-svc: h3=":443"; ma=86400, h3-29=":443"; ma=86400
12:02:33.156 [main] DEBUG org.apache.http.impl.execchain.MainClientExec - Connection can be kept alive indefinitely
12:02:33.156 [main] DEBUG org.apache.http.impl.conn.PoolingHttpClientConnectionManager - Connection [id: 7][route: {s}->https://api.storerestapi.com:443] can be kept alive indefinitely
12:02:33.156 [main] DEBUG org.apache.http.impl.conn.DefaultManagedHttpClientConnection - http-outgoing-7: set socket timeout to 0
12:02:33.156 [main] DEBUG org.apache.http.impl.conn.PoolingHttpClientConnectionManager - Connection released: [id: 7][route: {s}->https://api.storerestapi.com:443][total available: 1; route allocated: 1 of 5; total allocated: 1 of 10]
12:02:33.157 [main] DEBUG com.intuit.karate - response time in milliseconds: 446
3 < 422
3 < Date: Sat, 17 Dec 2022 06:32:34 GMT
3 < Content-Type: application/json; charset=utf-8
3 < Content-Length: 63
3 < Connection: keep-alive
3 < X-Powered-By: Express
3 < Access-Control-Allow-Origin: *
3 < ETag: W/"3f-aD64d4wZd9a2Qss7/xYsCESysug"
3 < CF-Cache-Status: DYNAMIC
3 < Report-To: {"endpoints":[{"url":"https:\/\/a.nel.cloudflare.com\/report\/v3?s=q4D93V0zQLHrekIgBrqcvHQcPPKQdNXY9%2BgexoqJLTX1Wv6n6dCh1j9CNece%2FPZ4WALOswIZ8DcGnm9AGLEYEfG2qfGH6aQuPZq5wEH9rpok%2FbrdM6PunUb9XDMDxtn4ah%2B8qA7kEw%3D%3D"}],"group":"cf-nel","max_age":604800}
3 < NEL: {"success_fraction":0,"report_to":"cf-nel","max_age":604800}
3 < Server: cloudflare
3 < CF-RAY: 77ad9f4d0ff72ea4-SIN
3 < alt-svc: h3=":443"; ma=86400, h3-29=":443"; ma=86400
{"status":422,"message":"\"email\" is not allowed to be empty"}

12:02:33.158 [main] DEBUG com.jayway.jsonpath.internal.path.CompiledPath - Evaluating path: $['message']
12:02:33.165 [main] DEBUG com.jayway.jsonpath.internal.path.CompiledPath - Evaluating path: $
12:02:33.166 [main] INFO com.intuit.karate - [print] {
  "email": "robertgonzalez@gmail.com",
  "password": "simple_password"
}
 
12:02:33.168 [main] DEBUG com.jayway.jsonpath.internal.path.CompiledPath - Evaluating path: $
12:02:33.170 [main] DEBUG org.apache.http.client.protocol.RequestAddCookies - CookieSpec selected: karate
12:02:33.170 [main] DEBUG org.apache.http.client.protocol.RequestAuthCache - Auth cache not set in the context
12:02:33.170 [main] DEBUG com.intuit.karate - request:
4 > POST https://api.storerestapi.com/auth/login
4 > Content-Type: application/json; charset=UTF-8
4 > Content-Length: 56
4 > Host: api.storerestapi.com
4 > Connection: Keep-Alive
4 > User-Agent: Apache-HttpClient/4.5.13 (Java/17.0.1)
4 > Accept-Encoding: gzip,deflate
{"email":"robertgonzalez@gmail.com","password":"simple"}

12:02:33.170 [main] DEBUG org.apache.http.impl.conn.PoolingHttpClientConnectionManager - Connection request: [route: {s}->https://api.storerestapi.com:443][total available: 0; route allocated: 0 of 5; total allocated: 0 of 10]
12:02:33.171 [main] DEBUG org.apache.http.impl.conn.PoolingHttpClientConnectionManager - Connection leased: [id: 8][route: {s}->https://api.storerestapi.com:443][total available: 0; route allocated: 1 of 5; total allocated: 1 of 10]
12:02:33.171 [main] DEBUG org.apache.http.impl.execchain.MainClientExec - Opening connection {s}->https://api.storerestapi.com:443
12:02:33.171 [main] DEBUG org.apache.http.impl.conn.DefaultHttpClientConnectionOperator - Connecting to api.storerestapi.com/172.67.193.84:443
12:02:33.171 [main] DEBUG org.apache.http.conn.ssl.SSLConnectionSocketFactory - Connecting socket to api.storerestapi.com/172.67.193.84:443 with timeout 30000
12:02:33.234 [main] DEBUG org.apache.http.conn.ssl.SSLConnectionSocketFactory - Enabled protocols: [TLSv1.3, TLSv1.2]
12:02:33.235 [main] DEBUG org.apache.http.conn.ssl.SSLConnectionSocketFactory - Enabled cipher suites:[TLS_AES_256_GCM_SHA384, TLS_AES_128_GCM_SHA256, TLS_CHACHA20_POLY1305_SHA256, TLS_ECDHE_ECDSA_WITH_AES_256_GCM_SHA384, TLS_ECDHE_ECDSA_WITH_AES_128_GCM_SHA256, TLS_ECDHE_ECDSA_WITH_CHACHA20_POLY1305_SHA256, TLS_ECDHE_RSA_WITH_AES_256_GCM_SHA384, TLS_ECDHE_RSA_WITH_CHACHA20_POLY1305_SHA256, TLS_ECDHE_RSA_WITH_AES_128_GCM_SHA256, TLS_DHE_RSA_WITH_AES_256_GCM_SHA384, TLS_DHE_RSA_WITH_CHACHA20_POLY1305_SHA256, TLS_DHE_DSS_WITH_AES_256_GCM_SHA384, TLS_DHE_RSA_WITH_AES_128_GCM_SHA256, TLS_DHE_DSS_WITH_AES_128_GCM_SHA256, TLS_ECDHE_ECDSA_WITH_AES_256_CBC_SHA384, TLS_ECDHE_RSA_WITH_AES_256_CBC_SHA384, TLS_ECDHE_ECDSA_WITH_AES_128_CBC_SHA256, TLS_ECDHE_RSA_WITH_AES_128_CBC_SHA256, TLS_DHE_RSA_WITH_AES_256_CBC_SHA256, TLS_DHE_DSS_WITH_AES_256_CBC_SHA256, TLS_DHE_RSA_WITH_AES_128_CBC_SHA256, TLS_DHE_DSS_WITH_AES_128_CBC_SHA256, TLS_ECDH_ECDSA_WITH_AES_256_GCM_SHA384, TLS_ECDH_RSA_WITH_AES_256_GCM_SHA384, TLS_ECDH_ECDSA_WITH_AES_128_GCM_SHA256, TLS_ECDH_RSA_WITH_AES_128_GCM_SHA256, TLS_ECDH_ECDSA_WITH_AES_256_CBC_SHA384, TLS_ECDH_RSA_WITH_AES_256_CBC_SHA384, TLS_ECDH_ECDSA_WITH_AES_128_CBC_SHA256, TLS_ECDH_RSA_WITH_AES_128_CBC_SHA256, TLS_ECDHE_ECDSA_WITH_AES_256_CBC_SHA, TLS_ECDHE_RSA_WITH_AES_256_CBC_SHA, TLS_ECDHE_ECDSA_WITH_AES_128_CBC_SHA, TLS_ECDHE_RSA_WITH_AES_128_CBC_SHA, TLS_DHE_RSA_WITH_AES_256_CBC_SHA, TLS_DHE_DSS_WITH_AES_256_CBC_SHA, TLS_DHE_RSA_WITH_AES_128_CBC_SHA, TLS_DHE_DSS_WITH_AES_128_CBC_SHA, TLS_ECDH_ECDSA_WITH_AES_256_CBC_SHA, TLS_ECDH_RSA_WITH_AES_256_CBC_SHA, TLS_ECDH_ECDSA_WITH_AES_128_CBC_SHA, TLS_ECDH_RSA_WITH_AES_128_CBC_SHA, TLS_RSA_WITH_AES_256_GCM_SHA384, TLS_RSA_WITH_AES_128_GCM_SHA256, TLS_RSA_WITH_AES_256_CBC_SHA256, TLS_RSA_WITH_AES_128_CBC_SHA256, TLS_RSA_WITH_AES_256_CBC_SHA, TLS_RSA_WITH_AES_128_CBC_SHA, TLS_EMPTY_RENEGOTIATION_INFO_SCSV]
12:02:33.235 [main] DEBUG org.apache.http.conn.ssl.SSLConnectionSocketFactory - Starting handshake
12:02:33.314 [main] DEBUG org.apache.http.conn.ssl.SSLConnectionSocketFactory - Secure session established
12:02:33.314 [main] DEBUG org.apache.http.conn.ssl.SSLConnectionSocketFactory -  negotiated protocol: TLSv1.3
12:02:33.314 [main] DEBUG org.apache.http.conn.ssl.SSLConnectionSocketFactory -  negotiated cipher suite: TLS_AES_256_GCM_SHA384
12:02:33.314 [main] DEBUG org.apache.http.conn.ssl.SSLConnectionSocketFactory -  peer principal: CN=*.storerestapi.com
12:02:33.314 [main] DEBUG org.apache.http.conn.ssl.SSLConnectionSocketFactory -  peer alternative names: [*.storerestapi.com, storerestapi.com]
12:02:33.314 [main] DEBUG org.apache.http.conn.ssl.SSLConnectionSocketFactory -  issuer principal: CN=E1, O=Let's Encrypt, C=US
12:02:33.314 [main] DEBUG org.apache.http.impl.conn.DefaultHttpClientConnectionOperator - Connection established 10.1.5.60:54441<->172.67.193.84:443
12:02:33.314 [main] DEBUG org.apache.http.impl.conn.DefaultManagedHttpClientConnection - http-outgoing-8: set socket timeout to 30000
12:02:33.314 [main] DEBUG org.apache.http.impl.execchain.MainClientExec - Executing request POST /auth/login HTTP/1.1
12:02:33.314 [main] DEBUG org.apache.http.impl.execchain.MainClientExec - Target auth state: UNCHALLENGED
12:02:33.314 [main] DEBUG org.apache.http.impl.execchain.MainClientExec - Proxy auth state: UNCHALLENGED
12:02:33.314 [main] DEBUG org.apache.http.headers - http-outgoing-8 >> POST /auth/login HTTP/1.1
12:02:33.314 [main] DEBUG org.apache.http.headers - http-outgoing-8 >> Content-Type: application/json; charset=UTF-8
12:02:33.314 [main] DEBUG org.apache.http.headers - http-outgoing-8 >> Content-Length: 56
12:02:33.314 [main] DEBUG org.apache.http.headers - http-outgoing-8 >> Host: api.storerestapi.com
12:02:33.314 [main] DEBUG org.apache.http.headers - http-outgoing-8 >> Connection: Keep-Alive
12:02:33.314 [main] DEBUG org.apache.http.headers - http-outgoing-8 >> User-Agent: Apache-HttpClient/4.5.13 (Java/17.0.1)
12:02:33.314 [main] DEBUG org.apache.http.headers - http-outgoing-8 >> Accept-Encoding: gzip,deflate
12:02:33.315 [main] DEBUG org.apache.http.wire - http-outgoing-8 >> "POST /auth/login HTTP/1.1[\r][\n]"
12:02:33.315 [main] DEBUG org.apache.http.wire - http-outgoing-8 >> "Content-Type: application/json; charset=UTF-8[\r][\n]"
12:02:33.315 [main] DEBUG org.apache.http.wire - http-outgoing-8 >> "Content-Length: 56[\r][\n]"
12:02:33.315 [main] DEBUG org.apache.http.wire - http-outgoing-8 >> "Host: api.storerestapi.com[\r][\n]"
12:02:33.315 [main] DEBUG org.apache.http.wire - http-outgoing-8 >> "Connection: Keep-Alive[\r][\n]"
12:02:33.315 [main] DEBUG org.apache.http.wire - http-outgoing-8 >> "User-Agent: Apache-HttpClient/4.5.13 (Java/17.0.1)[\r][\n]"
12:02:33.315 [main] DEBUG org.apache.http.wire - http-outgoing-8 >> "Accept-Encoding: gzip,deflate[\r][\n]"
12:02:33.315 [main] DEBUG org.apache.http.wire - http-outgoing-8 >> "[\r][\n]"
12:02:33.315 [main] DEBUG org.apache.http.wire - http-outgoing-8 >> "{"email":"robertgonzalez@gmail.com","password":"simple"}"
12:02:33.712 [main] DEBUG org.apache.http.wire - http-outgoing-8 << "HTTP/1.1 400 Bad Request[\r][\n]"
12:02:33.712 [main] DEBUG org.apache.http.wire - http-outgoing-8 << "Date: Sat, 17 Dec 2022 06:32:34 GMT[\r][\n]"
12:02:33.712 [main] DEBUG org.apache.http.wire - http-outgoing-8 << "Content-Type: application/json; charset=utf-8[\r][\n]"
12:02:33.712 [main] DEBUG org.apache.http.wire - http-outgoing-8 << "Content-Length: 49[\r][\n]"
12:02:33.712 [main] DEBUG org.apache.http.wire - http-outgoing-8 << "Connection: keep-alive[\r][\n]"
12:02:33.712 [main] DEBUG org.apache.http.wire - http-outgoing-8 << "X-Powered-By: Express[\r][\n]"
12:02:33.712 [main] DEBUG org.apache.http.wire - http-outgoing-8 << "Access-Control-Allow-Origin: *[\r][\n]"
12:02:33.712 [main] DEBUG org.apache.http.wire - http-outgoing-8 << "ETag: W/"31-I8zslZmyey4LrgrUrSiil3ZfY9w"[\r][\n]"
12:02:33.712 [main] DEBUG org.apache.http.wire - http-outgoing-8 << "CF-Cache-Status: DYNAMIC[\r][\n]"
12:02:33.712 [main] DEBUG org.apache.http.wire - http-outgoing-8 << "Report-To: {"endpoints":[{"url":"https:\/\/a.nel.cloudflare.com\/report\/v3?s=upRWT4pyqI5kbbwUnuL1E2umytCf01ZBrV5miElpEb%2FARAynSYlwtkmN3CjsVk4sxhlDdjHi6xhibfy98oFqycHkiD0NRiHFUSQo%2Bt%2B8rf3CcrAR4ChDtTIx5CIeLA2l%2BaEeN0wD4A%3D%3D"}],"group":"cf-nel","max_age":604800}[\r][\n]"
12:02:33.712 [main] DEBUG org.apache.http.wire - http-outgoing-8 << "NEL: {"success_fraction":0,"report_to":"cf-nel","max_age":604800}[\r][\n]"
12:02:33.712 [main] DEBUG org.apache.http.wire - http-outgoing-8 << "Server: cloudflare[\r][\n]"
12:02:33.712 [main] DEBUG org.apache.http.wire - http-outgoing-8 << "CF-RAY: 77ad9f4fcb6d498b-SIN[\r][\n]"
12:02:33.712 [main] DEBUG org.apache.http.wire - http-outgoing-8 << "alt-svc: h3=":443"; ma=86400, h3-29=":443"; ma=86400[\r][\n]"
12:02:33.713 [main] DEBUG org.apache.http.wire - http-outgoing-8 << "[\r][\n]"
12:02:33.713 [main] DEBUG org.apache.http.wire - http-outgoing-8 << "{"status":400,"message":"Your password is wrong"}"
12:02:33.713 [main] DEBUG org.apache.http.headers - http-outgoing-8 << HTTP/1.1 400 Bad Request
12:02:33.713 [main] DEBUG org.apache.http.headers - http-outgoing-8 << Date: Sat, 17 Dec 2022 06:32:34 GMT
12:02:33.713 [main] DEBUG org.apache.http.headers - http-outgoing-8 << Content-Type: application/json; charset=utf-8
12:02:33.713 [main] DEBUG org.apache.http.headers - http-outgoing-8 << Content-Length: 49
12:02:33.713 [main] DEBUG org.apache.http.headers - http-outgoing-8 << Connection: keep-alive
12:02:33.713 [main] DEBUG org.apache.http.headers - http-outgoing-8 << X-Powered-By: Express
12:02:33.713 [main] DEBUG org.apache.http.headers - http-outgoing-8 << Access-Control-Allow-Origin: *
12:02:33.713 [main] DEBUG org.apache.http.headers - http-outgoing-8 << ETag: W/"31-I8zslZmyey4LrgrUrSiil3ZfY9w"
12:02:33.713 [main] DEBUG org.apache.http.headers - http-outgoing-8 << CF-Cache-Status: DYNAMIC
12:02:33.713 [main] DEBUG org.apache.http.headers - http-outgoing-8 << Report-To: {"endpoints":[{"url":"https:\/\/a.nel.cloudflare.com\/report\/v3?s=upRWT4pyqI5kbbwUnuL1E2umytCf01ZBrV5miElpEb%2FARAynSYlwtkmN3CjsVk4sxhlDdjHi6xhibfy98oFqycHkiD0NRiHFUSQo%2Bt%2B8rf3CcrAR4ChDtTIx5CIeLA2l%2BaEeN0wD4A%3D%3D"}],"group":"cf-nel","max_age":604800}
12:02:33.713 [main] DEBUG org.apache.http.headers - http-outgoing-8 << NEL: {"success_fraction":0,"report_to":"cf-nel","max_age":604800}
12:02:33.713 [main] DEBUG org.apache.http.headers - http-outgoing-8 << Server: cloudflare
12:02:33.713 [main] DEBUG org.apache.http.headers - http-outgoing-8 << CF-RAY: 77ad9f4fcb6d498b-SIN
12:02:33.713 [main] DEBUG org.apache.http.headers - http-outgoing-8 << alt-svc: h3=":443"; ma=86400, h3-29=":443"; ma=86400
12:02:33.713 [main] DEBUG org.apache.http.impl.execchain.MainClientExec - Connection can be kept alive indefinitely
12:02:33.713 [main] DEBUG org.apache.http.impl.conn.PoolingHttpClientConnectionManager - Connection [id: 8][route: {s}->https://api.storerestapi.com:443] can be kept alive indefinitely
12:02:33.713 [main] DEBUG org.apache.http.impl.conn.DefaultManagedHttpClientConnection - http-outgoing-8: set socket timeout to 0
12:02:33.713 [main] DEBUG org.apache.http.impl.conn.PoolingHttpClientConnectionManager - Connection released: [id: 8][route: {s}->https://api.storerestapi.com:443][total available: 1; route allocated: 1 of 5; total allocated: 1 of 10]
12:02:33.713 [main] DEBUG com.intuit.karate - response time in milliseconds: 543
4 < 400
4 < Date: Sat, 17 Dec 2022 06:32:34 GMT
4 < Content-Type: application/json; charset=utf-8
4 < Content-Length: 49
4 < Connection: keep-alive
4 < X-Powered-By: Express
4 < Access-Control-Allow-Origin: *
4 < ETag: W/"31-I8zslZmyey4LrgrUrSiil3ZfY9w"
4 < CF-Cache-Status: DYNAMIC
4 < Report-To: {"endpoints":[{"url":"https:\/\/a.nel.cloudflare.com\/report\/v3?s=upRWT4pyqI5kbbwUnuL1E2umytCf01ZBrV5miElpEb%2FARAynSYlwtkmN3CjsVk4sxhlDdjHi6xhibfy98oFqycHkiD0NRiHFUSQo%2Bt%2B8rf3CcrAR4ChDtTIx5CIeLA2l%2BaEeN0wD4A%3D%3D"}],"group":"cf-nel","max_age":604800}
4 < NEL: {"success_fraction":0,"report_to":"cf-nel","max_age":604800}
4 < Server: cloudflare
4 < CF-RAY: 77ad9f4fcb6d498b-SIN
4 < alt-svc: h3=":443"; ma=86400, h3-29=":443"; ma=86400
{"status":400,"message":"Your password is wrong"}

12:02:33.715 [main] DEBUG com.jayway.jsonpath.internal.path.CompiledPath - Evaluating path: $['message']
12:02:33.718 [main] ERROR com.intuit.karate - classpath:com/storeapiapp/features/User.feature:6
* def getAccessTokenFromLogin = loginFeatureFile.response.data.access_token
js failed:
>>>>
01: loginFeatureFile.response.data.access_token
<<<<
org.graalvm.polyglot.PolyglotException: TypeError: Cannot read property "access_token" from undefined
- <js>.:program(Unnamed:1)

classpath:com/storeapiapp/features/User.feature:6
12:02:33.720 [main] DEBUG com.jayway.jsonpath.internal.path.CompiledPath - Evaluating path: $
12:02:33.721 [main] DEBUG com.jayway.jsonpath.internal.path.CompiledPath - Evaluating path: $
12:02:33.734 [main] DEBUG com.jayway.jsonpath.internal.path.CompiledPath - Evaluating path: $
12:02:33.735 [main] DEBUG com.jayway.jsonpath.internal.path.CompiledPath - Evaluating path: $
12:02:33.738 [main] DEBUG org.thymeleaf.TemplateEngine - [THYMELEAF] INITIALIZING TEMPLATE ENGINE
12:02:33.764 [main] DEBUG org.thymeleaf.TemplateEngine.CONFIG - Initializing Thymeleaf Template engine configuration...
[THYMELEAF] TEMPLATE ENGINE CONFIGURATION:
[THYMELEAF] * Thymeleaf version: 3.0.14.RELEASE (built 2021-12-08T00:45:29+0000)
[THYMELEAF] * Cache Manager implementation: org.thymeleaf.cache.StandardCacheManager
[THYMELEAF] * Template resolvers:
[THYMELEAF]     * [1] com.intuit.karate.template.ResourceHtmlTemplateResolver
[THYMELEAF] * Message resolvers:
[THYMELEAF]     * org.thymeleaf.messageresolver.StandardMessageResolver
[THYMELEAF] * Link builders:
[THYMELEAF]     * org.thymeleaf.linkbuilder.StandardLinkBuilder
[THYMELEAF] * Dialect [1 of 2]: Standard (com.intuit.karate.template.KarateStandardDialect)
[THYMELEAF]     * Prefix: "th"
[THYMELEAF]     * Processors for Template Mode: HTML
[THYMELEAF]         * Element Tag Processors by [matching element and attribute name] [precedence]:
[THYMELEAF]             * [* {th:include,data-th-include}] [100]: org.thymeleaf.standard.processor.StandardIncludeTagProcessor
[THYMELEAF]             * [* {th:insert,data-th-insert}] [100]: org.thymeleaf.standard.processor.StandardInsertTagProcessor
[THYMELEAF]             * [* {th:replace,data-th-replace}] [100]: org.thymeleaf.standard.processor.StandardReplaceTagProcessor
[THYMELEAF]             * [* {th:substituteby,data-th-substituteby}] [100]: org.thymeleaf.standard.processor.StandardSubstituteByTagProcessor
[THYMELEAF]             * [* {th:each,data-th-each}] [200]: com.intuit.karate.template.KarateEachTagProcessor
[THYMELEAF]             * [* {th:switch,data-th-switch}] [250]: org.thymeleaf.standard.processor.StandardSwitchTagProcessor
[THYMELEAF]             * [* {th:case,data-th-case}] [275]: org.thymeleaf.standard.processor.StandardCaseTagProcessor
[THYMELEAF]             * [* {th:if,data-th-if}] [300]: org.thymeleaf.standard.processor.StandardIfTagProcessor
[THYMELEAF]             * [* {th:unless,data-th-unless}] [400]: org.thymeleaf.standard.processor.StandardUnlessTagProcessor
[THYMELEAF]             * [* {th:object,data-th-object}] [500]: org.thymeleaf.standard.processor.StandardObjectTagProcessor
[THYMELEAF]             * [* {th:with,data-th-with}] [600]: com.intuit.karate.template.KarateWithTagProcessor
[THYMELEAF]             * [* {th:attr,data-th-attr}] [700]: com.intuit.karate.template.KarateAttributeTagProcessor.KarateAttrTagProcessor
[THYMELEAF]             * [* {th:attrappend,data-th-attrappend}] [900]: com.intuit.karate.template.KarateAttributeTagProcessor.KarateAttrappendTagProcessor
[THYMELEAF]             * [* {th:attrprepend,data-th-attrprepend}] [900]: com.intuit.karate.template.KarateAttributeTagProcessor.KarateAttrprependTagProcessor
[THYMELEAF]             * [* {th:alt-title,data-th-alt-title}] [990]: org.thymeleaf.standard.processor.StandardAltTitleTagProcessor
[THYMELEAF]             * [* {th:lang-xmllang,data-th-lang-xmllang}] [990]: org.thymeleaf.standard.processor.StandardLangXmlLangTagProcessor
[THYMELEAF]             * [* {th:action,data-th-action}] [1000]: org.thymeleaf.standard.processor.StandardActionTagProcessor
[THYMELEAF]             * [* {th:pubdate,data-th-pubdate}] [1000]: org.thymeleaf.standard.processor.StandardConditionalFixedValueTagProcessor
[THYMELEAF]             * [* {th:formnovalidate,data-th-formnovalidate}] [1000]: org.thymeleaf.standard.processor.StandardConditionalFixedValueTagProcessor
[THYMELEAF]             * [* {th:autofocus,data-th-autofocus}] [1000]: org.thymeleaf.standard.processor.StandardConditionalFixedValueTagProcessor
[THYMELEAF]             * [* {th:async,data-th-async}] [1000]: org.thymeleaf.standard.processor.StandardConditionalFixedValueTagProcessor
[THYMELEAF]             * [* {th:seamless,data-th-seamless}] [1000]: org.thymeleaf.standard.processor.StandardConditionalFixedValueTagProcessor
[THYMELEAF]             * [* {th:autoplay,data-th-autoplay}] [1000]: org.thymeleaf.standard.processor.StandardConditionalFixedValueTagProcessor
[THYMELEAF]             * [* {th:open,data-th-open}] [1000]: org.thymeleaf.standard.processor.StandardConditionalFixedValueTagProcessor
[THYMELEAF]             * [* {th:scoped,data-th-scoped}] [1000]: org.thymeleaf.standard.processor.StandardConditionalFixedValueTagProcessor
[THYMELEAF]             * [* {th:defer,data-th-defer}] [1000]: org.thymeleaf.standard.processor.StandardConditionalFixedValueTagProcessor
[THYMELEAF]             * [* {th:disabled,data-th-disabled}] [1000]: org.thymeleaf.standard.processor.StandardConditionalFixedValueTagProcessor
[THYMELEAF]             * [* {th:reversed,data-th-reversed}] [1000]: org.thymeleaf.standard.processor.StandardConditionalFixedValueTagProcessor
[THYMELEAF]             * [* {th:ismap,data-th-ismap}] [1000]: org.thymeleaf.standard.processor.StandardConditionalFixedValueTagProcessor
[THYMELEAF]             * [* {th:controls,data-th-controls}] [1000]: org.thymeleaf.standard.processor.StandardConditionalFixedValueTagProcessor
[THYMELEAF]             * [* {th:loop,data-th-loop}] [1000]: org.thymeleaf.standard.processor.StandardConditionalFixedValueTagProcessor
[THYMELEAF]             * [* {th:multiple,data-th-multiple}] [1000]: org.thymeleaf.standard.processor.StandardConditionalFixedValueTagProcessor
[THYMELEAF]             * [* {th:readonly,data-th-readonly}] [1000]: org.thymeleaf.standard.processor.StandardConditionalFixedValueTagProcessor
[THYMELEAF]             * [* {th:nowrap,data-th-nowrap}] [1000]: org.thymeleaf.standard.processor.StandardConditionalFixedValueTagProcessor
[THYMELEAF]             * [* {th:novalidate,data-th-novalidate}] [1000]: org.thymeleaf.standard.processor.StandardConditionalFixedValueTagProcessor
[THYMELEAF]             * [* {th:hidden,data-th-hidden}] [1000]: org.thymeleaf.standard.processor.StandardConditionalFixedValueTagProcessor
[THYMELEAF]             * [* {th:selected,data-th-selected}] [1000]: org.thymeleaf.standard.processor.StandardConditionalFixedValueTagProcessor
[THYMELEAF]             * [* {th:default,data-th-default}] [1000]: org.thymeleaf.standard.processor.StandardConditionalFixedValueTagProcessor
[THYMELEAF]             * [* {th:declare,data-th-declare}] [1000]: org.thymeleaf.standard.processor.StandardConditionalFixedValueTagProcessor
[THYMELEAF]             * [* {th:checked,data-th-checked}] [1000]: org.thymeleaf.standard.processor.StandardConditionalFixedValueTagProcessor
[THYMELEAF]             * [* {th:required,data-th-required}] [1000]: org.thymeleaf.standard.processor.StandardConditionalFixedValueTagProcessor
[THYMELEAF]             * [* {th:onsuspend,data-th-onsuspend}] [1000]: org.thymeleaf.standard.processor.StandardDOMEventAttributeTagProcessor
[THYMELEAF]             * [* {th:onmousemove,data-th-onmousemove}] [1000]: org.thymeleaf.standard.processor.StandardDOMEventAttributeTagProcessor
[THYMELEAF]             * [* {th:ondragenter,data-th-ondragenter}] [1000]: org.thymeleaf.standard.processor.StandardDOMEventAttributeTagProcessor
[THYMELEAF]             * [* {th:onplay,data-th-onplay}] [1000]: org.thymeleaf.standard.processor.StandardDOMEventAttributeTagProcessor
[THYMELEAF]             * [* {th:onselect,data-th-onselect}] [1000]: org.thymeleaf.standard.processor.StandardDOMEventAttributeTagProcessor
[THYMELEAF]             * [* {th:onpopstate,data-th-onpopstate}] [1000]: org.thymeleaf.standard.processor.StandardDOMEventAttributeTagProcessor
[THYMELEAF]             * [* {th:oncontextmenu,data-th-oncontextmenu}] [1000]: org.thymeleaf.standard.processor.StandardDOMEventAttributeTagProcessor
[THYMELEAF]             * [* {th:onkeyup,data-th-onkeyup}] [1000]: org.thymeleaf.standard.processor.StandardDOMEventAttributeTagProcessor
[THYMELEAF]             * [* {th:onscroll,data-th-onscroll}] [1000]: org.thymeleaf.standard.processor.StandardDOMEventAttributeTagProcessor
[THYMELEAF]             * [* {th:onsubmit,data-th-onsubmit}] [1000]: org.thymeleaf.standard.processor.StandardDOMEventAttributeTagProcessor
[THYMELEAF]             * [* {th:onmouseout,data-th-onmouseout}] [1000]: org.thymeleaf.standard.processor.StandardDOMEventAttributeTagProcessor
[THYMELEAF]             * [* {th:onloadstart,data-th-onloadstart}] [1000]: org.thymeleaf.standard.processor.StandardDOMEventAttributeTagProcessor
[THYMELEAF]             * [* {th:ondragover,data-th-ondragover}] [1000]: org.thymeleaf.standard.processor.StandardDOMEventAttributeTagProcessor
[THYMELEAF]             * [* {th:onplaying,data-th-onplaying}] [1000]: org.thymeleaf.standard.processor.StandardDOMEventAttributeTagProcessor
[THYMELEAF]             * [* {th:onreset,data-th-onreset}] [1000]: org.thymeleaf.standard.processor.StandardDOMEventAttributeTagProcessor
[THYMELEAF]             * [* {th:onprogress,data-th-onprogress}] [1000]: org.thymeleaf.standard.processor.StandardDOMEventAttributeTagProcessor
[THYMELEAF]             * [* {th:onoffline,data-th-onoffline}] [1000]: org.thymeleaf.standard.processor.StandardDOMEventAttributeTagProcessor
[THYMELEAF]             * [* {th:ondrag,data-th-ondrag}] [1000]: org.thymeleaf.standard.processor.StandardDOMEventAttributeTagProcessor
[THYMELEAF]             * [* {th:ondragend,data-th-ondragend}] [1000]: org.thymeleaf.standard.processor.StandardDOMEventAttributeTagProcessor
[THYMELEAF]             * [* {th:onunload,data-th-onunload}] [1000]: org.thymeleaf.standard.processor.StandardDOMEventAttributeTagProcessor
[THYMELEAF]             * [* {th:ondurationchange,data-th-ondurationchange}] [1000]: org.thymeleaf.standard.processor.StandardDOMEventAttributeTagProcessor
[THYMELEAF]             * [* {th:onshow,data-th-onshow}] [1000]: org.thymeleaf.standard.processor.StandardDOMEventAttributeTagProcessor
[THYMELEAF]             * [* {th:onchange,data-th-onchange}] [1000]: org.thymeleaf.standard.processor.StandardDOMEventAttributeTagProcessor
[THYMELEAF]             * [* {th:onended,data-th-onended}] [1000]: org.thymeleaf.standard.processor.StandardDOMEventAttributeTagProcessor
[THYMELEAF]             * [* {th:ondblclick,data-th-ondblclick}] [1000]: org.thymeleaf.standard.processor.StandardDOMEventAttributeTagProcessor
[THYMELEAF]             * [* {th:onstalled,data-th-onstalled}] [1000]: org.thymeleaf.standard.processor.StandardDOMEventAttributeTagProcessor
[THYMELEAF]             * [* {th:onforminput,data-th-onforminput}] [1000]: org.thymeleaf.standard.processor.StandardDOMEventAttributeTagProcessor
[THYMELEAF]             * [* {th:onpause,data-th-onpause}] [1000]: org.thymeleaf.standard.processor.StandardDOMEventAttributeTagProcessor
[THYMELEAF]             * [* {th:onloadedmetadata,data-th-onloadedmetadata}] [1000]: org.thymeleaf.standard.processor.StandardDOMEventAttributeTagProcessor
[THYMELEAF]             * [* {th:oncanplay,data-th-oncanplay}] [1000]: org.thymeleaf.standard.processor.StandardDOMEventAttributeTagProcessor
[THYMELEAF]             * [* {th:onseeked,data-th-onseeked}] [1000]: org.thymeleaf.standard.processor.StandardDOMEventAttributeTagProcessor
[THYMELEAF]             * [* {th:onmousewheel,data-th-onmousewheel}] [1000]: org.thymeleaf.standard.processor.StandardDOMEventAttributeTagProcessor
[THYMELEAF]             * [* {th:onhashchange,data-th-onhashchange}] [1000]: org.thymeleaf.standard.processor.StandardDOMEventAttributeTagProcessor
[THYMELEAF]             * [* {th:ondragstart,data-th-ondragstart}] [1000]: org.thymeleaf.standard.processor.StandardDOMEventAttributeTagProcessor
[THYMELEAF]             * [* {th:onfocus,data-th-onfocus}] [1000]: org.thymeleaf.standard.processor.StandardDOMEventAttributeTagProcessor
[THYMELEAF]             * [* {th:onstorage,data-th-onstorage}] [1000]: org.thymeleaf.standard.processor.StandardDOMEventAttributeTagProcessor
[THYMELEAF]             * [* {th:onformchange,data-th-onformchange}] [1000]: org.thymeleaf.standard.processor.StandardDOMEventAttributeTagProcessor
[THYMELEAF]             * [* {th:onkeydown,data-th-onkeydown}] [1000]: org.thymeleaf.standard.processor.StandardDOMEventAttributeTagProcessor
[THYMELEAF]             * [* {th:onloadeddata,data-th-onloadeddata}] [1000]: org.thymeleaf.standard.processor.StandardDOMEventAttributeTagProcessor
[THYMELEAF]             * [* {th:onundo,data-th-onundo}] [1000]: org.thymeleaf.standard.processor.StandardDOMEventAttributeTagProcessor
[THYMELEAF]             * [* {th:onblur,data-th-onblur}] [1000]: org.thymeleaf.standard.processor.StandardDOMEventAttributeTagProcessor
[THYMELEAF]             * [* {th:oninvalid,data-th-oninvalid}] [1000]: org.thymeleaf.standard.processor.StandardDOMEventAttributeTagProcessor
[THYMELEAF]             * [* {th:ontimeupdate,data-th-ontimeupdate}] [1000]: org.thymeleaf.standard.processor.StandardDOMEventAttributeTagProcessor
[THYMELEAF]             * [* {th:ononline,data-th-ononline}] [1000]: org.thymeleaf.standard.processor.StandardDOMEventAttributeTagProcessor
[THYMELEAF]             * [* {th:onmouseover,data-th-onmouseover}] [1000]: org.thymeleaf.standard.processor.StandardDOMEventAttributeTagProcessor
[THYMELEAF]             * [* {th:onredo,data-th-onredo}] [1000]: org.thymeleaf.standard.processor.StandardDOMEventAttributeTagProcessor
[THYMELEAF]             * [* {th:onmouseup,data-th-onmouseup}] [1000]: org.thymeleaf.standard.processor.StandardDOMEventAttributeTagProcessor
[THYMELEAF]             * [* {th:onload,data-th-onload}] [1000]: org.thymeleaf.standard.processor.StandardDOMEventAttributeTagProcessor
[THYMELEAF]             * [* {th:onafterprint,data-th-onafterprint}] [1000]: org.thymeleaf.standard.processor.StandardDOMEventAttributeTagProcessor
[THYMELEAF]             * [* {th:ondrop,data-th-ondrop}] [1000]: org.thymeleaf.standard.processor.StandardDOMEventAttributeTagProcessor
[THYMELEAF]             * [* {th:onabort,data-th-onabort}] [1000]: org.thymeleaf.standard.processor.StandardDOMEventAttributeTagProcessor
[THYMELEAF]             * [* {th:onratechange,data-th-onratechange}] [1000]: org.thymeleaf.standard.processor.StandardDOMEventAttributeTagProcessor
[THYMELEAF]             * [* {th:onclick,data-th-onclick}] [1000]: org.thymeleaf.standard.processor.StandardDOMEventAttributeTagProcessor
[THYMELEAF]             * [* {th:oncanplaythrough,data-th-oncanplaythrough}] [1000]: org.thymeleaf.standard.processor.StandardDOMEventAttributeTagProcessor
[THYMELEAF]             * [* {th:onmousedown,data-th-onmousedown}] [1000]: org.thymeleaf.standard.processor.StandardDOMEventAttributeTagProcessor
[THYMELEAF]             * [* {th:onerror,data-th-onerror}] [1000]: org.thymeleaf.standard.processor.StandardDOMEventAttributeTagProcessor
[THYMELEAF]             * [* {th:onkeypress,data-th-onkeypress}] [1000]: org.thymeleaf.standard.processor.StandardDOMEventAttributeTagProcessor
[THYMELEAF]             * [* {th:oninput,data-th-oninput}] [1000]: org.thymeleaf.standard.processor.StandardDOMEventAttributeTagProcessor
[THYMELEAF]             * [* {th:onwaiting,data-th-onwaiting}] [1000]: org.thymeleaf.standard.processor.StandardDOMEventAttributeTagProcessor
[THYMELEAF]             * [* {th:onemptied,data-th-onemptied}] [1000]: org.thymeleaf.standard.processor.StandardDOMEventAttributeTagProcessor
[THYMELEAF]             * [* {th:onmessage,data-th-onmessage}] [1000]: org.thymeleaf.standard.processor.StandardDOMEventAttributeTagProcessor
[THYMELEAF]             * [* {th:onbeforeunload,data-th-onbeforeunload}] [1000]: org.thymeleaf.standard.processor.StandardDOMEventAttributeTagProcessor
[THYMELEAF]             * [* {th:onbeforeprint,data-th-onbeforeprint}] [1000]: org.thymeleaf.standard.processor.StandardDOMEventAttributeTagProcessor
[THYMELEAF]             * [* {th:ondragleave,data-th-ondragleave}] [1000]: org.thymeleaf.standard.processor.StandardDOMEventAttributeTagProcessor
[THYMELEAF]             * [* {th:onvolumechange,data-th-onvolumechange}] [1000]: org.thymeleaf.standard.processor.StandardDOMEventAttributeTagProcessor
[THYMELEAF]             * [* {th:onresize,data-th-onresize}] [1000]: org.thymeleaf.standard.processor.StandardDOMEventAttributeTagProcessor
[THYMELEAF]             * [* {th:onreadystatechange,data-th-onreadystatechange}] [1000]: org.thymeleaf.standard.processor.StandardDOMEventAttributeTagProcessor
[THYMELEAF]             * [* {th:onseeking,data-th-onseeking}] [1000]: org.thymeleaf.standard.processor.StandardDOMEventAttributeTagProcessor
[THYMELEAF]             * [* {th:href,data-th-href}] [1000]: org.thymeleaf.standard.processor.StandardHrefTagProcessor
[THYMELEAF]             * [* {th:inline,data-th-inline}] [1000]: org.thymeleaf.standard.processor.StandardInlineHTMLTagProcessor
[THYMELEAF]             * [* {th:method,data-th-method}] [1000]: org.thymeleaf.standard.processor.StandardMethodTagProcessor
[THYMELEAF]             * [* {th:name,data-th-name}] [1000]: org.thymeleaf.standard.processor.StandardNonRemovableAttributeTagProcessor
[THYMELEAF]             * [* {th:type,data-th-type}] [1000]: org.thymeleaf.standard.processor.StandardNonRemovableAttributeTagProcessor
[THYMELEAF]             * [* {th:target,data-th-target}] [1000]: org.thymeleaf.standard.processor.StandardRemovableAttributeTagProcessor
[THYMELEAF]             * [* {th:challenge,data-th-challenge}] [1000]: org.thymeleaf.standard.processor.StandardRemovableAttributeTagProcessor
[THYMELEAF]             * [* {th:summary,data-th-summary}] [1000]: org.thymeleaf.standard.processor.StandardRemovableAttributeTagProcessor
[THYMELEAF]             * [* {th:height,data-th-height}] [1000]: org.thymeleaf.standard.processor.StandardRemovableAttributeTagProcessor
[THYMELEAF]             * [* {th:for,data-th-for}] [1000]: org.thymeleaf.standard.processor.StandardRemovableAttributeTagProcessor
[THYMELEAF]             * [* {th:tabindex,data-th-tabindex}] [1000]: org.thymeleaf.standard.processor.StandardRemovableAttributeTagProcessor
[THYMELEAF]             * [* {th:media,data-th-media}] [1000]: org.thymeleaf.standard.processor.StandardRemovableAttributeTagProcessor
[THYMELEAF]             * [* {th:charset,data-th-charset}] [1000]: org.thymeleaf.standard.processor.StandardRemovableAttributeTagProcessor
[THYMELEAF]             * [* {th:usemap,data-th-usemap}] [1000]: org.thymeleaf.standard.processor.StandardRemovableAttributeTagProcessor
[THYMELEAF]             * [* {th:form,data-th-form}] [1000]: org.thymeleaf.standard.processor.StandardRemovableAttributeTagProcessor
[THYMELEAF]             * [* {th:accesskey,data-th-accesskey}] [1000]: org.thymeleaf.standard.processor.StandardRemovableAttributeTagProcessor
[THYMELEAF]             * [* {th:maxlength,data-th-maxlength}] [1000]: org.thymeleaf.standard.processor.StandardRemovableAttributeTagProcessor
[THYMELEAF]             * [* {th:start,data-th-start}] [1000]: org.thymeleaf.standard.processor.StandardRemovableAttributeTagProcessor
[THYMELEAF]             * [* {th:poster,data-th-poster}] [1000]: org.thymeleaf.standard.processor.StandardRemovableAttributeTagProcessor
[THYMELEAF]             * [* {th:formtarget,data-th-formtarget}] [1000]: org.thymeleaf.standard.processor.StandardRemovableAttributeTagProcessor
[THYMELEAF]             * [* {th:marginheight,data-th-marginheight}] [1000]: org.thymeleaf.standard.processor.StandardRemovableAttributeTagProcessor
[THYMELEAF]             * [* {th:cols,data-th-cols}] [1000]: org.thymeleaf.standard.processor.StandardRemovableAttributeTagProcessor
[THYMELEAF]             * [* {th:data,data-th-data}] [1000]: org.thymeleaf.standard.processor.StandardRemovableAttributeTagProcessor
[THYMELEAF]             * [* {th:kind,data-th-kind}] [1000]: org.thymeleaf.standard.processor.StandardRemovableAttributeTagProcessor
[THYMELEAF]             * [* {th:headers,data-th-headers}] [1000]: org.thymeleaf.standard.processor.StandardRemovableAttributeTagProcessor
[THYMELEAF]             * [* {th:frameborder,data-th-frameborder}] [1000]: org.thymeleaf.standard.processor.StandardRemovableAttributeTagProcessor
[THYMELEAF]             * [* {th:high,data-th-high}] [1000]: org.thymeleaf.standard.processor.StandardRemovableAttributeTagProcessor
[THYMELEAF]             * [* {th:max,data-th-max}] [1000]: org.thymeleaf.standard.processor.StandardRemovableAttributeTagProcessor
[THYMELEAF]             * [* {th:autocomplete,data-th-autocomplete}] [1000]: org.thymeleaf.standard.processor.StandardRemovableAttributeTagProcessor
[THYMELEAF]             * [* {th:cellpadding,data-th-cellpadding}] [1000]: org.thymeleaf.standard.processor.StandardRemovableAttributeTagProcessor
[THYMELEAF]             * [* {th:rev,data-th-rev}] [1000]: org.thymeleaf.standard.processor.StandardRemovableAttributeTagProcessor
[THYMELEAF]             * [* {th:enctype,data-th-enctype}] [1000]: org.thymeleaf.standard.processor.StandardRemovableAttributeTagProcessor
[THYMELEAF]             * [* {th:draggable,data-th-draggable}] [1000]: org.thymeleaf.standard.processor.StandardRemovableAttributeTagProcessor
[THYMELEAF]             * [* {th:rowspan,data-th-rowspan}] [1000]: org.thymeleaf.standard.processor.StandardRemovableAttributeTagProcessor
[THYMELEAF]             * [* {th:wrap,data-th-wrap}] [1000]: org.thymeleaf.standard.processor.StandardRemovableAttributeTagProcessor
[THYMELEAF]             * [* {th:bgcolor,data-th-bgcolor}] [1000]: org.thymeleaf.standard.processor.StandardRemovableAttributeTagProcessor
[THYMELEAF]             * [* {th:classid,data-th-classid}] [1000]: org.thymeleaf.standard.processor.StandardRemovableAttributeTagProcessor
[THYMELEAF]             * [* {th:align,data-th-align}] [1000]: org.thymeleaf.standard.processor.StandardRemovableAttributeTagProcessor
[THYMELEAF]             * [* {th:axis,data-th-axis}] [1000]: org.thymeleaf.standard.processor.StandardRemovableAttributeTagProcessor
[THYMELEAF]             * [* {th:spellcheck,data-th-spellcheck}] [1000]: org.thymeleaf.standard.processor.StandardRemovableAttributeTagProcessor
[THYMELEAF]             * [* {th:min,data-th-min}] [1000]: org.thymeleaf.standard.processor.StandardRemovableAttributeTagProcessor
[THYMELEAF]             * [* {th:standby,data-th-standby}] [1000]: org.thymeleaf.standard.processor.StandardRemovableAttributeTagProcessor
[THYMELEAF]             * [* {th:scope,data-th-scope}] [1000]: org.thymeleaf.standard.processor.StandardRemovableAttributeTagProcessor
[THYMELEAF]             * [* {th:contenteditable,data-th-contenteditable}] [1000]: org.thymeleaf.standard.processor.StandardRemovableAttributeTagProcessor
[THYMELEAF]             * [* {th:alt,data-th-alt}] [1000]: org.thymeleaf.standard.processor.StandardRemovableAttributeTagProcessor
[THYMELEAF]             * [* {th:title,data-th-title}] [1000]: org.thymeleaf.standard.processor.StandardRemovableAttributeTagProcessor
[THYMELEAF]             * [* {th:rel,data-th-rel}] [1000]: org.thymeleaf.standard.processor.StandardRemovableAttributeTagProcessor
[THYMELEAF]             * [* {th:sizes,data-th-sizes}] [1000]: org.thymeleaf.standard.processor.StandardRemovableAttributeTagProcessor
[THYMELEAF]             * [* {th:class,data-th-class}] [1000]: org.thymeleaf.standard.processor.StandardRemovableAttributeTagProcessor
[THYMELEAF]             * [* {th:low,data-th-low}] [1000]: org.thymeleaf.standard.processor.StandardRemovableAttributeTagProcessor
[THYMELEAF]             * [* {th:pattern,data-th-pattern}] [1000]: org.thymeleaf.standard.processor.StandardRemovableAttributeTagProcessor
[THYMELEAF]             * [* {th:optimum,data-th-optimum}] [1000]: org.thymeleaf.standard.processor.StandardRemovableAttributeTagProcessor
[THYMELEAF]             * [* {th:icon,data-th-icon}] [1000]: org.thymeleaf.standard.processor.StandardRemovableAttributeTagProcessor
[THYMELEAF]             * [* {th:marginwidth,data-th-marginwidth}] [1000]: org.thymeleaf.standard.processor.StandardRemovableAttributeTagProcessor
[THYMELEAF]             * [* {th:valuetype,data-th-valuetype}] [1000]: org.thymeleaf.standard.processor.StandardRemovableAttributeTagProcessor
[THYMELEAF]             * [* {th:scrolling,data-th-scrolling}] [1000]: org.thymeleaf.standard.processor.StandardRemovableAttributeTagProcessor
[THYMELEAF]             * [* {th:radiogroup,data-th-radiogroup}] [1000]: org.thymeleaf.standard.processor.StandardRemovableAttributeTagProcessor
[THYMELEAF]             * [* {th:preload,data-th-preload}] [1000]: org.thymeleaf.standard.processor.StandardRemovableAttributeTagProcessor
[THYMELEAF]             * [* {th:formaction,data-th-formaction}] [1000]: org.thymeleaf.standard.processor.StandardRemovableAttributeTagProcessor
[THYMELEAF]             * [* {th:rules,data-th-rules}] [1000]: org.thymeleaf.standard.processor.StandardRemovableAttributeTagProcessor
[THYMELEAF]             * [* {th:size,data-th-size}] [1000]: org.thymeleaf.standard.processor.StandardRemovableAttributeTagProcessor
[THYMELEAF]             * [* {th:dropzone,data-th-dropzone}] [1000]: org.thymeleaf.standard.processor.StandardRemovableAttributeTagProcessor
[THYMELEAF]             * [* {th:compact,data-th-compact}] [1000]: org.thymeleaf.standard.processor.StandardRemovableAttributeTagProcessor
[THYMELEAF]             * [* {th:sandbox,data-th-sandbox}] [1000]: org.thymeleaf.standard.processor.StandardRemovableAttributeTagProcessor
[THYMELEAF]             * [* {th:rows,data-th-rows}] [1000]: org.thymeleaf.standard.processor.StandardRemovableAttributeTagProcessor
[THYMELEAF]             * [* {th:lang,data-th-lang}] [1000]: org.thymeleaf.standard.processor.StandardRemovableAttributeTagProcessor
[THYMELEAF]             * [* {th:hspace,data-th-hspace}] [1000]: org.thymeleaf.standard.processor.StandardRemovableAttributeTagProcessor
[THYMELEAF]             * [* {th:background,data-th-background}] [1000]: org.thymeleaf.standard.processor.StandardRemovableAttributeTagProcessor
[THYMELEAF]             * [* {th:placeholder,data-th-placeholder}] [1000]: org.thymeleaf.standard.processor.StandardRemovableAttributeTagProcessor
[THYMELEAF]             * [* {th:dir,data-th-dir}] [1000]: org.thymeleaf.standard.processor.StandardRemovableAttributeTagProcessor
[THYMELEAF]             * [* {th:width,data-th-width}] [1000]: org.thymeleaf.standard.processor.StandardRemovableAttributeTagProcessor
[THYMELEAF]             * [* {th:cite,data-th-cite}] [1000]: org.thymeleaf.standard.processor.StandardRemovableAttributeTagProcessor
[THYMELEAF]             * [* {th:style,data-th-style}] [1000]: org.thymeleaf.standard.processor.StandardRemovableAttributeTagProcessor
[THYMELEAF]             * [* {th:scheme,data-th-scheme}] [1000]: org.thymeleaf.standard.processor.StandardRemovableAttributeTagProcessor
[THYMELEAF]             * [* {th:formmethod,data-th-formmethod}] [1000]: org.thymeleaf.standard.processor.StandardRemovableAttributeTagProcessor
[THYMELEAF]             * [* {th:step,data-th-step}] [1000]: org.thymeleaf.standard.processor.StandardRemovableAttributeTagProcessor
[THYMELEAF]             * [* {th:datetime,data-th-datetime}] [1000]: org.thymeleaf.standard.processor.StandardRemovableAttributeTagProcessor
[THYMELEAF]             * [* {th:content,data-th-content}] [1000]: org.thymeleaf.standard.processor.StandardRemovableAttributeTagProcessor
[THYMELEAF]             * [* {th:manifest,data-th-manifest}] [1000]: org.thymeleaf.standard.processor.StandardRemovableAttributeTagProcessor
[THYMELEAF]             * [* {th:list,data-th-list}] [1000]: org.thymeleaf.standard.processor.StandardRemovableAttributeTagProcessor
[THYMELEAF]             * [* {th:label,data-th-label}] [1000]: org.thymeleaf.standard.processor.StandardRemovableAttributeTagProcessor
[THYMELEAF]             * [* {th:span,data-th-span}] [1000]: org.thymeleaf.standard.processor.StandardRemovableAttributeTagProcessor
[THYMELEAF]             * [* {th:contextmenu,data-th-contextmenu}] [1000]: org.thymeleaf.standard.processor.StandardRemovableAttributeTagProcessor
[THYMELEAF]             * [* {th:vspace,data-th-vspace}] [1000]: org.thymeleaf.standard.processor.StandardRemovableAttributeTagProcessor
[THYMELEAF]             * [* {th:srclang,data-th-srclang}] [1000]: org.thymeleaf.standard.processor.StandardRemovableAttributeTagProcessor
[THYMELEAF]             * [* {th:id,data-th-id}] [1000]: org.thymeleaf.standard.processor.StandardRemovableAttributeTagProcessor
[THYMELEAF]             * [* {th:codetype,data-th-codetype}] [1000]: org.thymeleaf.standard.processor.StandardRemovableAttributeTagProcessor
[THYMELEAF]             * [* {th:formenctype,data-th-formenctype}] [1000]: org.thymeleaf.standard.processor.StandardRemovableAttributeTagProcessor
[THYMELEAF]             * [* {th:abbr,data-th-abbr}] [1000]: org.thymeleaf.standard.processor.StandardRemovableAttributeTagProcessor
[THYMELEAF]             * [* {th:keytype,data-th-keytype}] [1000]: org.thymeleaf.standard.processor.StandardRemovableAttributeTagProcessor
[THYMELEAF]             * [* {th:archive,data-th-archive}] [1000]: org.thymeleaf.standard.processor.StandardRemovableAttributeTagProcessor
[THYMELEAF]             * [* {th:http-equiv,data-th-http-equiv}] [1000]: org.thymeleaf.standard.processor.StandardRemovableAttributeTagProcessor
[THYMELEAF]             * [* {th:border,data-th-border}] [1000]: org.thymeleaf.standard.processor.StandardRemovableAttributeTagProcessor
[THYMELEAF]             * [* {th:colspan,data-th-colspan}] [1000]: org.thymeleaf.standard.processor.StandardRemovableAttributeTagProcessor
[THYMELEAF]             * [* {th:codebase,data-th-codebase}] [1000]: org.thymeleaf.standard.processor.StandardRemovableAttributeTagProcessor
[THYMELEAF]             * [* {th:audio,data-th-audio}] [1000]: org.thymeleaf.standard.processor.StandardRemovableAttributeTagProcessor
[THYMELEAF]             * [* {th:cellspacing,data-th-cellspacing}] [1000]: org.thymeleaf.standard.processor.StandardRemovableAttributeTagProcessor
[THYMELEAF]             * [* {th:accept,data-th-accept}] [1000]: org.thymeleaf.standard.processor.StandardRemovableAttributeTagProcessor
[THYMELEAF]             * [* {th:frame,data-th-frame}] [1000]: org.thymeleaf.standard.processor.StandardRemovableAttributeTagProcessor
[THYMELEAF]             * [* {th:hreflang,data-th-hreflang}] [1000]: org.thymeleaf.standard.processor.StandardRemovableAttributeTagProcessor
[THYMELEAF]             * [* {th:longdesc,data-th-longdesc}] [1000]: org.thymeleaf.standard.processor.StandardRemovableAttributeTagProcessor
[THYMELEAF]             * [* {th:accept-charset,data-th-accept-charset}] [1000]: org.thymeleaf.standard.processor.StandardRemovableAttributeTagProcessor
[THYMELEAF]             * [* {th:src,data-th-src}] [1000]: org.thymeleaf.standard.processor.StandardSrcTagProcessor
[THYMELEAF]             * [* {th:value,data-th-value}] [1000]: org.thymeleaf.standard.processor.StandardValueTagProcessor
[THYMELEAF]             * [* {th:xmlbase,data-th-xmlbase}] [1000]: org.thymeleaf.standard.processor.StandardXmlBaseTagProcessor
[THYMELEAF]             * [* {th:xmllang,data-th-xmllang}] [1000]: org.thymeleaf.standard.processor.StandardXmlLangTagProcessor
[THYMELEAF]             * [* {xmlns:th}] [1000]: org.thymeleaf.standard.processor.StandardXmlNsTagProcessor
[THYMELEAF]             * [* {th:xmlspace,data-th-xmlspace}] [1000]: org.thymeleaf.standard.processor.StandardXmlSpaceTagProcessor
[THYMELEAF]             * [* {th:classappend,data-th-classappend}] [1100]: org.thymeleaf.standard.processor.StandardClassappendTagProcessor
[THYMELEAF]             * [* {th:styleappend,data-th-styleappend}] [1100]: org.thymeleaf.standard.processor.StandardStyleappendTagProcessor
[THYMELEAF]             * [* {th:text,data-th-text}] [1300]: org.thymeleaf.standard.processor.StandardTextTagProcessor
[THYMELEAF]             * [* {th:utext,data-th-utext}] [1400]: org.thymeleaf.standard.processor.StandardUtextTagProcessor
[THYMELEAF]             * [* {th:fragment,data-th-fragment}] [1500]: org.thymeleaf.standard.processor.StandardFragmentTagProcessor
[THYMELEAF]             * [* {th:assert,data-th-assert}] [1550]: org.thymeleaf.standard.processor.StandardAssertTagProcessor
[THYMELEAF]             * [* {th:remove,data-th-remove}] [1600]: org.thymeleaf.standard.processor.StandardRemoveTagProcessor
[THYMELEAF]             * [* {th:ref,data-th-ref}] [10000]: org.thymeleaf.standard.processor.StandardRefAttributeTagProcessor
[THYMELEAF]             * [{th:block,th-block} *] [100000]: org.thymeleaf.standard.processor.StandardBlockTagProcessor
[THYMELEAF]             * [* th:*] [2147483647]: org.thymeleaf.standard.processor.StandardDefaultAttributesTagProcessor
[THYMELEAF]         * Text Processors by [precedence]:
[THYMELEAF]             * [1000]: org.thymeleaf.standard.processor.StandardInliningTextProcessor
[THYMELEAF]         * DOCTYPE Processors by [precedence]:
[THYMELEAF]             * [1000]: org.thymeleaf.standard.processor.StandardTranslationDocTypeProcessor
[THYMELEAF]         * CDATA Section Processors by [precedence]:
[THYMELEAF]             * [1000]: org.thymeleaf.standard.processor.StandardInliningCDATASectionProcessor
[THYMELEAF]         * Comment Processors by [precedence]:
[THYMELEAF]             * [1000]: org.thymeleaf.standard.processor.StandardInliningCommentProcessor
[THYMELEAF]             * [1100]: org.thymeleaf.standard.processor.StandardConditionalCommentProcessor
[THYMELEAF]     * Processors for Template Mode: XML
[THYMELEAF]         * Element Tag Processors by [matching element and attribute name] [precedence]:
[THYMELEAF]             * [* {th:include}] [100]: org.thymeleaf.standard.processor.StandardIncludeTagProcessor
[THYMELEAF]             * [* {th:insert}] [100]: org.thymeleaf.standard.processor.StandardInsertTagProcessor
[THYMELEAF]             * [* {th:replace}] [100]: org.thymeleaf.standard.processor.StandardReplaceTagProcessor
[THYMELEAF]             * [* {th:substituteby}] [100]: org.thymeleaf.standard.processor.StandardSubstituteByTagProcessor
[THYMELEAF]             * [* {th:each}] [200]: com.intuit.karate.template.KarateEachTagProcessor
[THYMELEAF]             * [* {th:switch}] [250]: org.thymeleaf.standard.processor.StandardSwitchTagProcessor
[THYMELEAF]             * [* {th:case}] [275]: org.thymeleaf.standard.processor.StandardCaseTagProcessor
[THYMELEAF]             * [* {th:if}] [300]: org.thymeleaf.standard.processor.StandardIfTagProcessor
[THYMELEAF]             * [* {th:unless}] [400]: org.thymeleaf.standard.processor.StandardUnlessTagProcessor
[THYMELEAF]             * [* {th:object}] [500]: org.thymeleaf.standard.processor.StandardObjectTagProcessor
[THYMELEAF]             * [* {th:with}] [600]: com.intuit.karate.template.KarateWithTagProcessor
[THYMELEAF]             * [* {th:attr}] [700]: com.intuit.karate.template.KarateAttributeTagProcessor.KarateAttrTagProcessor
[THYMELEAF]             * [* {th:attrappend}] [900]: com.intuit.karate.template.KarateAttributeTagProcessor.KarateAttrappendTagProcessor
[THYMELEAF]             * [* {th:attrprepend}] [900]: com.intuit.karate.template.KarateAttributeTagProcessor.KarateAttrprependTagProcessor
[THYMELEAF]             * [* {th:inline}] [1000]: org.thymeleaf.standard.processor.StandardInlineXMLTagProcessor
[THYMELEAF]             * [* {xmlns:th}] [1000]: org.thymeleaf.standard.processor.StandardXmlNsTagProcessor
[THYMELEAF]             * [* {th:text}] [1300]: org.thymeleaf.standard.processor.StandardTextTagProcessor
[THYMELEAF]             * [* {th:utext}] [1400]: org.thymeleaf.standard.processor.StandardUtextTagProcessor
[THYMELEAF]             * [* {th:fragment}] [1500]: org.thymeleaf.standard.processor.StandardFragmentTagProcessor
[THYMELEAF]             * [* {th:assert}] [1550]: org.thymeleaf.standard.processor.StandardAssertTagProcessor
[THYMELEAF]             * [* {th:remove}] [1600]: org.thymeleaf.standard.processor.StandardRemoveTagProcessor
[THYMELEAF]             * [* {th:ref}] [10000]: org.thymeleaf.standard.processor.StandardRefAttributeTagProcessor
[THYMELEAF]             * [{th:block} *] [100000]: org.thymeleaf.standard.processor.StandardBlockTagProcessor
[THYMELEAF]             * [* th:*] [2147483647]: org.thymeleaf.standard.processor.StandardDefaultAttributesTagProcessor
[THYMELEAF]         * Text Processors by [precedence]:
[THYMELEAF]             * [1000]: org.thymeleaf.standard.processor.StandardInliningTextProcessor
[THYMELEAF]         * CDATA Section Processors by [precedence]:
[THYMELEAF]             * [1000]: org.thymeleaf.standard.processor.StandardInliningCDATASectionProcessor
[THYMELEAF]         * Comment Processors by [precedence]:
[THYMELEAF]             * [1000]: org.thymeleaf.standard.processor.StandardInliningCommentProcessor
[THYMELEAF]     * Processors for Template Mode: TEXT
[THYMELEAF]         * Element Tag Processors by [matching element and attribute name] [precedence]:
[THYMELEAF]             * [* {th:insert}] [100]: org.thymeleaf.standard.processor.StandardInsertTagProcessor
[THYMELEAF]             * [* {th:replace}] [100]: org.thymeleaf.standard.processor.StandardReplaceTagProcessor
[THYMELEAF]             * [* {th:each}] [200]: com.intuit.karate.template.KarateEachTagProcessor
[THYMELEAF]             * [* {th:switch}] [250]: org.thymeleaf.standard.processor.StandardSwitchTagProcessor
[THYMELEAF]             * [* {th:case}] [275]: org.thymeleaf.standard.processor.StandardCaseTagProcessor
[THYMELEAF]             * [* {th:if}] [300]: org.thymeleaf.standard.processor.StandardIfTagProcessor
[THYMELEAF]             * [* {th:unless}] [400]: org.thymeleaf.standard.processor.StandardUnlessTagProcessor
[THYMELEAF]             * [* {th:object}] [500]: org.thymeleaf.standard.processor.StandardObjectTagProcessor
[THYMELEAF]             * [* {th:with}] [600]: com.intuit.karate.template.KarateWithTagProcessor
[THYMELEAF]             * [* {th:inline}] [1000]: org.thymeleaf.standard.processor.StandardInlineTextualTagProcessor
[THYMELEAF]             * [* {th:text}] [1300]: org.thymeleaf.standard.processor.StandardTextTagProcessor
[THYMELEAF]             * [* {th:utext}] [1400]: org.thymeleaf.standard.processor.StandardUtextTagProcessor
[THYMELEAF]             * [* {th:assert}] [1550]: org.thymeleaf.standard.processor.StandardAssertTagProcessor
[THYMELEAF]             * [* {th:remove}] [1600]: org.thymeleaf.standard.processor.StandardRemoveTagProcessor
[THYMELEAF]             * [{th:block} *] [100000]: org.thymeleaf.standard.processor.StandardBlockTagProcessor
[THYMELEAF]             * [* 100000] [org.thymeleaf.standard.processor.StandardBlockTagProcessor]: {}
[THYMELEAF]         * Text Processors by [precedence]:
[THYMELEAF]             * [1000]: org.thymeleaf.standard.processor.StandardInliningTextProcessor
[THYMELEAF]     * Processors for Template Mode: JAVASCRIPT
[THYMELEAF]         * Element Tag Processors by [matching element and attribute name] [precedence]:
[THYMELEAF]             * [* {th:insert}] [100]: org.thymeleaf.standard.processor.StandardInsertTagProcessor
[THYMELEAF]             * [* {th:replace}] [100]: org.thymeleaf.standard.processor.StandardReplaceTagProcessor
[THYMELEAF]             * [* {th:each}] [200]: com.intuit.karate.template.KarateEachTagProcessor
[THYMELEAF]             * [* {th:switch}] [250]: org.thymeleaf.standard.processor.StandardSwitchTagProcessor
[THYMELEAF]             * [* {th:case}] [275]: org.thymeleaf.standard.processor.StandardCaseTagProcessor
[THYMELEAF]             * [* {th:if}] [300]: org.thymeleaf.standard.processor.StandardIfTagProcessor
[THYMELEAF]             * [* {th:unless}] [400]: org.thymeleaf.standard.processor.StandardUnlessTagProcessor
[THYMELEAF]             * [* {th:object}] [500]: org.thymeleaf.standard.processor.StandardObjectTagProcessor
[THYMELEAF]             * [* {th:with}] [600]: com.intuit.karate.template.KarateWithTagProcessor
[THYMELEAF]             * [* {th:inline}] [1000]: org.thymeleaf.standard.processor.StandardInlineTextualTagProcessor
[THYMELEAF]             * [* {th:text}] [1300]: org.thymeleaf.standard.processor.StandardTextTagProcessor
[THYMELEAF]             * [* {th:utext}] [1400]: org.thymeleaf.standard.processor.StandardUtextTagProcessor
[THYMELEAF]             * [* {th:assert}] [1550]: org.thymeleaf.standard.processor.StandardAssertTagProcessor
[THYMELEAF]             * [* {th:remove}] [1600]: org.thymeleaf.standard.processor.StandardRemoveTagProcessor
[THYMELEAF]             * [* 100000] [org.thymeleaf.standard.processor.StandardBlockTagProcessor]: {}
[THYMELEAF]             * [{th:block} *] [100000]: org.thymeleaf.standard.processor.StandardBlockTagProcessor
[THYMELEAF]         * Text Processors by [precedence]:
[THYMELEAF]             * [1000]: org.thymeleaf.standard.processor.StandardInliningTextProcessor
[THYMELEAF]     * Processors for Template Mode: CSS
[THYMELEAF]         * Element Tag Processors by [matching element and attribute name] [precedence]:
[THYMELEAF]             * [* {th:insert}] [100]: org.thymeleaf.standard.processor.StandardInsertTagProcessor
[THYMELEAF]             * [* {th:replace}] [100]: org.thymeleaf.standard.processor.StandardReplaceTagProcessor
[THYMELEAF]             * [* {th:each}] [200]: com.intuit.karate.template.KarateEachTagProcessor
[THYMELEAF]             * [* {th:switch}] [250]: org.thymeleaf.standard.processor.StandardSwitchTagProcessor
[THYMELEAF]             * [* {th:case}] [275]: org.thymeleaf.standard.processor.StandardCaseTagProcessor
[THYMELEAF]             * [* {th:if}] [300]: org.thymeleaf.standard.processor.StandardIfTagProcessor
[THYMELEAF]             * [* {th:unless}] [400]: org.thymeleaf.standard.processor.StandardUnlessTagProcessor
[THYMELEAF]             * [* {th:object}] [500]: org.thymeleaf.standard.processor.StandardObjectTagProcessor
[THYMELEAF]             * [* {th:with}] [600]: com.intuit.karate.template.KarateWithTagProcessor
[THYMELEAF]             * [* {th:inline}] [1000]: org.thymeleaf.standard.processor.StandardInlineTextualTagProcessor
[THYMELEAF]             * [* {th:text}] [1300]: org.thymeleaf.standard.processor.StandardTextTagProcessor
[THYMELEAF]             * [* {th:utext}] [1400]: org.thymeleaf.standard.processor.StandardUtextTagProcessor
[THYMELEAF]             * [* {th:assert}] [1550]: org.thymeleaf.standard.processor.StandardAssertTagProcessor
[THYMELEAF]             * [* {th:remove}] [1600]: org.thymeleaf.standard.processor.StandardRemoveTagProcessor
[THYMELEAF]             * [{th:block} *] [100000]: org.thymeleaf.standard.processor.StandardBlockTagProcessor
[THYMELEAF]             * [* 100000] [org.thymeleaf.standard.processor.StandardBlockTagProcessor]: {}
[THYMELEAF]         * Text Processors by [precedence]:
[THYMELEAF]             * [1000]: org.thymeleaf.standard.processor.StandardInliningTextProcessor
[THYMELEAF]     * Expression Objects:
[THYMELEAF]         * #ctx
[THYMELEAF]         * #root
[THYMELEAF]         * #vars
[THYMELEAF]         * #object
[THYMELEAF]         * #locale
[THYMELEAF]         * #request
[THYMELEAF]         * #response
[THYMELEAF]         * #session
[THYMELEAF]         * #servletContext
[THYMELEAF]         * #conversions
[THYMELEAF]         * #uris
[THYMELEAF]         * #calendars
[THYMELEAF]         * #dates
[THYMELEAF]         * #bools
[THYMELEAF]         * #numbers
[THYMELEAF]         * #objects
[THYMELEAF]         * #strings
[THYMELEAF]         * #arrays
[THYMELEAF]         * #lists
[THYMELEAF]         * #sets
[THYMELEAF]         * #maps
[THYMELEAF]         * #aggregates
[THYMELEAF]         * #messages
[THYMELEAF]         * #ids
[THYMELEAF]         * #execInfo
[THYMELEAF]         * #httpServletRequest
[THYMELEAF]         * #httpSession
[THYMELEAF]     * Execution Attributes:
[THYMELEAF]         * "StandardExpressionParser": com.intuit.karate.template.KarateStandardDialect@649b5891
[THYMELEAF]         * "StandardJavaScriptSerializer": org.thymeleaf.standard.serializer.StandardJavaScriptSerializer@3719360c
[THYMELEAF]         * "StandardCSSSerializer": org.thymeleaf.standard.serializer.StandardCSSSerializer@3afca2c
[THYMELEAF]         * "StandardVariableExpressionEvaluator": com.intuit.karate.template.KarateStandardDialect@649b5891
[THYMELEAF]         * "StandardConversionService": org.thymeleaf.standard.expression.StandardConversionService@3855d9b2
[THYMELEAF] * Dialect [2 of 2]: karate (com.intuit.karate.template.KarateScriptDialect)
[THYMELEAF]     * Prefix: "ka"
[THYMELEAF]     * Processors for Template Mode: HTML
[THYMELEAF]         * Element Tag Processors by [matching element and attribute name] [precedence]:
[THYMELEAF]             * [* {src}] [1000]: com.intuit.karate.template.KaScriptAttrProcessor
[THYMELEAF]         * Element Model Processors by [matching element and attribute name] [precedence]:
[THYMELEAF]             * [{script} {ka:scope,data-ka-scope}] [1000]: com.intuit.karate.template.KaScriptElemProcessor
[THYMELEAF]             * [* {ka:set,data-ka-set}] [1000]: com.intuit.karate.template.KaSetElemProcessor
[THYMELEAF] TEMPLATE ENGINE CONFIGURED OK
12:02:33.764 [main] DEBUG org.thymeleaf.TemplateEngine - [THYMELEAF] TEMPLATE ENGINE INITIALIZED
12:02:33.899 [Finalizer] DEBUG org.apache.http.impl.conn.PoolingHttpClientConnectionManager - Connection manager is shutting down
12:02:33.900 [Finalizer] DEBUG org.apache.http.impl.conn.DefaultManagedHttpClientConnection - http-outgoing-5: Shutdown connection
12:02:33.901 [Finalizer] DEBUG org.apache.http.impl.conn.PoolingHttpClientConnectionManager - Connection manager shut down
12:02:33.902 [Finalizer] DEBUG org.apache.http.impl.conn.PoolingHttpClientConnectionManager - Connection manager is shutting down
12:02:33.902 [Finalizer] DEBUG org.apache.http.impl.conn.DefaultManagedHttpClientConnection - http-outgoing-4: Close connection
12:02:33.902 [Finalizer] DEBUG org.apache.http.impl.conn.PoolingHttpClientConnectionManager - Connection manager shut down
12:02:33.903 [Finalizer] DEBUG org.apache.http.impl.conn.PoolingHttpClientConnectionManager - Connection manager is shutting down
12:02:33.903 [Finalizer] DEBUG org.apache.http.impl.conn.DefaultManagedHttpClientConnection - http-outgoing-3: Close connection
12:02:33.903 [Finalizer] DEBUG org.apache.http.impl.conn.PoolingHttpClientConnectionManager - Connection manager shut down
12:02:33.904 [Finalizer] DEBUG org.apache.http.impl.conn.PoolingHttpClientConnectionManager - Connection manager is shutting down
12:02:33.905 [Finalizer] DEBUG org.apache.http.impl.conn.DefaultManagedHttpClientConnection - http-outgoing-2: Close connection
12:02:33.905 [Finalizer] DEBUG org.apache.http.impl.conn.PoolingHttpClientConnectionManager - Connection manager shut down
12:02:33.906 [Finalizer] DEBUG org.apache.http.impl.conn.PoolingHttpClientConnectionManager - Connection manager is shutting down
12:02:33.906 [Finalizer] DEBUG org.apache.http.impl.conn.DefaultManagedHttpClientConnection - http-outgoing-1: Shutdown connection
12:02:33.906 [Finalizer] DEBUG org.apache.http.impl.conn.PoolingHttpClientConnectionManager - Connection manager shut down
12:02:33.907 [Finalizer] DEBUG org.apache.http.impl.conn.PoolingHttpClientConnectionManager - Connection manager is shutting down
12:02:33.907 [Finalizer] DEBUG org.apache.http.impl.conn.DefaultManagedHttpClientConnection - http-outgoing-8: Close connection
12:02:33.907 [Finalizer] DEBUG org.apache.http.impl.conn.PoolingHttpClientConnectionManager - Connection manager shut down
12:02:33.908 [Finalizer] DEBUG org.apache.http.impl.conn.PoolingHttpClientConnectionManager - Connection manager is shutting down
12:02:33.908 [Finalizer] DEBUG org.apache.http.impl.conn.DefaultManagedHttpClientConnection - http-outgoing-7: Close connection
12:02:33.908 [Finalizer] DEBUG org.apache.http.impl.conn.PoolingHttpClientConnectionManager - Connection manager shut down
12:02:33.909 [Finalizer] DEBUG org.apache.http.impl.conn.PoolingHttpClientConnectionManager - Connection manager is shutting down
12:02:33.909 [Finalizer] DEBUG org.apache.http.impl.conn.DefaultManagedHttpClientConnection - http-outgoing-6: Close connection
12:02:33.909 [Finalizer] DEBUG org.apache.http.impl.conn.PoolingHttpClientConnectionManager - Connection manager shut down
---------------------------------------------------------
feature: classpath:com/storeapiapp/features/User.feature
scenarios:  2 | passed:  0 | failed:  2 | time: 4.0533
---------------------------------------------------------

]]></system-out>
  </testcase>
  <testcase name="testTags[1][1]" classname="com.storeapiapp.StoreApiAppTest" time="0.52"/>
  <testcase name="testTags[2][1]" classname="com.storeapiapp.StoreApiAppTest" time="1.751">
    <failure message="js failed:&#10;&gt;&gt;&gt;&gt;&#10;01: loginFeatureFile.response.data.access_token&#10;&lt;&lt;&lt;&lt;&#10;org.graalvm.polyglot.PolyglotException: TypeError: Cannot read property &quot;access_token&quot; from undefined&#10;- &lt;js&gt;.:program(Unnamed:1)&#10;&#10;classpath:com/storeapiapp/features/User.feature:6" type="org.opentest4j.AssertionFailedError"><![CDATA[org.opentest4j.AssertionFailedError: 
js failed:
>>>>
01: loginFeatureFile.response.data.access_token
<<<<
org.graalvm.polyglot.PolyglotException: TypeError: Cannot read property "access_token" from undefined
- <js>.:program(Unnamed:1)

classpath:com/storeapiapp/features/User.feature:6
]]></failure>
    <system-out><![CDATA[12:02:35.739 [main] DEBUG com.jayway.jsonpath.internal.path.CompiledPath - Evaluating path: $
12:02:35.741 [main] INFO com.intuit.karate - [print] {
  "email": "robertgonzalez@gmail.com",
  "password": "simple_password"
}
 
12:02:35.744 [main] DEBUG org.apache.http.client.protocol.RequestAddCookies - CookieSpec selected: karate
12:02:35.745 [main] DEBUG org.apache.http.client.protocol.RequestAuthCache - Auth cache not set in the context
12:02:35.745 [main] DEBUG com.intuit.karate - request:
1 > POST https://api.storerestapi.com/auth/login
1 > Content-Type: application/json; charset=UTF-8
1 > Content-Length: 65
1 > Host: api.storerestapi.com
1 > Connection: Keep-Alive
1 > User-Agent: Apache-HttpClient/4.5.13 (Java/17.0.1)
1 > Accept-Encoding: gzip,deflate
{"email":"robertgonzalez@gmail.com","password":"simple_password"}

12:02:35.745 [main] DEBUG org.apache.http.impl.conn.PoolingHttpClientConnectionManager - Connection request: [route: {s}->https://api.storerestapi.com:443][total available: 0; route allocated: 0 of 5; total allocated: 0 of 10]
12:02:35.745 [main] DEBUG org.apache.http.impl.conn.PoolingHttpClientConnectionManager - Connection leased: [id: 10][route: {s}->https://api.storerestapi.com:443][total available: 0; route allocated: 1 of 5; total allocated: 1 of 10]
12:02:35.745 [main] DEBUG org.apache.http.impl.execchain.MainClientExec - Opening connection {s}->https://api.storerestapi.com:443
12:02:35.745 [main] DEBUG org.apache.http.impl.conn.DefaultHttpClientConnectionOperator - Connecting to api.storerestapi.com/172.67.193.84:443
12:02:35.745 [main] DEBUG org.apache.http.conn.ssl.SSLConnectionSocketFactory - Connecting socket to api.storerestapi.com/172.67.193.84:443 with timeout 30000
12:02:35.808 [main] DEBUG org.apache.http.conn.ssl.SSLConnectionSocketFactory - Enabled protocols: [TLSv1.3, TLSv1.2]
12:02:35.808 [main] DEBUG org.apache.http.conn.ssl.SSLConnectionSocketFactory - Enabled cipher suites:[TLS_AES_256_GCM_SHA384, TLS_AES_128_GCM_SHA256, TLS_CHACHA20_POLY1305_SHA256, TLS_ECDHE_ECDSA_WITH_AES_256_GCM_SHA384, TLS_ECDHE_ECDSA_WITH_AES_128_GCM_SHA256, TLS_ECDHE_ECDSA_WITH_CHACHA20_POLY1305_SHA256, TLS_ECDHE_RSA_WITH_AES_256_GCM_SHA384, TLS_ECDHE_RSA_WITH_CHACHA20_POLY1305_SHA256, TLS_ECDHE_RSA_WITH_AES_128_GCM_SHA256, TLS_DHE_RSA_WITH_AES_256_GCM_SHA384, TLS_DHE_RSA_WITH_CHACHA20_POLY1305_SHA256, TLS_DHE_DSS_WITH_AES_256_GCM_SHA384, TLS_DHE_RSA_WITH_AES_128_GCM_SHA256, TLS_DHE_DSS_WITH_AES_128_GCM_SHA256, TLS_ECDHE_ECDSA_WITH_AES_256_CBC_SHA384, TLS_ECDHE_RSA_WITH_AES_256_CBC_SHA384, TLS_ECDHE_ECDSA_WITH_AES_128_CBC_SHA256, TLS_ECDHE_RSA_WITH_AES_128_CBC_SHA256, TLS_DHE_RSA_WITH_AES_256_CBC_SHA256, TLS_DHE_DSS_WITH_AES_256_CBC_SHA256, TLS_DHE_RSA_WITH_AES_128_CBC_SHA256, TLS_DHE_DSS_WITH_AES_128_CBC_SHA256, TLS_ECDH_ECDSA_WITH_AES_256_GCM_SHA384, TLS_ECDH_RSA_WITH_AES_256_GCM_SHA384, TLS_ECDH_ECDSA_WITH_AES_128_GCM_SHA256, TLS_ECDH_RSA_WITH_AES_128_GCM_SHA256, TLS_ECDH_ECDSA_WITH_AES_256_CBC_SHA384, TLS_ECDH_RSA_WITH_AES_256_CBC_SHA384, TLS_ECDH_ECDSA_WITH_AES_128_CBC_SHA256, TLS_ECDH_RSA_WITH_AES_128_CBC_SHA256, TLS_ECDHE_ECDSA_WITH_AES_256_CBC_SHA, TLS_ECDHE_RSA_WITH_AES_256_CBC_SHA, TLS_ECDHE_ECDSA_WITH_AES_128_CBC_SHA, TLS_ECDHE_RSA_WITH_AES_128_CBC_SHA, TLS_DHE_RSA_WITH_AES_256_CBC_SHA, TLS_DHE_DSS_WITH_AES_256_CBC_SHA, TLS_DHE_RSA_WITH_AES_128_CBC_SHA, TLS_DHE_DSS_WITH_AES_128_CBC_SHA, TLS_ECDH_ECDSA_WITH_AES_256_CBC_SHA, TLS_ECDH_RSA_WITH_AES_256_CBC_SHA, TLS_ECDH_ECDSA_WITH_AES_128_CBC_SHA, TLS_ECDH_RSA_WITH_AES_128_CBC_SHA, TLS_RSA_WITH_AES_256_GCM_SHA384, TLS_RSA_WITH_AES_128_GCM_SHA256, TLS_RSA_WITH_AES_256_CBC_SHA256, TLS_RSA_WITH_AES_128_CBC_SHA256, TLS_RSA_WITH_AES_256_CBC_SHA, TLS_RSA_WITH_AES_128_CBC_SHA, TLS_EMPTY_RENEGOTIATION_INFO_SCSV]
12:02:35.808 [main] DEBUG org.apache.http.conn.ssl.SSLConnectionSocketFactory - Starting handshake
12:02:35.894 [main] DEBUG org.apache.http.conn.ssl.SSLConnectionSocketFactory - Secure session established
12:02:35.894 [main] DEBUG org.apache.http.conn.ssl.SSLConnectionSocketFactory -  negotiated protocol: TLSv1.3
12:02:35.894 [main] DEBUG org.apache.http.conn.ssl.SSLConnectionSocketFactory -  negotiated cipher suite: TLS_AES_256_GCM_SHA384
12:02:35.894 [main] DEBUG org.apache.http.conn.ssl.SSLConnectionSocketFactory -  peer principal: CN=*.storerestapi.com
12:02:35.894 [main] DEBUG org.apache.http.conn.ssl.SSLConnectionSocketFactory -  peer alternative names: [*.storerestapi.com, storerestapi.com]
12:02:35.894 [main] DEBUG org.apache.http.conn.ssl.SSLConnectionSocketFactory -  issuer principal: CN=E1, O=Let's Encrypt, C=US
12:02:35.894 [main] DEBUG org.apache.http.impl.conn.DefaultHttpClientConnectionOperator - Connection established 10.1.5.60:54444<->172.67.193.84:443
12:02:35.894 [main] DEBUG org.apache.http.impl.conn.DefaultManagedHttpClientConnection - http-outgoing-10: set socket timeout to 30000
12:02:35.894 [main] DEBUG org.apache.http.impl.execchain.MainClientExec - Executing request POST /auth/login HTTP/1.1
12:02:35.894 [main] DEBUG org.apache.http.impl.execchain.MainClientExec - Target auth state: UNCHALLENGED
12:02:35.894 [main] DEBUG org.apache.http.impl.execchain.MainClientExec - Proxy auth state: UNCHALLENGED
12:02:35.895 [main] DEBUG org.apache.http.headers - http-outgoing-10 >> POST /auth/login HTTP/1.1
12:02:35.895 [main] DEBUG org.apache.http.headers - http-outgoing-10 >> Content-Type: application/json; charset=UTF-8
12:02:35.895 [main] DEBUG org.apache.http.headers - http-outgoing-10 >> Content-Length: 65
12:02:35.895 [main] DEBUG org.apache.http.headers - http-outgoing-10 >> Host: api.storerestapi.com
12:02:35.895 [main] DEBUG org.apache.http.headers - http-outgoing-10 >> Connection: Keep-Alive
12:02:35.895 [main] DEBUG org.apache.http.headers - http-outgoing-10 >> User-Agent: Apache-HttpClient/4.5.13 (Java/17.0.1)
12:02:35.895 [main] DEBUG org.apache.http.headers - http-outgoing-10 >> Accept-Encoding: gzip,deflate
12:02:35.895 [main] DEBUG org.apache.http.wire - http-outgoing-10 >> "POST /auth/login HTTP/1.1[\r][\n]"
12:02:35.895 [main] DEBUG org.apache.http.wire - http-outgoing-10 >> "Content-Type: application/json; charset=UTF-8[\r][\n]"
12:02:35.895 [main] DEBUG org.apache.http.wire - http-outgoing-10 >> "Content-Length: 65[\r][\n]"
12:02:35.895 [main] DEBUG org.apache.http.wire - http-outgoing-10 >> "Host: api.storerestapi.com[\r][\n]"
12:02:35.895 [main] DEBUG org.apache.http.wire - http-outgoing-10 >> "Connection: Keep-Alive[\r][\n]"
12:02:35.895 [main] DEBUG org.apache.http.wire - http-outgoing-10 >> "User-Agent: Apache-HttpClient/4.5.13 (Java/17.0.1)[\r][\n]"
12:02:35.895 [main] DEBUG org.apache.http.wire - http-outgoing-10 >> "Accept-Encoding: gzip,deflate[\r][\n]"
12:02:35.895 [main] DEBUG org.apache.http.wire - http-outgoing-10 >> "[\r][\n]"
12:02:35.895 [main] DEBUG org.apache.http.wire - http-outgoing-10 >> "{"email":"robertgonzalez@gmail.com","password":"simple_password"}"
12:02:36.279 [main] DEBUG org.apache.http.wire - http-outgoing-10 << "HTTP/1.1 200 OK[\r][\n]"
12:02:36.279 [main] DEBUG org.apache.http.wire - http-outgoing-10 << "Date: Sat, 17 Dec 2022 06:32:37 GMT[\r][\n]"
12:02:36.279 [main] DEBUG org.apache.http.wire - http-outgoing-10 << "Content-Type: application/json; charset=utf-8[\r][\n]"
12:02:36.279 [main] DEBUG org.apache.http.wire - http-outgoing-10 << "Transfer-Encoding: chunked[\r][\n]"
12:02:36.279 [main] DEBUG org.apache.http.wire - http-outgoing-10 << "Connection: keep-alive[\r][\n]"
12:02:36.279 [main] DEBUG org.apache.http.wire - http-outgoing-10 << "X-Powered-By: Express[\r][\n]"
12:02:36.279 [main] DEBUG org.apache.http.wire - http-outgoing-10 << "Access-Control-Allow-Origin: *[\r][\n]"
12:02:36.279 [main] DEBUG org.apache.http.wire - http-outgoing-10 << "ETag: W/"2a6-ccc6CJs5SFCnoFnKeZeVFs4GMhc"[\r][\n]"
12:02:36.279 [main] DEBUG org.apache.http.wire - http-outgoing-10 << "CF-Cache-Status: DYNAMIC[\r][\n]"
12:02:36.279 [main] DEBUG org.apache.http.wire - http-outgoing-10 << "Report-To: {"endpoints":[{"url":"https:\/\/a.nel.cloudflare.com\/report\/v3?s=o1ZXbBXRnruq2g92QVc4dbDa5t%2Fpq6ZYb1TLzxyaDqiRv0zWjVJhTuq1RVXdTyslBK%2F%2BthhbZv3dzcFn%2F9PtaQ49vshtxvEdHNlyJrg6dZODeGJVBZmVWFehWqLF99DTv3X%2FDwmzrQ%3D%3D"}],"group":"cf-nel","max_age":604800}[\r][\n]"
12:02:36.279 [main] DEBUG org.apache.http.wire - http-outgoing-10 << "NEL: {"success_fraction":0,"report_to":"cf-nel","max_age":604800}[\r][\n]"
12:02:36.279 [main] DEBUG org.apache.http.wire - http-outgoing-10 << "Server: cloudflare[\r][\n]"
12:02:36.279 [main] DEBUG org.apache.http.wire - http-outgoing-10 << "CF-RAY: 77ad9f5fec3b1897-SIN[\r][\n]"
12:02:36.279 [main] DEBUG org.apache.http.wire - http-outgoing-10 << "Content-Encoding: gzip[\r][\n]"
12:02:36.279 [main] DEBUG org.apache.http.wire - http-outgoing-10 << "alt-svc: h3=":443"; ma=86400, h3-29=":443"; ma=86400[\r][\n]"
12:02:36.279 [main] DEBUG org.apache.http.wire - http-outgoing-10 << "[\r][\n]"
12:02:36.279 [main] DEBUG org.apache.http.wire - http-outgoing-10 << "17b[\r][\n]"
12:02:36.279 [main] DEBUG org.apache.http.wire - http-outgoing-10 << "[0x1f][0x8b][0x8][0x0][0x0][0x0][0x0][0x0][0x0][0x3][0xe4][0x92][0xcb]n[0xa3]0[0x0]E[0xa5][0xf2]:[0xaa][0xc0][0x15]I[0xc9].[0x1]55[0xc2]dH0[0xf]o*0[0xe][0xd8]``j"[0x1e]U[0xff]}[0x94].[0xe6]'[0xba]>[0xba]WWG[0xf7][0xb][0x94][0xf9][0x98][0x83][0xfd][0x17][0xc8][0x19][0xe3]Z[0x8c]}[0xc3];[0xb0][0x7]|[0xf1][0xea][0xe2][0xc4][0xc4]Yx[0x88][0xac][0xc8][0xc][0x4][0xd2][0xa8][0xbb]X[0xcc]A[[0xd4][0xc]i[0xec]x[0xf6]3_[0xbc]&K/5[0x92][0xc3][0xe][0xb5][0xf6]@[0x1f]Pf3V[0xc4]8[0xbb]d[0xc6]kh[0xd2]S [0xf1][0x8a][0xd7],[0xc1]0[0x83]h[0x9][0x1c][0xa4][0x91][0xb2][0xea]"![0x8f][0xf2]k[0x1][0xbd][0x96]uau[0x81][0xf6][0x9d][0xab]7M[0xd3]^[0xf8][0x8e][0xb7][0x14]pn[0x91][0xec][0x5]il|[0x89]m7[0x8e][0x3][0x12][0x19][0xe6][0x1b]y[0xc]Q[0xf1][0x98]%[0xad]~p[0xa6]lAS[0xcf][0xa0][0xff][0xf3][0xc3][0x81]B[0xb3][0xce][0x93][0xe9][0x9e]A{D[0x9d][0xa1][0x91]j[0xeb][0xd2]A[[0x1c]e/8B[0xe6][0xd9]ef[0xb0]L[0x82][0xa6][0xf5][0x84]d?[0x7][0x92][0xcd]X[0x12]+[0x90][0xe4][0xe5][0x16]>s[0xaf][\r][0x87][0xeb][0x8c]|y[0xfa][0xeb][0x14]b[0xdb][0xa7][0xf3];[0xdc][0xa9])v[0xb]?j[0xa4][0xdf]Y}"[0x8e][0xcb]p[0xd8]1[0xb0][0x1][0x9f][0xfc][0xf6][0xc9]u[0xfd][0x8b][0xcd][0xad][0xa1][0x89][0xa3][0x1f]s'[0xa3]Z[0xf5]|[0x1b][0x8e].[0xb5][0xda][0xb2]z[0xfd]x?[0xa8]Rm[0xff][0xa8][0xeb][0xd1][0x80][0x87][0xe2][0x96][0xd2][0xd2]/[\r]9e[0x84][0x81][0xef][\r]P\[0xeb][0xbc][0xe2]`[0xf][0xae][0xa2][0xea][0x9e]D[0xf7][0xa4][0xef]?7[0x4][0x1b][0xa0][0xc7]|[0xbc]k[0xb0][0x87][0x86][0xf1][0xfd][0xf][0x0][0x0][0xff][0xff][0x3][0x0]4[0xc5]j[0xc0][0xa6][0x2][0x0][0x0][\r][\n]"
12:02:36.279 [main] DEBUG org.apache.http.headers - http-outgoing-10 << HTTP/1.1 200 OK
12:02:36.279 [main] DEBUG org.apache.http.headers - http-outgoing-10 << Date: Sat, 17 Dec 2022 06:32:37 GMT
12:02:36.279 [main] DEBUG org.apache.http.headers - http-outgoing-10 << Content-Type: application/json; charset=utf-8
12:02:36.279 [main] DEBUG org.apache.http.headers - http-outgoing-10 << Transfer-Encoding: chunked
12:02:36.279 [main] DEBUG org.apache.http.headers - http-outgoing-10 << Connection: keep-alive
12:02:36.279 [main] DEBUG org.apache.http.headers - http-outgoing-10 << X-Powered-By: Express
12:02:36.279 [main] DEBUG org.apache.http.headers - http-outgoing-10 << Access-Control-Allow-Origin: *
12:02:36.279 [main] DEBUG org.apache.http.headers - http-outgoing-10 << ETag: W/"2a6-ccc6CJs5SFCnoFnKeZeVFs4GMhc"
12:02:36.279 [main] DEBUG org.apache.http.headers - http-outgoing-10 << CF-Cache-Status: DYNAMIC
12:02:36.279 [main] DEBUG org.apache.http.headers - http-outgoing-10 << Report-To: {"endpoints":[{"url":"https:\/\/a.nel.cloudflare.com\/report\/v3?s=o1ZXbBXRnruq2g92QVc4dbDa5t%2Fpq6ZYb1TLzxyaDqiRv0zWjVJhTuq1RVXdTyslBK%2F%2BthhbZv3dzcFn%2F9PtaQ49vshtxvEdHNlyJrg6dZODeGJVBZmVWFehWqLF99DTv3X%2FDwmzrQ%3D%3D"}],"group":"cf-nel","max_age":604800}
12:02:36.279 [main] DEBUG org.apache.http.headers - http-outgoing-10 << NEL: {"success_fraction":0,"report_to":"cf-nel","max_age":604800}
12:02:36.279 [main] DEBUG org.apache.http.headers - http-outgoing-10 << Server: cloudflare
12:02:36.279 [main] DEBUG org.apache.http.headers - http-outgoing-10 << CF-RAY: 77ad9f5fec3b1897-SIN
12:02:36.279 [main] DEBUG org.apache.http.headers - http-outgoing-10 << Content-Encoding: gzip
12:02:36.279 [main] DEBUG org.apache.http.headers - http-outgoing-10 << alt-svc: h3=":443"; ma=86400, h3-29=":443"; ma=86400
12:02:36.279 [main] DEBUG org.apache.http.impl.execchain.MainClientExec - Connection can be kept alive indefinitely
12:02:36.280 [main] DEBUG com.intuit.karate - response time in milliseconds: 534
1 < 200
1 < Date: Sat, 17 Dec 2022 06:32:37 GMT
1 < Content-Type: application/json; charset=utf-8
1 < Transfer-Encoding: chunked
1 < Connection: keep-alive
1 < X-Powered-By: Express
1 < Access-Control-Allow-Origin: *
1 < ETag: W/"2a6-ccc6CJs5SFCnoFnKeZeVFs4GMhc"
1 < CF-Cache-Status: DYNAMIC
1 < Report-To: {"endpoints":[{"url":"https:\/\/a.nel.cloudflare.com\/report\/v3?s=o1ZXbBXRnruq2g92QVc4dbDa5t%2Fpq6ZYb1TLzxyaDqiRv0zWjVJhTuq1RVXdTyslBK%2F%2BthhbZv3dzcFn%2F9PtaQ49vshtxvEdHNlyJrg6dZODeGJVBZmVWFehWqLF99DTv3X%2FDwmzrQ%3D%3D"}],"group":"cf-nel","max_age":604800}
1 < NEL: {"success_fraction":0,"report_to":"cf-nel","max_age":604800}
1 < Server: cloudflare
1 < CF-RAY: 77ad9f5fec3b1897-SIN
1 < alt-svc: h3=":443"; ma=86400, h3-29=":443"; ma=86400
{"data":{"access_token":"eyJhbGciOiJIUzI1NiIsInR5cCI6IkpXVCJ9.eyJkYXRhIjp7Il9pZCI6IjYxMmU0ODUxMzQ1ZGNjMzMzYWM2Y2IyNCIsIm5hbWUiOiJSb2JlcnQgR29uemFsZXoiLCJyb2xlIjoiUk9MRV9DVVNUT01FUiIsImVtYWlsIjoicm9iZXJ0Z29uemFsZXpAZ21haWwuY29tIn0sImlhdCI6MTY3MTI1ODc1NywiZXhwIjoxNjcxMjU5NjU3fQ.eJlQpSxILjGqCbi6oXxH27mwVDbLTkjLn5oWiBypA7c","refresh_token":"eyJhbGciOiJIUzI1NiIsInR5cCI6IkpXVCJ9.eyJkYXRhIjp7Il9pZCI6IjYxMmU0ODUxMzQ1ZGNjMzMzYWM2Y2IyNCIsIm5hbWUiOiJSb2JlcnQgR29uemFsZXoiLCJyb2xlIjoiUk9MRV9DVVNUT01FUiIsImVtYWlsIjoicm9iZXJ0Z29uemFsZXpAZ21haWwuY29tIn0sImlhdCI6MTY3MTI1ODc1NywiZXhwIjoxNjcxMzQ1MTU3fQ.G0gzsxfpBDZ5ldg8_HAmdm6PmSB02AbfXZdLd0jwYUc"},"message":"Sign in success","status":200}

12:02:36.282 [main] DEBUG com.jayway.jsonpath.internal.path.CompiledPath - Evaluating path: $['message']
12:02:36.286 [main] INFO com.intuit.karate - [print] setAccessTokenForLogin is:  eyJhbGciOiJIUzI1NiIsInR5cCI6IkpXVCJ9.eyJkYXRhIjp7Il9pZCI6IjYxMmU0ODUxMzQ1ZGNjMzMzYWM2Y2IyNCIsIm5hbWUiOiJSb2JlcnQgR29uemFsZXoiLCJyb2xlIjoiUk9MRV9DVVNUT01FUiIsImVtYWlsIjoicm9iZXJ0Z29uemFsZXpAZ21haWwuY29tIn0sImlhdCI6MTY3MTI1ODc1NywiZXhwIjoxNjcxMjU5NjU3fQ.eJlQpSxILjGqCbi6oXxH27mwVDbLTkjLn5oWiBypA7c 
12:02:36.289 [main] INFO com.intuit.karate - [print] setRefreshTokenForLogin is:  eyJhbGciOiJIUzI1NiIsInR5cCI6IkpXVCJ9.eyJkYXRhIjp7Il9pZCI6IjYxMmU0ODUxMzQ1ZGNjMzMzYWM2Y2IyNCIsIm5hbWUiOiJSb2JlcnQgR29uemFsZXoiLCJyb2xlIjoiUk9MRV9DVVNUT01FUiIsImVtYWlsIjoicm9iZXJ0Z29uemFsZXpAZ21haWwuY29tIn0sImlhdCI6MTY3MTI1ODc1NywiZXhwIjoxNjcxMzQ1MTU3fQ.G0gzsxfpBDZ5ldg8_HAmdm6PmSB02AbfXZdLd0jwYUc 
12:02:36.296 [main] DEBUG com.jayway.jsonpath.internal.path.CompiledPath - Evaluating path: $
12:02:36.297 [main] INFO com.intuit.karate - [print] {
  "email": "robertgonzalez@gmail.com",
  "password": "simple_password"
}
 
12:02:36.298 [main] DEBUG com.jayway.jsonpath.internal.path.CompiledPath - Evaluating path: $
12:02:36.301 [main] DEBUG org.apache.http.client.protocol.RequestAddCookies - CookieSpec selected: karate
12:02:36.301 [main] DEBUG org.apache.http.client.protocol.RequestAuthCache - Auth cache not set in the context
12:02:36.301 [main] DEBUG com.intuit.karate - request:
2 > POST https://api.storerestapi.com/auth/login
2 > Content-Type: application/json; charset=UTF-8
2 > Content-Length: 50
2 > Host: api.storerestapi.com
2 > Connection: Keep-Alive
2 > User-Agent: Apache-HttpClient/4.5.13 (Java/17.0.1)
2 > Accept-Encoding: gzip,deflate
{"email":"robertgonzalez@gmail.com","password":""}

12:02:36.302 [main] DEBUG org.apache.http.impl.conn.PoolingHttpClientConnectionManager - Connection request: [route: {s}->https://api.storerestapi.com:443][total available: 0; route allocated: 0 of 5; total allocated: 0 of 10]
12:02:36.302 [main] DEBUG org.apache.http.impl.conn.PoolingHttpClientConnectionManager - Connection leased: [id: 11][route: {s}->https://api.storerestapi.com:443][total available: 0; route allocated: 1 of 5; total allocated: 1 of 10]
12:02:36.302 [main] DEBUG org.apache.http.impl.execchain.MainClientExec - Opening connection {s}->https://api.storerestapi.com:443
12:02:36.302 [main] DEBUG org.apache.http.impl.conn.DefaultHttpClientConnectionOperator - Connecting to api.storerestapi.com/172.67.193.84:443
12:02:36.302 [main] DEBUG org.apache.http.conn.ssl.SSLConnectionSocketFactory - Connecting socket to api.storerestapi.com/172.67.193.84:443 with timeout 30000
12:02:36.363 [main] DEBUG org.apache.http.conn.ssl.SSLConnectionSocketFactory - Enabled protocols: [TLSv1.3, TLSv1.2]
12:02:36.363 [main] DEBUG org.apache.http.conn.ssl.SSLConnectionSocketFactory - Enabled cipher suites:[TLS_AES_256_GCM_SHA384, TLS_AES_128_GCM_SHA256, TLS_CHACHA20_POLY1305_SHA256, TLS_ECDHE_ECDSA_WITH_AES_256_GCM_SHA384, TLS_ECDHE_ECDSA_WITH_AES_128_GCM_SHA256, TLS_ECDHE_ECDSA_WITH_CHACHA20_POLY1305_SHA256, TLS_ECDHE_RSA_WITH_AES_256_GCM_SHA384, TLS_ECDHE_RSA_WITH_CHACHA20_POLY1305_SHA256, TLS_ECDHE_RSA_WITH_AES_128_GCM_SHA256, TLS_DHE_RSA_WITH_AES_256_GCM_SHA384, TLS_DHE_RSA_WITH_CHACHA20_POLY1305_SHA256, TLS_DHE_DSS_WITH_AES_256_GCM_SHA384, TLS_DHE_RSA_WITH_AES_128_GCM_SHA256, TLS_DHE_DSS_WITH_AES_128_GCM_SHA256, TLS_ECDHE_ECDSA_WITH_AES_256_CBC_SHA384, TLS_ECDHE_RSA_WITH_AES_256_CBC_SHA384, TLS_ECDHE_ECDSA_WITH_AES_128_CBC_SHA256, TLS_ECDHE_RSA_WITH_AES_128_CBC_SHA256, TLS_DHE_RSA_WITH_AES_256_CBC_SHA256, TLS_DHE_DSS_WITH_AES_256_CBC_SHA256, TLS_DHE_RSA_WITH_AES_128_CBC_SHA256, TLS_DHE_DSS_WITH_AES_128_CBC_SHA256, TLS_ECDH_ECDSA_WITH_AES_256_GCM_SHA384, TLS_ECDH_RSA_WITH_AES_256_GCM_SHA384, TLS_ECDH_ECDSA_WITH_AES_128_GCM_SHA256, TLS_ECDH_RSA_WITH_AES_128_GCM_SHA256, TLS_ECDH_ECDSA_WITH_AES_256_CBC_SHA384, TLS_ECDH_RSA_WITH_AES_256_CBC_SHA384, TLS_ECDH_ECDSA_WITH_AES_128_CBC_SHA256, TLS_ECDH_RSA_WITH_AES_128_CBC_SHA256, TLS_ECDHE_ECDSA_WITH_AES_256_CBC_SHA, TLS_ECDHE_RSA_WITH_AES_256_CBC_SHA, TLS_ECDHE_ECDSA_WITH_AES_128_CBC_SHA, TLS_ECDHE_RSA_WITH_AES_128_CBC_SHA, TLS_DHE_RSA_WITH_AES_256_CBC_SHA, TLS_DHE_DSS_WITH_AES_256_CBC_SHA, TLS_DHE_RSA_WITH_AES_128_CBC_SHA, TLS_DHE_DSS_WITH_AES_128_CBC_SHA, TLS_ECDH_ECDSA_WITH_AES_256_CBC_SHA, TLS_ECDH_RSA_WITH_AES_256_CBC_SHA, TLS_ECDH_ECDSA_WITH_AES_128_CBC_SHA, TLS_ECDH_RSA_WITH_AES_128_CBC_SHA, TLS_RSA_WITH_AES_256_GCM_SHA384, TLS_RSA_WITH_AES_128_GCM_SHA256, TLS_RSA_WITH_AES_256_CBC_SHA256, TLS_RSA_WITH_AES_128_CBC_SHA256, TLS_RSA_WITH_AES_256_CBC_SHA, TLS_RSA_WITH_AES_128_CBC_SHA, TLS_EMPTY_RENEGOTIATION_INFO_SCSV]
12:02:36.363 [main] DEBUG org.apache.http.conn.ssl.SSLConnectionSocketFactory - Starting handshake
12:02:36.444 [main] DEBUG org.apache.http.conn.ssl.SSLConnectionSocketFactory - Secure session established
12:02:36.444 [main] DEBUG org.apache.http.conn.ssl.SSLConnectionSocketFactory -  negotiated protocol: TLSv1.3
12:02:36.444 [main] DEBUG org.apache.http.conn.ssl.SSLConnectionSocketFactory -  negotiated cipher suite: TLS_AES_256_GCM_SHA384
12:02:36.444 [main] DEBUG org.apache.http.conn.ssl.SSLConnectionSocketFactory -  peer principal: CN=*.storerestapi.com
12:02:36.444 [main] DEBUG org.apache.http.conn.ssl.SSLConnectionSocketFactory -  peer alternative names: [*.storerestapi.com, storerestapi.com]
12:02:36.444 [main] DEBUG org.apache.http.conn.ssl.SSLConnectionSocketFactory -  issuer principal: CN=E1, O=Let's Encrypt, C=US
12:02:36.444 [main] DEBUG org.apache.http.impl.conn.DefaultHttpClientConnectionOperator - Connection established 10.1.5.60:54445<->172.67.193.84:443
12:02:36.445 [main] DEBUG org.apache.http.impl.conn.DefaultManagedHttpClientConnection - http-outgoing-11: set socket timeout to 30000
12:02:36.445 [main] DEBUG org.apache.http.impl.execchain.MainClientExec - Executing request POST /auth/login HTTP/1.1
12:02:36.445 [main] DEBUG org.apache.http.impl.execchain.MainClientExec - Target auth state: UNCHALLENGED
12:02:36.445 [main] DEBUG org.apache.http.impl.execchain.MainClientExec - Proxy auth state: UNCHALLENGED
12:02:36.445 [main] DEBUG org.apache.http.headers - http-outgoing-11 >> POST /auth/login HTTP/1.1
12:02:36.446 [main] DEBUG org.apache.http.headers - http-outgoing-11 >> Content-Type: application/json; charset=UTF-8
12:02:36.446 [main] DEBUG org.apache.http.headers - http-outgoing-11 >> Content-Length: 50
12:02:36.446 [main] DEBUG org.apache.http.headers - http-outgoing-11 >> Host: api.storerestapi.com
12:02:36.446 [main] DEBUG org.apache.http.headers - http-outgoing-11 >> Connection: Keep-Alive
12:02:36.446 [main] DEBUG org.apache.http.headers - http-outgoing-11 >> User-Agent: Apache-HttpClient/4.5.13 (Java/17.0.1)
12:02:36.446 [main] DEBUG org.apache.http.headers - http-outgoing-11 >> Accept-Encoding: gzip,deflate
12:02:36.446 [main] DEBUG org.apache.http.wire - http-outgoing-11 >> "POST /auth/login HTTP/1.1[\r][\n]"
12:02:36.446 [main] DEBUG org.apache.http.wire - http-outgoing-11 >> "Content-Type: application/json; charset=UTF-8[\r][\n]"
12:02:36.446 [main] DEBUG org.apache.http.wire - http-outgoing-11 >> "Content-Length: 50[\r][\n]"
12:02:36.446 [main] DEBUG org.apache.http.wire - http-outgoing-11 >> "Host: api.storerestapi.com[\r][\n]"
12:02:36.446 [main] DEBUG org.apache.http.wire - http-outgoing-11 >> "Connection: Keep-Alive[\r][\n]"
12:02:36.446 [main] DEBUG org.apache.http.wire - http-outgoing-11 >> "User-Agent: Apache-HttpClient/4.5.13 (Java/17.0.1)[\r][\n]"
12:02:36.446 [main] DEBUG org.apache.http.wire - http-outgoing-11 >> "Accept-Encoding: gzip,deflate[\r][\n]"
12:02:36.446 [main] DEBUG org.apache.http.wire - http-outgoing-11 >> "[\r][\n]"
12:02:36.446 [main] DEBUG org.apache.http.wire - http-outgoing-11 >> "{"email":"robertgonzalez@gmail.com","password":""}"
12:02:36.723 [main] DEBUG org.apache.http.wire - http-outgoing-11 << "HTTP/1.1 422 Unprocessable Entity[\r][\n]"
12:02:36.723 [main] DEBUG org.apache.http.wire - http-outgoing-11 << "Date: Sat, 17 Dec 2022 06:32:37 GMT[\r][\n]"
12:02:36.723 [main] DEBUG org.apache.http.wire - http-outgoing-11 << "Content-Type: application/json; charset=utf-8[\r][\n]"
12:02:36.723 [main] DEBUG org.apache.http.wire - http-outgoing-11 << "Content-Length: 66[\r][\n]"
12:02:36.723 [main] DEBUG org.apache.http.wire - http-outgoing-11 << "Connection: keep-alive[\r][\n]"
12:02:36.723 [main] DEBUG org.apache.http.wire - http-outgoing-11 << "X-Powered-By: Express[\r][\n]"
12:02:36.723 [main] DEBUG org.apache.http.wire - http-outgoing-11 << "Access-Control-Allow-Origin: *[\r][\n]"
12:02:36.723 [main] DEBUG org.apache.http.wire - http-outgoing-11 << "ETag: W/"42-yQ/u5GA8lPwGovRnvoWw3fbLvmo"[\r][\n]"
12:02:36.723 [main] DEBUG org.apache.http.wire - http-outgoing-11 << "CF-Cache-Status: DYNAMIC[\r][\n]"
12:02:36.724 [main] DEBUG org.apache.http.wire - http-outgoing-11 << "Report-To: {"endpoints":[{"url":"https:\/\/a.nel.cloudflare.com\/report\/v3?s=KVM0gPAQuHk99DCdvvVfFpreVbgvDC0lvSrGMmG19KNAU6JhHexDjWnsldptEG6PPk8IxoKvoe9jBlIFsIVssDoV1Az5v52yni6aviYgJoI%2FEJ5NDAJD66vHolOaVacxfxMx1tdtGw%3D%3D"}],"group":"cf-nel","max_age":604800}[\r][\n]"
12:02:36.724 [main] DEBUG org.apache.http.wire - http-outgoing-11 << "NEL: {"success_fraction":0,"report_to":"cf-nel","max_age":604800}[\r][\n]"
12:02:36.724 [main] DEBUG org.apache.http.wire - http-outgoing-11 << "Server: cloudflare[\r][\n]"
12:02:36.724 [main] DEBUG org.apache.http.wire - http-outgoing-11 << "CF-RAY: 77ad9f635a91879f-SIN[\r][\n]"
12:02:36.724 [main] DEBUG org.apache.http.wire - http-outgoing-11 << "alt-svc: h3=":443"; ma=86400, h3-29=":443"; ma=86400[\r][\n]"
12:02:36.724 [main] DEBUG org.apache.http.wire - http-outgoing-11 << "[\r][\n]"
12:02:36.724 [main] DEBUG org.apache.http.wire - http-outgoing-11 << "{"status":422,"message":"\"password\" is not allowed to be empty"}"
12:02:36.724 [main] DEBUG org.apache.http.headers - http-outgoing-11 << HTTP/1.1 422 Unprocessable Entity
12:02:36.724 [main] DEBUG org.apache.http.headers - http-outgoing-11 << Date: Sat, 17 Dec 2022 06:32:37 GMT
12:02:36.724 [main] DEBUG org.apache.http.headers - http-outgoing-11 << Content-Type: application/json; charset=utf-8
12:02:36.724 [main] DEBUG org.apache.http.headers - http-outgoing-11 << Content-Length: 66
12:02:36.724 [main] DEBUG org.apache.http.headers - http-outgoing-11 << Connection: keep-alive
12:02:36.724 [main] DEBUG org.apache.http.headers - http-outgoing-11 << X-Powered-By: Express
12:02:36.724 [main] DEBUG org.apache.http.headers - http-outgoing-11 << Access-Control-Allow-Origin: *
12:02:36.724 [main] DEBUG org.apache.http.headers - http-outgoing-11 << ETag: W/"42-yQ/u5GA8lPwGovRnvoWw3fbLvmo"
12:02:36.724 [main] DEBUG org.apache.http.headers - http-outgoing-11 << CF-Cache-Status: DYNAMIC
12:02:36.724 [main] DEBUG org.apache.http.headers - http-outgoing-11 << Report-To: {"endpoints":[{"url":"https:\/\/a.nel.cloudflare.com\/report\/v3?s=KVM0gPAQuHk99DCdvvVfFpreVbgvDC0lvSrGMmG19KNAU6JhHexDjWnsldptEG6PPk8IxoKvoe9jBlIFsIVssDoV1Az5v52yni6aviYgJoI%2FEJ5NDAJD66vHolOaVacxfxMx1tdtGw%3D%3D"}],"group":"cf-nel","max_age":604800}
12:02:36.724 [main] DEBUG org.apache.http.headers - http-outgoing-11 << NEL: {"success_fraction":0,"report_to":"cf-nel","max_age":604800}
12:02:36.724 [main] DEBUG org.apache.http.headers - http-outgoing-11 << Server: cloudflare
12:02:36.724 [main] DEBUG org.apache.http.headers - http-outgoing-11 << CF-RAY: 77ad9f635a91879f-SIN
12:02:36.724 [main] DEBUG org.apache.http.headers - http-outgoing-11 << alt-svc: h3=":443"; ma=86400, h3-29=":443"; ma=86400
12:02:36.724 [main] DEBUG org.apache.http.impl.execchain.MainClientExec - Connection can be kept alive indefinitely
12:02:36.724 [main] DEBUG org.apache.http.impl.conn.PoolingHttpClientConnectionManager - Connection [id: 11][route: {s}->https://api.storerestapi.com:443] can be kept alive indefinitely
12:02:36.724 [main] DEBUG org.apache.http.impl.conn.DefaultManagedHttpClientConnection - http-outgoing-11: set socket timeout to 0
12:02:36.724 [main] DEBUG org.apache.http.impl.conn.PoolingHttpClientConnectionManager - Connection released: [id: 11][route: {s}->https://api.storerestapi.com:443][total available: 1; route allocated: 1 of 5; total allocated: 1 of 10]
12:02:36.724 [main] DEBUG com.intuit.karate - response time in milliseconds: 423
2 < 422
2 < Date: Sat, 17 Dec 2022 06:32:37 GMT
2 < Content-Type: application/json; charset=utf-8
2 < Content-Length: 66
2 < Connection: keep-alive
2 < X-Powered-By: Express
2 < Access-Control-Allow-Origin: *
2 < ETag: W/"42-yQ/u5GA8lPwGovRnvoWw3fbLvmo"
2 < CF-Cache-Status: DYNAMIC
2 < Report-To: {"endpoints":[{"url":"https:\/\/a.nel.cloudflare.com\/report\/v3?s=KVM0gPAQuHk99DCdvvVfFpreVbgvDC0lvSrGMmG19KNAU6JhHexDjWnsldptEG6PPk8IxoKvoe9jBlIFsIVssDoV1Az5v52yni6aviYgJoI%2FEJ5NDAJD66vHolOaVacxfxMx1tdtGw%3D%3D"}],"group":"cf-nel","max_age":604800}
2 < NEL: {"success_fraction":0,"report_to":"cf-nel","max_age":604800}
2 < Server: cloudflare
2 < CF-RAY: 77ad9f635a91879f-SIN
2 < alt-svc: h3=":443"; ma=86400, h3-29=":443"; ma=86400
{"status":422,"message":"\"password\" is not allowed to be empty"}

12:02:36.726 [main] DEBUG com.jayway.jsonpath.internal.path.CompiledPath - Evaluating path: $['message']
12:02:36.733 [main] DEBUG com.jayway.jsonpath.internal.path.CompiledPath - Evaluating path: $
12:02:36.734 [main] INFO com.intuit.karate - [print] {
  "email": "robertgonzalez@gmail.com",
  "password": "simple_password"
}
 
12:02:36.735 [main] DEBUG com.jayway.jsonpath.internal.path.CompiledPath - Evaluating path: $
12:02:36.738 [main] DEBUG org.apache.http.client.protocol.RequestAddCookies - CookieSpec selected: karate
12:02:36.738 [main] DEBUG org.apache.http.client.protocol.RequestAuthCache - Auth cache not set in the context
12:02:36.738 [main] DEBUG com.intuit.karate - request:
3 > POST https://api.storerestapi.com/auth/login
3 > Content-Type: application/json; charset=UTF-8
3 > Content-Length: 41
3 > Host: api.storerestapi.com
3 > Connection: Keep-Alive
3 > User-Agent: Apache-HttpClient/4.5.13 (Java/17.0.1)
3 > Accept-Encoding: gzip,deflate
{"email":"","password":"simple_password"}

12:02:36.739 [main] DEBUG org.apache.http.impl.conn.PoolingHttpClientConnectionManager - Connection request: [route: {s}->https://api.storerestapi.com:443][total available: 0; route allocated: 0 of 5; total allocated: 0 of 10]
12:02:36.739 [main] DEBUG org.apache.http.impl.conn.PoolingHttpClientConnectionManager - Connection leased: [id: 12][route: {s}->https://api.storerestapi.com:443][total available: 0; route allocated: 1 of 5; total allocated: 1 of 10]
12:02:36.739 [main] DEBUG org.apache.http.impl.execchain.MainClientExec - Opening connection {s}->https://api.storerestapi.com:443
12:02:36.739 [main] DEBUG org.apache.http.impl.conn.DefaultHttpClientConnectionOperator - Connecting to api.storerestapi.com/172.67.193.84:443
12:02:36.739 [main] DEBUG org.apache.http.conn.ssl.SSLConnectionSocketFactory - Connecting socket to api.storerestapi.com/172.67.193.84:443 with timeout 30000
12:02:36.804 [main] DEBUG org.apache.http.conn.ssl.SSLConnectionSocketFactory - Enabled protocols: [TLSv1.3, TLSv1.2]
12:02:36.804 [main] DEBUG org.apache.http.conn.ssl.SSLConnectionSocketFactory - Enabled cipher suites:[TLS_AES_256_GCM_SHA384, TLS_AES_128_GCM_SHA256, TLS_CHACHA20_POLY1305_SHA256, TLS_ECDHE_ECDSA_WITH_AES_256_GCM_SHA384, TLS_ECDHE_ECDSA_WITH_AES_128_GCM_SHA256, TLS_ECDHE_ECDSA_WITH_CHACHA20_POLY1305_SHA256, TLS_ECDHE_RSA_WITH_AES_256_GCM_SHA384, TLS_ECDHE_RSA_WITH_CHACHA20_POLY1305_SHA256, TLS_ECDHE_RSA_WITH_AES_128_GCM_SHA256, TLS_DHE_RSA_WITH_AES_256_GCM_SHA384, TLS_DHE_RSA_WITH_CHACHA20_POLY1305_SHA256, TLS_DHE_DSS_WITH_AES_256_GCM_SHA384, TLS_DHE_RSA_WITH_AES_128_GCM_SHA256, TLS_DHE_DSS_WITH_AES_128_GCM_SHA256, TLS_ECDHE_ECDSA_WITH_AES_256_CBC_SHA384, TLS_ECDHE_RSA_WITH_AES_256_CBC_SHA384, TLS_ECDHE_ECDSA_WITH_AES_128_CBC_SHA256, TLS_ECDHE_RSA_WITH_AES_128_CBC_SHA256, TLS_DHE_RSA_WITH_AES_256_CBC_SHA256, TLS_DHE_DSS_WITH_AES_256_CBC_SHA256, TLS_DHE_RSA_WITH_AES_128_CBC_SHA256, TLS_DHE_DSS_WITH_AES_128_CBC_SHA256, TLS_ECDH_ECDSA_WITH_AES_256_GCM_SHA384, TLS_ECDH_RSA_WITH_AES_256_GCM_SHA384, TLS_ECDH_ECDSA_WITH_AES_128_GCM_SHA256, TLS_ECDH_RSA_WITH_AES_128_GCM_SHA256, TLS_ECDH_ECDSA_WITH_AES_256_CBC_SHA384, TLS_ECDH_RSA_WITH_AES_256_CBC_SHA384, TLS_ECDH_ECDSA_WITH_AES_128_CBC_SHA256, TLS_ECDH_RSA_WITH_AES_128_CBC_SHA256, TLS_ECDHE_ECDSA_WITH_AES_256_CBC_SHA, TLS_ECDHE_RSA_WITH_AES_256_CBC_SHA, TLS_ECDHE_ECDSA_WITH_AES_128_CBC_SHA, TLS_ECDHE_RSA_WITH_AES_128_CBC_SHA, TLS_DHE_RSA_WITH_AES_256_CBC_SHA, TLS_DHE_DSS_WITH_AES_256_CBC_SHA, TLS_DHE_RSA_WITH_AES_128_CBC_SHA, TLS_DHE_DSS_WITH_AES_128_CBC_SHA, TLS_ECDH_ECDSA_WITH_AES_256_CBC_SHA, TLS_ECDH_RSA_WITH_AES_256_CBC_SHA, TLS_ECDH_ECDSA_WITH_AES_128_CBC_SHA, TLS_ECDH_RSA_WITH_AES_128_CBC_SHA, TLS_RSA_WITH_AES_256_GCM_SHA384, TLS_RSA_WITH_AES_128_GCM_SHA256, TLS_RSA_WITH_AES_256_CBC_SHA256, TLS_RSA_WITH_AES_128_CBC_SHA256, TLS_RSA_WITH_AES_256_CBC_SHA, TLS_RSA_WITH_AES_128_CBC_SHA, TLS_EMPTY_RENEGOTIATION_INFO_SCSV]
12:02:36.804 [main] DEBUG org.apache.http.conn.ssl.SSLConnectionSocketFactory - Starting handshake
12:02:36.881 [main] DEBUG org.apache.http.conn.ssl.SSLConnectionSocketFactory - Secure session established
12:02:36.881 [main] DEBUG org.apache.http.conn.ssl.SSLConnectionSocketFactory -  negotiated protocol: TLSv1.3
12:02:36.881 [main] DEBUG org.apache.http.conn.ssl.SSLConnectionSocketFactory -  negotiated cipher suite: TLS_AES_256_GCM_SHA384
12:02:36.881 [main] DEBUG org.apache.http.conn.ssl.SSLConnectionSocketFactory -  peer principal: CN=*.storerestapi.com
12:02:36.881 [main] DEBUG org.apache.http.conn.ssl.SSLConnectionSocketFactory -  peer alternative names: [*.storerestapi.com, storerestapi.com]
12:02:36.881 [main] DEBUG org.apache.http.conn.ssl.SSLConnectionSocketFactory -  issuer principal: CN=E1, O=Let's Encrypt, C=US
12:02:36.881 [main] DEBUG org.apache.http.impl.conn.DefaultHttpClientConnectionOperator - Connection established 10.1.5.60:54446<->172.67.193.84:443
12:02:36.881 [main] DEBUG org.apache.http.impl.conn.DefaultManagedHttpClientConnection - http-outgoing-12: set socket timeout to 30000
12:02:36.881 [main] DEBUG org.apache.http.impl.execchain.MainClientExec - Executing request POST /auth/login HTTP/1.1
12:02:36.881 [main] DEBUG org.apache.http.impl.execchain.MainClientExec - Target auth state: UNCHALLENGED
12:02:36.881 [main] DEBUG org.apache.http.impl.execchain.MainClientExec - Proxy auth state: UNCHALLENGED
12:02:36.881 [main] DEBUG org.apache.http.headers - http-outgoing-12 >> POST /auth/login HTTP/1.1
12:02:36.881 [main] DEBUG org.apache.http.headers - http-outgoing-12 >> Content-Type: application/json; charset=UTF-8
12:02:36.881 [main] DEBUG org.apache.http.headers - http-outgoing-12 >> Content-Length: 41
12:02:36.881 [main] DEBUG org.apache.http.headers - http-outgoing-12 >> Host: api.storerestapi.com
12:02:36.881 [main] DEBUG org.apache.http.headers - http-outgoing-12 >> Connection: Keep-Alive
12:02:36.881 [main] DEBUG org.apache.http.headers - http-outgoing-12 >> User-Agent: Apache-HttpClient/4.5.13 (Java/17.0.1)
12:02:36.881 [main] DEBUG org.apache.http.headers - http-outgoing-12 >> Accept-Encoding: gzip,deflate
12:02:36.881 [main] DEBUG org.apache.http.wire - http-outgoing-12 >> "POST /auth/login HTTP/1.1[\r][\n]"
12:02:36.881 [main] DEBUG org.apache.http.wire - http-outgoing-12 >> "Content-Type: application/json; charset=UTF-8[\r][\n]"
12:02:36.881 [main] DEBUG org.apache.http.wire - http-outgoing-12 >> "Content-Length: 41[\r][\n]"
12:02:36.881 [main] DEBUG org.apache.http.wire - http-outgoing-12 >> "Host: api.storerestapi.com[\r][\n]"
12:02:36.881 [main] DEBUG org.apache.http.wire - http-outgoing-12 >> "Connection: Keep-Alive[\r][\n]"
12:02:36.881 [main] DEBUG org.apache.http.wire - http-outgoing-12 >> "User-Agent: Apache-HttpClient/4.5.13 (Java/17.0.1)[\r][\n]"
12:02:36.881 [main] DEBUG org.apache.http.wire - http-outgoing-12 >> "Accept-Encoding: gzip,deflate[\r][\n]"
12:02:36.881 [main] DEBUG org.apache.http.wire - http-outgoing-12 >> "[\r][\n]"
12:02:36.881 [main] DEBUG org.apache.http.wire - http-outgoing-12 >> "{"email":"","password":"simple_password"}"
12:02:37.027 [main] DEBUG org.apache.http.wire - http-outgoing-12 << "HTTP/1.1 422 Unprocessable Entity[\r][\n]"
12:02:37.027 [main] DEBUG org.apache.http.wire - http-outgoing-12 << "Date: Sat, 17 Dec 2022 06:32:38 GMT[\r][\n]"
12:02:37.027 [main] DEBUG org.apache.http.wire - http-outgoing-12 << "Content-Type: application/json; charset=utf-8[\r][\n]"
12:02:37.027 [main] DEBUG org.apache.http.wire - http-outgoing-12 << "Content-Length: 63[\r][\n]"
12:02:37.027 [main] DEBUG org.apache.http.wire - http-outgoing-12 << "Connection: keep-alive[\r][\n]"
12:02:37.027 [main] DEBUG org.apache.http.wire - http-outgoing-12 << "X-Powered-By: Express[\r][\n]"
12:02:37.027 [main] DEBUG org.apache.http.wire - http-outgoing-12 << "Access-Control-Allow-Origin: *[\r][\n]"
12:02:37.027 [main] DEBUG org.apache.http.wire - http-outgoing-12 << "ETag: W/"3f-aD64d4wZd9a2Qss7/xYsCESysug"[\r][\n]"
12:02:37.027 [main] DEBUG org.apache.http.wire - http-outgoing-12 << "CF-Cache-Status: DYNAMIC[\r][\n]"
12:02:37.027 [main] DEBUG org.apache.http.wire - http-outgoing-12 << "Report-To: {"endpoints":[{"url":"https:\/\/a.nel.cloudflare.com\/report\/v3?s=EeXhugl88towSLQx%2Fc5JgpWc602pRtyK8qj9xepSrnJt2NoWfBECCNnxdRDTXaaBi4ExNrWVMGFvaCpSiSxamQBOLlwMueKjyawt695O%2FFW7p19DeOWmOJ9Qa%2FtAq8xZAaSe%2BOm1Bg%3D%3D"}],"group":"cf-nel","max_age":604800}[\r][\n]"
12:02:37.027 [main] DEBUG org.apache.http.wire - http-outgoing-12 << "NEL: {"success_fraction":0,"report_to":"cf-nel","max_age":604800}[\r][\n]"
12:02:37.027 [main] DEBUG org.apache.http.wire - http-outgoing-12 << "Server: cloudflare[\r][\n]"
12:02:37.027 [main] DEBUG org.apache.http.wire - http-outgoing-12 << "CF-RAY: 77ad9f661de99e47-SIN[\r][\n]"
12:02:37.027 [main] DEBUG org.apache.http.wire - http-outgoing-12 << "alt-svc: h3=":443"; ma=86400, h3-29=":443"; ma=86400[\r][\n]"
12:02:37.027 [main] DEBUG org.apache.http.wire - http-outgoing-12 << "[\r][\n]"
12:02:37.027 [main] DEBUG org.apache.http.wire - http-outgoing-12 << "{"status":422,"message":"\"email\" is not allowed to be empty"}"
12:02:37.028 [main] DEBUG org.apache.http.headers - http-outgoing-12 << HTTP/1.1 422 Unprocessable Entity
12:02:37.028 [main] DEBUG org.apache.http.headers - http-outgoing-12 << Date: Sat, 17 Dec 2022 06:32:38 GMT
12:02:37.028 [main] DEBUG org.apache.http.headers - http-outgoing-12 << Content-Type: application/json; charset=utf-8
12:02:37.028 [main] DEBUG org.apache.http.headers - http-outgoing-12 << Content-Length: 63
12:02:37.028 [main] DEBUG org.apache.http.headers - http-outgoing-12 << Connection: keep-alive
12:02:37.028 [main] DEBUG org.apache.http.headers - http-outgoing-12 << X-Powered-By: Express
12:02:37.028 [main] DEBUG org.apache.http.headers - http-outgoing-12 << Access-Control-Allow-Origin: *
12:02:37.028 [main] DEBUG org.apache.http.headers - http-outgoing-12 << ETag: W/"3f-aD64d4wZd9a2Qss7/xYsCESysug"
12:02:37.028 [main] DEBUG org.apache.http.headers - http-outgoing-12 << CF-Cache-Status: DYNAMIC
12:02:37.028 [main] DEBUG org.apache.http.headers - http-outgoing-12 << Report-To: {"endpoints":[{"url":"https:\/\/a.nel.cloudflare.com\/report\/v3?s=EeXhugl88towSLQx%2Fc5JgpWc602pRtyK8qj9xepSrnJt2NoWfBECCNnxdRDTXaaBi4ExNrWVMGFvaCpSiSxamQBOLlwMueKjyawt695O%2FFW7p19DeOWmOJ9Qa%2FtAq8xZAaSe%2BOm1Bg%3D%3D"}],"group":"cf-nel","max_age":604800}
12:02:37.028 [main] DEBUG org.apache.http.headers - http-outgoing-12 << NEL: {"success_fraction":0,"report_to":"cf-nel","max_age":604800}
12:02:37.028 [main] DEBUG org.apache.http.headers - http-outgoing-12 << Server: cloudflare
12:02:37.028 [main] DEBUG org.apache.http.headers - http-outgoing-12 << CF-RAY: 77ad9f661de99e47-SIN
12:02:37.028 [main] DEBUG org.apache.http.headers - http-outgoing-12 << alt-svc: h3=":443"; ma=86400, h3-29=":443"; ma=86400
12:02:37.028 [main] DEBUG org.apache.http.impl.execchain.MainClientExec - Connection can be kept alive indefinitely
12:02:37.028 [main] DEBUG org.apache.http.impl.conn.PoolingHttpClientConnectionManager - Connection [id: 12][route: {s}->https://api.storerestapi.com:443] can be kept alive indefinitely
12:02:37.028 [main] DEBUG org.apache.http.impl.conn.DefaultManagedHttpClientConnection - http-outgoing-12: set socket timeout to 0
12:02:37.028 [main] DEBUG org.apache.http.impl.conn.PoolingHttpClientConnectionManager - Connection released: [id: 12][route: {s}->https://api.storerestapi.com:443][total available: 1; route allocated: 1 of 5; total allocated: 1 of 10]
12:02:37.028 [main] DEBUG com.intuit.karate - response time in milliseconds: 290
3 < 422
3 < Date: Sat, 17 Dec 2022 06:32:38 GMT
3 < Content-Type: application/json; charset=utf-8
3 < Content-Length: 63
3 < Connection: keep-alive
3 < X-Powered-By: Express
3 < Access-Control-Allow-Origin: *
3 < ETag: W/"3f-aD64d4wZd9a2Qss7/xYsCESysug"
3 < CF-Cache-Status: DYNAMIC
3 < Report-To: {"endpoints":[{"url":"https:\/\/a.nel.cloudflare.com\/report\/v3?s=EeXhugl88towSLQx%2Fc5JgpWc602pRtyK8qj9xepSrnJt2NoWfBECCNnxdRDTXaaBi4ExNrWVMGFvaCpSiSxamQBOLlwMueKjyawt695O%2FFW7p19DeOWmOJ9Qa%2FtAq8xZAaSe%2BOm1Bg%3D%3D"}],"group":"cf-nel","max_age":604800}
3 < NEL: {"success_fraction":0,"report_to":"cf-nel","max_age":604800}
3 < Server: cloudflare
3 < CF-RAY: 77ad9f661de99e47-SIN
3 < alt-svc: h3=":443"; ma=86400, h3-29=":443"; ma=86400
{"status":422,"message":"\"email\" is not allowed to be empty"}

12:02:37.029 [main] DEBUG com.jayway.jsonpath.internal.path.CompiledPath - Evaluating path: $['message']
12:02:37.038 [main] DEBUG com.jayway.jsonpath.internal.path.CompiledPath - Evaluating path: $
12:02:37.039 [main] INFO com.intuit.karate - [print] {
  "email": "robertgonzalez@gmail.com",
  "password": "simple_password"
}
 
12:02:37.040 [main] DEBUG com.jayway.jsonpath.internal.path.CompiledPath - Evaluating path: $
12:02:37.042 [main] DEBUG org.apache.http.client.protocol.RequestAddCookies - CookieSpec selected: karate
12:02:37.042 [main] DEBUG org.apache.http.client.protocol.RequestAuthCache - Auth cache not set in the context
12:02:37.042 [main] DEBUG com.intuit.karate - request:
4 > POST https://api.storerestapi.com/auth/login
4 > Content-Type: application/json; charset=UTF-8
4 > Content-Length: 56
4 > Host: api.storerestapi.com
4 > Connection: Keep-Alive
4 > User-Agent: Apache-HttpClient/4.5.13 (Java/17.0.1)
4 > Accept-Encoding: gzip,deflate
{"email":"robertgonzalez@gmail.com","password":"simple"}

12:02:37.043 [main] DEBUG org.apache.http.impl.conn.PoolingHttpClientConnectionManager - Connection request: [route: {s}->https://api.storerestapi.com:443][total available: 0; route allocated: 0 of 5; total allocated: 0 of 10]
12:02:37.043 [main] DEBUG org.apache.http.impl.conn.PoolingHttpClientConnectionManager - Connection leased: [id: 13][route: {s}->https://api.storerestapi.com:443][total available: 0; route allocated: 1 of 5; total allocated: 1 of 10]
12:02:37.043 [main] DEBUG org.apache.http.impl.execchain.MainClientExec - Opening connection {s}->https://api.storerestapi.com:443
12:02:37.043 [main] DEBUG org.apache.http.impl.conn.DefaultHttpClientConnectionOperator - Connecting to api.storerestapi.com/172.67.193.84:443
12:02:37.043 [main] DEBUG org.apache.http.conn.ssl.SSLConnectionSocketFactory - Connecting socket to api.storerestapi.com/172.67.193.84:443 with timeout 30000
12:02:37.105 [main] DEBUG org.apache.http.conn.ssl.SSLConnectionSocketFactory - Enabled protocols: [TLSv1.3, TLSv1.2]
12:02:37.105 [main] DEBUG org.apache.http.conn.ssl.SSLConnectionSocketFactory - Enabled cipher suites:[TLS_AES_256_GCM_SHA384, TLS_AES_128_GCM_SHA256, TLS_CHACHA20_POLY1305_SHA256, TLS_ECDHE_ECDSA_WITH_AES_256_GCM_SHA384, TLS_ECDHE_ECDSA_WITH_AES_128_GCM_SHA256, TLS_ECDHE_ECDSA_WITH_CHACHA20_POLY1305_SHA256, TLS_ECDHE_RSA_WITH_AES_256_GCM_SHA384, TLS_ECDHE_RSA_WITH_CHACHA20_POLY1305_SHA256, TLS_ECDHE_RSA_WITH_AES_128_GCM_SHA256, TLS_DHE_RSA_WITH_AES_256_GCM_SHA384, TLS_DHE_RSA_WITH_CHACHA20_POLY1305_SHA256, TLS_DHE_DSS_WITH_AES_256_GCM_SHA384, TLS_DHE_RSA_WITH_AES_128_GCM_SHA256, TLS_DHE_DSS_WITH_AES_128_GCM_SHA256, TLS_ECDHE_ECDSA_WITH_AES_256_CBC_SHA384, TLS_ECDHE_RSA_WITH_AES_256_CBC_SHA384, TLS_ECDHE_ECDSA_WITH_AES_128_CBC_SHA256, TLS_ECDHE_RSA_WITH_AES_128_CBC_SHA256, TLS_DHE_RSA_WITH_AES_256_CBC_SHA256, TLS_DHE_DSS_WITH_AES_256_CBC_SHA256, TLS_DHE_RSA_WITH_AES_128_CBC_SHA256, TLS_DHE_DSS_WITH_AES_128_CBC_SHA256, TLS_ECDH_ECDSA_WITH_AES_256_GCM_SHA384, TLS_ECDH_RSA_WITH_AES_256_GCM_SHA384, TLS_ECDH_ECDSA_WITH_AES_128_GCM_SHA256, TLS_ECDH_RSA_WITH_AES_128_GCM_SHA256, TLS_ECDH_ECDSA_WITH_AES_256_CBC_SHA384, TLS_ECDH_RSA_WITH_AES_256_CBC_SHA384, TLS_ECDH_ECDSA_WITH_AES_128_CBC_SHA256, TLS_ECDH_RSA_WITH_AES_128_CBC_SHA256, TLS_ECDHE_ECDSA_WITH_AES_256_CBC_SHA, TLS_ECDHE_RSA_WITH_AES_256_CBC_SHA, TLS_ECDHE_ECDSA_WITH_AES_128_CBC_SHA, TLS_ECDHE_RSA_WITH_AES_128_CBC_SHA, TLS_DHE_RSA_WITH_AES_256_CBC_SHA, TLS_DHE_DSS_WITH_AES_256_CBC_SHA, TLS_DHE_RSA_WITH_AES_128_CBC_SHA, TLS_DHE_DSS_WITH_AES_128_CBC_SHA, TLS_ECDH_ECDSA_WITH_AES_256_CBC_SHA, TLS_ECDH_RSA_WITH_AES_256_CBC_SHA, TLS_ECDH_ECDSA_WITH_AES_128_CBC_SHA, TLS_ECDH_RSA_WITH_AES_128_CBC_SHA, TLS_RSA_WITH_AES_256_GCM_SHA384, TLS_RSA_WITH_AES_128_GCM_SHA256, TLS_RSA_WITH_AES_256_CBC_SHA256, TLS_RSA_WITH_AES_128_CBC_SHA256, TLS_RSA_WITH_AES_256_CBC_SHA, TLS_RSA_WITH_AES_128_CBC_SHA, TLS_EMPTY_RENEGOTIATION_INFO_SCSV]
12:02:37.105 [main] DEBUG org.apache.http.conn.ssl.SSLConnectionSocketFactory - Starting handshake
12:02:37.179 [main] DEBUG org.apache.http.conn.ssl.SSLConnectionSocketFactory - Secure session established
12:02:37.179 [main] DEBUG org.apache.http.conn.ssl.SSLConnectionSocketFactory -  negotiated protocol: TLSv1.3
12:02:37.179 [main] DEBUG org.apache.http.conn.ssl.SSLConnectionSocketFactory -  negotiated cipher suite: TLS_AES_256_GCM_SHA384
12:02:37.179 [main] DEBUG org.apache.http.conn.ssl.SSLConnectionSocketFactory -  peer principal: CN=*.storerestapi.com
12:02:37.179 [main] DEBUG org.apache.http.conn.ssl.SSLConnectionSocketFactory -  peer alternative names: [*.storerestapi.com, storerestapi.com]
12:02:37.179 [main] DEBUG org.apache.http.conn.ssl.SSLConnectionSocketFactory -  issuer principal: CN=E1, O=Let's Encrypt, C=US
12:02:37.180 [main] DEBUG org.apache.http.impl.conn.DefaultHttpClientConnectionOperator - Connection established 10.1.5.60:54447<->172.67.193.84:443
12:02:37.180 [main] DEBUG org.apache.http.impl.conn.DefaultManagedHttpClientConnection - http-outgoing-13: set socket timeout to 30000
12:02:37.180 [main] DEBUG org.apache.http.impl.execchain.MainClientExec - Executing request POST /auth/login HTTP/1.1
12:02:37.180 [main] DEBUG org.apache.http.impl.execchain.MainClientExec - Target auth state: UNCHALLENGED
12:02:37.180 [main] DEBUG org.apache.http.impl.execchain.MainClientExec - Proxy auth state: UNCHALLENGED
12:02:37.180 [main] DEBUG org.apache.http.headers - http-outgoing-13 >> POST /auth/login HTTP/1.1
12:02:37.180 [main] DEBUG org.apache.http.headers - http-outgoing-13 >> Content-Type: application/json; charset=UTF-8
12:02:37.180 [main] DEBUG org.apache.http.headers - http-outgoing-13 >> Content-Length: 56
12:02:37.180 [main] DEBUG org.apache.http.headers - http-outgoing-13 >> Host: api.storerestapi.com
12:02:37.180 [main] DEBUG org.apache.http.headers - http-outgoing-13 >> Connection: Keep-Alive
12:02:37.180 [main] DEBUG org.apache.http.headers - http-outgoing-13 >> User-Agent: Apache-HttpClient/4.5.13 (Java/17.0.1)
12:02:37.180 [main] DEBUG org.apache.http.headers - http-outgoing-13 >> Accept-Encoding: gzip,deflate
12:02:37.180 [main] DEBUG org.apache.http.wire - http-outgoing-13 >> "POST /auth/login HTTP/1.1[\r][\n]"
12:02:37.180 [main] DEBUG org.apache.http.wire - http-outgoing-13 >> "Content-Type: application/json; charset=UTF-8[\r][\n]"
12:02:37.180 [main] DEBUG org.apache.http.wire - http-outgoing-13 >> "Content-Length: 56[\r][\n]"
12:02:37.180 [main] DEBUG org.apache.http.wire - http-outgoing-13 >> "Host: api.storerestapi.com[\r][\n]"
12:02:37.180 [main] DEBUG org.apache.http.wire - http-outgoing-13 >> "Connection: Keep-Alive[\r][\n]"
12:02:37.180 [main] DEBUG org.apache.http.wire - http-outgoing-13 >> "User-Agent: Apache-HttpClient/4.5.13 (Java/17.0.1)[\r][\n]"
12:02:37.180 [main] DEBUG org.apache.http.wire - http-outgoing-13 >> "Accept-Encoding: gzip,deflate[\r][\n]"
12:02:37.180 [main] DEBUG org.apache.http.wire - http-outgoing-13 >> "[\r][\n]"
12:02:37.180 [main] DEBUG org.apache.http.wire - http-outgoing-13 >> "{"email":"robertgonzalez@gmail.com","password":"simple"}"
12:02:37.442 [main] DEBUG org.apache.http.wire - http-outgoing-13 << "HTTP/1.1 400 Bad Request[\r][\n]"
12:02:37.442 [main] DEBUG org.apache.http.wire - http-outgoing-13 << "Date: Sat, 17 Dec 2022 06:32:38 GMT[\r][\n]"
12:02:37.442 [main] DEBUG org.apache.http.wire - http-outgoing-13 << "Content-Type: application/json; charset=utf-8[\r][\n]"
12:02:37.442 [main] DEBUG org.apache.http.wire - http-outgoing-13 << "Content-Length: 49[\r][\n]"
12:02:37.442 [main] DEBUG org.apache.http.wire - http-outgoing-13 << "Connection: keep-alive[\r][\n]"
12:02:37.442 [main] DEBUG org.apache.http.wire - http-outgoing-13 << "X-Powered-By: Express[\r][\n]"
12:02:37.442 [main] DEBUG org.apache.http.wire - http-outgoing-13 << "Access-Control-Allow-Origin: *[\r][\n]"
12:02:37.442 [main] DEBUG org.apache.http.wire - http-outgoing-13 << "ETag: W/"31-I8zslZmyey4LrgrUrSiil3ZfY9w"[\r][\n]"
12:02:37.442 [main] DEBUG org.apache.http.wire - http-outgoing-13 << "CF-Cache-Status: DYNAMIC[\r][\n]"
12:02:37.443 [main] DEBUG org.apache.http.wire - http-outgoing-13 << "Report-To: {"endpoints":[{"url":"https:\/\/a.nel.cloudflare.com\/report\/v3?s=PKaUHuSJa5g0jbvPvg3aJnjdHVBm7e4WGdLXuVOY0IysW9ZRo7Grq6wO7OT5RAcnqNhGw2bJbhlPkOmufYV2U7Gbjom9KIrjbdSQUSUZyxpL3HiGeCebZKBVfZVgMSUDY9h9Yg16Jg%3D%3D"}],"group":"cf-nel","max_age":604800}[\r][\n]"
12:02:37.443 [main] DEBUG org.apache.http.wire - http-outgoing-13 << "NEL: {"success_fraction":0,"report_to":"cf-nel","max_age":604800}[\r][\n]"
12:02:37.443 [main] DEBUG org.apache.http.wire - http-outgoing-13 << "Server: cloudflare[\r][\n]"
12:02:37.443 [main] DEBUG org.apache.http.wire - http-outgoing-13 << "CF-RAY: 77ad9f67eae6ab61-SIN[\r][\n]"
12:02:37.443 [main] DEBUG org.apache.http.wire - http-outgoing-13 << "alt-svc: h3=":443"; ma=86400, h3-29=":443"; ma=86400[\r][\n]"
12:02:37.443 [main] DEBUG org.apache.http.wire - http-outgoing-13 << "[\r][\n]"
12:02:37.443 [main] DEBUG org.apache.http.wire - http-outgoing-13 << "{"status":400,"message":"Your password is wrong"}"
12:02:37.443 [main] DEBUG org.apache.http.headers - http-outgoing-13 << HTTP/1.1 400 Bad Request
12:02:37.443 [main] DEBUG org.apache.http.headers - http-outgoing-13 << Date: Sat, 17 Dec 2022 06:32:38 GMT
12:02:37.443 [main] DEBUG org.apache.http.headers - http-outgoing-13 << Content-Type: application/json; charset=utf-8
12:02:37.443 [main] DEBUG org.apache.http.headers - http-outgoing-13 << Content-Length: 49
12:02:37.443 [main] DEBUG org.apache.http.headers - http-outgoing-13 << Connection: keep-alive
12:02:37.443 [main] DEBUG org.apache.http.headers - http-outgoing-13 << X-Powered-By: Express
12:02:37.443 [main] DEBUG org.apache.http.headers - http-outgoing-13 << Access-Control-Allow-Origin: *
12:02:37.443 [main] DEBUG org.apache.http.headers - http-outgoing-13 << ETag: W/"31-I8zslZmyey4LrgrUrSiil3ZfY9w"
12:02:37.443 [main] DEBUG org.apache.http.headers - http-outgoing-13 << CF-Cache-Status: DYNAMIC
12:02:37.443 [main] DEBUG org.apache.http.headers - http-outgoing-13 << Report-To: {"endpoints":[{"url":"https:\/\/a.nel.cloudflare.com\/report\/v3?s=PKaUHuSJa5g0jbvPvg3aJnjdHVBm7e4WGdLXuVOY0IysW9ZRo7Grq6wO7OT5RAcnqNhGw2bJbhlPkOmufYV2U7Gbjom9KIrjbdSQUSUZyxpL3HiGeCebZKBVfZVgMSUDY9h9Yg16Jg%3D%3D"}],"group":"cf-nel","max_age":604800}
12:02:37.443 [main] DEBUG org.apache.http.headers - http-outgoing-13 << NEL: {"success_fraction":0,"report_to":"cf-nel","max_age":604800}
12:02:37.443 [main] DEBUG org.apache.http.headers - http-outgoing-13 << Server: cloudflare
12:02:37.443 [main] DEBUG org.apache.http.headers - http-outgoing-13 << CF-RAY: 77ad9f67eae6ab61-SIN
12:02:37.443 [main] DEBUG org.apache.http.headers - http-outgoing-13 << alt-svc: h3=":443"; ma=86400, h3-29=":443"; ma=86400
12:02:37.443 [main] DEBUG org.apache.http.impl.execchain.MainClientExec - Connection can be kept alive indefinitely
12:02:37.444 [main] DEBUG org.apache.http.impl.conn.PoolingHttpClientConnectionManager - Connection [id: 13][route: {s}->https://api.storerestapi.com:443] can be kept alive indefinitely
12:02:37.444 [main] DEBUG org.apache.http.impl.conn.DefaultManagedHttpClientConnection - http-outgoing-13: set socket timeout to 0
12:02:37.444 [main] DEBUG org.apache.http.impl.conn.PoolingHttpClientConnectionManager - Connection released: [id: 13][route: {s}->https://api.storerestapi.com:443][total available: 1; route allocated: 1 of 5; total allocated: 1 of 10]
12:02:37.444 [main] DEBUG com.intuit.karate - response time in milliseconds: 401
4 < 400
4 < Date: Sat, 17 Dec 2022 06:32:38 GMT
4 < Content-Type: application/json; charset=utf-8
4 < Content-Length: 49
4 < Connection: keep-alive
4 < X-Powered-By: Express
4 < Access-Control-Allow-Origin: *
4 < ETag: W/"31-I8zslZmyey4LrgrUrSiil3ZfY9w"
4 < CF-Cache-Status: DYNAMIC
4 < Report-To: {"endpoints":[{"url":"https:\/\/a.nel.cloudflare.com\/report\/v3?s=PKaUHuSJa5g0jbvPvg3aJnjdHVBm7e4WGdLXuVOY0IysW9ZRo7Grq6wO7OT5RAcnqNhGw2bJbhlPkOmufYV2U7Gbjom9KIrjbdSQUSUZyxpL3HiGeCebZKBVfZVgMSUDY9h9Yg16Jg%3D%3D"}],"group":"cf-nel","max_age":604800}
4 < NEL: {"success_fraction":0,"report_to":"cf-nel","max_age":604800}
4 < Server: cloudflare
4 < CF-RAY: 77ad9f67eae6ab61-SIN
4 < alt-svc: h3=":443"; ma=86400, h3-29=":443"; ma=86400
{"status":400,"message":"Your password is wrong"}

12:02:37.449 [main] DEBUG com.jayway.jsonpath.internal.path.CompiledPath - Evaluating path: $['message']
12:02:37.459 [main] ERROR com.intuit.karate - classpath:com/storeapiapp/features/User.feature:6
* def getAccessTokenFromLogin = loginFeatureFile.response.data.access_token
js failed:
>>>>
01: loginFeatureFile.response.data.access_token
<<<<
org.graalvm.polyglot.PolyglotException: TypeError: Cannot read property "access_token" from undefined
- <js>.:program(Unnamed:1)

classpath:com/storeapiapp/features/User.feature:6
]]></system-out>
  </testcase>
  <testcase name="testTags[2][2]" classname="com.storeapiapp.StoreApiAppTest" time="2.296">
    <failure message="js failed:&#10;&gt;&gt;&gt;&gt;&#10;01: loginFeatureFile.response.data.access_token&#10;&lt;&lt;&lt;&lt;&#10;org.graalvm.polyglot.PolyglotException: TypeError: Cannot read property &quot;access_token&quot; from undefined&#10;- &lt;js&gt;.:program(Unnamed:1)&#10;&#10;classpath:com/storeapiapp/features/User.feature:6" type="org.opentest4j.AssertionFailedError"><![CDATA[org.opentest4j.AssertionFailedError: 
js failed:
>>>>
01: loginFeatureFile.response.data.access_token
<<<<
org.graalvm.polyglot.PolyglotException: TypeError: Cannot read property "access_token" from undefined
- <js>.:program(Unnamed:1)

classpath:com/storeapiapp/features/User.feature:6
]]></failure>
    <system-out><![CDATA[12:02:37.485 [main] DEBUG com.jayway.jsonpath.internal.path.CompiledPath - Evaluating path: $
12:02:37.485 [main] INFO com.intuit.karate - [print] {
  "email": "robertgonzalez@gmail.com",
  "password": "simple_password"
}
 
12:02:37.488 [main] DEBUG org.apache.http.client.protocol.RequestAddCookies - CookieSpec selected: karate
12:02:37.489 [main] DEBUG org.apache.http.client.protocol.RequestAuthCache - Auth cache not set in the context
12:02:37.489 [main] DEBUG com.intuit.karate - request:
1 > POST https://api.storerestapi.com/auth/login
1 > Content-Type: application/json; charset=UTF-8
1 > Content-Length: 65
1 > Host: api.storerestapi.com
1 > Connection: Keep-Alive
1 > User-Agent: Apache-HttpClient/4.5.13 (Java/17.0.1)
1 > Accept-Encoding: gzip,deflate
{"email":"robertgonzalez@gmail.com","password":"simple_password"}

12:02:37.489 [main] DEBUG org.apache.http.impl.conn.PoolingHttpClientConnectionManager - Connection request: [route: {s}->https://api.storerestapi.com:443][total available: 0; route allocated: 0 of 5; total allocated: 0 of 10]
12:02:37.489 [main] DEBUG org.apache.http.impl.conn.PoolingHttpClientConnectionManager - Connection leased: [id: 14][route: {s}->https://api.storerestapi.com:443][total available: 0; route allocated: 1 of 5; total allocated: 1 of 10]
12:02:37.489 [main] DEBUG org.apache.http.impl.execchain.MainClientExec - Opening connection {s}->https://api.storerestapi.com:443
12:02:37.489 [main] DEBUG org.apache.http.impl.conn.DefaultHttpClientConnectionOperator - Connecting to api.storerestapi.com/172.67.193.84:443
12:02:37.489 [main] DEBUG org.apache.http.conn.ssl.SSLConnectionSocketFactory - Connecting socket to api.storerestapi.com/172.67.193.84:443 with timeout 30000
12:02:37.566 [main] DEBUG org.apache.http.conn.ssl.SSLConnectionSocketFactory - Enabled protocols: [TLSv1.3, TLSv1.2]
12:02:37.566 [main] DEBUG org.apache.http.conn.ssl.SSLConnectionSocketFactory - Enabled cipher suites:[TLS_AES_256_GCM_SHA384, TLS_AES_128_GCM_SHA256, TLS_CHACHA20_POLY1305_SHA256, TLS_ECDHE_ECDSA_WITH_AES_256_GCM_SHA384, TLS_ECDHE_ECDSA_WITH_AES_128_GCM_SHA256, TLS_ECDHE_ECDSA_WITH_CHACHA20_POLY1305_SHA256, TLS_ECDHE_RSA_WITH_AES_256_GCM_SHA384, TLS_ECDHE_RSA_WITH_CHACHA20_POLY1305_SHA256, TLS_ECDHE_RSA_WITH_AES_128_GCM_SHA256, TLS_DHE_RSA_WITH_AES_256_GCM_SHA384, TLS_DHE_RSA_WITH_CHACHA20_POLY1305_SHA256, TLS_DHE_DSS_WITH_AES_256_GCM_SHA384, TLS_DHE_RSA_WITH_AES_128_GCM_SHA256, TLS_DHE_DSS_WITH_AES_128_GCM_SHA256, TLS_ECDHE_ECDSA_WITH_AES_256_CBC_SHA384, TLS_ECDHE_RSA_WITH_AES_256_CBC_SHA384, TLS_ECDHE_ECDSA_WITH_AES_128_CBC_SHA256, TLS_ECDHE_RSA_WITH_AES_128_CBC_SHA256, TLS_DHE_RSA_WITH_AES_256_CBC_SHA256, TLS_DHE_DSS_WITH_AES_256_CBC_SHA256, TLS_DHE_RSA_WITH_AES_128_CBC_SHA256, TLS_DHE_DSS_WITH_AES_128_CBC_SHA256, TLS_ECDH_ECDSA_WITH_AES_256_GCM_SHA384, TLS_ECDH_RSA_WITH_AES_256_GCM_SHA384, TLS_ECDH_ECDSA_WITH_AES_128_GCM_SHA256, TLS_ECDH_RSA_WITH_AES_128_GCM_SHA256, TLS_ECDH_ECDSA_WITH_AES_256_CBC_SHA384, TLS_ECDH_RSA_WITH_AES_256_CBC_SHA384, TLS_ECDH_ECDSA_WITH_AES_128_CBC_SHA256, TLS_ECDH_RSA_WITH_AES_128_CBC_SHA256, TLS_ECDHE_ECDSA_WITH_AES_256_CBC_SHA, TLS_ECDHE_RSA_WITH_AES_256_CBC_SHA, TLS_ECDHE_ECDSA_WITH_AES_128_CBC_SHA, TLS_ECDHE_RSA_WITH_AES_128_CBC_SHA, TLS_DHE_RSA_WITH_AES_256_CBC_SHA, TLS_DHE_DSS_WITH_AES_256_CBC_SHA, TLS_DHE_RSA_WITH_AES_128_CBC_SHA, TLS_DHE_DSS_WITH_AES_128_CBC_SHA, TLS_ECDH_ECDSA_WITH_AES_256_CBC_SHA, TLS_ECDH_RSA_WITH_AES_256_CBC_SHA, TLS_ECDH_ECDSA_WITH_AES_128_CBC_SHA, TLS_ECDH_RSA_WITH_AES_128_CBC_SHA, TLS_RSA_WITH_AES_256_GCM_SHA384, TLS_RSA_WITH_AES_128_GCM_SHA256, TLS_RSA_WITH_AES_256_CBC_SHA256, TLS_RSA_WITH_AES_128_CBC_SHA256, TLS_RSA_WITH_AES_256_CBC_SHA, TLS_RSA_WITH_AES_128_CBC_SHA, TLS_EMPTY_RENEGOTIATION_INFO_SCSV]
12:02:37.566 [main] DEBUG org.apache.http.conn.ssl.SSLConnectionSocketFactory - Starting handshake
12:02:37.646 [main] DEBUG org.apache.http.conn.ssl.SSLConnectionSocketFactory - Secure session established
12:02:37.646 [main] DEBUG org.apache.http.conn.ssl.SSLConnectionSocketFactory -  negotiated protocol: TLSv1.3
12:02:37.646 [main] DEBUG org.apache.http.conn.ssl.SSLConnectionSocketFactory -  negotiated cipher suite: TLS_AES_256_GCM_SHA384
12:02:37.646 [main] DEBUG org.apache.http.conn.ssl.SSLConnectionSocketFactory -  peer principal: CN=*.storerestapi.com
12:02:37.646 [main] DEBUG org.apache.http.conn.ssl.SSLConnectionSocketFactory -  peer alternative names: [*.storerestapi.com, storerestapi.com]
12:02:37.646 [main] DEBUG org.apache.http.conn.ssl.SSLConnectionSocketFactory -  issuer principal: CN=E1, O=Let's Encrypt, C=US
12:02:37.647 [main] DEBUG org.apache.http.impl.conn.DefaultHttpClientConnectionOperator - Connection established 10.1.5.60:54448<->172.67.193.84:443
12:02:37.647 [main] DEBUG org.apache.http.impl.conn.DefaultManagedHttpClientConnection - http-outgoing-14: set socket timeout to 30000
12:02:37.647 [main] DEBUG org.apache.http.impl.execchain.MainClientExec - Executing request POST /auth/login HTTP/1.1
12:02:37.647 [main] DEBUG org.apache.http.impl.execchain.MainClientExec - Target auth state: UNCHALLENGED
12:02:37.647 [main] DEBUG org.apache.http.impl.execchain.MainClientExec - Proxy auth state: UNCHALLENGED
12:02:37.647 [main] DEBUG org.apache.http.headers - http-outgoing-14 >> POST /auth/login HTTP/1.1
12:02:37.647 [main] DEBUG org.apache.http.headers - http-outgoing-14 >> Content-Type: application/json; charset=UTF-8
12:02:37.647 [main] DEBUG org.apache.http.headers - http-outgoing-14 >> Content-Length: 65
12:02:37.647 [main] DEBUG org.apache.http.headers - http-outgoing-14 >> Host: api.storerestapi.com
12:02:37.647 [main] DEBUG org.apache.http.headers - http-outgoing-14 >> Connection: Keep-Alive
12:02:37.647 [main] DEBUG org.apache.http.headers - http-outgoing-14 >> User-Agent: Apache-HttpClient/4.5.13 (Java/17.0.1)
12:02:37.647 [main] DEBUG org.apache.http.headers - http-outgoing-14 >> Accept-Encoding: gzip,deflate
12:02:37.647 [main] DEBUG org.apache.http.wire - http-outgoing-14 >> "POST /auth/login HTTP/1.1[\r][\n]"
12:02:37.647 [main] DEBUG org.apache.http.wire - http-outgoing-14 >> "Content-Type: application/json; charset=UTF-8[\r][\n]"
12:02:37.647 [main] DEBUG org.apache.http.wire - http-outgoing-14 >> "Content-Length: 65[\r][\n]"
12:02:37.647 [main] DEBUG org.apache.http.wire - http-outgoing-14 >> "Host: api.storerestapi.com[\r][\n]"
12:02:37.647 [main] DEBUG org.apache.http.wire - http-outgoing-14 >> "Connection: Keep-Alive[\r][\n]"
12:02:37.647 [main] DEBUG org.apache.http.wire - http-outgoing-14 >> "User-Agent: Apache-HttpClient/4.5.13 (Java/17.0.1)[\r][\n]"
12:02:37.647 [main] DEBUG org.apache.http.wire - http-outgoing-14 >> "Accept-Encoding: gzip,deflate[\r][\n]"
12:02:37.647 [main] DEBUG org.apache.http.wire - http-outgoing-14 >> "[\r][\n]"
12:02:37.647 [main] DEBUG org.apache.http.wire - http-outgoing-14 >> "{"email":"robertgonzalez@gmail.com","password":"simple_password"}"
12:02:38.044 [main] DEBUG org.apache.http.wire - http-outgoing-14 << "HTTP/1.1 200 OK[\r][\n]"
12:02:38.044 [main] DEBUG org.apache.http.wire - http-outgoing-14 << "Date: Sat, 17 Dec 2022 06:32:39 GMT[\r][\n]"
12:02:38.044 [main] DEBUG org.apache.http.wire - http-outgoing-14 << "Content-Type: application/json; charset=utf-8[\r][\n]"
12:02:38.044 [main] DEBUG org.apache.http.wire - http-outgoing-14 << "Transfer-Encoding: chunked[\r][\n]"
12:02:38.044 [main] DEBUG org.apache.http.wire - http-outgoing-14 << "Connection: keep-alive[\r][\n]"
12:02:38.044 [main] DEBUG org.apache.http.wire - http-outgoing-14 << "X-Powered-By: Express[\r][\n]"
12:02:38.044 [main] DEBUG org.apache.http.wire - http-outgoing-14 << "Access-Control-Allow-Origin: *[\r][\n]"
12:02:38.044 [main] DEBUG org.apache.http.wire - http-outgoing-14 << "ETag: W/"2a6-yunNSJiUfaNAfgpVrY7R/Zy0PCg"[\r][\n]"
12:02:38.044 [main] DEBUG org.apache.http.wire - http-outgoing-14 << "CF-Cache-Status: DYNAMIC[\r][\n]"
12:02:38.044 [main] DEBUG org.apache.http.wire - http-outgoing-14 << "Report-To: {"endpoints":[{"url":"https:\/\/a.nel.cloudflare.com\/report\/v3?s=VVEcGUEFWrWEhQAjJE83YXhhKuZfZmJeauTTWTe6gV3pwxZ9Lh83CHXNBVKhk995qphIz%2BI7n7qepJhnaLsS5M7je%2FBr2U2hRGAircw57FdAdWVxIJkoSpr%2FwelZS8TShsDqB1uc%2Bw%3D%3D"}],"group":"cf-nel","max_age":604800}[\r][\n]"
12:02:38.044 [main] DEBUG org.apache.http.wire - http-outgoing-14 << "NEL: {"success_fraction":0,"report_to":"cf-nel","max_age":604800}[\r][\n]"
12:02:38.044 [main] DEBUG org.apache.http.wire - http-outgoing-14 << "Server: cloudflare[\r][\n]"
12:02:38.044 [main] DEBUG org.apache.http.wire - http-outgoing-14 << "CF-RAY: 77ad9f6ae985a137-SIN[\r][\n]"
12:02:38.044 [main] DEBUG org.apache.http.wire - http-outgoing-14 << "Content-Encoding: gzip[\r][\n]"
12:02:38.044 [main] DEBUG org.apache.http.wire - http-outgoing-14 << "alt-svc: h3=":443"; ma=86400, h3-29=":443"; ma=86400[\r][\n]"
12:02:38.044 [main] DEBUG org.apache.http.wire - http-outgoing-14 << "[\r][\n]"
12:02:38.044 [main] DEBUG org.apache.http.wire - http-outgoing-14 << "17d[\r][\n]"
12:02:38.044 [main] DEBUG org.apache.http.wire - http-outgoing-14 << "[0x1f][0x8b][0x8][0x0][0x0][0x0][0x0][0x0][0x0][0x3][0xe4][0x92][0xcb]n[0xab]0[0x0]D[0xa5][0xf2]:[0xad][0xc0][0x94][0x14][0xb2]KIBLc[0xd2]@[0xcc]kS9[0xae][0x1b]l[0xc0]D54@[0xd5][0xaf][0xd2][0xc5][0xfd][0x89][0xbb]>[0x9a][0xd1][0xe8]h[0xbe][0xc1];[0xed](X|[0x3][0xca][0x18][0xd7][0xfa][0xad]k+[0xae][0xc0][0x2][0xf0]1(O>[0x13]{[0x11] 2!3[0x14]H#[0x15][0xd9][0xcc]CsT][0xb2][0xc4][0xb][0xdc][0x7]>[0x6]U[0x9e]E%[0x92][0x97]'T[0xbb][0x97][0xe2][0x6]e>[0xe0][0x86][0x18][0xfb][0x15][0x19][0xf0]t0[0xb]?[0x94]x[0xc2]S[0x9e]b[0x98]C4[0x86][0x1e][0xd2][0xa8][0xb1][0xcb]SJn[0xe5][0xf1][0x9][0x6]5S[0x87]s[0x4][0xdd][0x9e]7[0x1b]]d[0xad][0xd8]y[0xc1]x[0x82]C[0x8d]d+H[0xe5][0xe2](qWI[0x12][0x92][0xa3]an[0xc8]mH[0x93]tyZ[0xeb][0x1b]g[0x8d]+[0x8a],0[0x8a][0xf9][0xcb][0xb2][0x80]fI[0xd3]k[0x9f]C[0xb7]C[0xca][0xd0][0xa8][0xa9][0xcb]w[0xf][0xcd][0xf1]1[0xb7][0xf0][0x11][0x99][0xfb][0x15]3[0xf7][0xf1]U[0x14]YyE[0xb2][0x1d]B[0xc9][0x6],[0x89][0x1d]Jb[0x1c][0x1e]|[0xf6][0xfa][0xfc][0xb2][0xb4][0xaa][0x8c][0xc5](+[0xe3][0xca][0xb7]I5[0xb4][0x16][0x17][0xbd]?[0xe8][0xf5]W[0x92][0xce]eH[0xd5]W<[0x84]K0[0x3][0x9f][0xfc][0xe3][0x93][0xeb][0xf2]?67[0x1d]L|[0xfc]3[0xe7](c[0xbb][0xa1][0xd1][0x93][0xde][0xad]be[0xad][0xd7][0xae]C[0xb7][0xd7]q[0xfb]x[0xdf]8[0xa2][0x1e][0x9d][0xb7][0xf1]Uh[0xb]:*[0xdc][0x11][0xf0]3[0x3][\r][0xd7][0x9a][0x9e]9X[0x80]X[0x9c][0xd5][0x9d]Pw[0xba][0xff][0xbb]![0x98][0x1][0xdd][0xd1][0xae][0xd7]`[0x1][\r][0xe3][0xe7][0x17][0x0][0x0][0xff][0xff][0x3][0x0][0xcc][0xe0][0xe0][0xf4][0xa6][0x2][0x0][0x0][\r][\n]"
12:02:38.045 [main] DEBUG org.apache.http.headers - http-outgoing-14 << HTTP/1.1 200 OK
12:02:38.045 [main] DEBUG org.apache.http.headers - http-outgoing-14 << Date: Sat, 17 Dec 2022 06:32:39 GMT
12:02:38.045 [main] DEBUG org.apache.http.headers - http-outgoing-14 << Content-Type: application/json; charset=utf-8
12:02:38.045 [main] DEBUG org.apache.http.headers - http-outgoing-14 << Transfer-Encoding: chunked
12:02:38.045 [main] DEBUG org.apache.http.headers - http-outgoing-14 << Connection: keep-alive
12:02:38.045 [main] DEBUG org.apache.http.headers - http-outgoing-14 << X-Powered-By: Express
12:02:38.045 [main] DEBUG org.apache.http.headers - http-outgoing-14 << Access-Control-Allow-Origin: *
12:02:38.045 [main] DEBUG org.apache.http.headers - http-outgoing-14 << ETag: W/"2a6-yunNSJiUfaNAfgpVrY7R/Zy0PCg"
12:02:38.045 [main] DEBUG org.apache.http.headers - http-outgoing-14 << CF-Cache-Status: DYNAMIC
12:02:38.045 [main] DEBUG org.apache.http.headers - http-outgoing-14 << Report-To: {"endpoints":[{"url":"https:\/\/a.nel.cloudflare.com\/report\/v3?s=VVEcGUEFWrWEhQAjJE83YXhhKuZfZmJeauTTWTe6gV3pwxZ9Lh83CHXNBVKhk995qphIz%2BI7n7qepJhnaLsS5M7je%2FBr2U2hRGAircw57FdAdWVxIJkoSpr%2FwelZS8TShsDqB1uc%2Bw%3D%3D"}],"group":"cf-nel","max_age":604800}
12:02:38.045 [main] DEBUG org.apache.http.headers - http-outgoing-14 << NEL: {"success_fraction":0,"report_to":"cf-nel","max_age":604800}
12:02:38.045 [main] DEBUG org.apache.http.headers - http-outgoing-14 << Server: cloudflare
12:02:38.045 [main] DEBUG org.apache.http.headers - http-outgoing-14 << CF-RAY: 77ad9f6ae985a137-SIN
12:02:38.045 [main] DEBUG org.apache.http.headers - http-outgoing-14 << Content-Encoding: gzip
12:02:38.045 [main] DEBUG org.apache.http.headers - http-outgoing-14 << alt-svc: h3=":443"; ma=86400, h3-29=":443"; ma=86400
12:02:38.045 [main] DEBUG org.apache.http.impl.execchain.MainClientExec - Connection can be kept alive indefinitely
12:02:38.045 [main] DEBUG com.intuit.karate - response time in milliseconds: 556
1 < 200
1 < Date: Sat, 17 Dec 2022 06:32:39 GMT
1 < Content-Type: application/json; charset=utf-8
1 < Transfer-Encoding: chunked
1 < Connection: keep-alive
1 < X-Powered-By: Express
1 < Access-Control-Allow-Origin: *
1 < ETag: W/"2a6-yunNSJiUfaNAfgpVrY7R/Zy0PCg"
1 < CF-Cache-Status: DYNAMIC
1 < Report-To: {"endpoints":[{"url":"https:\/\/a.nel.cloudflare.com\/report\/v3?s=VVEcGUEFWrWEhQAjJE83YXhhKuZfZmJeauTTWTe6gV3pwxZ9Lh83CHXNBVKhk995qphIz%2BI7n7qepJhnaLsS5M7je%2FBr2U2hRGAircw57FdAdWVxIJkoSpr%2FwelZS8TShsDqB1uc%2Bw%3D%3D"}],"group":"cf-nel","max_age":604800}
1 < NEL: {"success_fraction":0,"report_to":"cf-nel","max_age":604800}
1 < Server: cloudflare
1 < CF-RAY: 77ad9f6ae985a137-SIN
1 < alt-svc: h3=":443"; ma=86400, h3-29=":443"; ma=86400
{"data":{"access_token":"eyJhbGciOiJIUzI1NiIsInR5cCI6IkpXVCJ9.eyJkYXRhIjp7Il9pZCI6IjYxMmU0ODUxMzQ1ZGNjMzMzYWM2Y2IyNCIsIm5hbWUiOiJSb2JlcnQgR29uemFsZXoiLCJyb2xlIjoiUk9MRV9DVVNUT01FUiIsImVtYWlsIjoicm9iZXJ0Z29uemFsZXpAZ21haWwuY29tIn0sImlhdCI6MTY3MTI1ODc1OSwiZXhwIjoxNjcxMjU5NjU5fQ.GcPBKA3kXcSIXhSkG5Ukxo3eiuGxsEvVW6jNanvSxNA","refresh_token":"eyJhbGciOiJIUzI1NiIsInR5cCI6IkpXVCJ9.eyJkYXRhIjp7Il9pZCI6IjYxMmU0ODUxMzQ1ZGNjMzMzYWM2Y2IyNCIsIm5hbWUiOiJSb2JlcnQgR29uemFsZXoiLCJyb2xlIjoiUk9MRV9DVVNUT01FUiIsImVtYWlsIjoicm9iZXJ0Z29uemFsZXpAZ21haWwuY29tIn0sImlhdCI6MTY3MTI1ODc1OSwiZXhwIjoxNjcxMzQ1MTU5fQ.8n0HFaR7sLDSn3EE98aHwyH4-m8ily8_yPis328nNLU"},"message":"Sign in success","status":200}

12:02:38.047 [main] DEBUG com.jayway.jsonpath.internal.path.CompiledPath - Evaluating path: $['message']
12:02:38.049 [main] INFO com.intuit.karate - [print] setAccessTokenForLogin is:  eyJhbGciOiJIUzI1NiIsInR5cCI6IkpXVCJ9.eyJkYXRhIjp7Il9pZCI6IjYxMmU0ODUxMzQ1ZGNjMzMzYWM2Y2IyNCIsIm5hbWUiOiJSb2JlcnQgR29uemFsZXoiLCJyb2xlIjoiUk9MRV9DVVNUT01FUiIsImVtYWlsIjoicm9iZXJ0Z29uemFsZXpAZ21haWwuY29tIn0sImlhdCI6MTY3MTI1ODc1OSwiZXhwIjoxNjcxMjU5NjU5fQ.GcPBKA3kXcSIXhSkG5Ukxo3eiuGxsEvVW6jNanvSxNA 
12:02:38.050 [main] INFO com.intuit.karate - [print] setRefreshTokenForLogin is:  eyJhbGciOiJIUzI1NiIsInR5cCI6IkpXVCJ9.eyJkYXRhIjp7Il9pZCI6IjYxMmU0ODUxMzQ1ZGNjMzMzYWM2Y2IyNCIsIm5hbWUiOiJSb2JlcnQgR29uemFsZXoiLCJyb2xlIjoiUk9MRV9DVVNUT01FUiIsImVtYWlsIjoicm9iZXJ0Z29uemFsZXpAZ21haWwuY29tIn0sImlhdCI6MTY3MTI1ODc1OSwiZXhwIjoxNjcxMzQ1MTU5fQ.8n0HFaR7sLDSn3EE98aHwyH4-m8ily8_yPis328nNLU 
12:02:38.057 [main] DEBUG com.jayway.jsonpath.internal.path.CompiledPath - Evaluating path: $
12:02:38.057 [main] INFO com.intuit.karate - [print] {
  "email": "robertgonzalez@gmail.com",
  "password": "simple_password"
}
 
12:02:38.059 [main] DEBUG com.jayway.jsonpath.internal.path.CompiledPath - Evaluating path: $
12:02:38.061 [main] DEBUG org.apache.http.client.protocol.RequestAddCookies - CookieSpec selected: karate
12:02:38.061 [main] DEBUG org.apache.http.client.protocol.RequestAuthCache - Auth cache not set in the context
12:02:38.061 [main] DEBUG com.intuit.karate - request:
2 > POST https://api.storerestapi.com/auth/login
2 > Content-Type: application/json; charset=UTF-8
2 > Content-Length: 50
2 > Host: api.storerestapi.com
2 > Connection: Keep-Alive
2 > User-Agent: Apache-HttpClient/4.5.13 (Java/17.0.1)
2 > Accept-Encoding: gzip,deflate
{"email":"robertgonzalez@gmail.com","password":""}

12:02:38.061 [main] DEBUG org.apache.http.impl.conn.PoolingHttpClientConnectionManager - Connection request: [route: {s}->https://api.storerestapi.com:443][total available: 0; route allocated: 0 of 5; total allocated: 0 of 10]
12:02:38.061 [main] DEBUG org.apache.http.impl.conn.PoolingHttpClientConnectionManager - Connection leased: [id: 15][route: {s}->https://api.storerestapi.com:443][total available: 0; route allocated: 1 of 5; total allocated: 1 of 10]
12:02:38.061 [main] DEBUG org.apache.http.impl.execchain.MainClientExec - Opening connection {s}->https://api.storerestapi.com:443
12:02:38.061 [main] DEBUG org.apache.http.impl.conn.DefaultHttpClientConnectionOperator - Connecting to api.storerestapi.com/172.67.193.84:443
12:02:38.061 [main] DEBUG org.apache.http.conn.ssl.SSLConnectionSocketFactory - Connecting socket to api.storerestapi.com/172.67.193.84:443 with timeout 30000
12:02:38.122 [main] DEBUG org.apache.http.conn.ssl.SSLConnectionSocketFactory - Enabled protocols: [TLSv1.3, TLSv1.2]
12:02:38.122 [main] DEBUG org.apache.http.conn.ssl.SSLConnectionSocketFactory - Enabled cipher suites:[TLS_AES_256_GCM_SHA384, TLS_AES_128_GCM_SHA256, TLS_CHACHA20_POLY1305_SHA256, TLS_ECDHE_ECDSA_WITH_AES_256_GCM_SHA384, TLS_ECDHE_ECDSA_WITH_AES_128_GCM_SHA256, TLS_ECDHE_ECDSA_WITH_CHACHA20_POLY1305_SHA256, TLS_ECDHE_RSA_WITH_AES_256_GCM_SHA384, TLS_ECDHE_RSA_WITH_CHACHA20_POLY1305_SHA256, TLS_ECDHE_RSA_WITH_AES_128_GCM_SHA256, TLS_DHE_RSA_WITH_AES_256_GCM_SHA384, TLS_DHE_RSA_WITH_CHACHA20_POLY1305_SHA256, TLS_DHE_DSS_WITH_AES_256_GCM_SHA384, TLS_DHE_RSA_WITH_AES_128_GCM_SHA256, TLS_DHE_DSS_WITH_AES_128_GCM_SHA256, TLS_ECDHE_ECDSA_WITH_AES_256_CBC_SHA384, TLS_ECDHE_RSA_WITH_AES_256_CBC_SHA384, TLS_ECDHE_ECDSA_WITH_AES_128_CBC_SHA256, TLS_ECDHE_RSA_WITH_AES_128_CBC_SHA256, TLS_DHE_RSA_WITH_AES_256_CBC_SHA256, TLS_DHE_DSS_WITH_AES_256_CBC_SHA256, TLS_DHE_RSA_WITH_AES_128_CBC_SHA256, TLS_DHE_DSS_WITH_AES_128_CBC_SHA256, TLS_ECDH_ECDSA_WITH_AES_256_GCM_SHA384, TLS_ECDH_RSA_WITH_AES_256_GCM_SHA384, TLS_ECDH_ECDSA_WITH_AES_128_GCM_SHA256, TLS_ECDH_RSA_WITH_AES_128_GCM_SHA256, TLS_ECDH_ECDSA_WITH_AES_256_CBC_SHA384, TLS_ECDH_RSA_WITH_AES_256_CBC_SHA384, TLS_ECDH_ECDSA_WITH_AES_128_CBC_SHA256, TLS_ECDH_RSA_WITH_AES_128_CBC_SHA256, TLS_ECDHE_ECDSA_WITH_AES_256_CBC_SHA, TLS_ECDHE_RSA_WITH_AES_256_CBC_SHA, TLS_ECDHE_ECDSA_WITH_AES_128_CBC_SHA, TLS_ECDHE_RSA_WITH_AES_128_CBC_SHA, TLS_DHE_RSA_WITH_AES_256_CBC_SHA, TLS_DHE_DSS_WITH_AES_256_CBC_SHA, TLS_DHE_RSA_WITH_AES_128_CBC_SHA, TLS_DHE_DSS_WITH_AES_128_CBC_SHA, TLS_ECDH_ECDSA_WITH_AES_256_CBC_SHA, TLS_ECDH_RSA_WITH_AES_256_CBC_SHA, TLS_ECDH_ECDSA_WITH_AES_128_CBC_SHA, TLS_ECDH_RSA_WITH_AES_128_CBC_SHA, TLS_RSA_WITH_AES_256_GCM_SHA384, TLS_RSA_WITH_AES_128_GCM_SHA256, TLS_RSA_WITH_AES_256_CBC_SHA256, TLS_RSA_WITH_AES_128_CBC_SHA256, TLS_RSA_WITH_AES_256_CBC_SHA, TLS_RSA_WITH_AES_128_CBC_SHA, TLS_EMPTY_RENEGOTIATION_INFO_SCSV]
12:02:38.122 [main] DEBUG org.apache.http.conn.ssl.SSLConnectionSocketFactory - Starting handshake
12:02:38.194 [main] DEBUG org.apache.http.conn.ssl.SSLConnectionSocketFactory - Secure session established
12:02:38.194 [main] DEBUG org.apache.http.conn.ssl.SSLConnectionSocketFactory -  negotiated protocol: TLSv1.3
12:02:38.194 [main] DEBUG org.apache.http.conn.ssl.SSLConnectionSocketFactory -  negotiated cipher suite: TLS_AES_256_GCM_SHA384
12:02:38.194 [main] DEBUG org.apache.http.conn.ssl.SSLConnectionSocketFactory -  peer principal: CN=*.storerestapi.com
12:02:38.194 [main] DEBUG org.apache.http.conn.ssl.SSLConnectionSocketFactory -  peer alternative names: [*.storerestapi.com, storerestapi.com]
12:02:38.194 [main] DEBUG org.apache.http.conn.ssl.SSLConnectionSocketFactory -  issuer principal: CN=E1, O=Let's Encrypt, C=US
12:02:38.194 [main] DEBUG org.apache.http.impl.conn.DefaultHttpClientConnectionOperator - Connection established 10.1.5.60:54449<->172.67.193.84:443
12:02:38.194 [main] DEBUG org.apache.http.impl.conn.DefaultManagedHttpClientConnection - http-outgoing-15: set socket timeout to 30000
12:02:38.194 [main] DEBUG org.apache.http.impl.execchain.MainClientExec - Executing request POST /auth/login HTTP/1.1
12:02:38.194 [main] DEBUG org.apache.http.impl.execchain.MainClientExec - Target auth state: UNCHALLENGED
12:02:38.194 [main] DEBUG org.apache.http.impl.execchain.MainClientExec - Proxy auth state: UNCHALLENGED
12:02:38.195 [main] DEBUG org.apache.http.headers - http-outgoing-15 >> POST /auth/login HTTP/1.1
12:02:38.195 [main] DEBUG org.apache.http.headers - http-outgoing-15 >> Content-Type: application/json; charset=UTF-8
12:02:38.195 [main] DEBUG org.apache.http.headers - http-outgoing-15 >> Content-Length: 50
12:02:38.195 [main] DEBUG org.apache.http.headers - http-outgoing-15 >> Host: api.storerestapi.com
12:02:38.195 [main] DEBUG org.apache.http.headers - http-outgoing-15 >> Connection: Keep-Alive
12:02:38.195 [main] DEBUG org.apache.http.headers - http-outgoing-15 >> User-Agent: Apache-HttpClient/4.5.13 (Java/17.0.1)
12:02:38.195 [main] DEBUG org.apache.http.headers - http-outgoing-15 >> Accept-Encoding: gzip,deflate
12:02:38.195 [main] DEBUG org.apache.http.wire - http-outgoing-15 >> "POST /auth/login HTTP/1.1[\r][\n]"
12:02:38.195 [main] DEBUG org.apache.http.wire - http-outgoing-15 >> "Content-Type: application/json; charset=UTF-8[\r][\n]"
12:02:38.195 [main] DEBUG org.apache.http.wire - http-outgoing-15 >> "Content-Length: 50[\r][\n]"
12:02:38.195 [main] DEBUG org.apache.http.wire - http-outgoing-15 >> "Host: api.storerestapi.com[\r][\n]"
12:02:38.195 [main] DEBUG org.apache.http.wire - http-outgoing-15 >> "Connection: Keep-Alive[\r][\n]"
12:02:38.195 [main] DEBUG org.apache.http.wire - http-outgoing-15 >> "User-Agent: Apache-HttpClient/4.5.13 (Java/17.0.1)[\r][\n]"
12:02:38.195 [main] DEBUG org.apache.http.wire - http-outgoing-15 >> "Accept-Encoding: gzip,deflate[\r][\n]"
12:02:38.195 [main] DEBUG org.apache.http.wire - http-outgoing-15 >> "[\r][\n]"
12:02:38.195 [main] DEBUG org.apache.http.wire - http-outgoing-15 >> "{"email":"robertgonzalez@gmail.com","password":""}"
12:02:38.334 [main] DEBUG org.apache.http.wire - http-outgoing-15 << "HTTP/1.1 422 Unprocessable Entity[\r][\n]"
12:02:38.334 [main] DEBUG org.apache.http.wire - http-outgoing-15 << "Date: Sat, 17 Dec 2022 06:32:39 GMT[\r][\n]"
12:02:38.334 [main] DEBUG org.apache.http.wire - http-outgoing-15 << "Content-Type: application/json; charset=utf-8[\r][\n]"
12:02:38.334 [main] DEBUG org.apache.http.wire - http-outgoing-15 << "Content-Length: 66[\r][\n]"
12:02:38.334 [main] DEBUG org.apache.http.wire - http-outgoing-15 << "Connection: keep-alive[\r][\n]"
12:02:38.334 [main] DEBUG org.apache.http.wire - http-outgoing-15 << "X-Powered-By: Express[\r][\n]"
12:02:38.334 [main] DEBUG org.apache.http.wire - http-outgoing-15 << "Access-Control-Allow-Origin: *[\r][\n]"
12:02:38.334 [main] DEBUG org.apache.http.wire - http-outgoing-15 << "ETag: W/"42-yQ/u5GA8lPwGovRnvoWw3fbLvmo"[\r][\n]"
12:02:38.334 [main] DEBUG org.apache.http.wire - http-outgoing-15 << "CF-Cache-Status: DYNAMIC[\r][\n]"
12:02:38.334 [main] DEBUG org.apache.http.wire - http-outgoing-15 << "Report-To: {"endpoints":[{"url":"https:\/\/a.nel.cloudflare.com\/report\/v3?s=yvEWYjHx4R%2BT%2FU%2BopPRGo7gqr%2FeYltWU41bTRQwStQBoFom2qJjEBmq2gKnr%2B6zMaB%2F01FFBI5p53ClDnZKgfyKGK8qrDJKP4NGjO5LNtIjiwjLh6insp8ZBUIHGIkVw5%2BuIckuS%2BA%3D%3D"}],"group":"cf-nel","max_age":604800}[\r][\n]"
12:02:38.334 [main] DEBUG org.apache.http.wire - http-outgoing-15 << "NEL: {"success_fraction":0,"report_to":"cf-nel","max_age":604800}[\r][\n]"
12:02:38.335 [main] DEBUG org.apache.http.wire - http-outgoing-15 << "Server: cloudflare[\r][\n]"
12:02:38.335 [main] DEBUG org.apache.http.wire - http-outgoing-15 << "CF-RAY: 77ad9f6e4c2487a5-SIN[\r][\n]"
12:02:38.335 [main] DEBUG org.apache.http.wire - http-outgoing-15 << "alt-svc: h3=":443"; ma=86400, h3-29=":443"; ma=86400[\r][\n]"
12:02:38.335 [main] DEBUG org.apache.http.wire - http-outgoing-15 << "[\r][\n]"
12:02:38.335 [main] DEBUG org.apache.http.wire - http-outgoing-15 << "{"status":422,"message":"\"password\" is not allowed to be empty"}"
12:02:38.335 [main] DEBUG org.apache.http.headers - http-outgoing-15 << HTTP/1.1 422 Unprocessable Entity
12:02:38.335 [main] DEBUG org.apache.http.headers - http-outgoing-15 << Date: Sat, 17 Dec 2022 06:32:39 GMT
12:02:38.335 [main] DEBUG org.apache.http.headers - http-outgoing-15 << Content-Type: application/json; charset=utf-8
12:02:38.335 [main] DEBUG org.apache.http.headers - http-outgoing-15 << Content-Length: 66
12:02:38.335 [main] DEBUG org.apache.http.headers - http-outgoing-15 << Connection: keep-alive
12:02:38.335 [main] DEBUG org.apache.http.headers - http-outgoing-15 << X-Powered-By: Express
12:02:38.335 [main] DEBUG org.apache.http.headers - http-outgoing-15 << Access-Control-Allow-Origin: *
12:02:38.335 [main] DEBUG org.apache.http.headers - http-outgoing-15 << ETag: W/"42-yQ/u5GA8lPwGovRnvoWw3fbLvmo"
12:02:38.335 [main] DEBUG org.apache.http.headers - http-outgoing-15 << CF-Cache-Status: DYNAMIC
12:02:38.335 [main] DEBUG org.apache.http.headers - http-outgoing-15 << Report-To: {"endpoints":[{"url":"https:\/\/a.nel.cloudflare.com\/report\/v3?s=yvEWYjHx4R%2BT%2FU%2BopPRGo7gqr%2FeYltWU41bTRQwStQBoFom2qJjEBmq2gKnr%2B6zMaB%2F01FFBI5p53ClDnZKgfyKGK8qrDJKP4NGjO5LNtIjiwjLh6insp8ZBUIHGIkVw5%2BuIckuS%2BA%3D%3D"}],"group":"cf-nel","max_age":604800}
12:02:38.335 [main] DEBUG org.apache.http.headers - http-outgoing-15 << NEL: {"success_fraction":0,"report_to":"cf-nel","max_age":604800}
12:02:38.335 [main] DEBUG org.apache.http.headers - http-outgoing-15 << Server: cloudflare
12:02:38.335 [main] DEBUG org.apache.http.headers - http-outgoing-15 << CF-RAY: 77ad9f6e4c2487a5-SIN
12:02:38.335 [main] DEBUG org.apache.http.headers - http-outgoing-15 << alt-svc: h3=":443"; ma=86400, h3-29=":443"; ma=86400
12:02:38.335 [main] DEBUG org.apache.http.impl.execchain.MainClientExec - Connection can be kept alive indefinitely
12:02:38.335 [main] DEBUG org.apache.http.impl.conn.PoolingHttpClientConnectionManager - Connection [id: 15][route: {s}->https://api.storerestapi.com:443] can be kept alive indefinitely
12:02:38.335 [main] DEBUG org.apache.http.impl.conn.DefaultManagedHttpClientConnection - http-outgoing-15: set socket timeout to 0
12:02:38.335 [main] DEBUG org.apache.http.impl.conn.PoolingHttpClientConnectionManager - Connection released: [id: 15][route: {s}->https://api.storerestapi.com:443][total available: 1; route allocated: 1 of 5; total allocated: 1 of 10]
12:02:38.335 [main] DEBUG com.intuit.karate - response time in milliseconds: 274
2 < 422
2 < Date: Sat, 17 Dec 2022 06:32:39 GMT
2 < Content-Type: application/json; charset=utf-8
2 < Content-Length: 66
2 < Connection: keep-alive
2 < X-Powered-By: Express
2 < Access-Control-Allow-Origin: *
2 < ETag: W/"42-yQ/u5GA8lPwGovRnvoWw3fbLvmo"
2 < CF-Cache-Status: DYNAMIC
2 < Report-To: {"endpoints":[{"url":"https:\/\/a.nel.cloudflare.com\/report\/v3?s=yvEWYjHx4R%2BT%2FU%2BopPRGo7gqr%2FeYltWU41bTRQwStQBoFom2qJjEBmq2gKnr%2B6zMaB%2F01FFBI5p53ClDnZKgfyKGK8qrDJKP4NGjO5LNtIjiwjLh6insp8ZBUIHGIkVw5%2BuIckuS%2BA%3D%3D"}],"group":"cf-nel","max_age":604800}
2 < NEL: {"success_fraction":0,"report_to":"cf-nel","max_age":604800}
2 < Server: cloudflare
2 < CF-RAY: 77ad9f6e4c2487a5-SIN
2 < alt-svc: h3=":443"; ma=86400, h3-29=":443"; ma=86400
{"status":422,"message":"\"password\" is not allowed to be empty"}

12:02:38.337 [main] DEBUG com.jayway.jsonpath.internal.path.CompiledPath - Evaluating path: $['message']
12:02:38.343 [main] DEBUG com.jayway.jsonpath.internal.path.CompiledPath - Evaluating path: $
12:02:38.344 [main] INFO com.intuit.karate - [print] {
  "email": "robertgonzalez@gmail.com",
  "password": "simple_password"
}
 
12:02:38.344 [main] DEBUG com.jayway.jsonpath.internal.path.CompiledPath - Evaluating path: $
12:02:38.346 [main] DEBUG org.apache.http.client.protocol.RequestAddCookies - CookieSpec selected: karate
12:02:38.347 [main] DEBUG org.apache.http.client.protocol.RequestAuthCache - Auth cache not set in the context
12:02:38.347 [main] DEBUG com.intuit.karate - request:
3 > POST https://api.storerestapi.com/auth/login
3 > Content-Type: application/json; charset=UTF-8
3 > Content-Length: 41
3 > Host: api.storerestapi.com
3 > Connection: Keep-Alive
3 > User-Agent: Apache-HttpClient/4.5.13 (Java/17.0.1)
3 > Accept-Encoding: gzip,deflate
{"email":"","password":"simple_password"}

12:02:38.347 [main] DEBUG org.apache.http.impl.conn.PoolingHttpClientConnectionManager - Connection request: [route: {s}->https://api.storerestapi.com:443][total available: 0; route allocated: 0 of 5; total allocated: 0 of 10]
12:02:38.347 [main] DEBUG org.apache.http.impl.conn.PoolingHttpClientConnectionManager - Connection leased: [id: 16][route: {s}->https://api.storerestapi.com:443][total available: 0; route allocated: 1 of 5; total allocated: 1 of 10]
12:02:38.347 [main] DEBUG org.apache.http.impl.execchain.MainClientExec - Opening connection {s}->https://api.storerestapi.com:443
12:02:38.347 [main] DEBUG org.apache.http.impl.conn.DefaultHttpClientConnectionOperator - Connecting to api.storerestapi.com/172.67.193.84:443
12:02:38.347 [main] DEBUG org.apache.http.conn.ssl.SSLConnectionSocketFactory - Connecting socket to api.storerestapi.com/172.67.193.84:443 with timeout 30000
12:02:38.411 [main] DEBUG org.apache.http.conn.ssl.SSLConnectionSocketFactory - Enabled protocols: [TLSv1.3, TLSv1.2]
12:02:38.411 [main] DEBUG org.apache.http.conn.ssl.SSLConnectionSocketFactory - Enabled cipher suites:[TLS_AES_256_GCM_SHA384, TLS_AES_128_GCM_SHA256, TLS_CHACHA20_POLY1305_SHA256, TLS_ECDHE_ECDSA_WITH_AES_256_GCM_SHA384, TLS_ECDHE_ECDSA_WITH_AES_128_GCM_SHA256, TLS_ECDHE_ECDSA_WITH_CHACHA20_POLY1305_SHA256, TLS_ECDHE_RSA_WITH_AES_256_GCM_SHA384, TLS_ECDHE_RSA_WITH_CHACHA20_POLY1305_SHA256, TLS_ECDHE_RSA_WITH_AES_128_GCM_SHA256, TLS_DHE_RSA_WITH_AES_256_GCM_SHA384, TLS_DHE_RSA_WITH_CHACHA20_POLY1305_SHA256, TLS_DHE_DSS_WITH_AES_256_GCM_SHA384, TLS_DHE_RSA_WITH_AES_128_GCM_SHA256, TLS_DHE_DSS_WITH_AES_128_GCM_SHA256, TLS_ECDHE_ECDSA_WITH_AES_256_CBC_SHA384, TLS_ECDHE_RSA_WITH_AES_256_CBC_SHA384, TLS_ECDHE_ECDSA_WITH_AES_128_CBC_SHA256, TLS_ECDHE_RSA_WITH_AES_128_CBC_SHA256, TLS_DHE_RSA_WITH_AES_256_CBC_SHA256, TLS_DHE_DSS_WITH_AES_256_CBC_SHA256, TLS_DHE_RSA_WITH_AES_128_CBC_SHA256, TLS_DHE_DSS_WITH_AES_128_CBC_SHA256, TLS_ECDH_ECDSA_WITH_AES_256_GCM_SHA384, TLS_ECDH_RSA_WITH_AES_256_GCM_SHA384, TLS_ECDH_ECDSA_WITH_AES_128_GCM_SHA256, TLS_ECDH_RSA_WITH_AES_128_GCM_SHA256, TLS_ECDH_ECDSA_WITH_AES_256_CBC_SHA384, TLS_ECDH_RSA_WITH_AES_256_CBC_SHA384, TLS_ECDH_ECDSA_WITH_AES_128_CBC_SHA256, TLS_ECDH_RSA_WITH_AES_128_CBC_SHA256, TLS_ECDHE_ECDSA_WITH_AES_256_CBC_SHA, TLS_ECDHE_RSA_WITH_AES_256_CBC_SHA, TLS_ECDHE_ECDSA_WITH_AES_128_CBC_SHA, TLS_ECDHE_RSA_WITH_AES_128_CBC_SHA, TLS_DHE_RSA_WITH_AES_256_CBC_SHA, TLS_DHE_DSS_WITH_AES_256_CBC_SHA, TLS_DHE_RSA_WITH_AES_128_CBC_SHA, TLS_DHE_DSS_WITH_AES_128_CBC_SHA, TLS_ECDH_ECDSA_WITH_AES_256_CBC_SHA, TLS_ECDH_RSA_WITH_AES_256_CBC_SHA, TLS_ECDH_ECDSA_WITH_AES_128_CBC_SHA, TLS_ECDH_RSA_WITH_AES_128_CBC_SHA, TLS_RSA_WITH_AES_256_GCM_SHA384, TLS_RSA_WITH_AES_128_GCM_SHA256, TLS_RSA_WITH_AES_256_CBC_SHA256, TLS_RSA_WITH_AES_128_CBC_SHA256, TLS_RSA_WITH_AES_256_CBC_SHA, TLS_RSA_WITH_AES_128_CBC_SHA, TLS_EMPTY_RENEGOTIATION_INFO_SCSV]
12:02:38.411 [main] DEBUG org.apache.http.conn.ssl.SSLConnectionSocketFactory - Starting handshake
12:02:38.488 [main] DEBUG org.apache.http.conn.ssl.SSLConnectionSocketFactory - Secure session established
12:02:38.488 [main] DEBUG org.apache.http.conn.ssl.SSLConnectionSocketFactory -  negotiated protocol: TLSv1.3
12:02:38.488 [main] DEBUG org.apache.http.conn.ssl.SSLConnectionSocketFactory -  negotiated cipher suite: TLS_AES_256_GCM_SHA384
12:02:38.488 [main] DEBUG org.apache.http.conn.ssl.SSLConnectionSocketFactory -  peer principal: CN=*.storerestapi.com
12:02:38.488 [main] DEBUG org.apache.http.conn.ssl.SSLConnectionSocketFactory -  peer alternative names: [*.storerestapi.com, storerestapi.com]
12:02:38.488 [main] DEBUG org.apache.http.conn.ssl.SSLConnectionSocketFactory -  issuer principal: CN=E1, O=Let's Encrypt, C=US
12:02:38.488 [main] DEBUG org.apache.http.impl.conn.DefaultHttpClientConnectionOperator - Connection established 10.1.5.60:54450<->172.67.193.84:443
12:02:38.488 [main] DEBUG org.apache.http.impl.conn.DefaultManagedHttpClientConnection - http-outgoing-16: set socket timeout to 30000
12:02:38.488 [main] DEBUG org.apache.http.impl.execchain.MainClientExec - Executing request POST /auth/login HTTP/1.1
12:02:38.488 [main] DEBUG org.apache.http.impl.execchain.MainClientExec - Target auth state: UNCHALLENGED
12:02:38.488 [main] DEBUG org.apache.http.impl.execchain.MainClientExec - Proxy auth state: UNCHALLENGED
12:02:38.488 [main] DEBUG org.apache.http.headers - http-outgoing-16 >> POST /auth/login HTTP/1.1
12:02:38.488 [main] DEBUG org.apache.http.headers - http-outgoing-16 >> Content-Type: application/json; charset=UTF-8
12:02:38.488 [main] DEBUG org.apache.http.headers - http-outgoing-16 >> Content-Length: 41
12:02:38.488 [main] DEBUG org.apache.http.headers - http-outgoing-16 >> Host: api.storerestapi.com
12:02:38.488 [main] DEBUG org.apache.http.headers - http-outgoing-16 >> Connection: Keep-Alive
12:02:38.488 [main] DEBUG org.apache.http.headers - http-outgoing-16 >> User-Agent: Apache-HttpClient/4.5.13 (Java/17.0.1)
12:02:38.488 [main] DEBUG org.apache.http.headers - http-outgoing-16 >> Accept-Encoding: gzip,deflate
12:02:38.488 [main] DEBUG org.apache.http.wire - http-outgoing-16 >> "POST /auth/login HTTP/1.1[\r][\n]"
12:02:38.488 [main] DEBUG org.apache.http.wire - http-outgoing-16 >> "Content-Type: application/json; charset=UTF-8[\r][\n]"
12:02:38.488 [main] DEBUG org.apache.http.wire - http-outgoing-16 >> "Content-Length: 41[\r][\n]"
12:02:38.488 [main] DEBUG org.apache.http.wire - http-outgoing-16 >> "Host: api.storerestapi.com[\r][\n]"
12:02:38.488 [main] DEBUG org.apache.http.wire - http-outgoing-16 >> "Connection: Keep-Alive[\r][\n]"
12:02:38.488 [main] DEBUG org.apache.http.wire - http-outgoing-16 >> "User-Agent: Apache-HttpClient/4.5.13 (Java/17.0.1)[\r][\n]"
12:02:38.488 [main] DEBUG org.apache.http.wire - http-outgoing-16 >> "Accept-Encoding: gzip,deflate[\r][\n]"
12:02:38.488 [main] DEBUG org.apache.http.wire - http-outgoing-16 >> "[\r][\n]"
12:02:38.488 [main] DEBUG org.apache.http.wire - http-outgoing-16 >> "{"email":"","password":"simple_password"}"
12:02:38.631 [main] DEBUG org.apache.http.wire - http-outgoing-16 << "HTTP/1.1 422 Unprocessable Entity[\r][\n]"
12:02:38.631 [main] DEBUG org.apache.http.wire - http-outgoing-16 << "Date: Sat, 17 Dec 2022 06:32:39 GMT[\r][\n]"
12:02:38.631 [main] DEBUG org.apache.http.wire - http-outgoing-16 << "Content-Type: application/json; charset=utf-8[\r][\n]"
12:02:38.631 [main] DEBUG org.apache.http.wire - http-outgoing-16 << "Content-Length: 63[\r][\n]"
12:02:38.631 [main] DEBUG org.apache.http.wire - http-outgoing-16 << "Connection: keep-alive[\r][\n]"
12:02:38.631 [main] DEBUG org.apache.http.wire - http-outgoing-16 << "X-Powered-By: Express[\r][\n]"
12:02:38.631 [main] DEBUG org.apache.http.wire - http-outgoing-16 << "Access-Control-Allow-Origin: *[\r][\n]"
12:02:38.631 [main] DEBUG org.apache.http.wire - http-outgoing-16 << "ETag: W/"3f-aD64d4wZd9a2Qss7/xYsCESysug"[\r][\n]"
12:02:38.631 [main] DEBUG org.apache.http.wire - http-outgoing-16 << "CF-Cache-Status: DYNAMIC[\r][\n]"
12:02:38.631 [main] DEBUG org.apache.http.wire - http-outgoing-16 << "Report-To: {"endpoints":[{"url":"https:\/\/a.nel.cloudflare.com\/report\/v3?s=jCt%2B%2B915d3GZ95GUcv4t5QUDU1VDqdOslzTJ88fkUU%2Btymr3AxEWy6snz0Wr2qASp0%2BaY58UJVBaQ2AMclpaPP1yguTrENqfW%2FL0KQeE84tC%2BigL%2B210p4oz15ai5M0eEIwXowSpGg%3D%3D"}],"group":"cf-nel","max_age":604800}[\r][\n]"
12:02:38.631 [main] DEBUG org.apache.http.wire - http-outgoing-16 << "NEL: {"success_fraction":0,"report_to":"cf-nel","max_age":604800}[\r][\n]"
12:02:38.631 [main] DEBUG org.apache.http.wire - http-outgoing-16 << "Server: cloudflare[\r][\n]"
12:02:38.631 [main] DEBUG org.apache.http.wire - http-outgoing-16 << "CF-RAY: 77ad9f7018d24649-SIN[\r][\n]"
12:02:38.631 [main] DEBUG org.apache.http.wire - http-outgoing-16 << "alt-svc: h3=":443"; ma=86400, h3-29=":443"; ma=86400[\r][\n]"
12:02:38.631 [main] DEBUG org.apache.http.wire - http-outgoing-16 << "[\r][\n]"
12:02:38.631 [main] DEBUG org.apache.http.wire - http-outgoing-16 << "{"status":422,"message":"\"email\" is not allowed to be empty"}"
12:02:38.631 [main] DEBUG org.apache.http.headers - http-outgoing-16 << HTTP/1.1 422 Unprocessable Entity
12:02:38.631 [main] DEBUG org.apache.http.headers - http-outgoing-16 << Date: Sat, 17 Dec 2022 06:32:39 GMT
12:02:38.631 [main] DEBUG org.apache.http.headers - http-outgoing-16 << Content-Type: application/json; charset=utf-8
12:02:38.631 [main] DEBUG org.apache.http.headers - http-outgoing-16 << Content-Length: 63
12:02:38.631 [main] DEBUG org.apache.http.headers - http-outgoing-16 << Connection: keep-alive
12:02:38.631 [main] DEBUG org.apache.http.headers - http-outgoing-16 << X-Powered-By: Express
12:02:38.631 [main] DEBUG org.apache.http.headers - http-outgoing-16 << Access-Control-Allow-Origin: *
12:02:38.631 [main] DEBUG org.apache.http.headers - http-outgoing-16 << ETag: W/"3f-aD64d4wZd9a2Qss7/xYsCESysug"
12:02:38.631 [main] DEBUG org.apache.http.headers - http-outgoing-16 << CF-Cache-Status: DYNAMIC
12:02:38.631 [main] DEBUG org.apache.http.headers - http-outgoing-16 << Report-To: {"endpoints":[{"url":"https:\/\/a.nel.cloudflare.com\/report\/v3?s=jCt%2B%2B915d3GZ95GUcv4t5QUDU1VDqdOslzTJ88fkUU%2Btymr3AxEWy6snz0Wr2qASp0%2BaY58UJVBaQ2AMclpaPP1yguTrENqfW%2FL0KQeE84tC%2BigL%2B210p4oz15ai5M0eEIwXowSpGg%3D%3D"}],"group":"cf-nel","max_age":604800}
12:02:38.631 [main] DEBUG org.apache.http.headers - http-outgoing-16 << NEL: {"success_fraction":0,"report_to":"cf-nel","max_age":604800}
12:02:38.631 [main] DEBUG org.apache.http.headers - http-outgoing-16 << Server: cloudflare
12:02:38.631 [main] DEBUG org.apache.http.headers - http-outgoing-16 << CF-RAY: 77ad9f7018d24649-SIN
12:02:38.631 [main] DEBUG org.apache.http.headers - http-outgoing-16 << alt-svc: h3=":443"; ma=86400, h3-29=":443"; ma=86400
12:02:38.631 [main] DEBUG org.apache.http.impl.execchain.MainClientExec - Connection can be kept alive indefinitely
12:02:38.631 [main] DEBUG org.apache.http.impl.conn.PoolingHttpClientConnectionManager - Connection [id: 16][route: {s}->https://api.storerestapi.com:443] can be kept alive indefinitely
12:02:38.631 [main] DEBUG org.apache.http.impl.conn.DefaultManagedHttpClientConnection - http-outgoing-16: set socket timeout to 0
12:02:38.632 [main] DEBUG org.apache.http.impl.conn.PoolingHttpClientConnectionManager - Connection released: [id: 16][route: {s}->https://api.storerestapi.com:443][total available: 1; route allocated: 1 of 5; total allocated: 1 of 10]
12:02:38.632 [main] DEBUG com.intuit.karate - response time in milliseconds: 285
3 < 422
3 < Date: Sat, 17 Dec 2022 06:32:39 GMT
3 < Content-Type: application/json; charset=utf-8
3 < Content-Length: 63
3 < Connection: keep-alive
3 < X-Powered-By: Express
3 < Access-Control-Allow-Origin: *
3 < ETag: W/"3f-aD64d4wZd9a2Qss7/xYsCESysug"
3 < CF-Cache-Status: DYNAMIC
3 < Report-To: {"endpoints":[{"url":"https:\/\/a.nel.cloudflare.com\/report\/v3?s=jCt%2B%2B915d3GZ95GUcv4t5QUDU1VDqdOslzTJ88fkUU%2Btymr3AxEWy6snz0Wr2qASp0%2BaY58UJVBaQ2AMclpaPP1yguTrENqfW%2FL0KQeE84tC%2BigL%2B210p4oz15ai5M0eEIwXowSpGg%3D%3D"}],"group":"cf-nel","max_age":604800}
3 < NEL: {"success_fraction":0,"report_to":"cf-nel","max_age":604800}
3 < Server: cloudflare
3 < CF-RAY: 77ad9f7018d24649-SIN
3 < alt-svc: h3=":443"; ma=86400, h3-29=":443"; ma=86400
{"status":422,"message":"\"email\" is not allowed to be empty"}

12:02:38.633 [main] DEBUG com.jayway.jsonpath.internal.path.CompiledPath - Evaluating path: $['message']
12:02:38.639 [main] DEBUG com.jayway.jsonpath.internal.path.CompiledPath - Evaluating path: $
12:02:38.639 [main] INFO com.intuit.karate - [print] {
  "email": "robertgonzalez@gmail.com",
  "password": "simple_password"
}
 
12:02:38.640 [main] DEBUG com.jayway.jsonpath.internal.path.CompiledPath - Evaluating path: $
12:02:38.641 [main] DEBUG org.apache.http.client.protocol.RequestAddCookies - CookieSpec selected: karate
12:02:38.642 [main] DEBUG org.apache.http.client.protocol.RequestAuthCache - Auth cache not set in the context
12:02:38.642 [main] DEBUG com.intuit.karate - request:
4 > POST https://api.storerestapi.com/auth/login
4 > Content-Type: application/json; charset=UTF-8
4 > Content-Length: 56
4 > Host: api.storerestapi.com
4 > Connection: Keep-Alive
4 > User-Agent: Apache-HttpClient/4.5.13 (Java/17.0.1)
4 > Accept-Encoding: gzip,deflate
{"email":"robertgonzalez@gmail.com","password":"simple"}

12:02:38.642 [main] DEBUG org.apache.http.impl.conn.PoolingHttpClientConnectionManager - Connection request: [route: {s}->https://api.storerestapi.com:443][total available: 0; route allocated: 0 of 5; total allocated: 0 of 10]
12:02:38.642 [main] DEBUG org.apache.http.impl.conn.PoolingHttpClientConnectionManager - Connection leased: [id: 17][route: {s}->https://api.storerestapi.com:443][total available: 0; route allocated: 1 of 5; total allocated: 1 of 10]
12:02:38.642 [main] DEBUG org.apache.http.impl.execchain.MainClientExec - Opening connection {s}->https://api.storerestapi.com:443
12:02:38.642 [main] DEBUG org.apache.http.impl.conn.DefaultHttpClientConnectionOperator - Connecting to api.storerestapi.com/172.67.193.84:443
12:02:38.642 [main] DEBUG org.apache.http.conn.ssl.SSLConnectionSocketFactory - Connecting socket to api.storerestapi.com/172.67.193.84:443 with timeout 30000
12:02:38.707 [main] DEBUG org.apache.http.conn.ssl.SSLConnectionSocketFactory - Enabled protocols: [TLSv1.3, TLSv1.2]
12:02:38.707 [main] DEBUG org.apache.http.conn.ssl.SSLConnectionSocketFactory - Enabled cipher suites:[TLS_AES_256_GCM_SHA384, TLS_AES_128_GCM_SHA256, TLS_CHACHA20_POLY1305_SHA256, TLS_ECDHE_ECDSA_WITH_AES_256_GCM_SHA384, TLS_ECDHE_ECDSA_WITH_AES_128_GCM_SHA256, TLS_ECDHE_ECDSA_WITH_CHACHA20_POLY1305_SHA256, TLS_ECDHE_RSA_WITH_AES_256_GCM_SHA384, TLS_ECDHE_RSA_WITH_CHACHA20_POLY1305_SHA256, TLS_ECDHE_RSA_WITH_AES_128_GCM_SHA256, TLS_DHE_RSA_WITH_AES_256_GCM_SHA384, TLS_DHE_RSA_WITH_CHACHA20_POLY1305_SHA256, TLS_DHE_DSS_WITH_AES_256_GCM_SHA384, TLS_DHE_RSA_WITH_AES_128_GCM_SHA256, TLS_DHE_DSS_WITH_AES_128_GCM_SHA256, TLS_ECDHE_ECDSA_WITH_AES_256_CBC_SHA384, TLS_ECDHE_RSA_WITH_AES_256_CBC_SHA384, TLS_ECDHE_ECDSA_WITH_AES_128_CBC_SHA256, TLS_ECDHE_RSA_WITH_AES_128_CBC_SHA256, TLS_DHE_RSA_WITH_AES_256_CBC_SHA256, TLS_DHE_DSS_WITH_AES_256_CBC_SHA256, TLS_DHE_RSA_WITH_AES_128_CBC_SHA256, TLS_DHE_DSS_WITH_AES_128_CBC_SHA256, TLS_ECDH_ECDSA_WITH_AES_256_GCM_SHA384, TLS_ECDH_RSA_WITH_AES_256_GCM_SHA384, TLS_ECDH_ECDSA_WITH_AES_128_GCM_SHA256, TLS_ECDH_RSA_WITH_AES_128_GCM_SHA256, TLS_ECDH_ECDSA_WITH_AES_256_CBC_SHA384, TLS_ECDH_RSA_WITH_AES_256_CBC_SHA384, TLS_ECDH_ECDSA_WITH_AES_128_CBC_SHA256, TLS_ECDH_RSA_WITH_AES_128_CBC_SHA256, TLS_ECDHE_ECDSA_WITH_AES_256_CBC_SHA, TLS_ECDHE_RSA_WITH_AES_256_CBC_SHA, TLS_ECDHE_ECDSA_WITH_AES_128_CBC_SHA, TLS_ECDHE_RSA_WITH_AES_128_CBC_SHA, TLS_DHE_RSA_WITH_AES_256_CBC_SHA, TLS_DHE_DSS_WITH_AES_256_CBC_SHA, TLS_DHE_RSA_WITH_AES_128_CBC_SHA, TLS_DHE_DSS_WITH_AES_128_CBC_SHA, TLS_ECDH_ECDSA_WITH_AES_256_CBC_SHA, TLS_ECDH_RSA_WITH_AES_256_CBC_SHA, TLS_ECDH_ECDSA_WITH_AES_128_CBC_SHA, TLS_ECDH_RSA_WITH_AES_128_CBC_SHA, TLS_RSA_WITH_AES_256_GCM_SHA384, TLS_RSA_WITH_AES_128_GCM_SHA256, TLS_RSA_WITH_AES_256_CBC_SHA256, TLS_RSA_WITH_AES_128_CBC_SHA256, TLS_RSA_WITH_AES_256_CBC_SHA, TLS_RSA_WITH_AES_128_CBC_SHA, TLS_EMPTY_RENEGOTIATION_INFO_SCSV]
12:02:38.707 [main] DEBUG org.apache.http.conn.ssl.SSLConnectionSocketFactory - Starting handshake
12:02:38.781 [main] DEBUG org.apache.http.conn.ssl.SSLConnectionSocketFactory - Secure session established
12:02:38.781 [main] DEBUG org.apache.http.conn.ssl.SSLConnectionSocketFactory -  negotiated protocol: TLSv1.3
12:02:38.781 [main] DEBUG org.apache.http.conn.ssl.SSLConnectionSocketFactory -  negotiated cipher suite: TLS_AES_256_GCM_SHA384
12:02:38.781 [main] DEBUG org.apache.http.conn.ssl.SSLConnectionSocketFactory -  peer principal: CN=*.storerestapi.com
12:02:38.781 [main] DEBUG org.apache.http.conn.ssl.SSLConnectionSocketFactory -  peer alternative names: [*.storerestapi.com, storerestapi.com]
12:02:38.781 [main] DEBUG org.apache.http.conn.ssl.SSLConnectionSocketFactory -  issuer principal: CN=E1, O=Let's Encrypt, C=US
12:02:38.782 [main] DEBUG org.apache.http.impl.conn.DefaultHttpClientConnectionOperator - Connection established 10.1.5.60:54451<->172.67.193.84:443
12:02:38.782 [main] DEBUG org.apache.http.impl.conn.DefaultManagedHttpClientConnection - http-outgoing-17: set socket timeout to 30000
12:02:38.782 [main] DEBUG org.apache.http.impl.execchain.MainClientExec - Executing request POST /auth/login HTTP/1.1
12:02:38.782 [main] DEBUG org.apache.http.impl.execchain.MainClientExec - Target auth state: UNCHALLENGED
12:02:38.782 [main] DEBUG org.apache.http.impl.execchain.MainClientExec - Proxy auth state: UNCHALLENGED
12:02:38.782 [main] DEBUG org.apache.http.headers - http-outgoing-17 >> POST /auth/login HTTP/1.1
12:02:38.782 [main] DEBUG org.apache.http.headers - http-outgoing-17 >> Content-Type: application/json; charset=UTF-8
12:02:38.782 [main] DEBUG org.apache.http.headers - http-outgoing-17 >> Content-Length: 56
12:02:38.782 [main] DEBUG org.apache.http.headers - http-outgoing-17 >> Host: api.storerestapi.com
12:02:38.782 [main] DEBUG org.apache.http.headers - http-outgoing-17 >> Connection: Keep-Alive
12:02:38.782 [main] DEBUG org.apache.http.headers - http-outgoing-17 >> User-Agent: Apache-HttpClient/4.5.13 (Java/17.0.1)
12:02:38.782 [main] DEBUG org.apache.http.headers - http-outgoing-17 >> Accept-Encoding: gzip,deflate
12:02:38.782 [main] DEBUG org.apache.http.wire - http-outgoing-17 >> "POST /auth/login HTTP/1.1[\r][\n]"
12:02:38.782 [main] DEBUG org.apache.http.wire - http-outgoing-17 >> "Content-Type: application/json; charset=UTF-8[\r][\n]"
12:02:38.782 [main] DEBUG org.apache.http.wire - http-outgoing-17 >> "Content-Length: 56[\r][\n]"
12:02:38.782 [main] DEBUG org.apache.http.wire - http-outgoing-17 >> "Host: api.storerestapi.com[\r][\n]"
12:02:38.782 [main] DEBUG org.apache.http.wire - http-outgoing-17 >> "Connection: Keep-Alive[\r][\n]"
12:02:38.782 [main] DEBUG org.apache.http.wire - http-outgoing-17 >> "User-Agent: Apache-HttpClient/4.5.13 (Java/17.0.1)[\r][\n]"
12:02:38.782 [main] DEBUG org.apache.http.wire - http-outgoing-17 >> "Accept-Encoding: gzip,deflate[\r][\n]"
12:02:38.782 [main] DEBUG org.apache.http.wire - http-outgoing-17 >> "[\r][\n]"
12:02:38.782 [main] DEBUG org.apache.http.wire - http-outgoing-17 >> "{"email":"robertgonzalez@gmail.com","password":"simple"}"
12:02:39.170 [main] DEBUG org.apache.http.wire - http-outgoing-17 << "HTTP/1.1 400 Bad Request[\r][\n]"
12:02:39.170 [main] DEBUG org.apache.http.wire - http-outgoing-17 << "Date: Sat, 17 Dec 2022 06:32:40 GMT[\r][\n]"
12:02:39.170 [main] DEBUG org.apache.http.wire - http-outgoing-17 << "Content-Type: application/json; charset=utf-8[\r][\n]"
12:02:39.170 [main] DEBUG org.apache.http.wire - http-outgoing-17 << "Content-Length: 49[\r][\n]"
12:02:39.171 [main] DEBUG org.apache.http.wire - http-outgoing-17 << "Connection: keep-alive[\r][\n]"
12:02:39.171 [main] DEBUG org.apache.http.wire - http-outgoing-17 << "X-Powered-By: Express[\r][\n]"
12:02:39.171 [main] DEBUG org.apache.http.wire - http-outgoing-17 << "Access-Control-Allow-Origin: *[\r][\n]"
12:02:39.171 [main] DEBUG org.apache.http.wire - http-outgoing-17 << "ETag: W/"31-I8zslZmyey4LrgrUrSiil3ZfY9w"[\r][\n]"
12:02:39.171 [main] DEBUG org.apache.http.wire - http-outgoing-17 << "CF-Cache-Status: DYNAMIC[\r][\n]"
12:02:39.171 [main] DEBUG org.apache.http.wire - http-outgoing-17 << "Report-To: {"endpoints":[{"url":"https:\/\/a.nel.cloudflare.com\/report\/v3?s=%2FyXMzslQrUTFxBH7b14m2GBdKH2w%2BJyBuo6CJ4NxJPo85f5TfO%2FsY2XdgiU26Ls%2BOLpluiAf5zwf2cXUsvsxh5X9z3Tgvih%2BunkZGBPfSWScolhGtf2m27IqJBKmw90QIxDAhxaRoQ%3D%3D"}],"group":"cf-nel","max_age":604800}[\r][\n]"
12:02:39.171 [main] DEBUG org.apache.http.wire - http-outgoing-17 << "NEL: {"success_fraction":0,"report_to":"cf-nel","max_age":604800}[\r][\n]"
12:02:39.171 [main] DEBUG org.apache.http.wire - http-outgoing-17 << "Server: cloudflare[\r][\n]"
12:02:39.171 [main] DEBUG org.apache.http.wire - http-outgoing-17 << "CF-RAY: 77ad9f71fb9e48d0-SIN[\r][\n]"
12:02:39.171 [main] DEBUG org.apache.http.wire - http-outgoing-17 << "alt-svc: h3=":443"; ma=86400, h3-29=":443"; ma=86400[\r][\n]"
12:02:39.171 [main] DEBUG org.apache.http.wire - http-outgoing-17 << "[\r][\n]"
12:02:39.171 [main] DEBUG org.apache.http.wire - http-outgoing-17 << "{"status":400,"message":"Your password is wrong"}"
12:02:39.171 [main] DEBUG org.apache.http.headers - http-outgoing-17 << HTTP/1.1 400 Bad Request
12:02:39.171 [main] DEBUG org.apache.http.headers - http-outgoing-17 << Date: Sat, 17 Dec 2022 06:32:40 GMT
12:02:39.171 [main] DEBUG org.apache.http.headers - http-outgoing-17 << Content-Type: application/json; charset=utf-8
12:02:39.171 [main] DEBUG org.apache.http.headers - http-outgoing-17 << Content-Length: 49
12:02:39.171 [main] DEBUG org.apache.http.headers - http-outgoing-17 << Connection: keep-alive
12:02:39.171 [main] DEBUG org.apache.http.headers - http-outgoing-17 << X-Powered-By: Express
12:02:39.171 [main] DEBUG org.apache.http.headers - http-outgoing-17 << Access-Control-Allow-Origin: *
12:02:39.171 [main] DEBUG org.apache.http.headers - http-outgoing-17 << ETag: W/"31-I8zslZmyey4LrgrUrSiil3ZfY9w"
12:02:39.171 [main] DEBUG org.apache.http.headers - http-outgoing-17 << CF-Cache-Status: DYNAMIC
12:02:39.171 [main] DEBUG org.apache.http.headers - http-outgoing-17 << Report-To: {"endpoints":[{"url":"https:\/\/a.nel.cloudflare.com\/report\/v3?s=%2FyXMzslQrUTFxBH7b14m2GBdKH2w%2BJyBuo6CJ4NxJPo85f5TfO%2FsY2XdgiU26Ls%2BOLpluiAf5zwf2cXUsvsxh5X9z3Tgvih%2BunkZGBPfSWScolhGtf2m27IqJBKmw90QIxDAhxaRoQ%3D%3D"}],"group":"cf-nel","max_age":604800}
12:02:39.171 [main] DEBUG org.apache.http.headers - http-outgoing-17 << NEL: {"success_fraction":0,"report_to":"cf-nel","max_age":604800}
12:02:39.171 [main] DEBUG org.apache.http.headers - http-outgoing-17 << Server: cloudflare
12:02:39.171 [main] DEBUG org.apache.http.headers - http-outgoing-17 << CF-RAY: 77ad9f71fb9e48d0-SIN
12:02:39.171 [main] DEBUG org.apache.http.headers - http-outgoing-17 << alt-svc: h3=":443"; ma=86400, h3-29=":443"; ma=86400
12:02:39.171 [main] DEBUG org.apache.http.impl.execchain.MainClientExec - Connection can be kept alive indefinitely
12:02:39.171 [main] DEBUG org.apache.http.impl.conn.PoolingHttpClientConnectionManager - Connection [id: 17][route: {s}->https://api.storerestapi.com:443] can be kept alive indefinitely
12:02:39.171 [main] DEBUG org.apache.http.impl.conn.DefaultManagedHttpClientConnection - http-outgoing-17: set socket timeout to 0
12:02:39.171 [main] DEBUG org.apache.http.impl.conn.PoolingHttpClientConnectionManager - Connection released: [id: 17][route: {s}->https://api.storerestapi.com:443][total available: 1; route allocated: 1 of 5; total allocated: 1 of 10]
12:02:39.171 [main] DEBUG com.intuit.karate - response time in milliseconds: 529
4 < 400
4 < Date: Sat, 17 Dec 2022 06:32:40 GMT
4 < Content-Type: application/json; charset=utf-8
4 < Content-Length: 49
4 < Connection: keep-alive
4 < X-Powered-By: Express
4 < Access-Control-Allow-Origin: *
4 < ETag: W/"31-I8zslZmyey4LrgrUrSiil3ZfY9w"
4 < CF-Cache-Status: DYNAMIC
4 < Report-To: {"endpoints":[{"url":"https:\/\/a.nel.cloudflare.com\/report\/v3?s=%2FyXMzslQrUTFxBH7b14m2GBdKH2w%2BJyBuo6CJ4NxJPo85f5TfO%2FsY2XdgiU26Ls%2BOLpluiAf5zwf2cXUsvsxh5X9z3Tgvih%2BunkZGBPfSWScolhGtf2m27IqJBKmw90QIxDAhxaRoQ%3D%3D"}],"group":"cf-nel","max_age":604800}
4 < NEL: {"success_fraction":0,"report_to":"cf-nel","max_age":604800}
4 < Server: cloudflare
4 < CF-RAY: 77ad9f71fb9e48d0-SIN
4 < alt-svc: h3=":443"; ma=86400, h3-29=":443"; ma=86400
{"status":400,"message":"Your password is wrong"}

12:02:39.173 [main] DEBUG com.jayway.jsonpath.internal.path.CompiledPath - Evaluating path: $['message']
12:02:39.176 [main] ERROR com.intuit.karate - classpath:com/storeapiapp/features/User.feature:6
* def getAccessTokenFromLogin = loginFeatureFile.response.data.access_token
js failed:
>>>>
01: loginFeatureFile.response.data.access_token
<<<<
org.graalvm.polyglot.PolyglotException: TypeError: Cannot read property "access_token" from undefined
- <js>.:program(Unnamed:1)

classpath:com/storeapiapp/features/User.feature:6
12:02:39.177 [main] DEBUG com.jayway.jsonpath.internal.path.CompiledPath - Evaluating path: $
12:02:39.178 [main] DEBUG com.jayway.jsonpath.internal.path.CompiledPath - Evaluating path: $
12:02:39.191 [main] DEBUG com.jayway.jsonpath.internal.path.CompiledPath - Evaluating path: $
12:02:39.192 [main] DEBUG com.jayway.jsonpath.internal.path.CompiledPath - Evaluating path: $
12:02:39.195 [main] DEBUG org.thymeleaf.TemplateEngine - [THYMELEAF] INITIALIZING TEMPLATE ENGINE
12:02:39.211 [main] DEBUG org.thymeleaf.TemplateEngine.CONFIG - Initializing Thymeleaf Template engine configuration...
[THYMELEAF] TEMPLATE ENGINE CONFIGURATION:
[THYMELEAF] * Thymeleaf version: 3.0.14.RELEASE (built 2021-12-08T00:45:29+0000)
[THYMELEAF] * Cache Manager implementation: org.thymeleaf.cache.StandardCacheManager
[THYMELEAF] * Template resolvers:
[THYMELEAF]     * [1] com.intuit.karate.template.ResourceHtmlTemplateResolver
[THYMELEAF] * Message resolvers:
[THYMELEAF]     * org.thymeleaf.messageresolver.StandardMessageResolver
[THYMELEAF] * Link builders:
[THYMELEAF]     * org.thymeleaf.linkbuilder.StandardLinkBuilder
[THYMELEAF] * Dialect [1 of 2]: Standard (com.intuit.karate.template.KarateStandardDialect)
[THYMELEAF]     * Prefix: "th"
[THYMELEAF]     * Processors for Template Mode: HTML
[THYMELEAF]         * Element Tag Processors by [matching element and attribute name] [precedence]:
[THYMELEAF]             * [* {th:include,data-th-include}] [100]: org.thymeleaf.standard.processor.StandardIncludeTagProcessor
[THYMELEAF]             * [* {th:insert,data-th-insert}] [100]: org.thymeleaf.standard.processor.StandardInsertTagProcessor
[THYMELEAF]             * [* {th:replace,data-th-replace}] [100]: org.thymeleaf.standard.processor.StandardReplaceTagProcessor
[THYMELEAF]             * [* {th:substituteby,data-th-substituteby}] [100]: org.thymeleaf.standard.processor.StandardSubstituteByTagProcessor
[THYMELEAF]             * [* {th:each,data-th-each}] [200]: com.intuit.karate.template.KarateEachTagProcessor
[THYMELEAF]             * [* {th:switch,data-th-switch}] [250]: org.thymeleaf.standard.processor.StandardSwitchTagProcessor
[THYMELEAF]             * [* {th:case,data-th-case}] [275]: org.thymeleaf.standard.processor.StandardCaseTagProcessor
[THYMELEAF]             * [* {th:if,data-th-if}] [300]: org.thymeleaf.standard.processor.StandardIfTagProcessor
[THYMELEAF]             * [* {th:unless,data-th-unless}] [400]: org.thymeleaf.standard.processor.StandardUnlessTagProcessor
[THYMELEAF]             * [* {th:object,data-th-object}] [500]: org.thymeleaf.standard.processor.StandardObjectTagProcessor
[THYMELEAF]             * [* {th:with,data-th-with}] [600]: com.intuit.karate.template.KarateWithTagProcessor
[THYMELEAF]             * [* {th:attr,data-th-attr}] [700]: com.intuit.karate.template.KarateAttributeTagProcessor.KarateAttrTagProcessor
[THYMELEAF]             * [* {th:attrappend,data-th-attrappend}] [900]: com.intuit.karate.template.KarateAttributeTagProcessor.KarateAttrappendTagProcessor
[THYMELEAF]             * [* {th:attrprepend,data-th-attrprepend}] [900]: com.intuit.karate.template.KarateAttributeTagProcessor.KarateAttrprependTagProcessor
[THYMELEAF]             * [* {th:alt-title,data-th-alt-title}] [990]: org.thymeleaf.standard.processor.StandardAltTitleTagProcessor
[THYMELEAF]             * [* {th:lang-xmllang,data-th-lang-xmllang}] [990]: org.thymeleaf.standard.processor.StandardLangXmlLangTagProcessor
[THYMELEAF]             * [* {th:action,data-th-action}] [1000]: org.thymeleaf.standard.processor.StandardActionTagProcessor
[THYMELEAF]             * [* {th:autofocus,data-th-autofocus}] [1000]: org.thymeleaf.standard.processor.StandardConditionalFixedValueTagProcessor
[THYMELEAF]             * [* {th:default,data-th-default}] [1000]: org.thymeleaf.standard.processor.StandardConditionalFixedValueTagProcessor
[THYMELEAF]             * [* {th:declare,data-th-declare}] [1000]: org.thymeleaf.standard.processor.StandardConditionalFixedValueTagProcessor
[THYMELEAF]             * [* {th:async,data-th-async}] [1000]: org.thymeleaf.standard.processor.StandardConditionalFixedValueTagProcessor
[THYMELEAF]             * [* {th:loop,data-th-loop}] [1000]: org.thymeleaf.standard.processor.StandardConditionalFixedValueTagProcessor
[THYMELEAF]             * [* {th:defer,data-th-defer}] [1000]: org.thymeleaf.standard.processor.StandardConditionalFixedValueTagProcessor
[THYMELEAF]             * [* {th:controls,data-th-controls}] [1000]: org.thymeleaf.standard.processor.StandardConditionalFixedValueTagProcessor
[THYMELEAF]             * [* {th:selected,data-th-selected}] [1000]: org.thymeleaf.standard.processor.StandardConditionalFixedValueTagProcessor
[THYMELEAF]             * [* {th:seamless,data-th-seamless}] [1000]: org.thymeleaf.standard.processor.StandardConditionalFixedValueTagProcessor
[THYMELEAF]             * [* {th:nowrap,data-th-nowrap}] [1000]: org.thymeleaf.standard.processor.StandardConditionalFixedValueTagProcessor
[THYMELEAF]             * [* {th:checked,data-th-checked}] [1000]: org.thymeleaf.standard.processor.StandardConditionalFixedValueTagProcessor
[THYMELEAF]             * [* {th:readonly,data-th-readonly}] [1000]: org.thymeleaf.standard.processor.StandardConditionalFixedValueTagProcessor
[THYMELEAF]             * [* {th:scoped,data-th-scoped}] [1000]: org.thymeleaf.standard.processor.StandardConditionalFixedValueTagProcessor
[THYMELEAF]             * [* {th:multiple,data-th-multiple}] [1000]: org.thymeleaf.standard.processor.StandardConditionalFixedValueTagProcessor
[THYMELEAF]             * [* {th:autoplay,data-th-autoplay}] [1000]: org.thymeleaf.standard.processor.StandardConditionalFixedValueTagProcessor
[THYMELEAF]             * [* {th:pubdate,data-th-pubdate}] [1000]: org.thymeleaf.standard.processor.StandardConditionalFixedValueTagProcessor
[THYMELEAF]             * [* {th:formnovalidate,data-th-formnovalidate}] [1000]: org.thymeleaf.standard.processor.StandardConditionalFixedValueTagProcessor
[THYMELEAF]             * [* {th:reversed,data-th-reversed}] [1000]: org.thymeleaf.standard.processor.StandardConditionalFixedValueTagProcessor
[THYMELEAF]             * [* {th:ismap,data-th-ismap}] [1000]: org.thymeleaf.standard.processor.StandardConditionalFixedValueTagProcessor
[THYMELEAF]             * [* {th:open,data-th-open}] [1000]: org.thymeleaf.standard.processor.StandardConditionalFixedValueTagProcessor
[THYMELEAF]             * [* {th:hidden,data-th-hidden}] [1000]: org.thymeleaf.standard.processor.StandardConditionalFixedValueTagProcessor
[THYMELEAF]             * [* {th:disabled,data-th-disabled}] [1000]: org.thymeleaf.standard.processor.StandardConditionalFixedValueTagProcessor
[THYMELEAF]             * [* {th:novalidate,data-th-novalidate}] [1000]: org.thymeleaf.standard.processor.StandardConditionalFixedValueTagProcessor
[THYMELEAF]             * [* {th:required,data-th-required}] [1000]: org.thymeleaf.standard.processor.StandardConditionalFixedValueTagProcessor
[THYMELEAF]             * [* {th:onstorage,data-th-onstorage}] [1000]: org.thymeleaf.standard.processor.StandardDOMEventAttributeTagProcessor
[THYMELEAF]             * [* {th:onabort,data-th-onabort}] [1000]: org.thymeleaf.standard.processor.StandardDOMEventAttributeTagProcessor
[THYMELEAF]             * [* {th:onseeked,data-th-onseeked}] [1000]: org.thymeleaf.standard.processor.StandardDOMEventAttributeTagProcessor
[THYMELEAF]             * [* {th:onformchange,data-th-onformchange}] [1000]: org.thymeleaf.standard.processor.StandardDOMEventAttributeTagProcessor
[THYMELEAF]             * [* {th:onloadeddata,data-th-onloadeddata}] [1000]: org.thymeleaf.standard.processor.StandardDOMEventAttributeTagProcessor
[THYMELEAF]             * [* {th:onchange,data-th-onchange}] [1000]: org.thymeleaf.standard.processor.StandardDOMEventAttributeTagProcessor
[THYMELEAF]             * [* {th:onerror,data-th-onerror}] [1000]: org.thymeleaf.standard.processor.StandardDOMEventAttributeTagProcessor
[THYMELEAF]             * [* {th:onforminput,data-th-onforminput}] [1000]: org.thymeleaf.standard.processor.StandardDOMEventAttributeTagProcessor
[THYMELEAF]             * [* {th:onemptied,data-th-onemptied}] [1000]: org.thymeleaf.standard.processor.StandardDOMEventAttributeTagProcessor
[THYMELEAF]             * [* {th:onvolumechange,data-th-onvolumechange}] [1000]: org.thymeleaf.standard.processor.StandardDOMEventAttributeTagProcessor
[THYMELEAF]             * [* {th:oninput,data-th-oninput}] [1000]: org.thymeleaf.standard.processor.StandardDOMEventAttributeTagProcessor
[THYMELEAF]             * [* {th:onmouseout,data-th-onmouseout}] [1000]: org.thymeleaf.standard.processor.StandardDOMEventAttributeTagProcessor
[THYMELEAF]             * [* {th:ondragover,data-th-ondragover}] [1000]: org.thymeleaf.standard.processor.StandardDOMEventAttributeTagProcessor
[THYMELEAF]             * [* {th:onselect,data-th-onselect}] [1000]: org.thymeleaf.standard.processor.StandardDOMEventAttributeTagProcessor
[THYMELEAF]             * [* {th:onshow,data-th-onshow}] [1000]: org.thymeleaf.standard.processor.StandardDOMEventAttributeTagProcessor
[THYMELEAF]             * [* {th:ondragenter,data-th-ondragenter}] [1000]: org.thymeleaf.standard.processor.StandardDOMEventAttributeTagProcessor
[THYMELEAF]             * [* {th:ondrag,data-th-ondrag}] [1000]: org.thymeleaf.standard.processor.StandardDOMEventAttributeTagProcessor
[THYMELEAF]             * [* {th:ononline,data-th-ononline}] [1000]: org.thymeleaf.standard.processor.StandardDOMEventAttributeTagProcessor
[THYMELEAF]             * [* {th:onreset,data-th-onreset}] [1000]: org.thymeleaf.standard.processor.StandardDOMEventAttributeTagProcessor
[THYMELEAF]             * [* {th:onpopstate,data-th-onpopstate}] [1000]: org.thymeleaf.standard.processor.StandardDOMEventAttributeTagProcessor
[THYMELEAF]             * [* {th:onoffline,data-th-onoffline}] [1000]: org.thymeleaf.standard.processor.StandardDOMEventAttributeTagProcessor
[THYMELEAF]             * [* {th:onbeforeprint,data-th-onbeforeprint}] [1000]: org.thymeleaf.standard.processor.StandardDOMEventAttributeTagProcessor
[THYMELEAF]             * [* {th:oncanplay,data-th-oncanplay}] [1000]: org.thymeleaf.standard.processor.StandardDOMEventAttributeTagProcessor
[THYMELEAF]             * [* {th:ondragleave,data-th-ondragleave}] [1000]: org.thymeleaf.standard.processor.StandardDOMEventAttributeTagProcessor
[THYMELEAF]             * [* {th:ondurationchange,data-th-ondurationchange}] [1000]: org.thymeleaf.standard.processor.StandardDOMEventAttributeTagProcessor
[THYMELEAF]             * [* {th:onkeydown,data-th-onkeydown}] [1000]: org.thymeleaf.standard.processor.StandardDOMEventAttributeTagProcessor
[THYMELEAF]             * [* {th:oninvalid,data-th-oninvalid}] [1000]: org.thymeleaf.standard.processor.StandardDOMEventAttributeTagProcessor
[THYMELEAF]             * [* {th:onstalled,data-th-onstalled}] [1000]: org.thymeleaf.standard.processor.StandardDOMEventAttributeTagProcessor
[THYMELEAF]             * [* {th:onsubmit,data-th-onsubmit}] [1000]: org.thymeleaf.standard.processor.StandardDOMEventAttributeTagProcessor
[THYMELEAF]             * [* {th:oncontextmenu,data-th-oncontextmenu}] [1000]: org.thymeleaf.standard.processor.StandardDOMEventAttributeTagProcessor
[THYMELEAF]             * [* {th:ondblclick,data-th-ondblclick}] [1000]: org.thymeleaf.standard.processor.StandardDOMEventAttributeTagProcessor
[THYMELEAF]             * [* {th:onhashchange,data-th-onhashchange}] [1000]: org.thymeleaf.standard.processor.StandardDOMEventAttributeTagProcessor
[THYMELEAF]             * [* {th:onkeypress,data-th-onkeypress}] [1000]: org.thymeleaf.standard.processor.StandardDOMEventAttributeTagProcessor
[THYMELEAF]             * [* {th:onscroll,data-th-onscroll}] [1000]: org.thymeleaf.standard.processor.StandardDOMEventAttributeTagProcessor
[THYMELEAF]             * [* {th:onredo,data-th-onredo}] [1000]: org.thymeleaf.standard.processor.StandardDOMEventAttributeTagProcessor
[THYMELEAF]             * [* {th:onprogress,data-th-onprogress}] [1000]: org.thymeleaf.standard.processor.StandardDOMEventAttributeTagProcessor
[THYMELEAF]             * [* {th:onundo,data-th-onundo}] [1000]: org.thymeleaf.standard.processor.StandardDOMEventAttributeTagProcessor
[THYMELEAF]             * [* {th:onplaying,data-th-onplaying}] [1000]: org.thymeleaf.standard.processor.StandardDOMEventAttributeTagProcessor
[THYMELEAF]             * [* {th:onsuspend,data-th-onsuspend}] [1000]: org.thymeleaf.standard.processor.StandardDOMEventAttributeTagProcessor
[THYMELEAF]             * [* {th:onafterprint,data-th-onafterprint}] [1000]: org.thymeleaf.standard.processor.StandardDOMEventAttributeTagProcessor
[THYMELEAF]             * [* {th:onmousemove,data-th-onmousemove}] [1000]: org.thymeleaf.standard.processor.StandardDOMEventAttributeTagProcessor
[THYMELEAF]             * [* {th:onratechange,data-th-onratechange}] [1000]: org.thymeleaf.standard.processor.StandardDOMEventAttributeTagProcessor
[THYMELEAF]             * [* {th:onpause,data-th-onpause}] [1000]: org.thymeleaf.standard.processor.StandardDOMEventAttributeTagProcessor
[THYMELEAF]             * [* {th:onloadedmetadata,data-th-onloadedmetadata}] [1000]: org.thymeleaf.standard.processor.StandardDOMEventAttributeTagProcessor
[THYMELEAF]             * [* {th:onended,data-th-onended}] [1000]: org.thymeleaf.standard.processor.StandardDOMEventAttributeTagProcessor
[THYMELEAF]             * [* {th:onkeyup,data-th-onkeyup}] [1000]: org.thymeleaf.standard.processor.StandardDOMEventAttributeTagProcessor
[THYMELEAF]             * [* {th:ontimeupdate,data-th-ontimeupdate}] [1000]: org.thymeleaf.standard.processor.StandardDOMEventAttributeTagProcessor
[THYMELEAF]             * [* {th:onreadystatechange,data-th-onreadystatechange}] [1000]: org.thymeleaf.standard.processor.StandardDOMEventAttributeTagProcessor
[THYMELEAF]             * [* {th:onunload,data-th-onunload}] [1000]: org.thymeleaf.standard.processor.StandardDOMEventAttributeTagProcessor
[THYMELEAF]             * [* {th:onmousewheel,data-th-onmousewheel}] [1000]: org.thymeleaf.standard.processor.StandardDOMEventAttributeTagProcessor
[THYMELEAF]             * [* {th:onfocus,data-th-onfocus}] [1000]: org.thymeleaf.standard.processor.StandardDOMEventAttributeTagProcessor
[THYMELEAF]             * [* {th:onmousedown,data-th-onmousedown}] [1000]: org.thymeleaf.standard.processor.StandardDOMEventAttributeTagProcessor
[THYMELEAF]             * [* {th:oncanplaythrough,data-th-oncanplaythrough}] [1000]: org.thymeleaf.standard.processor.StandardDOMEventAttributeTagProcessor
[THYMELEAF]             * [* {th:onresize,data-th-onresize}] [1000]: org.thymeleaf.standard.processor.StandardDOMEventAttributeTagProcessor
[THYMELEAF]             * [* {th:onseeking,data-th-onseeking}] [1000]: org.thymeleaf.standard.processor.StandardDOMEventAttributeTagProcessor
[THYMELEAF]             * [* {th:onmouseover,data-th-onmouseover}] [1000]: org.thymeleaf.standard.processor.StandardDOMEventAttributeTagProcessor
[THYMELEAF]             * [* {th:ondragend,data-th-ondragend}] [1000]: org.thymeleaf.standard.processor.StandardDOMEventAttributeTagProcessor
[THYMELEAF]             * [* {th:onmouseup,data-th-onmouseup}] [1000]: org.thymeleaf.standard.processor.StandardDOMEventAttributeTagProcessor
[THYMELEAF]             * [* {th:ondrop,data-th-ondrop}] [1000]: org.thymeleaf.standard.processor.StandardDOMEventAttributeTagProcessor
[THYMELEAF]             * [* {th:onloadstart,data-th-onloadstart}] [1000]: org.thymeleaf.standard.processor.StandardDOMEventAttributeTagProcessor
[THYMELEAF]             * [* {th:onplay,data-th-onplay}] [1000]: org.thymeleaf.standard.processor.StandardDOMEventAttributeTagProcessor
[THYMELEAF]             * [* {th:onclick,data-th-onclick}] [1000]: org.thymeleaf.standard.processor.StandardDOMEventAttributeTagProcessor
[THYMELEAF]             * [* {th:onload,data-th-onload}] [1000]: org.thymeleaf.standard.processor.StandardDOMEventAttributeTagProcessor
[THYMELEAF]             * [* {th:ondragstart,data-th-ondragstart}] [1000]: org.thymeleaf.standard.processor.StandardDOMEventAttributeTagProcessor
[THYMELEAF]             * [* {th:onwaiting,data-th-onwaiting}] [1000]: org.thymeleaf.standard.processor.StandardDOMEventAttributeTagProcessor
[THYMELEAF]             * [* {th:onmessage,data-th-onmessage}] [1000]: org.thymeleaf.standard.processor.StandardDOMEventAttributeTagProcessor
[THYMELEAF]             * [* {th:onbeforeunload,data-th-onbeforeunload}] [1000]: org.thymeleaf.standard.processor.StandardDOMEventAttributeTagProcessor
[THYMELEAF]             * [* {th:onblur,data-th-onblur}] [1000]: org.thymeleaf.standard.processor.StandardDOMEventAttributeTagProcessor
[THYMELEAF]             * [* {th:href,data-th-href}] [1000]: org.thymeleaf.standard.processor.StandardHrefTagProcessor
[THYMELEAF]             * [* {th:inline,data-th-inline}] [1000]: org.thymeleaf.standard.processor.StandardInlineHTMLTagProcessor
[THYMELEAF]             * [* {th:method,data-th-method}] [1000]: org.thymeleaf.standard.processor.StandardMethodTagProcessor
[THYMELEAF]             * [* {th:type,data-th-type}] [1000]: org.thymeleaf.standard.processor.StandardNonRemovableAttributeTagProcessor
[THYMELEAF]             * [* {th:name,data-th-name}] [1000]: org.thymeleaf.standard.processor.StandardNonRemovableAttributeTagProcessor
[THYMELEAF]             * [* {th:background,data-th-background}] [1000]: org.thymeleaf.standard.processor.StandardRemovableAttributeTagProcessor
[THYMELEAF]             * [* {th:sizes,data-th-sizes}] [1000]: org.thymeleaf.standard.processor.StandardRemovableAttributeTagProcessor
[THYMELEAF]             * [* {th:frameborder,data-th-frameborder}] [1000]: org.thymeleaf.standard.processor.StandardRemovableAttributeTagProcessor
[THYMELEAF]             * [* {th:keytype,data-th-keytype}] [1000]: org.thymeleaf.standard.processor.StandardRemovableAttributeTagProcessor
[THYMELEAF]             * [* {th:rel,data-th-rel}] [1000]: org.thymeleaf.standard.processor.StandardRemovableAttributeTagProcessor
[THYMELEAF]             * [* {th:archive,data-th-archive}] [1000]: org.thymeleaf.standard.processor.StandardRemovableAttributeTagProcessor
[THYMELEAF]             * [* {th:cellpadding,data-th-cellpadding}] [1000]: org.thymeleaf.standard.processor.StandardRemovableAttributeTagProcessor
[THYMELEAF]             * [* {th:challenge,data-th-challenge}] [1000]: org.thymeleaf.standard.processor.StandardRemovableAttributeTagProcessor
[THYMELEAF]             * [* {th:size,data-th-size}] [1000]: org.thymeleaf.standard.processor.StandardRemovableAttributeTagProcessor
[THYMELEAF]             * [* {th:enctype,data-th-enctype}] [1000]: org.thymeleaf.standard.processor.StandardRemovableAttributeTagProcessor
[THYMELEAF]             * [* {th:longdesc,data-th-longdesc}] [1000]: org.thymeleaf.standard.processor.StandardRemovableAttributeTagProcessor
[THYMELEAF]             * [* {th:sandbox,data-th-sandbox}] [1000]: org.thymeleaf.standard.processor.StandardRemovableAttributeTagProcessor
[THYMELEAF]             * [* {th:preload,data-th-preload}] [1000]: org.thymeleaf.standard.processor.StandardRemovableAttributeTagProcessor
[THYMELEAF]             * [* {th:axis,data-th-axis}] [1000]: org.thymeleaf.standard.processor.StandardRemovableAttributeTagProcessor
[THYMELEAF]             * [* {th:accept-charset,data-th-accept-charset}] [1000]: org.thymeleaf.standard.processor.StandardRemovableAttributeTagProcessor
[THYMELEAF]             * [* {th:title,data-th-title}] [1000]: org.thymeleaf.standard.processor.StandardRemovableAttributeTagProcessor
[THYMELEAF]             * [* {th:border,data-th-border}] [1000]: org.thymeleaf.standard.processor.StandardRemovableAttributeTagProcessor
[THYMELEAF]             * [* {th:formmethod,data-th-formmethod}] [1000]: org.thymeleaf.standard.processor.StandardRemovableAttributeTagProcessor
[THYMELEAF]             * [* {th:step,data-th-step}] [1000]: org.thymeleaf.standard.processor.StandardRemovableAttributeTagProcessor
[THYMELEAF]             * [* {th:dir,data-th-dir}] [1000]: org.thymeleaf.standard.processor.StandardRemovableAttributeTagProcessor
[THYMELEAF]             * [* {th:accesskey,data-th-accesskey}] [1000]: org.thymeleaf.standard.processor.StandardRemovableAttributeTagProcessor
[THYMELEAF]             * [* {th:max,data-th-max}] [1000]: org.thymeleaf.standard.processor.StandardRemovableAttributeTagProcessor
[THYMELEAF]             * [* {th:vspace,data-th-vspace}] [1000]: org.thymeleaf.standard.processor.StandardRemovableAttributeTagProcessor
[THYMELEAF]             * [* {th:spellcheck,data-th-spellcheck}] [1000]: org.thymeleaf.standard.processor.StandardRemovableAttributeTagProcessor
[THYMELEAF]             * [* {th:http-equiv,data-th-http-equiv}] [1000]: org.thymeleaf.standard.processor.StandardRemovableAttributeTagProcessor
[THYMELEAF]             * [* {th:icon,data-th-icon}] [1000]: org.thymeleaf.standard.processor.StandardRemovableAttributeTagProcessor
[THYMELEAF]             * [* {th:valuetype,data-th-valuetype}] [1000]: org.thymeleaf.standard.processor.StandardRemovableAttributeTagProcessor
[THYMELEAF]             * [* {th:frame,data-th-frame}] [1000]: org.thymeleaf.standard.processor.StandardRemovableAttributeTagProcessor
[THYMELEAF]             * [* {th:autocomplete,data-th-autocomplete}] [1000]: org.thymeleaf.standard.processor.StandardRemovableAttributeTagProcessor
[THYMELEAF]             * [* {th:charset,data-th-charset}] [1000]: org.thymeleaf.standard.processor.StandardRemovableAttributeTagProcessor
[THYMELEAF]             * [* {th:list,data-th-list}] [1000]: org.thymeleaf.standard.processor.StandardRemovableAttributeTagProcessor
[THYMELEAF]             * [* {th:summary,data-th-summary}] [1000]: org.thymeleaf.standard.processor.StandardRemovableAttributeTagProcessor
[THYMELEAF]             * [* {th:high,data-th-high}] [1000]: org.thymeleaf.standard.processor.StandardRemovableAttributeTagProcessor
[THYMELEAF]             * [* {th:datetime,data-th-datetime}] [1000]: org.thymeleaf.standard.processor.StandardRemovableAttributeTagProcessor
[THYMELEAF]             * [* {th:target,data-th-target}] [1000]: org.thymeleaf.standard.processor.StandardRemovableAttributeTagProcessor
[THYMELEAF]             * [* {th:poster,data-th-poster}] [1000]: org.thymeleaf.standard.processor.StandardRemovableAttributeTagProcessor
[THYMELEAF]             * [* {th:codetype,data-th-codetype}] [1000]: org.thymeleaf.standard.processor.StandardRemovableAttributeTagProcessor
[THYMELEAF]             * [* {th:tabindex,data-th-tabindex}] [1000]: org.thymeleaf.standard.processor.StandardRemovableAttributeTagProcessor
[THYMELEAF]             * [* {th:rowspan,data-th-rowspan}] [1000]: org.thymeleaf.standard.processor.StandardRemovableAttributeTagProcessor
[THYMELEAF]             * [* {th:width,data-th-width}] [1000]: org.thymeleaf.standard.processor.StandardRemovableAttributeTagProcessor
[THYMELEAF]             * [* {th:contextmenu,data-th-contextmenu}] [1000]: org.thymeleaf.standard.processor.StandardRemovableAttributeTagProcessor
[THYMELEAF]             * [* {th:cellspacing,data-th-cellspacing}] [1000]: org.thymeleaf.standard.processor.StandardRemovableAttributeTagProcessor
[THYMELEAF]             * [* {th:formtarget,data-th-formtarget}] [1000]: org.thymeleaf.standard.processor.StandardRemovableAttributeTagProcessor
[THYMELEAF]             * [* {th:content,data-th-content}] [1000]: org.thymeleaf.standard.processor.StandardRemovableAttributeTagProcessor
[THYMELEAF]             * [* {th:scrolling,data-th-scrolling}] [1000]: org.thymeleaf.standard.processor.StandardRemovableAttributeTagProcessor
[THYMELEAF]             * [* {th:min,data-th-min}] [1000]: org.thymeleaf.standard.processor.StandardRemovableAttributeTagProcessor
[THYMELEAF]             * [* {th:audio,data-th-audio}] [1000]: org.thymeleaf.standard.processor.StandardRemovableAttributeTagProcessor
[THYMELEAF]             * [* {th:id,data-th-id}] [1000]: org.thymeleaf.standard.processor.StandardRemovableAttributeTagProcessor
[THYMELEAF]             * [* {th:span,data-th-span}] [1000]: org.thymeleaf.standard.processor.StandardRemovableAttributeTagProcessor
[THYMELEAF]             * [* {th:start,data-th-start}] [1000]: org.thymeleaf.standard.processor.StandardRemovableAttributeTagProcessor
[THYMELEAF]             * [* {th:dropzone,data-th-dropzone}] [1000]: org.thymeleaf.standard.processor.StandardRemovableAttributeTagProcessor
[THYMELEAF]             * [* {th:radiogroup,data-th-radiogroup}] [1000]: org.thymeleaf.standard.processor.StandardRemovableAttributeTagProcessor
[THYMELEAF]             * [* {th:for,data-th-for}] [1000]: org.thymeleaf.standard.processor.StandardRemovableAttributeTagProcessor
[THYMELEAF]             * [* {th:usemap,data-th-usemap}] [1000]: org.thymeleaf.standard.processor.StandardRemovableAttributeTagProcessor
[THYMELEAF]             * [* {th:contenteditable,data-th-contenteditable}] [1000]: org.thymeleaf.standard.processor.StandardRemovableAttributeTagProcessor
[THYMELEAF]             * [* {th:lang,data-th-lang}] [1000]: org.thymeleaf.standard.processor.StandardRemovableAttributeTagProcessor
[THYMELEAF]             * [* {th:hreflang,data-th-hreflang}] [1000]: org.thymeleaf.standard.processor.StandardRemovableAttributeTagProcessor
[THYMELEAF]             * [* {th:rules,data-th-rules}] [1000]: org.thymeleaf.standard.processor.StandardRemovableAttributeTagProcessor
[THYMELEAF]             * [* {th:rows,data-th-rows}] [1000]: org.thymeleaf.standard.processor.StandardRemovableAttributeTagProcessor
[THYMELEAF]             * [* {th:rev,data-th-rev}] [1000]: org.thymeleaf.standard.processor.StandardRemovableAttributeTagProcessor
[THYMELEAF]             * [* {th:cols,data-th-cols}] [1000]: org.thymeleaf.standard.processor.StandardRemovableAttributeTagProcessor
[THYMELEAF]             * [* {th:style,data-th-style}] [1000]: org.thymeleaf.standard.processor.StandardRemovableAttributeTagProcessor
[THYMELEAF]             * [* {th:marginheight,data-th-marginheight}] [1000]: org.thymeleaf.standard.processor.StandardRemovableAttributeTagProcessor
[THYMELEAF]             * [* {th:media,data-th-media}] [1000]: org.thymeleaf.standard.processor.StandardRemovableAttributeTagProcessor
[THYMELEAF]             * [* {th:optimum,data-th-optimum}] [1000]: org.thymeleaf.standard.processor.StandardRemovableAttributeTagProcessor
[THYMELEAF]             * [* {th:maxlength,data-th-maxlength}] [1000]: org.thymeleaf.standard.processor.StandardRemovableAttributeTagProcessor
[THYMELEAF]             * [* {th:manifest,data-th-manifest}] [1000]: org.thymeleaf.standard.processor.StandardRemovableAttributeTagProcessor
[THYMELEAF]             * [* {th:accept,data-th-accept}] [1000]: org.thymeleaf.standard.processor.StandardRemovableAttributeTagProcessor
[THYMELEAF]             * [* {th:label,data-th-label}] [1000]: org.thymeleaf.standard.processor.StandardRemovableAttributeTagProcessor
[THYMELEAF]             * [* {th:low,data-th-low}] [1000]: org.thymeleaf.standard.processor.StandardRemovableAttributeTagProcessor
[THYMELEAF]             * [* {th:bgcolor,data-th-bgcolor}] [1000]: org.thymeleaf.standard.processor.StandardRemovableAttributeTagProcessor
[THYMELEAF]             * [* {th:data,data-th-data}] [1000]: org.thymeleaf.standard.processor.StandardRemovableAttributeTagProcessor
[THYMELEAF]             * [* {th:scheme,data-th-scheme}] [1000]: org.thymeleaf.standard.processor.StandardRemovableAttributeTagProcessor
[THYMELEAF]             * [* {th:formenctype,data-th-formenctype}] [1000]: org.thymeleaf.standard.processor.StandardRemovableAttributeTagProcessor
[THYMELEAF]             * [* {th:codebase,data-th-codebase}] [1000]: org.thymeleaf.standard.processor.StandardRemovableAttributeTagProcessor
[THYMELEAF]             * [* {th:alt,data-th-alt}] [1000]: org.thymeleaf.standard.processor.StandardRemovableAttributeTagProcessor
[THYMELEAF]             * [* {th:height,data-th-height}] [1000]: org.thymeleaf.standard.processor.StandardRemovableAttributeTagProcessor
[THYMELEAF]             * [* {th:kind,data-th-kind}] [1000]: org.thymeleaf.standard.processor.StandardRemovableAttributeTagProcessor
[THYMELEAF]             * [* {th:cite,data-th-cite}] [1000]: org.thymeleaf.standard.processor.StandardRemovableAttributeTagProcessor
[THYMELEAF]             * [* {th:abbr,data-th-abbr}] [1000]: org.thymeleaf.standard.processor.StandardRemovableAttributeTagProcessor
[THYMELEAF]             * [* {th:wrap,data-th-wrap}] [1000]: org.thymeleaf.standard.processor.StandardRemovableAttributeTagProcessor
[THYMELEAF]             * [* {th:hspace,data-th-hspace}] [1000]: org.thymeleaf.standard.processor.StandardRemovableAttributeTagProcessor
[THYMELEAF]             * [* {th:class,data-th-class}] [1000]: org.thymeleaf.standard.processor.StandardRemovableAttributeTagProcessor
[THYMELEAF]             * [* {th:scope,data-th-scope}] [1000]: org.thymeleaf.standard.processor.StandardRemovableAttributeTagProcessor
[THYMELEAF]             * [* {th:srclang,data-th-srclang}] [1000]: org.thymeleaf.standard.processor.StandardRemovableAttributeTagProcessor
[THYMELEAF]             * [* {th:placeholder,data-th-placeholder}] [1000]: org.thymeleaf.standard.processor.StandardRemovableAttributeTagProcessor
[THYMELEAF]             * [* {th:pattern,data-th-pattern}] [1000]: org.thymeleaf.standard.processor.StandardRemovableAttributeTagProcessor
[THYMELEAF]             * [* {th:draggable,data-th-draggable}] [1000]: org.thymeleaf.standard.processor.StandardRemovableAttributeTagProcessor
[THYMELEAF]             * [* {th:compact,data-th-compact}] [1000]: org.thymeleaf.standard.processor.StandardRemovableAttributeTagProcessor
[THYMELEAF]             * [* {th:form,data-th-form}] [1000]: org.thymeleaf.standard.processor.StandardRemovableAttributeTagProcessor
[THYMELEAF]             * [* {th:formaction,data-th-formaction}] [1000]: org.thymeleaf.standard.processor.StandardRemovableAttributeTagProcessor
[THYMELEAF]             * [* {th:colspan,data-th-colspan}] [1000]: org.thymeleaf.standard.processor.StandardRemovableAttributeTagProcessor
[THYMELEAF]             * [* {th:headers,data-th-headers}] [1000]: org.thymeleaf.standard.processor.StandardRemovableAttributeTagProcessor
[THYMELEAF]             * [* {th:classid,data-th-classid}] [1000]: org.thymeleaf.standard.processor.StandardRemovableAttributeTagProcessor
[THYMELEAF]             * [* {th:standby,data-th-standby}] [1000]: org.thymeleaf.standard.processor.StandardRemovableAttributeTagProcessor
[THYMELEAF]             * [* {th:marginwidth,data-th-marginwidth}] [1000]: org.thymeleaf.standard.processor.StandardRemovableAttributeTagProcessor
[THYMELEAF]             * [* {th:align,data-th-align}] [1000]: org.thymeleaf.standard.processor.StandardRemovableAttributeTagProcessor
[THYMELEAF]             * [* {th:src,data-th-src}] [1000]: org.thymeleaf.standard.processor.StandardSrcTagProcessor
[THYMELEAF]             * [* {th:value,data-th-value}] [1000]: org.thymeleaf.standard.processor.StandardValueTagProcessor
[THYMELEAF]             * [* {th:xmlbase,data-th-xmlbase}] [1000]: org.thymeleaf.standard.processor.StandardXmlBaseTagProcessor
[THYMELEAF]             * [* {th:xmllang,data-th-xmllang}] [1000]: org.thymeleaf.standard.processor.StandardXmlLangTagProcessor
[THYMELEAF]             * [* {xmlns:th}] [1000]: org.thymeleaf.standard.processor.StandardXmlNsTagProcessor
[THYMELEAF]             * [* {th:xmlspace,data-th-xmlspace}] [1000]: org.thymeleaf.standard.processor.StandardXmlSpaceTagProcessor
[THYMELEAF]             * [* {th:classappend,data-th-classappend}] [1100]: org.thymeleaf.standard.processor.StandardClassappendTagProcessor
[THYMELEAF]             * [* {th:styleappend,data-th-styleappend}] [1100]: org.thymeleaf.standard.processor.StandardStyleappendTagProcessor
[THYMELEAF]             * [* {th:text,data-th-text}] [1300]: org.thymeleaf.standard.processor.StandardTextTagProcessor
[THYMELEAF]             * [* {th:utext,data-th-utext}] [1400]: org.thymeleaf.standard.processor.StandardUtextTagProcessor
[THYMELEAF]             * [* {th:fragment,data-th-fragment}] [1500]: org.thymeleaf.standard.processor.StandardFragmentTagProcessor
[THYMELEAF]             * [* {th:assert,data-th-assert}] [1550]: org.thymeleaf.standard.processor.StandardAssertTagProcessor
[THYMELEAF]             * [* {th:remove,data-th-remove}] [1600]: org.thymeleaf.standard.processor.StandardRemoveTagProcessor
[THYMELEAF]             * [* {th:ref,data-th-ref}] [10000]: org.thymeleaf.standard.processor.StandardRefAttributeTagProcessor
[THYMELEAF]             * [{th:block,th-block} *] [100000]: org.thymeleaf.standard.processor.StandardBlockTagProcessor
[THYMELEAF]             * [* th:*] [2147483647]: org.thymeleaf.standard.processor.StandardDefaultAttributesTagProcessor
[THYMELEAF]         * Text Processors by [precedence]:
[THYMELEAF]             * [1000]: org.thymeleaf.standard.processor.StandardInliningTextProcessor
[THYMELEAF]         * DOCTYPE Processors by [precedence]:
[THYMELEAF]             * [1000]: org.thymeleaf.standard.processor.StandardTranslationDocTypeProcessor
[THYMELEAF]         * CDATA Section Processors by [precedence]:
[THYMELEAF]             * [1000]: org.thymeleaf.standard.processor.StandardInliningCDATASectionProcessor
[THYMELEAF]         * Comment Processors by [precedence]:
[THYMELEAF]             * [1000]: org.thymeleaf.standard.processor.StandardInliningCommentProcessor
[THYMELEAF]             * [1100]: org.thymeleaf.standard.processor.StandardConditionalCommentProcessor
[THYMELEAF]     * Processors for Template Mode: XML
[THYMELEAF]         * Element Tag Processors by [matching element and attribute name] [precedence]:
[THYMELEAF]             * [* {th:include}] [100]: org.thymeleaf.standard.processor.StandardIncludeTagProcessor
[THYMELEAF]             * [* {th:insert}] [100]: org.thymeleaf.standard.processor.StandardInsertTagProcessor
[THYMELEAF]             * [* {th:replace}] [100]: org.thymeleaf.standard.processor.StandardReplaceTagProcessor
[THYMELEAF]             * [* {th:substituteby}] [100]: org.thymeleaf.standard.processor.StandardSubstituteByTagProcessor
[THYMELEAF]             * [* {th:each}] [200]: com.intuit.karate.template.KarateEachTagProcessor
[THYMELEAF]             * [* {th:switch}] [250]: org.thymeleaf.standard.processor.StandardSwitchTagProcessor
[THYMELEAF]             * [* {th:case}] [275]: org.thymeleaf.standard.processor.StandardCaseTagProcessor
[THYMELEAF]             * [* {th:if}] [300]: org.thymeleaf.standard.processor.StandardIfTagProcessor
[THYMELEAF]             * [* {th:unless}] [400]: org.thymeleaf.standard.processor.StandardUnlessTagProcessor
[THYMELEAF]             * [* {th:object}] [500]: org.thymeleaf.standard.processor.StandardObjectTagProcessor
[THYMELEAF]             * [* {th:with}] [600]: com.intuit.karate.template.KarateWithTagProcessor
[THYMELEAF]             * [* {th:attr}] [700]: com.intuit.karate.template.KarateAttributeTagProcessor.KarateAttrTagProcessor
[THYMELEAF]             * [* {th:attrappend}] [900]: com.intuit.karate.template.KarateAttributeTagProcessor.KarateAttrappendTagProcessor
[THYMELEAF]             * [* {th:attrprepend}] [900]: com.intuit.karate.template.KarateAttributeTagProcessor.KarateAttrprependTagProcessor
[THYMELEAF]             * [* {th:inline}] [1000]: org.thymeleaf.standard.processor.StandardInlineXMLTagProcessor
[THYMELEAF]             * [* {xmlns:th}] [1000]: org.thymeleaf.standard.processor.StandardXmlNsTagProcessor
[THYMELEAF]             * [* {th:text}] [1300]: org.thymeleaf.standard.processor.StandardTextTagProcessor
[THYMELEAF]             * [* {th:utext}] [1400]: org.thymeleaf.standard.processor.StandardUtextTagProcessor
[THYMELEAF]             * [* {th:fragment}] [1500]: org.thymeleaf.standard.processor.StandardFragmentTagProcessor
[THYMELEAF]             * [* {th:assert}] [1550]: org.thymeleaf.standard.processor.StandardAssertTagProcessor
[THYMELEAF]             * [* {th:remove}] [1600]: org.thymeleaf.standard.processor.StandardRemoveTagProcessor
[THYMELEAF]             * [* {th:ref}] [10000]: org.thymeleaf.standard.processor.StandardRefAttributeTagProcessor
[THYMELEAF]             * [{th:block} *] [100000]: org.thymeleaf.standard.processor.StandardBlockTagProcessor
[THYMELEAF]             * [* th:*] [2147483647]: org.thymeleaf.standard.processor.StandardDefaultAttributesTagProcessor
[THYMELEAF]         * Text Processors by [precedence]:
[THYMELEAF]             * [1000]: org.thymeleaf.standard.processor.StandardInliningTextProcessor
[THYMELEAF]         * CDATA Section Processors by [precedence]:
[THYMELEAF]             * [1000]: org.thymeleaf.standard.processor.StandardInliningCDATASectionProcessor
[THYMELEAF]         * Comment Processors by [precedence]:
[THYMELEAF]             * [1000]: org.thymeleaf.standard.processor.StandardInliningCommentProcessor
[THYMELEAF]     * Processors for Template Mode: TEXT
[THYMELEAF]         * Element Tag Processors by [matching element and attribute name] [precedence]:
[THYMELEAF]             * [* {th:insert}] [100]: org.thymeleaf.standard.processor.StandardInsertTagProcessor
[THYMELEAF]             * [* {th:replace}] [100]: org.thymeleaf.standard.processor.StandardReplaceTagProcessor
[THYMELEAF]             * [* {th:each}] [200]: com.intuit.karate.template.KarateEachTagProcessor
[THYMELEAF]             * [* {th:switch}] [250]: org.thymeleaf.standard.processor.StandardSwitchTagProcessor
[THYMELEAF]             * [* {th:case}] [275]: org.thymeleaf.standard.processor.StandardCaseTagProcessor
[THYMELEAF]             * [* {th:if}] [300]: org.thymeleaf.standard.processor.StandardIfTagProcessor
[THYMELEAF]             * [* {th:unless}] [400]: org.thymeleaf.standard.processor.StandardUnlessTagProcessor
[THYMELEAF]             * [* {th:object}] [500]: org.thymeleaf.standard.processor.StandardObjectTagProcessor
[THYMELEAF]             * [* {th:with}] [600]: com.intuit.karate.template.KarateWithTagProcessor
[THYMELEAF]             * [* {th:inline}] [1000]: org.thymeleaf.standard.processor.StandardInlineTextualTagProcessor
[THYMELEAF]             * [* {th:text}] [1300]: org.thymeleaf.standard.processor.StandardTextTagProcessor
[THYMELEAF]             * [* {th:utext}] [1400]: org.thymeleaf.standard.processor.StandardUtextTagProcessor
[THYMELEAF]             * [* {th:assert}] [1550]: org.thymeleaf.standard.processor.StandardAssertTagProcessor
[THYMELEAF]             * [* {th:remove}] [1600]: org.thymeleaf.standard.processor.StandardRemoveTagProcessor
[THYMELEAF]             * [{th:block} *] [100000]: org.thymeleaf.standard.processor.StandardBlockTagProcessor
[THYMELEAF]             * [* 100000] [org.thymeleaf.standard.processor.StandardBlockTagProcessor]: {}
[THYMELEAF]         * Text Processors by [precedence]:
[THYMELEAF]             * [1000]: org.thymeleaf.standard.processor.StandardInliningTextProcessor
[THYMELEAF]     * Processors for Template Mode: JAVASCRIPT
[THYMELEAF]         * Element Tag Processors by [matching element and attribute name] [precedence]:
[THYMELEAF]             * [* {th:insert}] [100]: org.thymeleaf.standard.processor.StandardInsertTagProcessor
[THYMELEAF]             * [* {th:replace}] [100]: org.thymeleaf.standard.processor.StandardReplaceTagProcessor
[THYMELEAF]             * [* {th:each}] [200]: com.intuit.karate.template.KarateEachTagProcessor
[THYMELEAF]             * [* {th:switch}] [250]: org.thymeleaf.standard.processor.StandardSwitchTagProcessor
[THYMELEAF]             * [* {th:case}] [275]: org.thymeleaf.standard.processor.StandardCaseTagProcessor
[THYMELEAF]             * [* {th:if}] [300]: org.thymeleaf.standard.processor.StandardIfTagProcessor
[THYMELEAF]             * [* {th:unless}] [400]: org.thymeleaf.standard.processor.StandardUnlessTagProcessor
[THYMELEAF]             * [* {th:object}] [500]: org.thymeleaf.standard.processor.StandardObjectTagProcessor
[THYMELEAF]             * [* {th:with}] [600]: com.intuit.karate.template.KarateWithTagProcessor
[THYMELEAF]             * [* {th:inline}] [1000]: org.thymeleaf.standard.processor.StandardInlineTextualTagProcessor
[THYMELEAF]             * [* {th:text}] [1300]: org.thymeleaf.standard.processor.StandardTextTagProcessor
[THYMELEAF]             * [* {th:utext}] [1400]: org.thymeleaf.standard.processor.StandardUtextTagProcessor
[THYMELEAF]             * [* {th:assert}] [1550]: org.thymeleaf.standard.processor.StandardAssertTagProcessor
[THYMELEAF]             * [* {th:remove}] [1600]: org.thymeleaf.standard.processor.StandardRemoveTagProcessor
[THYMELEAF]             * [* 100000] [org.thymeleaf.standard.processor.StandardBlockTagProcessor]: {}
[THYMELEAF]             * [{th:block} *] [100000]: org.thymeleaf.standard.processor.StandardBlockTagProcessor
[THYMELEAF]         * Text Processors by [precedence]:
[THYMELEAF]             * [1000]: org.thymeleaf.standard.processor.StandardInliningTextProcessor
[THYMELEAF]     * Processors for Template Mode: CSS
[THYMELEAF]         * Element Tag Processors by [matching element and attribute name] [precedence]:
[THYMELEAF]             * [* {th:insert}] [100]: org.thymeleaf.standard.processor.StandardInsertTagProcessor
[THYMELEAF]             * [* {th:replace}] [100]: org.thymeleaf.standard.processor.StandardReplaceTagProcessor
[THYMELEAF]             * [* {th:each}] [200]: com.intuit.karate.template.KarateEachTagProcessor
[THYMELEAF]             * [* {th:switch}] [250]: org.thymeleaf.standard.processor.StandardSwitchTagProcessor
[THYMELEAF]             * [* {th:case}] [275]: org.thymeleaf.standard.processor.StandardCaseTagProcessor
[THYMELEAF]             * [* {th:if}] [300]: org.thymeleaf.standard.processor.StandardIfTagProcessor
[THYMELEAF]             * [* {th:unless}] [400]: org.thymeleaf.standard.processor.StandardUnlessTagProcessor
[THYMELEAF]             * [* {th:object}] [500]: org.thymeleaf.standard.processor.StandardObjectTagProcessor
[THYMELEAF]             * [* {th:with}] [600]: com.intuit.karate.template.KarateWithTagProcessor
[THYMELEAF]             * [* {th:inline}] [1000]: org.thymeleaf.standard.processor.StandardInlineTextualTagProcessor
[THYMELEAF]             * [* {th:text}] [1300]: org.thymeleaf.standard.processor.StandardTextTagProcessor
[THYMELEAF]             * [* {th:utext}] [1400]: org.thymeleaf.standard.processor.StandardUtextTagProcessor
[THYMELEAF]             * [* {th:assert}] [1550]: org.thymeleaf.standard.processor.StandardAssertTagProcessor
[THYMELEAF]             * [* {th:remove}] [1600]: org.thymeleaf.standard.processor.StandardRemoveTagProcessor
[THYMELEAF]             * [{th:block} *] [100000]: org.thymeleaf.standard.processor.StandardBlockTagProcessor
[THYMELEAF]             * [* 100000] [org.thymeleaf.standard.processor.StandardBlockTagProcessor]: {}
[THYMELEAF]         * Text Processors by [precedence]:
[THYMELEAF]             * [1000]: org.thymeleaf.standard.processor.StandardInliningTextProcessor
[THYMELEAF]     * Expression Objects:
[THYMELEAF]         * #ctx
[THYMELEAF]         * #root
[THYMELEAF]         * #vars
[THYMELEAF]         * #object
[THYMELEAF]         * #locale
[THYMELEAF]         * #request
[THYMELEAF]         * #response
[THYMELEAF]         * #session
[THYMELEAF]         * #servletContext
[THYMELEAF]         * #conversions
[THYMELEAF]         * #uris
[THYMELEAF]         * #calendars
[THYMELEAF]         * #dates
[THYMELEAF]         * #bools
[THYMELEAF]         * #numbers
[THYMELEAF]         * #objects
[THYMELEAF]         * #strings
[THYMELEAF]         * #arrays
[THYMELEAF]         * #lists
[THYMELEAF]         * #sets
[THYMELEAF]         * #maps
[THYMELEAF]         * #aggregates
[THYMELEAF]         * #messages
[THYMELEAF]         * #ids
[THYMELEAF]         * #execInfo
[THYMELEAF]         * #httpServletRequest
[THYMELEAF]         * #httpSession
[THYMELEAF]     * Execution Attributes:
[THYMELEAF]         * "StandardExpressionParser": com.intuit.karate.template.KarateStandardDialect@7afb9c93
[THYMELEAF]         * "StandardJavaScriptSerializer": org.thymeleaf.standard.serializer.StandardJavaScriptSerializer@6c421123
[THYMELEAF]         * "StandardCSSSerializer": org.thymeleaf.standard.serializer.StandardCSSSerializer@38e00b47
[THYMELEAF]         * "StandardVariableExpressionEvaluator": com.intuit.karate.template.KarateStandardDialect@7afb9c93
[THYMELEAF]         * "StandardConversionService": org.thymeleaf.standard.expression.StandardConversionService@2a631049
[THYMELEAF] * Dialect [2 of 2]: karate (com.intuit.karate.template.KarateScriptDialect)
[THYMELEAF]     * Prefix: "ka"
[THYMELEAF]     * Processors for Template Mode: HTML
[THYMELEAF]         * Element Tag Processors by [matching element and attribute name] [precedence]:
[THYMELEAF]             * [* {src}] [1000]: com.intuit.karate.template.KaScriptAttrProcessor
[THYMELEAF]         * Element Model Processors by [matching element and attribute name] [precedence]:
[THYMELEAF]             * [{script} {ka:scope,data-ka-scope}] [1000]: com.intuit.karate.template.KaScriptElemProcessor
[THYMELEAF]             * [* {ka:set,data-ka-set}] [1000]: com.intuit.karate.template.KaSetElemProcessor
[THYMELEAF] TEMPLATE ENGINE CONFIGURED OK
12:02:39.212 [main] DEBUG org.thymeleaf.TemplateEngine - [THYMELEAF] TEMPLATE ENGINE INITIALIZED
12:02:39.375 [Finalizer] DEBUG org.apache.http.impl.conn.PoolingHttpClientConnectionManager - Connection manager is shutting down
12:02:39.375 [Finalizer] DEBUG org.apache.http.impl.conn.DefaultManagedHttpClientConnection - http-outgoing-14: Shutdown connection
12:02:39.377 [Finalizer] DEBUG org.apache.http.impl.conn.PoolingHttpClientConnectionManager - Connection manager shut down
12:02:39.377 [Finalizer] DEBUG org.apache.http.impl.conn.PoolingHttpClientConnectionManager - Connection manager is shutting down
12:02:39.377 [Finalizer] DEBUG org.apache.http.impl.conn.DefaultManagedHttpClientConnection - http-outgoing-13: Close connection
12:02:39.377 [Finalizer] DEBUG org.apache.http.impl.conn.PoolingHttpClientConnectionManager - Connection manager shut down
12:02:39.378 [Finalizer] DEBUG org.apache.http.impl.conn.PoolingHttpClientConnectionManager - Connection manager is shutting down
12:02:39.378 [Finalizer] DEBUG org.apache.http.impl.conn.DefaultManagedHttpClientConnection - http-outgoing-12: Close connection
12:02:39.378 [Finalizer] DEBUG org.apache.http.impl.conn.PoolingHttpClientConnectionManager - Connection manager shut down
12:02:39.378 [Finalizer] DEBUG org.apache.http.impl.conn.PoolingHttpClientConnectionManager - Connection manager is shutting down
12:02:39.378 [Finalizer] DEBUG org.apache.http.impl.conn.DefaultManagedHttpClientConnection - http-outgoing-11: Close connection
12:02:39.378 [Finalizer] DEBUG org.apache.http.impl.conn.PoolingHttpClientConnectionManager - Connection manager shut down
12:02:39.379 [Finalizer] DEBUG org.apache.http.impl.conn.PoolingHttpClientConnectionManager - Connection manager is shutting down
12:02:39.379 [Finalizer] DEBUG org.apache.http.impl.conn.DefaultManagedHttpClientConnection - http-outgoing-10: Shutdown connection
12:02:39.379 [Finalizer] DEBUG org.apache.http.impl.conn.PoolingHttpClientConnectionManager - Connection manager shut down
12:02:39.379 [Finalizer] DEBUG org.apache.http.impl.conn.PoolingHttpClientConnectionManager - Connection manager is shutting down
12:02:39.379 [Finalizer] DEBUG org.apache.http.impl.conn.DefaultManagedHttpClientConnection - http-outgoing-17: Close connection
12:02:39.379 [Finalizer] DEBUG org.apache.http.impl.conn.PoolingHttpClientConnectionManager - Connection manager shut down
12:02:39.380 [Finalizer] DEBUG org.apache.http.impl.conn.PoolingHttpClientConnectionManager - Connection manager is shutting down
12:02:39.380 [Finalizer] DEBUG org.apache.http.impl.conn.DefaultManagedHttpClientConnection - http-outgoing-16: Close connection
12:02:39.380 [Finalizer] DEBUG org.apache.http.impl.conn.PoolingHttpClientConnectionManager - Connection manager shut down
12:02:39.381 [Finalizer] DEBUG org.apache.http.impl.conn.PoolingHttpClientConnectionManager - Connection manager is shutting down
12:02:39.381 [Finalizer] DEBUG org.apache.http.impl.conn.DefaultManagedHttpClientConnection - http-outgoing-15: Close connection
12:02:39.381 [Finalizer] DEBUG org.apache.http.impl.conn.PoolingHttpClientConnectionManager - Connection manager shut down
---------------------------------------------------------
feature: classpath:com/storeapiapp/features/User.feature
scenarios:  2 | passed:  0 | failed:  2 | time: 3.4293
---------------------------------------------------------

]]></system-out>
  </testcase>
</testsuite>